01-Aug-2019 03:42 : <html><body>Dear super admin<br/>,
							vorganization  has paid amount USD 12 to upgrade ubiAttendance premium plan. <br/><br/>
							<b>Payment summary:</b> <br/><br/>
							Email ID: 	vt12@gmail.com <br/>
							Transaction Id: 237901205 <br/>
							Amount paid: USD 12 (tax included) <br/>
							Taxes paid:    USD 0 <br/>
							Discount:    USD 0 <br/>
							No. of users extended: 6 <br/>
							Plan periods extends: 1 month(s) <br/><br/>
							Thanks for buying ubiAttendance services.<br/><br/>
							To generate the Invoice <a href='http://192.168.0.200/ubiattendance/index.php/cron/generateInvoice?id=MjM3OTAxMjA1' target='_blank'> Click here</a>.<br/><br/>
							Regards<br/>
							Team ubiAttendance</body></html><br/><br/><b>This is an auto-generated mail. Kindly do not reply to this mail.</b>
01-Aug-2019 03:42 : The following From address failed: ubiattendance@ubitechsolutions.com
01-Aug-2019 03:42 : <html><body>Dear super admin<br/>,
							vorganization  has paid amount USD 12 to upgrade ubiAttendance premium plan. <br/><br/>
							<b>Payment summary:</b> <br/><br/>
							Email ID: 	vt12@gmail.com <br/>
							Transaction Id: 237901205 <br/>
							Amount paid: USD 12 (tax included) <br/>
							Taxes paid:    USD 0 <br/>
							Discount:    USD 0 <br/>
							No. of users extended: 6 <br/>
							Plan periods extends: 1 month(s) <br/><br/>
							Thanks for buying ubiAttendance services.<br/><br/>
							To generate the Invoice <a href='http://192.168.0.200/ubiattendance/index.php/cron/generateInvoice?id=MjM3OTAxMjA1' target='_blank'> Click here</a>.<br/><br/>
							Regards<br/>
							Team ubiAttendance</body></html><br/><br/><b>This is an auto-generated mail. Kindly do not reply to this mail.</b>
01-Aug-2019 03:42 : The following From address failed: ubiattendance@ubitechsolutions.com
01-Aug-2019 03:42 : <html><body>Dear super admin<br/>,
							vorganization  has paid amount USD 12 to upgrade ubiAttendance premium plan. <br/><br/>
							<b>Payment summary:</b> <br/><br/>
							Email ID: 	vt12@gmail.com <br/>
							Transaction Id: 237901205 <br/>
							Amount paid: USD 12 (tax included) <br/>
							Taxes paid:    USD 0 <br/>
							Discount:    USD 0 <br/>
							No. of users extended: 6 <br/>
							Plan periods extends: 1 month(s) <br/><br/>
							Thanks for buying ubiAttendance services.<br/><br/>
							To generate the Invoice <a href='http://192.168.0.200/ubiattendance/index.php/cron/generateInvoice?id=MjM3OTAxMjA1' target='_blank'> Click here</a>.<br/><br/>
							Regards<br/>
							Team ubiAttendance</body></html><br/><br/><b>This is an auto-generated mail. Kindly do not reply to this mail.</b>
01-Aug-2019 03:42 : The following From address failed: ubiattendance@ubitechsolutions.com
01-Aug-2019 03:42 : <html><body>Dear vorganization <br/><br/>
							You have paid amount USD 12 to upgrade ubiAttendance Premium Plan. <br/><br/>
							<b>Payment summary:</b> <br/><br/>
							Email ID: 	vt12@gmail.com <br/>
							Transaction Id: 237901205 <br/>
							Amount paid: USD 12 (tax included) <br/>
							Tax paid:    USD 0 <br/>
							Discount:    USD 0 <br/>
							No. of users extended: 6 <br/>
							Plan periods extends: 1 month(s) <br/><br/>
							Thanks for buy ubiAttendance services.<br/><br/>
							TO generate the Invoice <a href='http://192.168.0.200/ubiattendance/index.php/cron/generateInvoice?id=MjM3OTAxMjA1' target='_blank'> Click here</a>.<br/><br/>
							Regards<br/>
							Team ubiAttendance</body></html><br/><br/><b>This is an auto-generated mail. Kindly do not reply to this mail.</b>
01-Aug-2019 03:42 : The following From address failed: ubiattendance@ubitechsolutions.com
01-Aug-2019 03:43 : <html><body>Dear super admin<br/>,
							vorganization  has paid amount USD 12 to upgrade ubiAttendance premium plan. <br/><br/>
							<b>Payment summary:</b> <br/><br/>
							Email ID: 	vt12@gmail.com <br/>
							Transaction Id: 237901206 <br/>
							Amount paid: USD 12 (tax included) <br/>
							Taxes paid:    USD 0 <br/>
							Discount:    USD 0 <br/>
							No. of users extended: 6 <br/>
							Plan periods extends: 1 month(s) <br/><br/>
							Thanks for buying ubiAttendance services.<br/><br/>
							To generate the Invoice <a href='http://192.168.0.200/ubiattendance/index.php/cron/generateInvoice?id=MjM3OTAxMjA2' target='_blank'> Click here</a>.<br/><br/>
							Regards<br/>
							Team ubiAttendance</body></html><br/><br/><b>This is an auto-generated mail. Kindly do not reply to this mail.</b>
01-Aug-2019 03:43 : The following From address failed: ubiattendance@ubitechsolutions.com
01-Aug-2019 03:43 : <html><body>Dear super admin<br/>,
							vorganization  has paid amount USD 12 to upgrade ubiAttendance premium plan. <br/><br/>
							<b>Payment summary:</b> <br/><br/>
							Email ID: 	vt12@gmail.com <br/>
							Transaction Id: 237901206 <br/>
							Amount paid: USD 12 (tax included) <br/>
							Taxes paid:    USD 0 <br/>
							Discount:    USD 0 <br/>
							No. of users extended: 6 <br/>
							Plan periods extends: 1 month(s) <br/><br/>
							Thanks for buying ubiAttendance services.<br/><br/>
							To generate the Invoice <a href='http://192.168.0.200/ubiattendance/index.php/cron/generateInvoice?id=MjM3OTAxMjA2' target='_blank'> Click here</a>.<br/><br/>
							Regards<br/>
							Team ubiAttendance</body></html><br/><br/><b>This is an auto-generated mail. Kindly do not reply to this mail.</b>
01-Aug-2019 03:43 : The following From address failed: ubiattendance@ubitechsolutions.com
01-Aug-2019 03:43 : <html><body>Dear super admin<br/>,
							vorganization  has paid amount USD 12 to upgrade ubiAttendance premium plan. <br/><br/>
							<b>Payment summary:</b> <br/><br/>
							Email ID: 	vt12@gmail.com <br/>
							Transaction Id: 237901206 <br/>
							Amount paid: USD 12 (tax included) <br/>
							Taxes paid:    USD 0 <br/>
							Discount:    USD 0 <br/>
							No. of users extended: 6 <br/>
							Plan periods extends: 1 month(s) <br/><br/>
							Thanks for buying ubiAttendance services.<br/><br/>
							To generate the Invoice <a href='http://192.168.0.200/ubiattendance/index.php/cron/generateInvoice?id=MjM3OTAxMjA2' target='_blank'> Click here</a>.<br/><br/>
							Regards<br/>
							Team ubiAttendance</body></html><br/><br/><b>This is an auto-generated mail. Kindly do not reply to this mail.</b>
01-Aug-2019 03:43 : The following From address failed: ubiattendance@ubitechsolutions.com
01-Aug-2019 03:43 : <html><body>Dear vorganization <br/><br/>
							You have paid amount USD 12 to upgrade ubiAttendance Premium Plan. <br/><br/>
							<b>Payment summary:</b> <br/><br/>
							Email ID: 	vt12@gmail.com <br/>
							Transaction Id: 237901206 <br/>
							Amount paid: USD 12 (tax included) <br/>
							Tax paid:    USD 0 <br/>
							Discount:    USD 0 <br/>
							No. of users extended: 6 <br/>
							Plan periods extends: 1 month(s) <br/><br/>
							Thanks for buy ubiAttendance services.<br/><br/>
							TO generate the Invoice <a href='http://192.168.0.200/ubiattendance/index.php/cron/generateInvoice?id=MjM3OTAxMjA2' target='_blank'> Click here</a>.<br/><br/>
							Regards<br/>
							Team ubiAttendance</body></html><br/><br/><b>This is an auto-generated mail. Kindly do not reply to this mail.</b>
01-Aug-2019 03:43 : The following From address failed: ubiattendance@ubitechsolutions.com
01-Aug-2019 15:14 : <html>
						<head>
						<title>ubiAttendance</title>
						</head>
						<body>
						<p>
						Your password reset link for ubiAttendance Web Admin Panel is <a href='http://192.168.0.200/ubiattendance/index.php/cron/ijlprapfcb?ui=hFTS3lFVWtmUsRGWOdFdaRGSCJHVXx2VSZFc51UVWhlYthXWWNjVD1kMK9UZFRWalxmWHlVb58mVxwGWjZkWUZVbodUWVR2SWxmS0EmM1YlVYJkRZdFcr1kRvFjYEZkTWJjUydlVodkVsFUP&ctr=0&orgid=23791'> here  </a>
					   </p>
					   <h5>Cheers</h5>
					   <h5> Team ubiAttendance </h5>
					   </body>
					   </html>
					   <br/><br/><b>This is an auto-generated mail. Kindly do not reply to this mail.</b>
01-Aug-2019 15:14 : The following From address failed: ubiattendance@ubitechsolutions.com
01-Aug-2019 15:14 : <html>
						<head>
						<title>ubiAttendance</title>
						</head>
						<body>
						<p>
						Your password reset link for ubiAttendance Web Admin Panel is <a href='http://192.168.0.200/ubiattendance/index.php/cron/ijlprapfcb?ui=hFTS3lFVWtmUsRGWOdFdaRGSCJHVXx2VSZFc51UVWhlYthXWWNjVD1kMK9UZFRWalxmWHlVb58mVxwGWjZkWUZVbodUWVR2SWxmS0EmM1YlVYJkRZdFcr1kRvFjYEZkTWJjUydlVodkVsFUP&ctr=0&orgid=23791'> here  </a>
					   </p>
					   <h5>Cheers</h5>
					   <h5> Team ubiAttendance </h5>
					   </body>
					   </html>
					   <br/><br/><b>This is an auto-generated mail. Kindly do not reply to this mail.</b>
01-Aug-2019 15:14 : The following From address failed: ubiattendance@ubitechsolutions.com
01-Aug-2019 15:14 : <html>
						<head>
						<title>ubiAttendance</title>
						</head>
						<body>
						<p>
						Your password reset link for ubiAttendance Web Admin Panel is <a href='http://192.168.0.200/ubiattendance/index.php/cron/ijlprapfcb?ui=hFTS3lFVWtmUsRGWOdFdaRGSCJHVXx2VSZFc51UVWhlYthXWWNjVD1kMK9UZFRWalxmWHlVb58mVxwGWjZkWUZVbodUWVR2SWxmS0EmM1YlVYJkRZdFcr1kRvFjYEZkTWJjUydlVodkVsFUP&ctr=0&orgid=23791'> here  </a>
					   </p>
					   <h5>Cheers</h5>
					   <h5> Team ubiAttendance </h5>
					   </body>
					   </html>
					   <br/><br/><b>This is an auto-generated mail. Kindly do not reply to this mail.</b>
01-Aug-2019 15:14 : The following From address failed: ubiattendance@ubitechsolutions.com
01-Aug-2019 15:14 : <html>
						<head>
						<title>ubiAttendance</title>
						</head>
						<body>
						<p>
						Your password reset link for ubiAttendance Web Admin Panel is <a href='http://192.168.0.200/ubiattendance/index.php/cron/ijlprapfcb?ui=hFTS3lFVWtmUsRGWOdFdaRGSCJHVXx2VSZFc51UVWhlYthXWWNjVD1kMK9UZFRWalxmWHlVb58mVxwGWjZkWUZVbodUWVR2SWxmS0EmM1YlVYJkRZdFcr1kRvFjYEZkTWJjUydlVodkVsFUP&ctr=0&orgid=23791'> here  </a>
					   </p>
					   <h5>Cheers</h5>
					   <h5> Team ubiAttendance </h5>
					   </body>
					   </html>
					   <br/><br/><b>This is an auto-generated mail. Kindly do not reply to this mail.</b>
01-Aug-2019 15:14 : The following From address failed: ubiattendance@ubitechsolutions.com
01-Aug-2019 15:14 : <html>
						<head>
						<title>ubiAttendance</title>
						</head>
						<body>
						<p>
						Your password reset link for ubiAttendance Web Admin Panel is <a href='http://192.168.0.200/ubiattendance/index.php/cron/ijlprapfcb?ui=hFTS3lFVWtmUsRGWOdFdaRGSCJHVXx2VSZFc51UVWhlYthXWWNjVD1kMK9UZFRWalxmWHlVb58mVxwGWjZkWUZVbodUWVR2SWxmS0EmM1YlVYJkRZdFcr1kRvFjYEZkTWJjUydlVodkVsFUP&ctr=0&orgid=23791'> here  </a>
					   </p>
					   <h5>Cheers</h5>
					   <h5> Team ubiAttendance </h5>
					   </body>
					   </html>
					   <br/><br/><b>This is an auto-generated mail. Kindly do not reply to this mail.</b>
01-Aug-2019 15:14 : The following From address failed: ubiattendance@ubitechsolutions.com
01-Aug-2019 15:14 : <html>
						<head>
						<title>ubiAttendance</title>
						</head>
						<body>
						<p>
						Your password reset link for ubiAttendance Web Admin Panel is <a href='http://192.168.0.200/ubiattendance/index.php/cron/ijlprapfcb?ui=hFTS3lFVWtmUsRGWOdFdaRGSCJHVXx2VSZFc51UVWhlYthXWWNjVD1kMK9UZFRWalxmWHlVb58mVxwGWjZkWUZVbodUWVR2SWxmS0EmM1YlVYJkRZdFcr1kRvFjYEZkTWJjUydlVodkVsFUP&ctr=0&orgid=23791'> here  </a>
					   </p>
					   <h5>Cheers</h5>
					   <h5> Team ubiAttendance </h5>
					   </body>
					   </html>
					   <br/><br/><b>This is an auto-generated mail. Kindly do not reply to this mail.</b>
01-Aug-2019 15:14 : The following From address failed: ubiattendance@ubitechsolutions.com
01-Aug-2019 15:14 : <html>
						<head>
						<title>ubiAttendance</title>
						</head>
						<body>
						<p>
						Your password reset link for ubiAttendance Web Admin Panel is <a href='http://192.168.0.200/ubiattendance/index.php/cron/ijlprapfcb?ui=hFTS3lFVWtmUsRGWOdFdaRGSCJHVXx2VSZFc51UVWhlYthXWWNjVD1kMK9UZFRWalxmWHlVb58mVxwGWjZkWUZVbodUWVR2SWxmS0EmM1YlVYJkRZdFcr1kRvFjYEZkTWJjUydlVodkVsFUP&ctr=0&orgid=23791'> here  </a>
					   </p>
					   <h5>Cheers</h5>
					   <h5> Team ubiAttendance </h5>
					   </body>
					   </html>
					   <br/><br/><b>This is an auto-generated mail. Kindly do not reply to this mail.</b>
01-Aug-2019 15:14 : The following From address failed: ubiattendance@ubitechsolutions.com
01-Aug-2019 15:14 : <html>
						<head>
						<title>ubiAttendance</title>
						</head>
						<body>
						<p>
						Your password reset link for ubiAttendance Web Admin Panel is <a href='http://192.168.0.200/ubiattendance/index.php/cron/ijlprapfcb?ui=hFTS3lFVWtmUsRGWOdFdaRGSCJHVXx2VSZFc51UVWhlYthXWWNjVD1kMK9UZFRWalxmWHlVb58mVxwGWjZkWUZVbodUWVR2SWxmS0EmM1YlVYJkRZdFcr1kRvFjYEZkTWJjUydlVodkVsFUP&ctr=0&orgid=23791'> here  </a>
					   </p>
					   <h5>Cheers</h5>
					   <h5> Team ubiAttendance </h5>
					   </body>
					   </html>
					   <br/><br/><b>This is an auto-generated mail. Kindly do not reply to this mail.</b>
01-Aug-2019 15:14 : The following From address failed: ubiattendance@ubitechsolutions.com
01-Aug-2019 15:14 : <html>
						<head>
						<title>ubiAttendance</title>
						</head>
						<body>
						<p>
						Your password reset link for ubiAttendance Web Admin Panel is <a href='http://192.168.0.200/ubiattendance/index.php/cron/ijlprapfcb?ui=hFTS3lFVWtmUsRGWOdFdaRGSCJHVXx2VSZFc51UVWhlYthXWWNjVD1kMK9UZFRWalxmWHlVb58mVxwGWjZkWUZVbodUWVR2SWxmS0EmM1YlVYJkRZdFcr1kRvFjYEZkTWJjUydlVodkVsFUP&ctr=0&orgid=23791'> here  </a>
					   </p>
					   <h5>Cheers</h5>
					   <h5> Team ubiAttendance </h5>
					   </body>
					   </html>
					   <br/><br/><b>This is an auto-generated mail. Kindly do not reply to this mail.</b>
01-Aug-2019 15:14 : The following From address failed: ubiattendance@ubitechsolutions.com
01-Aug-2019 15:14 : <html>
						<head>
						<title>ubiAttendance</title>
						</head>
						<body>
						<p>
						Your password reset link for ubiAttendance Web Admin Panel is <a href='http://192.168.0.200/ubiattendance/index.php/cron/ijlprapfcb?ui=hFTS3lFVWtmUsRGWOdFdaRGSCJHVXx2VSZFc51UVWhlYthXWWNjVD1kMK9UZFRWalxmWHlVb58mVxwGWjZkWUZVbodUWVR2SWxmS0EmM1YlVYJkRZdFcr1kRvFjYEZkTWJjUydlVodkVsFUP&ctr=0&orgid=23791'> here  </a>
					   </p>
					   <h5>Cheers</h5>
					   <h5> Team ubiAttendance </h5>
					   </body>
					   </html>
					   <br/><br/><b>This is an auto-generated mail. Kindly do not reply to this mail.</b>
01-Aug-2019 15:14 : The following From address failed: ubiattendance@ubitechsolutions.com
01-Aug-2019 15:15 : <html>
						<head>
						<title>ubiAttendance</title>
						</head>
						<body>
						<p>
						Your password reset link for ubiAttendance Web Admin Panel is <a href='http://192.168.0.200/ubiattendance/index.php/cron/ijlprapfcb?ui=hFTS3lFVWtmUsRGWOdFdaRGSCJHVXx2VSZFc51UVWhlYthXWWNjVD1kMK9UZFRWalxmWHlVb58mVxwGWjZkWUZVbodUWVR2SWxmS0EmM1YlVYJkRZdFcr1kRvFjYEZkTWJjUydlVodkVsFUP&ctr=0&orgid=23791'> here  </a>
					   </p>
					   <h5>Cheers</h5>
					   <h5> Team ubiAttendance </h5>
					   </body>
					   </html>
					   <br/><br/><b>This is an auto-generated mail. Kindly do not reply to this mail.</b>
01-Aug-2019 15:15 : The following From address failed: ubiattendance@ubitechsolutions.com
01-Aug-2019 15:15 : <html>
						<head>
						<title>ubiAttendance</title>
						</head>
						<body>
						<p>
						Your password reset link for ubiAttendance Web Admin Panel is <a href='http://192.168.0.200/ubiattendance/index.php/cron/ijlprapfcb?ui=hFTS3lFVWtmUsRGWOdFdaRGSCJHVXx2VSZFc51UVWhlYthXWWNjVD1kMK9UZFRWalxmWHlVb58mVxwGWjZkWUZVbodUWVR2SWxmS0EmM1YlVYJkRZdFcr1kRvFjYEZkTWJjUydlVodkVsFUP&ctr=0&orgid=23791'> here  </a>
					   </p>
					   <h5>Cheers</h5>
					   <h5> Team ubiAttendance </h5>
					   </body>
					   </html>
					   <br/><br/><b>This is an auto-generated mail. Kindly do not reply to this mail.</b>
01-Aug-2019 15:15 : The following From address failed: ubiattendance@ubitechsolutions.com
01-Aug-2019 15:15 : <html>
						<head>
						<title>ubiAttendance</title>
						</head>
						<body>
						<p>
						Your password reset link for ubiAttendance Web Admin Panel is <a href='http://192.168.0.200/ubiattendance/index.php/cron/ijlprapfcb?ui=hFTS3lFVWtmUsRGWOdFdaRGSCJHVXx2VSZFc51UVWhlYthXWWNjVD1kMK9UZFRWalxmWHlVb58mVxwGWjZkWUZVbodUWVR2SWxmS0EmM1YlVYJkRZdFcr1kRvFjYEZkTWJjUydlVodkVsFUP&ctr=0&orgid=23791'> here  </a>
					   </p>
					   <h5>Cheers</h5>
					   <h5> Team ubiAttendance </h5>
					   </body>
					   </html>
					   <br/><br/><b>This is an auto-generated mail. Kindly do not reply to this mail.</b>
01-Aug-2019 15:15 : The following From address failed: ubiattendance@ubitechsolutions.com
01-Aug-2019 15:15 : <html>
						<head>
						<title>ubiAttendance</title>
						</head>
						<body>
						<p>
						Your password reset link for ubiAttendance Web Admin Panel is <a href='http://192.168.0.200/ubiattendance/index.php/cron/ijlprapfcb?ui=hFTS3lFVWtmUsRGWOdFdaRGSCJHVXx2VSZFc51UVWhlYthXWWNjVD1kMK9UZFRWalxmWHlVb58mVxwGWjZkWUZVbodUWVR2SWxmS0EmM1YlVYJkRZdFcr1kRvFjYEZkTWJjUydlVodkVsFUP&ctr=0&orgid=23791'> here  </a>
					   </p>
					   <h5>Cheers</h5>
					   <h5> Team ubiAttendance </h5>
					   </body>
					   </html>
					   <br/><br/><b>This is an auto-generated mail. Kindly do not reply to this mail.</b>
01-Aug-2019 15:15 : The following From address failed: ubiattendance@ubitechsolutions.com
01-Aug-2019 15:16 : <html>
						<head>
						<title>ubiAttendance</title>
						</head>
						<body>
						<p>
						Your password reset link for ubiAttendance Web Admin Panel is <a href='http://192.168.0.200/ubiattendance/index.php/cron/ijlprapfcb?ui=hFTS3lFVWtmUsRGWOdFdaRGSCJHVXx2VSZFc51UVWhlYthXWWNjVD1kMK9UZFRWalxmWHlVb58mVxwGWjZkWUZVbodUWVR2SWxmS0EmM1YlVYJkRZdFcr1kRvFjYEZkTWJjUydlVodkVsFUP&ctr=0&orgid=23791'> here  </a>
					   </p>
					   <h5>Cheers</h5>
					   <h5> Team ubiAttendance </h5>
					   </body>
					   </html>
					   <br/><br/><b>This is an auto-generated mail. Kindly do not reply to this mail.</b>
01-Aug-2019 15:16 : The following From address failed: ubiattendance@ubitechsolutions.com
01-Aug-2019 15:16 : <html>
						<head>
						<title>ubiAttendance</title>
						</head>
						<body>
						<p>
						Your password reset link for ubiAttendance Web Admin Panel is <a href='http://192.168.0.200/ubiattendance/index.php/cron/ijlprapfcb?ui=hFTS3lFVWtmUsRGWOdFdaRGSCJHVXx2VSZFc51UVWhlYthXWWNjVD1kMK9UZFRWalxmWHlVb58mVxwGWjZkWUZVbodUWVR2SWxmS0EmM1YlVYJkRZdFcr1kRvFjYEZkTWJjUydlVodkVsFUP&ctr=0&orgid=23791'> here  </a>
					   </p>
					   <h5>Cheers</h5>
					   <h5> Team ubiAttendance </h5>
					   </body>
					   </html>
					   <br/><br/><b>This is an auto-generated mail. Kindly do not reply to this mail.</b>
01-Aug-2019 15:16 : The following From address failed: ubiattendance@ubitechsolutions.com
01-Aug-2019 15:16 : <html>
						<head>
						<title>ubiAttendance</title>
						</head>
						<body>
						<p>
						Your password reset link for ubiAttendance Web Admin Panel is <a href='http://192.168.0.200/ubiattendance/index.php/cron/ijlprapfcb?ui=hFTS3lFVWtmUsRGWOdFdaRGSCJHVXx2VSZFc51UVWhlYthXWWNjVD1kMK9UZFRWalxmWHlVb58mVxwGWjZkWUZVbodUWVR2SWxmS0EmM1YlVYJkRZdFcr1kRvFjYEZkTWJjUydlVodkVsFUP&ctr=0&orgid=23791'> here  </a>
					   </p>
					   <h5>Cheers</h5>
					   <h5> Team ubiAttendance </h5>
					   </body>
					   </html>
					   <br/><br/><b>This is an auto-generated mail. Kindly do not reply to this mail.</b>
01-Aug-2019 15:16 : The following From address failed: ubiattendance@ubitechsolutions.com
01-Aug-2019 15:16 : <html>
						<head>
						<title>ubiAttendance</title>
						</head>
						<body>
						<p>
						Your password reset link for ubiAttendance Web Admin Panel is <a href='http://192.168.0.200/ubiattendance/index.php/cron/ijlprapfcb?ui=hFTS3lFVWtmUsRGWOdFdaRGSCJHVXx2VSZFc51UVWhlYthXWWNjVD1kMK9UZFRWalxmWHlVb58mVxwGWjZkWUZVbodUWVR2SWxmS0EmM1YlVYJkRZdFcr1kRvFjYEZkTWJjUydlVodkVsFUP&ctr=0&orgid=23791'> here  </a>
					   </p>
					   <h5>Cheers</h5>
					   <h5> Team ubiAttendance </h5>
					   </body>
					   </html>
					   <br/><br/><b>This is an auto-generated mail. Kindly do not reply to this mail.</b>
01-Aug-2019 15:16 : The following From address failed: ubiattendance@ubitechsolutions.com
01-Aug-2019 15:23 : <html>
						<head>
						<title>ubiAttendance</title>
						</head>
						<body>
						<p>
						Your password reset link for ubiAttendance Web Admin Panel is <a href='http://192.168.0.200/ubiattendance/index.php/cron/ijlprapfcb?ui=hFTS3lFVWtmUsRGWOdFdaRGSCJHVXx2VSZFc51UVWhlYthXWWNjVD1kMK9UZFRWalxmWHlVb58mVxwGWjZkWUZVbodUWVR2SWxmS0EmM1YlVYJkRZdFcr1kRvFjYEZkTWJjUydlVodkVsFUP&ctr=0&orgid=23791'> here  </a>
					   </p>
					   <h5>Cheers</h5>
					   <h5> Team ubiAttendance </h5>
					   </body>
					   </html>
					   <br/><br/><b>This is an auto-generated mail. Kindly do not reply to this mail.</b>
01-Aug-2019 15:23 : The following From address failed: ubiattendance@ubitechsolutions.com
01-Aug-2019 15:23 : <html>
						<head>
						<title>ubiAttendance</title>
						</head>
						<body>
						<p>
						Your password reset link for ubiAttendance Web Admin Panel is <a href='http://192.168.0.200/ubiattendance/index.php/cron/ijlprapfcb?ui=hFTS3lFVWtmUsRGWOdFdaRGSCJHVXx2VSZFc51UVWhlYthXWWNjVD1kMK9UZFRWalxmWHlVb58mVxwGWjZkWUZVbodUWVR2SWxmS0EmM1YlVYJkRZdFcr1kRvFjYEZkTWJjUydlVodkVsFUP&ctr=0&orgid=23791'> here  </a>
					   </p>
					   <h5>Cheers</h5>
					   <h5> Team ubiAttendance </h5>
					   </body>
					   </html>
					   <br/><br/><b>This is an auto-generated mail. Kindly do not reply to this mail.</b>
01-Aug-2019 15:23 : The following From address failed: ubiattendance@ubitechsolutions.com
01-Aug-2019 15:23 : <html>
						<head>
						<title>ubiAttendance</title>
						</head>
						<body>
						<p>
						Your password reset link for ubiAttendance Web Admin Panel is <a href='http://192.168.0.200/ubiattendance/index.php/cron/ijlprapfcb?ui=hFTS3lFVWtmUsRGWOdFdaRGSCJHVXx2VSZFc51UVWhlYthXWWNjVD1kMK9UZFRWalxmWHlVb58mVxwGWjZkWUZVbodUWVR2SWxmS0EmM1YlVYJkRZdFcr1kRvFjYEZkTWJjUydlVodkVsFUP&ctr=0&orgid=23791'> here  </a>
					   </p>
					   <h5>Cheers</h5>
					   <h5> Team ubiAttendance </h5>
					   </body>
					   </html>
					   <br/><br/><b>This is an auto-generated mail. Kindly do not reply to this mail.</b>
01-Aug-2019 15:23 : The following From address failed: ubiattendance@ubitechsolutions.com
01-Aug-2019 15:23 : <html>
						<head>
						<title>ubiAttendance</title>
						</head>
						<body>
						<p>
						Your password reset link for ubiAttendance Web Admin Panel is <a href='http://192.168.0.200/ubiattendance/index.php/cron/ijlprapfcb?ui=hFTS3lFVWtmUsRGWOdFdaRGSCJHVXx2VSZFc51UVWhlYthXWWNjVD1kMK9UZFRWalxmWHlVb58mVxwGWjZkWUZVbodUWVR2SWxmS0EmM1YlVYJkRZdFcr1kRvFjYEZkTWJjUydlVodkVsFUP&ctr=0&orgid=23791'> here  </a>
					   </p>
					   <h5>Cheers</h5>
					   <h5> Team ubiAttendance </h5>
					   </body>
					   </html>
					   <br/><br/><b>This is an auto-generated mail. Kindly do not reply to this mail.</b>
01-Aug-2019 15:23 : The following From address failed: ubiattendance@ubitechsolutions.com
01-Aug-2019 15:23 : <html>
						<head>
						<title>ubiAttendance</title>
						</head>
						<body>
						<p>
						Your password reset link for ubiAttendance Web Admin Panel is <a href='http://192.168.0.200/ubiattendance/index.php/cron/ijlprapfcb?ui=hFTS3lFVWtmUsRGWOdFdaRGSCJHVXx2VSZFc51UVWhlYthXWWNjVD1kMK9UZFRWalxmWHlVb58mVxwGWjZkWUZVbodUWVR2SWxmS0EmM1YlVYJkRZdFcr1kRvFjYEZkTWJjUydlVodkVsFUP&ctr=0&orgid=23791'> here  </a>
					   </p>
					   <h5>Cheers</h5>
					   <h5> Team ubiAttendance </h5>
					   </body>
					   </html>
					   <br/><br/><b>This is an auto-generated mail. Kindly do not reply to this mail.</b>
01-Aug-2019 15:23 : The following From address failed: ubiattendance@ubitechsolutions.com
01-Aug-2019 15:23 : <html>
						<head>
						<title>ubiAttendance</title>
						</head>
						<body>
						<p>
						Your password reset link for ubiAttendance Web Admin Panel is <a href='http://192.168.0.200/ubiattendance/index.php/cron/ijlprapfcb?ui=hFTS3lFVWtmUsRGWOdFdaRGSCJHVXx2VSZFc51UVWhlYthXWWNjVD1kMK9UZFRWalxmWHlVb58mVxwGWjZkWUZVbodUWVR2SWxmS0EmM1YlVYJkRZdFcr1kRvFjYEZkTWJjUydlVodkVsFUP&ctr=0&orgid=23791'> here  </a>
					   </p>
					   <h5>Cheers</h5>
					   <h5> Team ubiAttendance </h5>
					   </body>
					   </html>
					   <br/><br/><b>This is an auto-generated mail. Kindly do not reply to this mail.</b>
01-Aug-2019 15:23 : The following From address failed: ubiattendance@ubitechsolutions.com
01-Aug-2019 15:23 : <html>
						<head>
						<title>ubiAttendance</title>
						</head>
						<body>
						<p>
						Your password reset link for ubiAttendance Web Admin Panel is <a href='http://192.168.0.200/ubiattendance/index.php/cron/ijlprapfcb?ui=hFTS3lFVWtmUsRGWOdFdaRGSCJHVXx2VSZFc51UVWhlYthXWWNjVD1kMK9UZFRWalxmWHlVb58mVxwGWjZkWUZVbodUWVR2SWxmS0EmM1YlVYJkRZdFcr1kRvFjYEZkTWJjUydlVodkVsFUP&ctr=0&orgid=23791'> here  </a>
					   </p>
					   <h5>Cheers</h5>
					   <h5> Team ubiAttendance </h5>
					   </body>
					   </html>
					   <br/><br/><b>This is an auto-generated mail. Kindly do not reply to this mail.</b>
01-Aug-2019 15:23 : The following From address failed: ubiattendance@ubitechsolutions.com
01-Aug-2019 15:23 : <html>
						<head>
						<title>ubiAttendance</title>
						</head>
						<body>
						<p>
						Your password reset link for ubiAttendance Web Admin Panel is <a href='http://192.168.0.200/ubiattendance/index.php/cron/ijlprapfcb?ui=hFTS3lFVWtmUsRGWOdFdaRGSCJHVXx2VSZFc51UVWhlYthXWWNjVD1kMK9UZFRWalxmWHlVb58mVxwGWjZkWUZVbodUWVR2SWxmS0EmM1YlVYJkRZdFcr1kRvFjYEZkTWJjUydlVodkVsFUP&ctr=0&orgid=23791'> here  </a>
					   </p>
					   <h5>Cheers</h5>
					   <h5> Team ubiAttendance </h5>
					   </body>
					   </html>
					   <br/><br/><b>This is an auto-generated mail. Kindly do not reply to this mail.</b>
01-Aug-2019 15:23 : The following From address failed: ubiattendance@ubitechsolutions.com
01-Aug-2019 15:28 : <html>
						<head>
						<title>ubiAttendance</title>
						</head>
						<body>
						<p>
						Your password reset link for ubiAttendance Web Admin Panel is <a href='http://192.168.0.200/ubiattendance/index.php/cron/ijlprapfcb?ui=hFTS3lFVWtmUsRGWOdFdaRGSCJHVXx2VSZFc51UVWhlYthXWWNjVD1kMK9UZFRWalxmWHlVb58mVxwGWjZkWUZVbodUWVR2SWxmS0EmM1YlVYJkRZdFcr1kRvFjYEZkTWJjUydlVodkVsFUP&ctr=0&orgid=23791'> here  </a>
					   </p>
					   <h5>Cheers</h5>
					   <h5> Team ubiAttendance </h5>
					   </body>
					   </html>
					   <br/><br/><b>This is an auto-generated mail. Kindly do not reply to this mail.</b>
01-Aug-2019 15:28 : The following From address failed: ubiattendance@ubitechsolutions.com
01-Aug-2019 15:28 : <html>
						<head>
						<title>ubiAttendance</title>
						</head>
						<body>
						<p>
						Your password reset link for ubiAttendance Web Admin Panel is <a href='http://192.168.0.200/ubiattendance/index.php/cron/ijlprapfcb?ui=hFTS3lFVWtmUsRGWOdFdaRGSCJHVXx2VSZFc51UVWhlYthXWWNjVD1kMK9UZFRWalxmWHlVb58mVxwGWjZkWUZVbodUWVR2SWxmS0EmM1YlVYJkRZdFcr1kRvFjYEZkTWJjUydlVodkVsFUP&ctr=0&orgid=23791'> here  </a>
					   </p>
					   <h5>Cheers</h5>
					   <h5> Team ubiAttendance </h5>
					   </body>
					   </html>
					   <br/><br/><b>This is an auto-generated mail. Kindly do not reply to this mail.</b>
01-Aug-2019 15:28 : The following From address failed: ubiattendance@ubitechsolutions.com
01-Aug-2019 15:31 : <html>
						<head>
						<title>ubiAttendance</title>
						</head>
						<body>
						<p>
						Your password reset link for ubiAttendance Web Admin Panel is <a href='http://192.168.0.200/ubiattendance/index.php/cron/ijlprapfcb?ui=hFTS3lFVWtmUsRGWOdFdaRGSCJHVXx2VSZFc51UVWhlYthXWWNjVD1kMK9UZFRWalxmWHlVb58mVxwGWjZkWUZVbodUWVR2SWxmS0EmM1YlVYJkRZdFcr1kRvFjYEZkTWJjUydlVodkVsFUP&ctr=0&orgid=23791'> here  </a>
					   </p>
					   <h5>Cheers</h5>
					   <h5> Team ubiAttendance </h5>
					   </body>
					   </html>
					   <br/><br/><b>This is an auto-generated mail. Kindly do not reply to this mail.</b>
01-Aug-2019 15:31 : The following From address failed: ubiattendance@ubitechsolutions.com
01-Aug-2019 15:31 : <html>
						<head>
						<title>ubiAttendance</title>
						</head>
						<body>
						<p>
						Your password reset link for ubiAttendance Web Admin Panel is <a href='http://192.168.0.200/ubiattendance/index.php/cron/ijlprapfcb?ui=hFTS3lFVWtmUsRGWOdFdaRGSCJHVXx2VSZFc51UVWhlYthXWWNjVD1kMK9UZFRWalxmWHlVb58mVxwGWjZkWUZVbodUWVR2SWxmS0EmM1YlVYJkRZdFcr1kRvFjYEZkTWJjUydlVodkVsFUP&ctr=0&orgid=23791'> here  </a>
					   </p>
					   <h5>Cheers</h5>
					   <h5> Team ubiAttendance </h5>
					   </body>
					   </html>
					   <br/><br/><b>This is an auto-generated mail. Kindly do not reply to this mail.</b>
01-Aug-2019 15:31 : The following From address failed: ubiattendance@ubitechsolutions.com
01-Aug-2019 15:32 : <html>
						<head>
						<title>ubiAttendance</title>
						</head>
						<body>
						<p>
						Your password reset link for ubiAttendance Web Admin Panel is <a href='http://192.168.0.200/ubiattendance/index.php/cron/ijlprapfcb?ui=hFTS3lFVWtmUsRGWOdFdaRGSCJHVXx2VSZFc51UVWhlYthXWWNjVD1kMK9UZFRWalxmWHlVb58mVxwGWjZkWUZVbodUWVR2SWxmS0EmM1YlVYJkRZdFcr1kRvFjYEZkTWJjUydlVodkVsFUP&ctr=0&orgid=23791'> here  </a>
					   </p>
					   <h5>Cheers</h5>
					   <h5> Team ubiAttendance </h5>
					   </body>
					   </html>
					   <br/><br/><b>This is an auto-generated mail. Kindly do not reply to this mail.</b>
01-Aug-2019 15:32 : The following From address failed: ubiattendance@ubitechsolutions.com
01-Aug-2019 15:32 : <html>
						<head>
						<title>ubiAttendance</title>
						</head>
						<body>
						<p>
						Your password reset link for ubiAttendance Web Admin Panel is <a href='http://192.168.0.200/ubiattendance/index.php/cron/ijlprapfcb?ui=hFTS3lFVWtmUsRGWOdFdaRGSCJHVXx2VSZFc51UVWhlYthXWWNjVD1kMK9UZFRWalxmWHlVb58mVxwGWjZkWUZVbodUWVR2SWxmS0EmM1YlVYJkRZdFcr1kRvFjYEZkTWJjUydlVodkVsFUP&ctr=0&orgid=23791'> here  </a>
					   </p>
					   <h5>Cheers</h5>
					   <h5> Team ubiAttendance </h5>
					   </body>
					   </html>
					   <br/><br/><b>This is an auto-generated mail. Kindly do not reply to this mail.</b>
01-Aug-2019 15:32 : The following From address failed: ubiattendance@ubitechsolutions.com
01-Aug-2019 15:32 : <html>
						<head>
						<title>ubiAttendance</title>
						</head>
						<body>
						<p>
						Your password reset link for ubiAttendance Web Admin Panel is <a href='http://192.168.0.200/ubiattendance/index.php/cron/ijlprapfcb?ui=hFTS3lFVWtmUsRGWOdFdaRGSCJHVXx2VSZFc51UVWhlYthXWWNjVD1kMK9UZFRWalxmWHlVb58mVxwGWjZkWUZVbodUWVR2SWxmS0EmM1YlVYJkRZdFcr1kRvFjYEZkTWJjUydlVodkVsFUP&ctr=0&orgid=23791'> here  </a>
					   </p>
					   <h5>Cheers</h5>
					   <h5> Team ubiAttendance </h5>
					   </body>
					   </html>
					   <br/><br/><b>This is an auto-generated mail. Kindly do not reply to this mail.</b>
01-Aug-2019 15:32 : The following From address failed: ubiattendance@ubitechsolutions.com
01-Aug-2019 15:32 : <html>
						<head>
						<title>ubiAttendance</title>
						</head>
						<body>
						<p>
						Your password reset link for ubiAttendance Web Admin Panel is <a href='http://192.168.0.200/ubiattendance/index.php/cron/ijlprapfcb?ui=hFTS3lFVWtmUsRGWOdFdaRGSCJHVXx2VSZFc51UVWhlYthXWWNjVD1kMK9UZFRWalxmWHlVb58mVxwGWjZkWUZVbodUWVR2SWxmS0EmM1YlVYJkRZdFcr1kRvFjYEZkTWJjUydlVodkVsFUP&ctr=0&orgid=23791'> here  </a>
					   </p>
					   <h5>Cheers</h5>
					   <h5> Team ubiAttendance </h5>
					   </body>
					   </html>
					   <br/><br/><b>This is an auto-generated mail. Kindly do not reply to this mail.</b>
01-Aug-2019 15:32 : The following From address failed: ubiattendance@ubitechsolutions.com
01-Aug-2019 15:35 : <html>
						<head>
						<title>ubiAttendance</title>
						</head>
						<body>
						<p>
						Your password reset link for ubiAttendance Web Admin Panel is <a href='http://192.168.0.200/ubiattendance/index.php/cron/ijlprapfcb?ui=hFTS3lFVWtmUsRGWOdFdaRGSCJHVXx2VSZFc51UVWhlYthXWWNjVD1kMK9UZFRWalxmWHlVb58mVxwGWjZkWUZVbodUWVR2SWxmS0EmM1YlVYJkRZdFcr1kRvFjYEZkTWJjUydlVodkVsFUP&ctr=0&orgid=23791'> here  </a>
					   </p>
					   <h5>Cheers</h5>
					   <h5> Team ubiAttendance </h5>
					   </body>
					   </html>
					   <br/><br/><b>This is an auto-generated mail. Kindly do not reply to this mail.</b>
01-Aug-2019 15:35 : The following From address failed: ubiattendance@ubitechsolutions.com
01-Aug-2019 15:35 : <html>
						<head>
						<title>ubiAttendance</title>
						</head>
						<body>
						<p>
						Your password reset link for ubiAttendance Web Admin Panel is <a href='http://192.168.0.200/ubiattendance/index.php/cron/ijlprapfcb?ui=hFTS3lFVWtmUsRGWOdFdaRGSCJHVXx2VSZFc51UVWhlYthXWWNjVD1kMK9UZFRWalxmWHlVb58mVxwGWjZkWUZVbodUWVR2SWxmS0EmM1YlVYJkRZdFcr1kRvFjYEZkTWJjUydlVodkVsFUP&ctr=0&orgid=23791'> here  </a>
					   </p>
					   <h5>Cheers</h5>
					   <h5> Team ubiAttendance </h5>
					   </body>
					   </html>
					   <br/><br/><b>This is an auto-generated mail. Kindly do not reply to this mail.</b>
01-Aug-2019 15:35 : The following From address failed: ubiattendance@ubitechsolutions.com
01-Aug-2019 15:35 : <html>
						<head>
						<title>ubiAttendance</title>
						</head>
						<body>
						<p>
						Your password reset link for ubiAttendance Web Admin Panel is <a href='http://192.168.0.200/ubiattendance/index.php/cron/ijlprapfcb?ui=hFTS3lFVWtmUsRGWOdFdaRGSCJHVXx2VSZFc51UVWhlYthXWWNjVD1kMK9UZFRWalxmWHlVb58mVxwGWjZkWUZVbodUWVR2SWxmS0EmM1YlVYJkRZdFcr1kRvFjYEZkTWJjUydlVodkVsFUP&ctr=0&orgid=23791'> here  </a>
					   </p>
					   <h5>Cheers</h5>
					   <h5> Team ubiAttendance </h5>
					   </body>
					   </html>
					   <br/><br/><b>This is an auto-generated mail. Kindly do not reply to this mail.</b>
01-Aug-2019 15:35 : The following From address failed: ubiattendance@ubitechsolutions.com
01-Aug-2019 15:35 : <html>
						<head>
						<title>ubiAttendance</title>
						</head>
						<body>
						<p>
						Your password reset link for ubiAttendance Web Admin Panel is <a href='http://192.168.0.200/ubiattendance/index.php/cron/ijlprapfcb?ui=hFTS3lFVWtmUsRGWOdFdaRGSCJHVXx2VSZFc51UVWhlYthXWWNjVD1kMK9UZFRWalxmWHlVb58mVxwGWjZkWUZVbodUWVR2SWxmS0EmM1YlVYJkRZdFcr1kRvFjYEZkTWJjUydlVodkVsFUP&ctr=0&orgid=23791'> here  </a>
					   </p>
					   <h5>Cheers</h5>
					   <h5> Team ubiAttendance </h5>
					   </body>
					   </html>
					   <br/><br/><b>This is an auto-generated mail. Kindly do not reply to this mail.</b>
01-Aug-2019 15:35 : The following From address failed: ubiattendance@ubitechsolutions.com
01-Aug-2019 15:43 : <html>
						<head>
						<title>ubiAttendance</title>
						</head>
						<body>
						<p>
						Your password reset link for ubiAttendance Web Admin Panel is <a href='http://192.168.0.200/ubiattendance/index.php/cron/ijlprapfcb?ui=hFTS3lFVWtmUsRGWOdFdaRGSCJHVXx2VSZFc51UVWhlYthXWWNjVD1kMK9UZFRWalxmWHlVb58mVxwGWjZkWUZVbodUWVR2SWxmS0EmM1YlVYJkRZdFcr1kRvFjYEZkTWJjUydlVodkVsFUP&ctr=0&orgid=23791'> here  </a>
					   </p>
					   <h5>Cheers</h5>
					   <h5> Team ubiAttendance </h5>
					   </body>
					   </html>
					   <br/><br/><b>This is an auto-generated mail. Kindly do not reply to this mail.</b>
01-Aug-2019 15:43 : The following From address failed: ubiattendance@ubitechsolutions.com
01-Aug-2019 15:43 : <html>
						<head>
						<title>ubiAttendance</title>
						</head>
						<body>
						<p>
						Your password reset link for ubiAttendance Web Admin Panel is <a href='http://192.168.0.200/ubiattendance/index.php/cron/ijlprapfcb?ui=hFTS3lFVWtmUsRGWOdFdaRGSCJHVXx2VSZFc51UVWhlYthXWWNjVD1kMK9UZFRWalxmWHlVb58mVxwGWjZkWUZVbodUWVR2SWxmS0EmM1YlVYJkRZdFcr1kRvFjYEZkTWJjUydlVodkVsFUP&ctr=0&orgid=23791'> here  </a>
					   </p>
					   <h5>Cheers</h5>
					   <h5> Team ubiAttendance </h5>
					   </body>
					   </html>
					   <br/><br/><b>This is an auto-generated mail. Kindly do not reply to this mail.</b>
01-Aug-2019 15:43 : The following From address failed: ubiattendance@ubitechsolutions.com
01-Aug-2019 15:44 : <html>
						<head>
						<title>ubiAttendance</title>
						</head>
						<body>
						<p>
						Your password reset link for ubiAttendance Web Admin Panel is <a href='http://192.168.0.200/ubiattendance/index.php/cron/ijlprapfcb?ui=hFTS3lFVWtmUsRGWOdFdaRGSCJHVXx2VSZFc51UVWhlYthXWWNjVD1kMK9UZFRWalxmWHlVb58mVxwGWjZkWUZVbodUWVR2SWxmS0EmM1YlVYJkRZdFcr1kRvFjYEZkTWJjUydlVodkVsFUP&ctr=0&orgid=23791'> here  </a>
					   </p>
					   <h5>Cheers</h5>
					   <h5> Team ubiAttendance </h5>
					   </body>
					   </html>
					   <br/><br/><b>This is an auto-generated mail. Kindly do not reply to this mail.</b>
01-Aug-2019 15:44 : The following From address failed: ubiattendance@ubitechsolutions.com
01-Aug-2019 15:44 : <html>
						<head>
						<title>ubiAttendance</title>
						</head>
						<body>
						<p>
						Your password reset link for ubiAttendance Web Admin Panel is <a href='http://192.168.0.200/ubiattendance/index.php/cron/ijlprapfcb?ui=hFTS3lFVWtmUsRGWOdFdaRGSCJHVXx2VSZFc51UVWhlYthXWWNjVD1kMK9UZFRWalxmWHlVb58mVxwGWjZkWUZVbodUWVR2SWxmS0EmM1YlVYJkRZdFcr1kRvFjYEZkTWJjUydlVodkVsFUP&ctr=0&orgid=23791'> here  </a>
					   </p>
					   <h5>Cheers</h5>
					   <h5> Team ubiAttendance </h5>
					   </body>
					   </html>
					   <br/><br/><b>This is an auto-generated mail. Kindly do not reply to this mail.</b>
01-Aug-2019 15:44 : The following From address failed: ubiattendance@ubitechsolutions.com
01-Aug-2019 15:47 : <html>
						<head>
						<title>ubiAttendance</title>
						</head>
						<body>
						<p>
						Your password reset link for ubiAttendance Web Admin Panel is <a href='http://192.168.0.200/ubiattendance/index.php/cron/ijlprapfcb?ui=hFTS3lFVWtmUsRGWOdFdaRGSCJHVXx2VSZFc51UVWhlYthXWWNjVD1kMK9UZFRWalxmWHlVb58mVxwGWjZkWUZVbodUWVR2SWxmS0EmM1YlVYJkRZdFcr1kRvFjYEZkTWJjUydlVodkVsFUP&ctr=0&orgid=23791'> here  </a>
					   </p>
					   <h5>Cheers</h5>
					   <h5> Team ubiAttendance </h5>
					   </body>
					   </html>
					   <br/><br/><b>This is an auto-generated mail. Kindly do not reply to this mail.</b>
01-Aug-2019 15:47 : The following From address failed: ubiattendance@ubitechsolutions.com
01-Aug-2019 15:47 : <html>
						<head>
						<title>ubiAttendance</title>
						</head>
						<body>
						<p>
						Your password reset link for ubiAttendance Web Admin Panel is <a href='http://192.168.0.200/ubiattendance/index.php/cron/ijlprapfcb?ui=hFTS3lFVWtmUsRGWOdFdaRGSCJHVXx2VSZFc51UVWhlYthXWWNjVD1kMK9UZFRWalxmWHlVb58mVxwGWjZkWUZVbodUWVR2SWxmS0EmM1YlVYJkRZdFcr1kRvFjYEZkTWJjUydlVodkVsFUP&ctr=0&orgid=23791'> here  </a>
					   </p>
					   <h5>Cheers</h5>
					   <h5> Team ubiAttendance </h5>
					   </body>
					   </html>
					   <br/><br/><b>This is an auto-generated mail. Kindly do not reply to this mail.</b>
01-Aug-2019 15:47 : The following From address failed: ubiattendance@ubitechsolutions.com
01-Aug-2019 15:48 : <html>
						<head>
						<title>ubiAttendance</title>
						</head>
						<body>
						<p>
						Your password reset link for ubiAttendance Web Admin Panel is <a href='http://192.168.0.200/ubiattendance/index.php/cron/ijlprapfcb?ui=hFTS3lFVWtmUsRGWOdFdaRGSCJHVXx2VSZFc51UVWhlYthXWWNjVD1kMK9UZFRWalxmWHlVb58mVxwGWjZkWUZVbodUWVR2SWxmS0EmM1YlVYJkRZdFcr1kRvFjYEZkTWJjUydlVodkVsFUP&ctr=0&orgid=23791'> here  </a>
					   </p>
					   <h5>Cheers</h5>
					   <h5> Team ubiAttendance </h5>
					   </body>
					   </html>
					   <br/><br/><b>This is an auto-generated mail. Kindly do not reply to this mail.</b>
01-Aug-2019 15:48 : The following From address failed: ubiattendance@ubitechsolutions.com
01-Aug-2019 15:48 : <html>
						<head>
						<title>ubiAttendance</title>
						</head>
						<body>
						<p>
						Your password reset link for ubiAttendance Web Admin Panel is <a href='http://192.168.0.200/ubiattendance/index.php/cron/ijlprapfcb?ui=hFTS3lFVWtmUsRGWOdFdaRGSCJHVXx2VSZFc51UVWhlYthXWWNjVD1kMK9UZFRWalxmWHlVb58mVxwGWjZkWUZVbodUWVR2SWxmS0EmM1YlVYJkRZdFcr1kRvFjYEZkTWJjUydlVodkVsFUP&ctr=0&orgid=23791'> here  </a>
					   </p>
					   <h5>Cheers</h5>
					   <h5> Team ubiAttendance </h5>
					   </body>
					   </html>
					   <br/><br/><b>This is an auto-generated mail. Kindly do not reply to this mail.</b>
01-Aug-2019 15:48 : The following From address failed: ubiattendance@ubitechsolutions.com
01-Aug-2019 15:48 : <html>
						<head>
						<title>ubiAttendance</title>
						</head>
						<body>
						<p>
						Your password reset link for ubiAttendance Web Admin Panel is <a href='http://192.168.0.200/ubiattendance/index.php/cron/ijlprapfcb?ui=hFTS3lFVWtmUsRGWOdFdaRGSCJHVXx2VSZFc51UVWhlYthXWWNjVD1kMK9UZFRWalxmWHlVb58mVxwGWjZkWUZVbodUWVR2SWxmS0EmM1YlVYJkRZdFcr1kRvFjYEZkTWJjUydlVodkVsFUP&ctr=0&orgid=23791'> here  </a>
					   </p>
					   <h5>Cheers</h5>
					   <h5> Team ubiAttendance </h5>
					   </body>
					   </html>
					   <br/><br/><b>This is an auto-generated mail. Kindly do not reply to this mail.</b>
01-Aug-2019 15:48 : The following From address failed: ubiattendance@ubitechsolutions.com
01-Aug-2019 15:48 : <html>
						<head>
						<title>ubiAttendance</title>
						</head>
						<body>
						<p>
						Your password reset link for ubiAttendance Web Admin Panel is <a href='http://192.168.0.200/ubiattendance/index.php/cron/ijlprapfcb?ui=hFTS3lFVWtmUsRGWOdFdaRGSCJHVXx2VSZFc51UVWhlYthXWWNjVD1kMK9UZFRWalxmWHlVb58mVxwGWjZkWUZVbodUWVR2SWxmS0EmM1YlVYJkRZdFcr1kRvFjYEZkTWJjUydlVodkVsFUP&ctr=0&orgid=23791'> here  </a>
					   </p>
					   <h5>Cheers</h5>
					   <h5> Team ubiAttendance </h5>
					   </body>
					   </html>
					   <br/><br/><b>This is an auto-generated mail. Kindly do not reply to this mail.</b>
01-Aug-2019 15:48 : The following From address failed: ubiattendance@ubitechsolutions.com
01-Aug-2019 15:48 : <html>
						<head>
						<title>ubiAttendance</title>
						</head>
						<body>
						<p>
						Your password reset link for ubiAttendance Web Admin Panel is <a href='http://192.168.0.200/ubiattendance/index.php/cron/ijlprapfcb?ui=hFTS3lFVWtmUsRGWOdFdaRGSCJHVXx2VSZFc51UVWhlYthXWWNjVD1kMK9UZFRWalxmWHlVb58mVxwGWjZkWUZVbodUWVR2SWxmS0EmM1YlVYJkRZdFcr1kRvFjYEZkTWJjUydlVodkVsFUP&ctr=0&orgid=23791'> here  </a>
					   </p>
					   <h5>Cheers</h5>
					   <h5> Team ubiAttendance </h5>
					   </body>
					   </html>
					   <br/><br/><b>This is an auto-generated mail. Kindly do not reply to this mail.</b>
01-Aug-2019 15:48 : The following From address failed: ubiattendance@ubitechsolutions.com
01-Aug-2019 15:48 : <html>
						<head>
						<title>ubiAttendance</title>
						</head>
						<body>
						<p>
						Your password reset link for ubiAttendance Web Admin Panel is <a href='http://192.168.0.200/ubiattendance/index.php/cron/ijlprapfcb?ui=hFTS3lFVWtmUsRGWOdFdaRGSCJHVXx2VSZFc51UVWhlYthXWWNjVD1kMK9UZFRWalxmWHlVb58mVxwGWjZkWUZVbodUWVR2SWxmS0EmM1YlVYJkRZdFcr1kRvFjYEZkTWJjUydlVodkVsFUP&ctr=0&orgid=23791'> here  </a>
					   </p>
					   <h5>Cheers</h5>
					   <h5> Team ubiAttendance </h5>
					   </body>
					   </html>
					   <br/><br/><b>This is an auto-generated mail. Kindly do not reply to this mail.</b>
01-Aug-2019 15:48 : The following From address failed: ubiattendance@ubitechsolutions.com
01-Aug-2019 15:49 : <html>
						<head>
						<title>ubiAttendance</title>
						</head>
						<body>
						<p>
						Your password reset link for ubiAttendance Web Admin Panel is <a href='http://192.168.0.200/ubiattendance/index.php/cron/ijlprapfcb?ui=hFTS3lFVWtmUsRGWOdFdaRGSCJHVXx2VSZFc51UVWhlYthXWWNjVD1kMK9UZFRWalxmWHlVb58mVxwGWjZkWUZVbodUWVR2SWxmS0EmM1YlVYJkRZdFcr1kRvFjYEZkTWJjUydlVodkVsFUP&ctr=0&orgid=23791'> here  </a>
					   </p>
					   <h5>Cheers</h5>
					   <h5> Team ubiAttendance </h5>
					   </body>
					   </html>
					   <br/><br/><b>This is an auto-generated mail. Kindly do not reply to this mail.</b>
01-Aug-2019 15:49 : The following From address failed: ubiattendance@ubitechsolutions.com
01-Aug-2019 15:49 : <html>
						<head>
						<title>ubiAttendance</title>
						</head>
						<body>
						<p>
						Your password reset link for ubiAttendance Web Admin Panel is <a href='http://192.168.0.200/ubiattendance/index.php/cron/ijlprapfcb?ui=hFTS3lFVWtmUsRGWOdFdaRGSCJHVXx2VSZFc51UVWhlYthXWWNjVD1kMK9UZFRWalxmWHlVb58mVxwGWjZkWUZVbodUWVR2SWxmS0EmM1YlVYJkRZdFcr1kRvFjYEZkTWJjUydlVodkVsFUP&ctr=0&orgid=23791'> here  </a>
					   </p>
					   <h5>Cheers</h5>
					   <h5> Team ubiAttendance </h5>
					   </body>
					   </html>
					   <br/><br/><b>This is an auto-generated mail. Kindly do not reply to this mail.</b>
01-Aug-2019 15:49 : The following From address failed: ubiattendance@ubitechsolutions.com
01-Aug-2019 15:51 : <html>
						<head>
						<title>ubiAttendance</title>
						</head>
						<body>
						<p>
						Your password reset link for ubiAttendance Web Admin Panel is <a href='http://192.168.0.200/ubiattendance/index.php/cron/ijlprapfcb?ui=hFTS3lFVWtmUsRGWOdFdaRGSCJHVXx2VSZFc51UVWhlYthXWWNjVD1kMK9UZFRWalxmWHlVb58mVxwGWjZkWUZVbodUWVR2SWxmS0EmM1YlVYJkRZdFcr1kRvFjYEZkTWJjUydlVodkVsFUP&ctr=0&orgid=23791'> here  </a>
					   </p>
					   <h5>Cheers</h5>
					   <h5> Team ubiAttendance </h5>
					   </body>
					   </html>
					   <br/><br/><b>This is an auto-generated mail. Kindly do not reply to this mail.</b>
01-Aug-2019 15:51 : The following From address failed: ubiattendance@ubitechsolutions.com
01-Aug-2019 15:51 : <html>
						<head>
						<title>ubiAttendance</title>
						</head>
						<body>
						<p>
						Your password reset link for ubiAttendance Web Admin Panel is <a href='http://192.168.0.200/ubiattendance/index.php/cron/ijlprapfcb?ui=hFTS3lFVWtmUsRGWOdFdaRGSCJHVXx2VSZFc51UVWhlYthXWWNjVD1kMK9UZFRWalxmWHlVb58mVxwGWjZkWUZVbodUWVR2SWxmS0EmM1YlVYJkRZdFcr1kRvFjYEZkTWJjUydlVodkVsFUP&ctr=0&orgid=23791'> here  </a>
					   </p>
					   <h5>Cheers</h5>
					   <h5> Team ubiAttendance </h5>
					   </body>
					   </html>
					   <br/><br/><b>This is an auto-generated mail. Kindly do not reply to this mail.</b>
01-Aug-2019 15:51 : The following From address failed: ubiattendance@ubitechsolutions.com
