01-Jul-2019 10:46 : TimeIn AID0UserId36458
01-Jul-2019 10:53 : TimeIn AID0UserId36458
01-Jul-2019 10:54 : TimeIn AID0UserId36458
01-Jul-2019 10:54 : TimeIn AID0UserId36458
01-Jul-2019 10:54 : TimeIn AID0UserId36458
01-Jul-2019 10:54 : TimeIn AID0UserId36458
01-Jul-2019 11:01 : TimeIn AID0UserId36458
01-Jul-2019 11:03 : TimeIn AID0UserId36458
01-Jul-2019 11:03 : User Attendance: 36458 INSERT INTO `AttendanceMaster`(`EmployeeId`, `AttendanceDate`, `AttendanceStatus`, `TimeIn`,`ShiftId`,Dept_id,Desg_id,areaId,HourlyRateId, `OrganizationId`,
      `CreatedDate`, `CreatedById`, `LastModifiedDate`, `LastModifiedById`, `OwnerId`, `Overtime`, `EntryImage`, `checkInLoc`,`device`,latit_in,longi_in,timeindate)
      VALUES (36458,'2019-07-01',1,'11:03',18095,61210,77708,0,0,10932,'2019-07-01',36458,'2019-07-01 11:03:32',36458,36458,'00:00:00','https://ubitech.ubihrm.com/public/avatars/male.png','Ubitech Road, Kailash Nagar, Mahalgaon, Gwalior, Madhya Pradesh 474011, India','mobile','26.1967','78.1969676','2019-07-01')
01-Jul-2019 11:06 : TimeIn AID0UserId36458
01-Jul-2019 11:06 : User Attendance: 36458 INSERT INTO `AttendanceMaster`(`EmployeeId`, `AttendanceDate`, `AttendanceStatus`, `TimeIn`,`ShiftId`,Dept_id,Desg_id,areaId,HourlyRateId, `OrganizationId`,
      `CreatedDate`, `CreatedById`, `LastModifiedDate`, `LastModifiedById`, `OwnerId`, `Overtime`, `EntryImage`, `checkInLoc`,`device`,latit_in,longi_in,timeindate)
      VALUES (36458,'2019-07-01',1,'11:06',18095,61210,77708,0,0,10932,'2019-07-01',36458,'2019-07-01 11:06:35',36458,36458,'00:00:00','https://ubitech.ubihrm.com/public/avatars/male.png','Ubitech Road, Kailash Nagar, Mahalgaon, Gwalior, Madhya Pradesh 474011, India','mobile','26.1967','78.1969676','2019-07-01')
01-Jul-2019 11:12 : TimeIn AID0UserId36458
01-Jul-2019 11:13 : TimeIn AID0UserId36458
01-Jul-2019 11:13 : TimeIn AID0UserId36458
01-Jul-2019 11:13 : User Attendance: 36458 INSERT INTO `AttendanceMaster`(`EmployeeId`, `AttendanceDate`, `AttendanceStatus`, `TimeIn`,`ShiftId`,Dept_id,Desg_id,areaId,HourlyRateId, `OrganizationId`,
      `CreatedDate`, `CreatedById`, `LastModifiedDate`, `LastModifiedById`, `OwnerId`, `Overtime`, `EntryImage`, `checkInLoc`,`device`,latit_in,longi_in,timeindate)
      VALUES (36458,'2019-07-01',1,'11:13',18095,61210,77708,0,0,10932,'2019-07-01',36458,'2019-07-01 11:13:40',36458,36458,'00:00:00','https://ubitech.ubihrm.com/public/avatars/male.png','Ubitech Road, Kailash Nagar, Mahalgaon, Gwalior, Madhya Pradesh 474011, India','mobile','26.1967','78.1969676','2019-07-01')
01-Jul-2019 11:14 : TimeIn AID0UserId36458
01-Jul-2019 11:14 : User Attendance: 36458 INSERT INTO `AttendanceMaster`(`EmployeeId`, `AttendanceDate`, `AttendanceStatus`, `TimeIn`,`ShiftId`,Dept_id,Desg_id,areaId,HourlyRateId, `OrganizationId`,
      `CreatedDate`, `CreatedById`, `LastModifiedDate`, `LastModifiedById`, `OwnerId`, `Overtime`, `EntryImage`, `checkInLoc`,`device`,latit_in,longi_in,timeindate)
      VALUES (36458,'2019-07-01',1,'11:14',18095,61210,77708,0,0,10932,'2019-07-01',36458,'2019-07-01 11:14:16',36458,36458,'00:00:00','https://ubitech.ubihrm.com/public/avatars/male.png','Ubitech Road, Kailash Nagar, Mahalgaon, Gwalior, Madhya Pradesh 474011, India','mobile','26.1967735','78.1969923','2019-07-01')
01-Jul-2019 11:14 : TimeIn AID0UserId36458
01-Jul-2019 11:16 : TimeIn AID0UserId36458
01-Jul-2019 11:16 : User Attendance: 36458 INSERT INTO `AttendanceMaster`(`EmployeeId`, `AttendanceDate`, `AttendanceStatus`, `TimeIn`,`ShiftId`,Dept_id,Desg_id,areaId,HourlyRateId, `OrganizationId`,
      `CreatedDate`, `CreatedById`, `LastModifiedDate`, `LastModifiedById`, `OwnerId`, `Overtime`, `EntryImage`, `checkInLoc`,`device`,latit_in,longi_in,timeindate)
      VALUES (36458,'2019-07-01',1,'11:16',18095,61210,77708,0,0,10932,'2019-07-01',36458,'2019-07-01 11:16:15',36458,36458,'00:00:00','https://ubitech.ubihrm.com/public/avatars/male.png','Ubitech Road, Kailash Nagar, Mahalgaon, Gwalior, Madhya Pradesh 474011, India','mobile','26.1967','78.1969676','2019-07-01')
01-Jul-2019 11:19 : TimeIn AID0UserId36458
01-Jul-2019 11:19 : User Attendance: 36458 INSERT INTO `AttendanceMaster`(`EmployeeId`, `AttendanceDate`, `AttendanceStatus`, `TimeIn`,`ShiftId`,Dept_id,Desg_id,areaId,HourlyRateId, `OrganizationId`,
      `CreatedDate`, `CreatedById`, `LastModifiedDate`, `LastModifiedById`, `OwnerId`, `Overtime`, `EntryImage`, `checkInLoc`,`device`,latit_in,longi_in,timeindate)
      VALUES (36458,'2019-07-01',1,'11:19',18095,61210,77708,0,0,10932,'2019-07-01',36458,'2019-07-01 11:19:18',36458,36458,'00:00:00','https://ubitech.ubihrm.com/public/avatars/male.png','Ubitech Road, Kailash Nagar, Mahalgaon, Gwalior, Madhya Pradesh 474011, India','mobile','26.1967569','78.1970117','2019-07-01')
01-Jul-2019 11:19 : TimeIn AID0UserId36458
01-Jul-2019 11:20 : TimeIn AID0UserId0
01-Jul-2019 11:20 : User Attendance: 0 INSERT INTO `AttendanceMaster`(`EmployeeId`, `AttendanceDate`, `AttendanceStatus`, `TimeIn`,`ShiftId`,Dept_id,Desg_id,areaId,HourlyRateId, `OrganizationId`,
      `CreatedDate`, `CreatedById`, `LastModifiedDate`, `LastModifiedById`, `OwnerId`, `Overtime`, `EntryImage`, `checkInLoc`,`device`,latit_in,longi_in,timeindate)
      VALUES (0,'2019-07-01',1,'11:20',18095,0,0,0,0,10932,'2019-07-01',0,'2019-07-01 11:20:21',0,0,'00:00:00','https://ubitech.ubihrm.com/public/avatars/male.png','Ubitech Road, Kailash Nagar, Mahalgaon, Gwalior, Madhya Pradesh 474011, India','mobile','26.1967569','78.1970117','2019-07-01')
01-Jul-2019 11:23 : TimeIn AID0UserId36458
01-Jul-2019 11:23 : User Attendance: 36458 INSERT INTO `AttendanceMaster`(`EmployeeId`, `AttendanceDate`, `AttendanceStatus`, `TimeIn`,`ShiftId`,Dept_id,Desg_id,areaId,HourlyRateId, `OrganizationId`,
      `CreatedDate`, `CreatedById`, `LastModifiedDate`, `LastModifiedById`, `OwnerId`, `Overtime`, `EntryImage`, `checkInLoc`,`device`,latit_in,longi_in,timeindate)
      VALUES (36458,'2019-07-01',1,'11:23',18095,61210,77708,0,0,10932,'2019-07-01',36458,'2019-07-01 11:23:24',36458,36458,'00:00:00','https://ubitech.ubihrm.com/public/avatars/male.png','Ubitech Road, Kailash Nagar, Mahalgaon, Gwalior, Madhya Pradesh 474011, India','mobile','26.196712','78.1970139','2019-07-01')
01-Jul-2019 11:25 : TimeIn AID0UserId36458
01-Jul-2019 11:25 : User Attendance: 36458 INSERT INTO `AttendanceMaster`(`EmployeeId`, `AttendanceDate`, `AttendanceStatus`, `TimeIn`,`ShiftId`,Dept_id,Desg_id,areaId,HourlyRateId, `OrganizationId`,
      `CreatedDate`, `CreatedById`, `LastModifiedDate`, `LastModifiedById`, `OwnerId`, `Overtime`, `EntryImage`, `checkInLoc`,`device`,latit_in,longi_in,timeindate)
      VALUES (36458,'2019-07-01',1,'11:25',18095,61210,77708,0,0,10932,'2019-07-01',36458,'2019-07-01 11:25:43',36458,36458,'00:00:00','https://ubitech.ubihrm.com/public/avatars/male.png','Ubitech Road, Kailash Nagar, Mahalgaon, Gwalior, Madhya Pradesh 474011, India','mobile','26.1966932','78.1969992','2019-07-01')
01-Jul-2019 11:26 : TimeIn AID0UserId36458
01-Jul-2019 11:26 : User Attendance: 36458 INSERT INTO `AttendanceMaster`(`EmployeeId`, `AttendanceDate`, `AttendanceStatus`, `TimeIn`,`ShiftId`,Dept_id,Desg_id,areaId,HourlyRateId, `OrganizationId`,
      `CreatedDate`, `CreatedById`, `LastModifiedDate`, `LastModifiedById`, `OwnerId`, `Overtime`, `EntryImage`, `checkInLoc`,`device`,latit_in,longi_in,timeindate)
      VALUES (36458,'2019-07-01',1,'11:26',18095,61210,77708,0,0,10932,'2019-07-01',36458,'2019-07-01 11:26:22',36458,36458,'00:00:00','https://ubitech.ubihrm.com/public/avatars/male.png','Ubitech Road, Kailash Nagar, Mahalgaon, Gwalior, Madhya Pradesh 474011, India','mobile','26.1966882','78.19699','2019-07-01')
01-Jul-2019 11:28 : TimeIn AID0UserId36458
01-Jul-2019 11:28 : User Attendance: 36458 INSERT INTO `AttendanceMaster`(`EmployeeId`, `AttendanceDate`, `AttendanceStatus`, `TimeIn`,`ShiftId`,Dept_id,Desg_id,areaId,HourlyRateId, `OrganizationId`,
      `CreatedDate`, `CreatedById`, `LastModifiedDate`, `LastModifiedById`, `OwnerId`, `Overtime`, `EntryImage`, `checkInLoc`,`device`,latit_in,longi_in,timeindate)
      VALUES (36458,'2019-07-01',1,'11:28',18095,61210,77708,0,0,10932,'2019-07-01',36458,'2019-07-01 11:28:11',36458,36458,'00:00:00','http://192.168.0.200/ubiattendance/uploads/36458_01072019_112811.jpg','Ubitech Road, Kailash Nagar, Mahalgaon, Gwalior, Madhya Pradesh 474011, India','mobile','26.1967567','78.1970116','2019-07-01')
01-Jul-2019 11:29 : TimeIn AID0UserId36458
01-Jul-2019 11:29 : User Attendance: 36458 INSERT INTO `AttendanceMaster`(`EmployeeId`, `AttendanceDate`, `AttendanceStatus`, `TimeIn`,`ShiftId`,Dept_id,Desg_id,areaId,HourlyRateId, `OrganizationId`,
      `CreatedDate`, `CreatedById`, `LastModifiedDate`, `LastModifiedById`, `OwnerId`, `Overtime`, `EntryImage`, `checkInLoc`,`device`,latit_in,longi_in,timeindate)
      VALUES (36458,'2019-07-01',1,'11:29',18095,61210,77708,0,0,10932,'2019-07-01',36458,'2019-07-01 11:29:10',36458,36458,'00:00:00','http://192.168.0.200/ubiattendance/uploads/36458_01072019_112910.jpg','Ubitech Road, Kailash Nagar, Mahalgaon, Gwalior, Madhya Pradesh 474011, India','mobile','26.1967569','78.1970117','2019-07-01')
01-Jul-2019 11:43 : TimeIn AID0UserId4904
01-Jul-2019 11:43 : User Attendance: 4904 INSERT INTO `AttendanceMaster`(`EmployeeId`, `AttendanceDate`, `AttendanceStatus`, `TimeIn`,`ShiftId`,Dept_id,Desg_id,areaId,HourlyRateId, `OrganizationId`,
      `CreatedDate`, `CreatedById`, `LastModifiedDate`, `LastModifiedById`, `OwnerId`, `Overtime`, `EntryImage`, `checkInLoc`,`device`,latit_in,longi_in,timeindate)
      VALUES (4904,'2019-07-01',1,'11:43',49,50,859,43,0,10,'2019-07-01',4904,'2019-07-01 11:43:28',4904,4904,'00:00:00','https://ubitech.ubihrm.com/public/avatars/male.png','Ubitech Road, Kailash Nagar, Mahalgaon, Gwalior, Madhya Pradesh 474011, India','mobile','26.1967569','78.1970117','2019-07-01')
01-Jul-2019 15:22 : The following From address failed: ubiattendance@ubitechsolutions.com
01-Jul-2019 15:34 : OrgId: 21296
01-Jul-2019 15:39 : OrgId: 21296
