01-Nov-2019 16:25 : TimeIn AID0UserId4141
01-Nov-2019 16:25 : User Attendance: 4141 INSERT INTO `AttendanceMaster`(`FakeLocationStatusTimeIn`,`FakeLocationStatusTimeOut`,`EmployeeId`, `AttendanceDate`, `AttendanceStatus`, `TimeIn`,`ShiftId`,Dept_id,Desg_id,areaId,HourlyRateId, `OrganizationId`,
      `CreatedDate`, `CreatedById`, `LastModifiedDate`, `LastModifiedById`, `OwnerId`, `Overtime`, `EntryImage`, `checkInLoc`,`device`,latit_in,longi_in,timeindate,Platform)
      VALUES (0,0,4141,'2019-11-01',1,'16:25',48,50,18644,159,0,10,'2019-11-01',4141,'2019-11-01 16:25:30',4141,4141,'00:00:00','http://192.168.0.200/ubiattendance/uploads/4141_01112019_162530.jpg','Ubitech Rd, Kailash Nagar, Mahalgaon, Gwalior, Madhya Pradesh 474011, India','mobile','26.1967553','78.1968503','2019-11-01',' ')
01-Nov-2019 16:33 : TimeOut AID3301687UserId4141
01-Nov-2019 18:00 : <html>
              <head>
              <title>ubiAttendance</title>
              </head>
            <body>
            <p>Please send the below message through text or Email to the Employees to get them started.</p>
            <p>You are registered in ubiAttendance App for “ Ubitech Solutions”. Kindly punch your attendance through the following steps.</p>
            <ol>
            <li>
              Download the Android App by clicking 
              <a  href='https://play.google.com/store/apps/details?id=org.ubitech.attendance'>https://play.google.com/store/apps/details?id=org.ubitech.attendance</a> 
              iPhone users can download through 
              <a href='https://itunes.apple.com/us/app/ubiattendance-ubitech/id1375252261?mt=8 '>https://itunes.apple.com/us/app/ubiattendance-ubitech/id1375252261?mt=8</a>
            </li>
            <li>Install the App. It will be added to the home screen</li>
            <li>Open the App & sign in. User name will be the registered Email/Phone no.</li>
            <li>Initial Sign in Password is 3</li>
            <li>You can now start punching the attendance.</li>
            <li>Download the detailed Employee guide</li>
            </ol>
            </body>
            </html><br/><br/><b>This is an auto-generated mail. Kindly do not reply to this mail.</b>
01-Nov-2019 18:00 : The following From address failed: ubiattendance@ubitechsolutions.com
