03-Apr-2019 16:00 : 4902
03-Apr-2019 16:00 : The following From address failed: ubiattendance@ubitechsolutions.com
03-Apr-2019 16:04 : 4169
03-Apr-2019 16:04 : The following From address failed: ubiattendance@ubitechsolutions.com
03-Apr-2019 16:06 : 22070
03-Apr-2019 16:06 : The following From address failed: ubiattendance@ubitechsolutions.com
03-Apr-2019 16:06 : 22070
03-Apr-2019 16:14 : Senior not zero
03-Apr-2019 16:14 : 4120
03-Apr-2019 16:14 : 0 0
03-Apr-2019 16:14 : sernioer emailmonika@ubitechsolutions.com
03-Apr-2019 16:14 : monika@ubitechsolutions.com <table>
														<tr><td>Requested by: Deeksha</td></tr>
														<tr><td>Applied on:  Apr 03, 2019 04:14 PM </td></tr>
														<tr><td>Reason for timeoff: testing</td></tr>
														<tr><td>Date: 2019-04-04</td></tr>
														<tr><td>Duration: from 03:54 pm to 04:54 pm</td></tr>
														
														</table>
														
															
														
														<table>
														<tr><td><br/><br/>
														
																<a href='https://ubitech.ubihrm.com/approvalbymail/viewapprovetimeoffapproval/4120/10/9269/2'   style='text-decoration:none;padding: 10px 15px; background: #ffffff; color: green;
																-webkit-border-radius: 4px; -moz-border-radius: 4px; border-radius: 4px; border: solid 1px green; text-shadow: 0 -1px 0 rgba(0, 0, 0, 0.4); -webkit-box-shadow: inset 0 1px 0 rgba(255, 255, 255, 0.4), 0 1px 1px rgba(0, 0, 0, 0.2); -moz-box-shadow: inset 0 1px 0 rgba(255, 255, 255, 0.4), 0 1px 1px rgba(0, 0, 0, 0.2); box-shadow: inset 0 1px 0 rgba(255, 255, 255, 0.4), 0 1px 1px rgba(0, 0, 0, 0.2);'>Approve</a>
																&nbsp;&nbsp;
																&nbsp;&nbsp;
																<a href='https://ubitech.ubihrm.com/approvalbymail/viewapprovetimeoffapproval/4120/10/9269/1'  style='text-decoration:none;padding: 10px 15px; background: #ffffff; color: brown;
																-webkit-border-radius: 4px; -moz-border-radius: 4px; border-radius: 4px; border: solid 1px brown; text-shadow: 0 -1px 0 rgba(0, 0, 0, 0.4); -webkit-box-shadow: inset 0 1px 0 rgba(255, 255, 255, 0.4), 0 1px 1px rgba(0, 0, 0, 0.2); -moz-box-shadow: inset 0 1px 0 rgba(255, 255, 255, 0.4), 0 1px 1px rgba(0, 0, 0, 0.2); box-shadow: inset 0 1px 0 rgba(255, 255, 255, 0.4), 0 1px 1px rgba(0, 0, 0, 0.2);'>Reject</a>
																<br/><br/>
																</td>															
																</tr>
													</table>
03-Apr-2019 16:14 : The following From address failed: hr@ubitechsolutions.com
03-Apr-2019 16:14 : 4143
03-Apr-2019 16:14 : 1 1
03-Apr-2019 16:14 : i!=0 1
03-Apr-2019 16:16 : Senior not zero
03-Apr-2019 16:16 : 4120
03-Apr-2019 16:16 : 0 0
03-Apr-2019 16:16 : sernioer emailmonika@ubitechsolutions.com
03-Apr-2019 16:16 : monika@ubitechsolutions.com <table>
														<tr><td>Requested by: Deeksha</td></tr>
														<tr><td>Applied on:  Apr 03, 2019 04:16 PM </td></tr>
														<tr><td>Reason for timeoff: test</td></tr>
														<tr><td>Date: 2019-04-04</td></tr>
														<tr><td>Duration: from 05:56 pm to 06:00 pm</td></tr>
														
														</table>
														
															
														
														<table>
														<tr><td><br/><br/>
														
																<a href='https://ubitech.ubihrm.com/approvalbymail/viewapprovetimeoffapproval/4120/10/9270/2'   style='text-decoration:none;padding: 10px 15px; background: #ffffff; color: green;
																-webkit-border-radius: 4px; -moz-border-radius: 4px; border-radius: 4px; border: solid 1px green; text-shadow: 0 -1px 0 rgba(0, 0, 0, 0.4); -webkit-box-shadow: inset 0 1px 0 rgba(255, 255, 255, 0.4), 0 1px 1px rgba(0, 0, 0, 0.2); -moz-box-shadow: inset 0 1px 0 rgba(255, 255, 255, 0.4), 0 1px 1px rgba(0, 0, 0, 0.2); box-shadow: inset 0 1px 0 rgba(255, 255, 255, 0.4), 0 1px 1px rgba(0, 0, 0, 0.2);'>Approve</a>
																&nbsp;&nbsp;
																&nbsp;&nbsp;
																<a href='https://ubitech.ubihrm.com/approvalbymail/viewapprovetimeoffapproval/4120/10/9270/1'  style='text-decoration:none;padding: 10px 15px; background: #ffffff; color: brown;
																-webkit-border-radius: 4px; -moz-border-radius: 4px; border-radius: 4px; border: solid 1px brown; text-shadow: 0 -1px 0 rgba(0, 0, 0, 0.4); -webkit-box-shadow: inset 0 1px 0 rgba(255, 255, 255, 0.4), 0 1px 1px rgba(0, 0, 0, 0.2); -moz-box-shadow: inset 0 1px 0 rgba(255, 255, 255, 0.4), 0 1px 1px rgba(0, 0, 0, 0.2); box-shadow: inset 0 1px 0 rgba(255, 255, 255, 0.4), 0 1px 1px rgba(0, 0, 0, 0.2);'>Reject</a>
																<br/><br/>
																</td>															
																</tr>
													</table>
03-Apr-2019 16:16 : The following From address failed: hr@ubitechsolutions.com
03-Apr-2019 16:16 : 4143
03-Apr-2019 16:16 : 1 1
03-Apr-2019 16:16 : i!=0 1
03-Apr-2019 16:18 : Senior not zero
03-Apr-2019 16:18 : 4120
03-Apr-2019 16:18 : 0 0
03-Apr-2019 16:18 : sernioer emailmonika@ubitechsolutions.com
03-Apr-2019 16:18 : monika@ubitechsolutions.com <table>
														<tr><td>Requested by: Deeksha</td></tr>
														<tr><td>Applied on:  Apr 03, 2019 04:18 PM </td></tr>
														<tr><td>Reason for timeoff: test</td></tr>
														<tr><td>Date: 2019-04-05</td></tr>
														<tr><td>Duration: from 03:59 pm to 04:01 pm</td></tr>
														
														</table>
														
															
														
														<table>
														<tr><td><br/><br/>
														
																<a href='https://ubitech.ubihrm.com/approvalbymail/viewapprovetimeoffapproval/4120/10/9271/2'   style='text-decoration:none;padding: 10px 15px; background: #ffffff; color: green;
																-webkit-border-radius: 4px; -moz-border-radius: 4px; border-radius: 4px; border: solid 1px green; text-shadow: 0 -1px 0 rgba(0, 0, 0, 0.4); -webkit-box-shadow: inset 0 1px 0 rgba(255, 255, 255, 0.4), 0 1px 1px rgba(0, 0, 0, 0.2); -moz-box-shadow: inset 0 1px 0 rgba(255, 255, 255, 0.4), 0 1px 1px rgba(0, 0, 0, 0.2); box-shadow: inset 0 1px 0 rgba(255, 255, 255, 0.4), 0 1px 1px rgba(0, 0, 0, 0.2);'>Approve</a>
																&nbsp;&nbsp;
																&nbsp;&nbsp;
																<a href='https://ubitech.ubihrm.com/approvalbymail/viewapprovetimeoffapproval/4120/10/9271/1'  style='text-decoration:none;padding: 10px 15px; background: #ffffff; color: brown;
																-webkit-border-radius: 4px; -moz-border-radius: 4px; border-radius: 4px; border: solid 1px brown; text-shadow: 0 -1px 0 rgba(0, 0, 0, 0.4); -webkit-box-shadow: inset 0 1px 0 rgba(255, 255, 255, 0.4), 0 1px 1px rgba(0, 0, 0, 0.2); -moz-box-shadow: inset 0 1px 0 rgba(255, 255, 255, 0.4), 0 1px 1px rgba(0, 0, 0, 0.2); box-shadow: inset 0 1px 0 rgba(255, 255, 255, 0.4), 0 1px 1px rgba(0, 0, 0, 0.2);'>Reject</a>
																<br/><br/>
																</td>															
																</tr>
													</table>
03-Apr-2019 16:18 : The following From address failed: hr@ubitechsolutions.com
03-Apr-2019 16:18 : 4143
03-Apr-2019 16:18 : 1 1
03-Apr-2019 16:18 : i!=0 1
03-Apr-2019 16:18 : 7982
03-Apr-2019 16:18 : The following From address failed: ubiattendance@ubitechsolutions.com
03-Apr-2019 16:19 : 7982
03-Apr-2019 16:20 : 4140
03-Apr-2019 16:20 : The following From address failed: ubiattendance@ubitechsolutions.com
03-Apr-2019 16:21 : 4252
03-Apr-2019 16:21 : The following From address failed: ubiattendance@ubitechsolutions.com
