04-Nov-2019 12:11 : <html>
                        <head>
                        <title>ubiAttendance</title>
                        </head>
                        <body>Dear Admin,<br/>
                        <p>
                        Congratulations!! <b>Harendra </b> has been added to the Employees’ List of<b> Ubitech Solutions Pvt. Ltd.</b>.
                        <br/> The details registered are:<br/><br/>
                        <b>
                        
                        Employee: Harendra  <br/>
                        
                        Username(Phone#): 9713149452<br/>                    
                        </b>
                        </p>
                        <p>
                            <a href='https://ubiattendance.ubihrm.com/index.php/services/useridcard/10/77185' target='_blank' >
                            GenerateHarendra ’s
                             QR code </a>                        
                        </p>
                        
                        
                        <h5>Regards,</h5>
                        <h5>Team ubiAttendance </h5>
                    </body>
                    </html>
                    <br/><br/><b>This is an auto-generated mail. Kindly do not reply to this mail.</b>
04-Nov-2019 12:11 : The following From address failed: ubiattendance@ubitechsolutions.com
04-Nov-2019 12:17 : <html>
                        <head>
                        <title>ubiAttendance</title>
                        </head>
                        <body>Dear Admin,<br/>
                        <p>
                        Congratulations!! <b>Dii USA </b> has been added to the Employees’ List of<b> Ubitech Solutions Pvt. Ltd.</b>.
                        <br/> The details registered are:<br/><br/>
                        <b>
                        
                        Employee: Dii USA  <br/>
                        
                        Username(Phone#): 15157710220<br/>                    
                        </b>
                        </p>
                        <p>
                            <a href='https://ubiattendance.ubihrm.com/index.php/services/useridcard/10/77186' target='_blank' >
                            GenerateDii USA ’s
                             QR code </a>                        
                        </p>
                        
                        
                        <h5>Regards,</h5>
                        <h5>Team ubiAttendance </h5>
                    </body>
                    </html>
                    <br/><br/><b>This is an auto-generated mail. Kindly do not reply to this mail.</b>
04-Nov-2019 12:17 : The following From address failed: ubiattendance@ubitechsolutions.com
04-Nov-2019 12:18 : <html>
                        <head>
                        <title>ubiAttendance</title>
                        </head>
                        <body>Dear Admin,<br/>
                        <p>
                        Congratulations!! <b>Dii USA </b> has been added to the Employees’ List of<b> Ubitech Solutions Pvt. Ltd.</b>.
                        <br/> The details registered are:<br/><br/>
                        <b>
                        
                        Employee: Dii USA  <br/>
                        
                        Username(Phone#): 15157710220<br/>                    
                        </b>
                        </p>
                        <p>
                            <a href='https://ubiattendance.ubihrm.com/index.php/services/useridcard/10/77187' target='_blank' >
                            GenerateDii USA ’s
                             QR code </a>                        
                        </p>
                        
                        
                        <h5>Regards,</h5>
                        <h5>Team ubiAttendance </h5>
                    </body>
                    </html>
                    <br/><br/><b>This is an auto-generated mail. Kindly do not reply to this mail.</b>
04-Nov-2019 12:18 : The following From address failed: ubiattendance@ubitechsolutions.com
04-Nov-2019 12:24 : <html>
                        <head>
                        <title>ubiAttendance</title>
                        </head>
                        <body>Dear Admin,<br/>
                        <p>
                        Congratulations!! <b>Veeru </b> has been added to the Employees’ List of<b> Ubitech Solutions Pvt. Ltd.</b>.
                        <br/> The details registered are:<br/><br/>
                        <b>
                        
                        Employee: Veeru  <br/>
                        
                        Username(Phone#): 7509192758<br/>                    
                        </b>
                        </p>
                        <p>
                            <a href='https://ubiattendance.ubihrm.com/index.php/services/useridcard/10/77188' target='_blank' >
                            GenerateVeeru ’s
                             QR code </a>                        
                        </p>
                        
                        
                        <h5>Regards,</h5>
                        <h5>Team ubiAttendance </h5>
                    </body>
                    </html>
                    <br/><br/><b>This is an auto-generated mail. Kindly do not reply to this mail.</b>
04-Nov-2019 12:24 : The following From address failed: ubiattendance@ubitechsolutions.com
04-Nov-2019 12:27 : <html>
                        <head>
                        <title>ubiAttendance</title>
                        </head>
                        <body>Dear Admin,<br/>
                        <p>
                        Congratulations!! <b>Veeru </b> has been added to the Employees’ List of<b> Ubitech Solutions Pvt. Ltd.</b>.
                        <br/> The details registered are:<br/><br/>
                        <b>
                        
                        Employee: Veeru  <br/>
                        
                        Username(Phone#): 7509192758<br/>                    
                        </b>
                        </p>
                        <p>
                            <a href='https://ubiattendance.ubihrm.com/index.php/services/useridcard/10/77189' target='_blank' >
                            GenerateVeeru ’s
                             QR code </a>                        
                        </p>
                        
                        
                        <h5>Regards,</h5>
                        <h5>Team ubiAttendance </h5>
                    </body>
                    </html>
                    <br/><br/><b>This is an auto-generated mail. Kindly do not reply to this mail.</b>
04-Nov-2019 12:27 : The following From address failed: ubiattendance@ubitechsolutions.com
04-Nov-2019 13:11 : <html>
                        <head>
                        <title>ubiAttendance</title>
                        </head>
                        <body>Dear Admin,<br/>
                        <p>
                        Congratulations!! <b>Dii USA </b> has been added to the Employees’ List of<b> Ubitech Solutions Pvt. Ltd.</b>.
                        <br/> The details registered are:<br/><br/>
                        <b>
                        
                        Employee: Dii USA  <br/>
                        
                        Username(Phone#): 15153055167<br/>                    
                        </b>
                        </p>
                        <p>
                            <a href='https://ubiattendance.ubihrm.com/index.php/services/useridcard/10/77190' target='_blank' >
                            GenerateDii USA ’s
                             QR code </a>                        
                        </p>
                        
                        
                        <h5>Regards,</h5>
                        <h5>Team ubiAttendance </h5>
                    </body>
                    </html>
                    <br/><br/><b>This is an auto-generated mail. Kindly do not reply to this mail.</b>
04-Nov-2019 13:11 : The following From address failed: ubiattendance@ubitechsolutions.com
04-Nov-2019 13:54 : TimeIn AID0UserId4141
04-Nov-2019 13:54 : User Attendance: 4141 INSERT INTO `AttendanceMaster`(`FakeLocationStatusTimeIn`,`FakeLocationStatusTimeOut`,`EmployeeId`, `AttendanceDate`, `AttendanceStatus`, `TimeIn`,`ShiftId`,Dept_id,Desg_id,areaId,HourlyRateId, `OrganizationId`,
      `CreatedDate`, `CreatedById`, `LastModifiedDate`, `LastModifiedById`, `OwnerId`, `Overtime`, `EntryImage`, `checkInLoc`,`device`,latit_in,longi_in,timeindate,Platform)
      VALUES (0,0,4141,'2019-11-04',1,'13:54',48,50,18644,159,0,10,'2019-11-04',4141,'2019-11-04 13:54:37',4141,4141,'00:00:00','http://192.168.0.200/ubiattendance/uploads/4141_04112019_135437.jpg','Ubitech Rd, Kailash Nagar, Mahalgaon, Gwalior, Madhya Pradesh 474011, India','mobile','26.1967455','78.197043','2019-11-04',' android')
04-Nov-2019 14:01 : <html>
                        <head>
                        <title>ubiAttendance</title>
                        </head>
                        <body>Dear Admin,<br/>
                        <p>
                        Congratulations!! <b>Shailja Ubitech Solutions </b> has been added to the Employees’ List of<b> Ubitech Solutions Pvt. Ltd.</b>.
                        <br/> The details registered are:<br/><br/>
                        <b>
                        
                        Employee: Shailja Ubitech Solutions  <br/>
                        
                        Username(Phone#): 917067835131<br/>                    
                        </b>
                        </p>
                        <p>
                            <a href='https://ubiattendance.ubihrm.com/index.php/services/useridcard/10/77191' target='_blank' >
                            GenerateShailja Ubitech Solutions ’s
                             QR code </a>                        
                        </p>
                        
                        
                        <h5>Regards,</h5>
                        <h5>Team ubiAttendance </h5>
                    </body>
                    </html>
                    <br/><br/><b>This is an auto-generated mail. Kindly do not reply to this mail.</b>
04-Nov-2019 14:01 : The following From address failed: ubiattendance@ubitechsolutions.com
04-Nov-2019 15:39 : <html>
                        <head>
                        <title>ubiAttendance</title>
                        </head>
                        <body>Dear Admin,<br/>
                        <p>
                        Congratulations!! <b>Aalia Dii </b> has been added to the Employees’ List of<b> Ubitech Solutions Pvt. Ltd.</b>.
                        <br/> The details registered are:<br/><br/>
                        <b>
                        
                        Employee: Aalia Dii  <br/>
                        
                        Username(Phone#): 7415963538<br/>                    
                        </b>
                        </p>
                        <p>
                            <a href='https://ubiattendance.ubihrm.com/index.php/services/useridcard/10/77192' target='_blank' >
                            GenerateAalia Dii ’s
                             QR code </a>                        
                        </p>
                        
                        
                        <h5>Regards,</h5>
                        <h5>Team ubiAttendance </h5>
                    </body>
                    </html>
                    <br/><br/><b>This is an auto-generated mail. Kindly do not reply to this mail.</b>
04-Nov-2019 15:39 : The following From address failed: ubiattendance@ubitechsolutions.com
04-Nov-2019 15:39 : <html>
                        <head>
                        <title>ubiAttendance</title>
                        </head>
                        <body>Dear Admin,<br/>
                        <p>
                        Congratulations!! <b>Veeru </b> has been added to the Employees’ List of<b> Ubitech Solutions Pvt. Ltd.</b>.
                        <br/> The details registered are:<br/><br/>
                        <b>
                        
                        Employee: Veeru  <br/>
                        
                        Username(Phone#): 7509192758<br/>                    
                        </b>
                        </p>
                        <p>
                            <a href='https://ubiattendance.ubihrm.com/index.php/services/useridcard/10/77193' target='_blank' >
                            GenerateVeeru ’s
                             QR code </a>                        
                        </p>
                        
                        
                        <h5>Regards,</h5>
                        <h5>Team ubiAttendance </h5>
                    </body>
                    </html>
                    <br/><br/><b>This is an auto-generated mail. Kindly do not reply to this mail.</b>
04-Nov-2019 15:39 : The following From address failed: ubiattendance@ubitechsolutions.com
04-Nov-2019 16:05 : <html>
                        <head>
                        <title>ubiAttendance</title>
                        </head>
                        <body>Dear Admin,<br/>
                        <p>
                        Congratulations!! <b>Trst1 </b> has been added to the Employees’ List of<b> Ubitech Solutions Pvt. Ltd.</b>.
                        <br/> The details registered are:<br/><br/>
                        <b>
                        
                        Employee: Trst1  <br/>
                        
                        Username(Phone#): 8269069058<br/>                    
                        </b>
                        </p>
                        <p>
                            <a href='https://ubiattendance.ubihrm.com/index.php/services/useridcard/10/77194' target='_blank' >
                            GenerateTrst1 ’s
                             QR code </a>                        
                        </p>
                        
                        
                        <h5>Regards,</h5>
                        <h5>Team ubiAttendance </h5>
                    </body>
                    </html>
                    <br/><br/><b>This is an auto-generated mail. Kindly do not reply to this mail.</b>
04-Nov-2019 16:05 : The following From address failed: ubiattendance@ubitechsolutions.com
04-Nov-2019 16:29 : <html>
                        <head>
                        <title>ubiAttendance</title>
                        </head>
                        <body>Dear Admin,<br/>
                        <p>
                        Congratulations!! <b>Test1 </b> has been added to the Employees’ List of<b> Ubitech Solutions Pvt. Ltd.</b>.
                        <br/> The details registered are:<br/><br/>
                        <b>
                        
                        Employee: Test1  <br/>
                        
                        Username(Phone#): 8269069058<br/>                    
                        </b>
                        </p>
                        <p>
                            <a href='https://ubiattendance.ubihrm.com/index.php/services/useridcard/10/77195' target='_blank' >
                            GenerateTest1 ’s
                             QR code </a>                        
                        </p>
                        
                        
                        <h5>Regards,</h5>
                        <h5>Team ubiAttendance </h5>
                    </body>
                    </html>
                    <br/><br/><b>This is an auto-generated mail. Kindly do not reply to this mail.</b>
04-Nov-2019 16:29 : The following From address failed: ubiattendance@ubitechsolutions.com
04-Nov-2019 17:07 : TimeIn AID0UserId4904
04-Nov-2019 17:07 : User Attendance: 4904 INSERT INTO `AttendanceMaster`(`FakeLocationStatusTimeIn`,`FakeLocationStatusTimeOut`,`EmployeeId`, `AttendanceDate`, `AttendanceStatus`, `TimeIn`,`ShiftId`,Dept_id,Desg_id,areaId,HourlyRateId, `OrganizationId`,
      `CreatedDate`, `CreatedById`, `LastModifiedDate`, `LastModifiedById`, `OwnerId`, `Overtime`, `EntryImage`, `checkInLoc`,`device`,latit_in,longi_in,timeindate,Platform)
      VALUES (0,0,4904,'2019-11-04',1,'17:07',49,50,18646,159,242,10,'2019-11-04',4904,'2019-11-04 17:07:52',4904,4904,'00:00:00','http://192.168.0.200/ubiattendance/uploads/4904_04112019_170752.jpg','Ubitech Rd, Kailash Nagar, Mahalgaon, Gwalior, Madhya Pradesh 474011, India','mobile','26.1967552','78.1970252','2019-11-04',' android')
04-Nov-2019 17:09 : TimeOut AID3301737UserId4904
04-Nov-2019 17:10 : <html>
                        <head>
                        <title>ubiAttendance</title>
                        </head>
                        <body>Dear Admin,<br/>
                        <p>
                        Congratulations!! <b>Test </b> has been added to the Employees’ List of<b> Ubitech Solutions Pvt. Ltd.</b>.
                        <br/> The details registered are:<br/><br/>
                        <b>
                        
                        Employee: Test  <br/>
                        
                        Username(Phone#): 7415963538<br/>                    
                        </b>
                        </p>
                        <p>
                            <a href='https://ubiattendance.ubihrm.com/index.php/services/useridcard/10/77196' target='_blank' >
                            GenerateTest ’s
                             QR code </a>                        
                        </p>
                        
                        
                        <h5>Regards,</h5>
                        <h5>Team ubiAttendance </h5>
                    </body>
                    </html>
                    <br/><br/><b>This is an auto-generated mail. Kindly do not reply to this mail.</b>
04-Nov-2019 17:10 : The following From address failed: ubiattendance@ubitechsolutions.com
04-Nov-2019 17:11 : TimeOut AID3301737UserId4904
04-Nov-2019 17:12 : <html>
                        <head>
                        <title>ubiAttendance</title>
                        </head>
                        <body>Dear Admin,<br/>
                        <p>
                        Congratulations!! <b>Alka Di </b> has been added to the Employees’ List of<b> Ubitech Solutions Pvt. Ltd.</b>.
                        <br/> The details registered are:<br/><br/>
                        <b>
                        
                        Employee: Alka Di  <br/>
                        
                        Username(Phone#): 9009504452<br/>                    
                        </b>
                        </p>
                        <p>
                            <a href='https://ubiattendance.ubihrm.com/index.php/services/useridcard/10/77197' target='_blank' >
                            GenerateAlka Di ’s
                             QR code </a>                        
                        </p>
                        
                        
                        <h5>Regards,</h5>
                        <h5>Team ubiAttendance </h5>
                    </body>
                    </html>
                    <br/><br/><b>This is an auto-generated mail. Kindly do not reply to this mail.</b>
04-Nov-2019 17:12 : The following From address failed: ubiattendance@ubitechsolutions.com
04-Nov-2019 17:26 : <html>
                        <head>
                        <title>ubiAttendance</title>
                        </head>
                        <body>Dear Admin,<br/>
                        <p>
                        Congratulations!! <b>Veeru </b> has been added to the Employees’ List of<b> Ubitech Solutions Pvt. Ltd.</b>.
                        <br/> The details registered are:<br/><br/>
                        <b>
                        
                        Employee: Veeru  <br/>
                        
                        Username(Phone#): 7509192758<br/>                    
                        </b>
                        </p>
                        <p>
                            <a href='https://ubiattendance.ubihrm.com/index.php/services/useridcard/10/77198' target='_blank' >
                            GenerateVeeru ’s
                             QR code </a>                        
                        </p>
                        
                        
                        <h5>Regards,</h5>
                        <h5>Team ubiAttendance </h5>
                    </body>
                    </html>
                    <br/><br/><b>This is an auto-generated mail. Kindly do not reply to this mail.</b>
04-Nov-2019 17:26 : The following From address failed: ubiattendance@ubitechsolutions.com
04-Nov-2019 17:27 : <html>
                        <head>
                        <title>ubiAttendance</title>
                        </head>
                        <body>Dear Admin,<br/>
                        <p>
                        Congratulations!! <b>Test555 </b> has been added to the Employees’ List of<b> Ubitech Solutions Pvt. Ltd.</b>.
                        <br/> The details registered are:<br/><br/>
                        <b>
                        
                        Employee: Test555  <br/>
                        
                        Username(Phone#): 8122167206<br/>                    
                        </b>
                        </p>
                        <p>
                            <a href='https://ubiattendance.ubihrm.com/index.php/services/useridcard/10/77199' target='_blank' >
                            GenerateTest555 ’s
                             QR code </a>                        
                        </p>
                        
                        
                        <h5>Regards,</h5>
                        <h5>Team ubiAttendance </h5>
                    </body>
                    </html>
                    <br/><br/><b>This is an auto-generated mail. Kindly do not reply to this mail.</b>
04-Nov-2019 17:27 : The following From address failed: ubiattendance@ubitechsolutions.com
04-Nov-2019 17:34 : <html>
                        <head>
                        <title>ubiAttendance</title>
                        </head>
                        <body>Dear Admin,<br/>
                        <p>
                        Congratulations!! <b>Veeru </b> has been added to the Employees’ List of<b> Ubitech Solutions Pvt. Ltd.</b>.
                        <br/> The details registered are:<br/><br/>
                        <b>
                        
                        Employee: Veeru  <br/>
                        
                        Username(Phone#): 7509192758<br/>                    
                        </b>
                        </p>
                        <p>
                            <a href='https://ubiattendance.ubihrm.com/index.php/services/useridcard/10/77200' target='_blank' >
                            GenerateVeeru ’s
                             QR code </a>                        
                        </p>
                        
                        
                        <h5>Regards,</h5>
                        <h5>Team ubiAttendance </h5>
                    </body>
                    </html>
                    <br/><br/><b>This is an auto-generated mail. Kindly do not reply to this mail.</b>
04-Nov-2019 17:34 : The following From address failed: ubiattendance@ubitechsolutions.com
04-Nov-2019 17:35 : <html>
                        <head>
                        <title>ubiAttendance</title>
                        </head>
                        <body>Dear Admin,<br/>
                        <p>
                        Congratulations!! <b>Akash </b> has been added to the Employees’ List of<b> Ubitech Solutions Pvt. Ltd.</b>.
                        <br/> The details registered are:<br/><br/>
                        <b>
                        
                        Employee: Akash  <br/>
                        
                        Username(Phone#): 9759555443<br/>                    
                        </b>
                        </p>
                        <p>
                            <a href='https://ubiattendance.ubihrm.com/index.php/services/useridcard/10/77201' target='_blank' >
                            GenerateAkash ’s
                             QR code </a>                        
                        </p>
                        
                        
                        <h5>Regards,</h5>
                        <h5>Team ubiAttendance </h5>
                    </body>
                    </html>
                    <br/><br/><b>This is an auto-generated mail. Kindly do not reply to this mail.</b>
04-Nov-2019 17:35 : The following From address failed: ubiattendance@ubitechsolutions.com
04-Nov-2019 17:41 : TimeOut AID3301737UserId4904
