05-Oct-2019 17:21 : <html><body>Dear super admin<br/>,
				payutest has paid amount INR 1699 for upgradation of its ubiAttendance premium plan. <br/><br/>
				<b>Payment summary:</b> <br/><br/>
				Email ID: 	abcde@12345.com <br/>
				Transaction Id: 349691540 <br/>
				Amount paid: INR 2005 (tax included) <br/>
				Tax paid:    INR 306 <br/>
				Discount:    INR 0 <br/>
				No. of users extended: 2222222 <br/>
				Plan periods extends: 0 month(s) <br/><br/>
				Thanks for buy ubiAttendance services.<br/><br/>
				TO generate the Invoice <a href='http://192.168.0.200/ubiattendance/index.php/cron/generateInvoice?id=MzQ5NjkxNTQw' target='_blank'> Click here</a>.<br/><br/>
				Regards<br/>
				Team ubiAttendance</body></html><br/><br/><b>This is an auto-generated mail. Kindly do not reply to this mail.</b>
05-Oct-2019 17:21 : The following From address failed: ubiattendance@ubitechsolutions.com
05-Oct-2019 17:21 : <html><body>Dear super admin<br/>,
				payutest has paid amount INR 1699 for upgradation of its ubiAttendance premium plan. <br/><br/>
				<b>Payment summary:</b> <br/><br/>
				Email ID: 	abcde@12345.com <br/>
				Transaction Id: 349691540 <br/>
				Amount paid: INR 2005 (tax included) <br/>
				Tax paid:    INR 306 <br/>
				Discount:    INR 0 <br/>
				No. of users extended: 2222222 <br/>
				Plan periods extends: 0 month(s) <br/><br/>
				Thanks for buy ubiAttendance services.<br/><br/>
				TO generate the Invoice <a href='http://192.168.0.200/ubiattendance/index.php/cron/generateInvoice?id=MzQ5NjkxNTQw' target='_blank'> Click here</a>.<br/><br/>
				Regards<br/>
				Team ubiAttendance</body></html><br/><br/><b>This is an auto-generated mail. Kindly do not reply to this mail.</b>
05-Oct-2019 17:21 : The following From address failed: ubiattendance@ubitechsolutions.com
05-Oct-2019 17:21 : <html><body>Dear super admin<br/>,
				payutest has paid amount INR 1699 for upgradation of its ubiAttendance premium plan. <br/><br/>
				<b>Payment summary:</b> <br/><br/>
				Email ID: 	abcde@12345.com <br/>
				Transaction Id: 349691540 <br/>
				Amount paid: INR 2005 (tax included) <br/>
				Tax paid:    INR 306 <br/>
				Discount:    INR 0 <br/>
				No. of users extended: 2222222 <br/>
				Plan periods extends: 0 month(s) <br/><br/>
				Thanks for buy ubiAttendance services.<br/><br/>
				TO generate the Invoice <a href='http://192.168.0.200/ubiattendance/index.php/cron/generateInvoice?id=MzQ5NjkxNTQw' target='_blank'> Click here</a>.<br/><br/>
				Regards<br/>
				Team ubiAttendance</body></html><br/><br/><b>This is an auto-generated mail. Kindly do not reply to this mail.</b>
05-Oct-2019 17:21 : The following From address failed: ubiattendance@ubitechsolutions.com
05-Oct-2019 17:21 : <html><body>Dear payutest<br/><br/>
				You have paid amount INR 1699 for upgradation of ubiAttendance Premium Plan. <br/><br/>
				<b>Payment summary:</b> <br/><br/>
				Email ID: 	abcde@12345.com <br/>
				Transaction Id: 349691540 <br/>
				Amount paid: INR 2005 (tax included) <br/>
				Tax paid:    INR 306 <br/>
				Discount:    INR 0 <br/>
				No. of users extended: 2222222 <br/>
				Plan periods extends: 0 month(s) <br/><br/>
				Thanks for buy ubiAttendance services.<br/><br/>
				To generate the Invoice <a href='http://192.168.0.200/ubiattendance/index.php/cron/generateInvoice?id=MzQ5NjkxNTQw' target='_blank'> Click here</a>.<br/><br/>
				Regards<br/>
				Team ubiAttendance</body></html><br/><br/><b>This is an auto-generated mail. Kindly do not reply to this mail.</b>
05-Oct-2019 17:21 : The following From address failed: ubiattendance@ubitechsolutions.com
05-Oct-2019 17:26 : <html><body>Dear super admin<br/>,
				payutest has paid amount INR 896 for upgradation of its ubiAttendance premium plan. <br/><br/>
				<b>Payment summary:</b> <br/><br/>
				Email ID: 	abcde@12345.com <br/>
				Transaction Id: 349691541 <br/>
				Amount paid: INR 1057 (tax included) <br/>
				Tax paid:    INR 161 <br/>
				Discount:    INR 0 <br/>
				No. of users extended: 22222222 <br/>
				Plan periods extends: 0 month(s) <br/><br/>
				Thanks for buy ubiAttendance services.<br/><br/>
				TO generate the Invoice <a href='http://192.168.0.200/ubiattendance/index.php/cron/generateInvoice?id=MzQ5NjkxNTQx' target='_blank'> Click here</a>.<br/><br/>
				Regards<br/>
				Team ubiAttendance</body></html><br/><br/><b>This is an auto-generated mail. Kindly do not reply to this mail.</b>
05-Oct-2019 17:26 : The following From address failed: ubiattendance@ubitechsolutions.com
05-Oct-2019 17:26 : <html><body>Dear super admin<br/>,
				payutest has paid amount INR 896 for upgradation of its ubiAttendance premium plan. <br/><br/>
				<b>Payment summary:</b> <br/><br/>
				Email ID: 	abcde@12345.com <br/>
				Transaction Id: 349691541 <br/>
				Amount paid: INR 1057 (tax included) <br/>
				Tax paid:    INR 161 <br/>
				Discount:    INR 0 <br/>
				No. of users extended: 22222222 <br/>
				Plan periods extends: 0 month(s) <br/><br/>
				Thanks for buy ubiAttendance services.<br/><br/>
				TO generate the Invoice <a href='http://192.168.0.200/ubiattendance/index.php/cron/generateInvoice?id=MzQ5NjkxNTQx' target='_blank'> Click here</a>.<br/><br/>
				Regards<br/>
				Team ubiAttendance</body></html><br/><br/><b>This is an auto-generated mail. Kindly do not reply to this mail.</b>
05-Oct-2019 17:26 : The following From address failed: ubiattendance@ubitechsolutions.com
05-Oct-2019 17:26 : <html><body>Dear super admin<br/>,
				payutest has paid amount INR 896 for upgradation of its ubiAttendance premium plan. <br/><br/>
				<b>Payment summary:</b> <br/><br/>
				Email ID: 	abcde@12345.com <br/>
				Transaction Id: 349691541 <br/>
				Amount paid: INR 1057 (tax included) <br/>
				Tax paid:    INR 161 <br/>
				Discount:    INR 0 <br/>
				No. of users extended: 22222222 <br/>
				Plan periods extends: 0 month(s) <br/><br/>
				Thanks for buy ubiAttendance services.<br/><br/>
				TO generate the Invoice <a href='http://192.168.0.200/ubiattendance/index.php/cron/generateInvoice?id=MzQ5NjkxNTQx' target='_blank'> Click here</a>.<br/><br/>
				Regards<br/>
				Team ubiAttendance</body></html><br/><br/><b>This is an auto-generated mail. Kindly do not reply to this mail.</b>
05-Oct-2019 17:26 : The following From address failed: ubiattendance@ubitechsolutions.com
05-Oct-2019 17:26 : <html><body>Dear payutest<br/><br/>
				You have paid amount INR 896 for upgradation of ubiAttendance Premium Plan. <br/><br/>
				<b>Payment summary:</b> <br/><br/>
				Email ID: 	abcde@12345.com <br/>
				Transaction Id: 349691541 <br/>
				Amount paid: INR 1057 (tax included) <br/>
				Tax paid:    INR 161 <br/>
				Discount:    INR 0 <br/>
				No. of users extended: 22222222 <br/>
				Plan periods extends: 0 month(s) <br/><br/>
				Thanks for buy ubiAttendance services.<br/><br/>
				To generate the Invoice <a href='http://192.168.0.200/ubiattendance/index.php/cron/generateInvoice?id=MzQ5NjkxNTQx' target='_blank'> Click here</a>.<br/><br/>
				Regards<br/>
				Team ubiAttendance</body></html><br/><br/><b>This is an auto-generated mail. Kindly do not reply to this mail.</b>
05-Oct-2019 17:26 : The following From address failed: ubiattendance@ubitechsolutions.com
05-Oct-2019 17:32 : <html><body>Dear super admin<br/>,
				payutest has paid amount INR 896 for upgradation of its ubiAttendance premium plan. <br/><br/>
				<b>Payment summary:</b> <br/><br/>
				Email ID: 	abcde@12345.com <br/>
				Transaction Id: 349691542 <br/>
				Amount paid: INR 1057 (tax included) <br/>
				Tax paid:    INR 161 <br/>
				Discount:    INR 0 <br/>
				No. of users extended: 22222222 <br/>
				Plan periods extends: 0 month(s) <br/><br/>
				Thanks for buy ubiAttendance services.<br/><br/>
				TO generate the Invoice <a href='http://192.168.0.200/ubiattendance/index.php/cron/generateInvoice?id=MzQ5NjkxNTQy' target='_blank'> Click here</a>.<br/><br/>
				Regards<br/>
				Team ubiAttendance</body></html><br/><br/><b>This is an auto-generated mail. Kindly do not reply to this mail.</b>
05-Oct-2019 17:32 : The following From address failed: ubiattendance@ubitechsolutions.com
05-Oct-2019 17:32 : <html><body>Dear super admin<br/>,
				payutest has paid amount INR 896 for upgradation of its ubiAttendance premium plan. <br/><br/>
				<b>Payment summary:</b> <br/><br/>
				Email ID: 	abcde@12345.com <br/>
				Transaction Id: 349691542 <br/>
				Amount paid: INR 1057 (tax included) <br/>
				Tax paid:    INR 161 <br/>
				Discount:    INR 0 <br/>
				No. of users extended: 22222222 <br/>
				Plan periods extends: 0 month(s) <br/><br/>
				Thanks for buy ubiAttendance services.<br/><br/>
				TO generate the Invoice <a href='http://192.168.0.200/ubiattendance/index.php/cron/generateInvoice?id=MzQ5NjkxNTQy' target='_blank'> Click here</a>.<br/><br/>
				Regards<br/>
				Team ubiAttendance</body></html><br/><br/><b>This is an auto-generated mail. Kindly do not reply to this mail.</b>
05-Oct-2019 17:32 : The following From address failed: ubiattendance@ubitechsolutions.com
05-Oct-2019 17:32 : <html><body>Dear super admin<br/>,
				payutest has paid amount INR 896 for upgradation of its ubiAttendance premium plan. <br/><br/>
				<b>Payment summary:</b> <br/><br/>
				Email ID: 	abcde@12345.com <br/>
				Transaction Id: 349691542 <br/>
				Amount paid: INR 1057 (tax included) <br/>
				Tax paid:    INR 161 <br/>
				Discount:    INR 0 <br/>
				No. of users extended: 22222222 <br/>
				Plan periods extends: 0 month(s) <br/><br/>
				Thanks for buy ubiAttendance services.<br/><br/>
				TO generate the Invoice <a href='http://192.168.0.200/ubiattendance/index.php/cron/generateInvoice?id=MzQ5NjkxNTQy' target='_blank'> Click here</a>.<br/><br/>
				Regards<br/>
				Team ubiAttendance</body></html><br/><br/><b>This is an auto-generated mail. Kindly do not reply to this mail.</b>
05-Oct-2019 17:32 : The following From address failed: ubiattendance@ubitechsolutions.com
05-Oct-2019 17:32 : <html><body>Dear payutest<br/><br/>
				You have paid amount INR 896 for upgradation of ubiAttendance Premium Plan. <br/><br/>
				<b>Payment summary:</b> <br/><br/>
				Email ID: 	abcde@12345.com <br/>
				Transaction Id: 349691542 <br/>
				Amount paid: INR 1057 (tax included) <br/>
				Tax paid:    INR 161 <br/>
				Discount:    INR 0 <br/>
				No. of users extended: 22222222 <br/>
				Plan periods extends: 0 month(s) <br/><br/>
				Thanks for buy ubiAttendance services.<br/><br/>
				To generate the Invoice <a href='http://192.168.0.200/ubiattendance/index.php/cron/generateInvoice?id=MzQ5NjkxNTQy' target='_blank'> Click here</a>.<br/><br/>
				Regards<br/>
				Team ubiAttendance</body></html><br/><br/><b>This is an auto-generated mail. Kindly do not reply to this mail.</b>
05-Oct-2019 17:32 : The following From address failed: ubiattendance@ubitechsolutions.com
05-Oct-2019 17:44 : <html><body>Dear super admin<br/>,
				payutest has paid amount INR 896 for upgradation of its ubiAttendance premium plan. <br/><br/>
				<b>Payment summary:</b> <br/><br/>
				Email ID: 	abcde@12345.com <br/>
				Transaction Id: 349691543 <br/>
				Amount paid: INR 1057 (tax included) <br/>
				Tax paid:    INR 161 <br/>
				Discount:    INR 0 <br/>
				No. of users extended: 22222222 <br/>
				Plan periods extends: 0 month(s) <br/><br/>
				Thanks for buy ubiAttendance services.<br/><br/>
				TO generate the Invoice <a href='http://192.168.0.200/ubiattendance/index.php/cron/generateInvoice?id=MzQ5NjkxNTQz' target='_blank'> Click here</a>.<br/><br/>
				Regards<br/>
				Team ubiAttendance</body></html><br/><br/><b>This is an auto-generated mail. Kindly do not reply to this mail.</b>
05-Oct-2019 17:44 : The following From address failed: ubiattendance@ubitechsolutions.com
05-Oct-2019 17:44 : <html><body>Dear super admin<br/>,
				payutest has paid amount INR 896 for upgradation of its ubiAttendance premium plan. <br/><br/>
				<b>Payment summary:</b> <br/><br/>
				Email ID: 	abcde@12345.com <br/>
				Transaction Id: 349691543 <br/>
				Amount paid: INR 1057 (tax included) <br/>
				Tax paid:    INR 161 <br/>
				Discount:    INR 0 <br/>
				No. of users extended: 22222222 <br/>
				Plan periods extends: 0 month(s) <br/><br/>
				Thanks for buy ubiAttendance services.<br/><br/>
				TO generate the Invoice <a href='http://192.168.0.200/ubiattendance/index.php/cron/generateInvoice?id=MzQ5NjkxNTQz' target='_blank'> Click here</a>.<br/><br/>
				Regards<br/>
				Team ubiAttendance</body></html><br/><br/><b>This is an auto-generated mail. Kindly do not reply to this mail.</b>
05-Oct-2019 17:44 : The following From address failed: ubiattendance@ubitechsolutions.com
05-Oct-2019 17:44 : <html><body>Dear super admin<br/>,
				payutest has paid amount INR 896 for upgradation of its ubiAttendance premium plan. <br/><br/>
				<b>Payment summary:</b> <br/><br/>
				Email ID: 	abcde@12345.com <br/>
				Transaction Id: 349691543 <br/>
				Amount paid: INR 1057 (tax included) <br/>
				Tax paid:    INR 161 <br/>
				Discount:    INR 0 <br/>
				No. of users extended: 22222222 <br/>
				Plan periods extends: 0 month(s) <br/><br/>
				Thanks for buy ubiAttendance services.<br/><br/>
				TO generate the Invoice <a href='http://192.168.0.200/ubiattendance/index.php/cron/generateInvoice?id=MzQ5NjkxNTQz' target='_blank'> Click here</a>.<br/><br/>
				Regards<br/>
				Team ubiAttendance</body></html><br/><br/><b>This is an auto-generated mail. Kindly do not reply to this mail.</b>
05-Oct-2019 17:44 : The following From address failed: ubiattendance@ubitechsolutions.com
05-Oct-2019 17:44 : <html><body>Dear payutest<br/><br/>
				You have paid amount INR 896 for upgradation of ubiAttendance Premium Plan. <br/><br/>
				<b>Payment summary:</b> <br/><br/>
				Email ID: 	abcde@12345.com <br/>
				Transaction Id: 349691543 <br/>
				Amount paid: INR 1057 (tax included) <br/>
				Tax paid:    INR 161 <br/>
				Discount:    INR 0 <br/>
				No. of users extended: 22222222 <br/>
				Plan periods extends: 0 month(s) <br/><br/>
				Thanks for buy ubiAttendance services.<br/><br/>
				To generate the Invoice <a href='http://192.168.0.200/ubiattendance/index.php/cron/generateInvoice?id=MzQ5NjkxNTQz' target='_blank'> Click here</a>.<br/><br/>
				Regards<br/>
				Team ubiAttendance</body></html><br/><br/><b>This is an auto-generated mail. Kindly do not reply to this mail.</b>
05-Oct-2019 17:44 : The following From address failed: ubiattendance@ubitechsolutions.com
05-Oct-2019 17:47 : <html><body>Dear super admin<br/>,
				payutest has paid amount INR 6726 for upgradation of its ubiAttendance premium plan. <br/><br/>
				<b>Payment summary:</b> <br/><br/>
				Email ID: 	abcde@12345.com <br/>
				Transaction Id: 349691544 <br/>
				Amount paid: INR 7937 (tax included) <br/>
				Tax paid:    INR 1211 <br/>
				Discount:    INR 0 <br/>
				No. of users extended: 1515151515151515 <br/>
				Plan periods extends: 0 month(s) <br/><br/>
				Thanks for buy ubiAttendance services.<br/><br/>
				TO generate the Invoice <a href='http://192.168.0.200/ubiattendance/index.php/cron/generateInvoice?id=MzQ5NjkxNTQ0' target='_blank'> Click here</a>.<br/><br/>
				Regards<br/>
				Team ubiAttendance</body></html><br/><br/><b>This is an auto-generated mail. Kindly do not reply to this mail.</b>
05-Oct-2019 17:47 : The following From address failed: ubiattendance@ubitechsolutions.com
05-Oct-2019 17:47 : <html><body>Dear super admin<br/>,
				payutest has paid amount INR 6726 for upgradation of its ubiAttendance premium plan. <br/><br/>
				<b>Payment summary:</b> <br/><br/>
				Email ID: 	abcde@12345.com <br/>
				Transaction Id: 349691544 <br/>
				Amount paid: INR 7937 (tax included) <br/>
				Tax paid:    INR 1211 <br/>
				Discount:    INR 0 <br/>
				No. of users extended: 1515151515151515 <br/>
				Plan periods extends: 0 month(s) <br/><br/>
				Thanks for buy ubiAttendance services.<br/><br/>
				TO generate the Invoice <a href='http://192.168.0.200/ubiattendance/index.php/cron/generateInvoice?id=MzQ5NjkxNTQ0' target='_blank'> Click here</a>.<br/><br/>
				Regards<br/>
				Team ubiAttendance</body></html><br/><br/><b>This is an auto-generated mail. Kindly do not reply to this mail.</b>
05-Oct-2019 17:47 : The following From address failed: ubiattendance@ubitechsolutions.com
05-Oct-2019 17:47 : <html><body>Dear super admin<br/>,
				payutest has paid amount INR 6726 for upgradation of its ubiAttendance premium plan. <br/><br/>
				<b>Payment summary:</b> <br/><br/>
				Email ID: 	abcde@12345.com <br/>
				Transaction Id: 349691544 <br/>
				Amount paid: INR 7937 (tax included) <br/>
				Tax paid:    INR 1211 <br/>
				Discount:    INR 0 <br/>
				No. of users extended: 1515151515151515 <br/>
				Plan periods extends: 0 month(s) <br/><br/>
				Thanks for buy ubiAttendance services.<br/><br/>
				TO generate the Invoice <a href='http://192.168.0.200/ubiattendance/index.php/cron/generateInvoice?id=MzQ5NjkxNTQ0' target='_blank'> Click here</a>.<br/><br/>
				Regards<br/>
				Team ubiAttendance</body></html><br/><br/><b>This is an auto-generated mail. Kindly do not reply to this mail.</b>
05-Oct-2019 17:47 : The following From address failed: ubiattendance@ubitechsolutions.com
05-Oct-2019 17:47 : <html><body>Dear payutest<br/><br/>
				You have paid amount INR 6726 for upgradation of ubiAttendance Premium Plan. <br/><br/>
				<b>Payment summary:</b> <br/><br/>
				Email ID: 	abcde@12345.com <br/>
				Transaction Id: 349691544 <br/>
				Amount paid: INR 7937 (tax included) <br/>
				Tax paid:    INR 1211 <br/>
				Discount:    INR 0 <br/>
				No. of users extended: 1515151515151515 <br/>
				Plan periods extends: 0 month(s) <br/><br/>
				Thanks for buy ubiAttendance services.<br/><br/>
				To generate the Invoice <a href='http://192.168.0.200/ubiattendance/index.php/cron/generateInvoice?id=MzQ5NjkxNTQ0' target='_blank'> Click here</a>.<br/><br/>
				Regards<br/>
				Team ubiAttendance</body></html><br/><br/><b>This is an auto-generated mail. Kindly do not reply to this mail.</b>
05-Oct-2019 17:47 : The following From address failed: ubiattendance@ubitechsolutions.com
05-Oct-2019 17:51 : <html><body>Dear super admin<br/>,
				payutest has paid amount INR 2242 for upgradation of its ubiAttendance premium plan. <br/><br/>
				<b>Payment summary:</b> <br/><br/>
				Email ID: 	abcde@12345.com <br/>
				Transaction Id: 349691545 <br/>
				Amount paid: INR 2646 (tax included) <br/>
				Tax paid:    INR 404 <br/>
				Discount:    INR 0 <br/>
				No. of users extended: 55555555 <br/>
				Plan periods extends: 0 month(s) <br/><br/>
				Thanks for buy ubiAttendance services.<br/><br/>
				TO generate the Invoice <a href='http://192.168.0.200/ubiattendance/index.php/cron/generateInvoice?id=MzQ5NjkxNTQ1' target='_blank'> Click here</a>.<br/><br/>
				Regards<br/>
				Team ubiAttendance</body></html><br/><br/><b>This is an auto-generated mail. Kindly do not reply to this mail.</b>
05-Oct-2019 17:51 : The following From address failed: ubiattendance@ubitechsolutions.com
05-Oct-2019 17:51 : <html><body>Dear super admin<br/>,
				payutest has paid amount INR 2242 for upgradation of its ubiAttendance premium plan. <br/><br/>
				<b>Payment summary:</b> <br/><br/>
				Email ID: 	abcde@12345.com <br/>
				Transaction Id: 349691545 <br/>
				Amount paid: INR 2646 (tax included) <br/>
				Tax paid:    INR 404 <br/>
				Discount:    INR 0 <br/>
				No. of users extended: 55555555 <br/>
				Plan periods extends: 0 month(s) <br/><br/>
				Thanks for buy ubiAttendance services.<br/><br/>
				TO generate the Invoice <a href='http://192.168.0.200/ubiattendance/index.php/cron/generateInvoice?id=MzQ5NjkxNTQ1' target='_blank'> Click here</a>.<br/><br/>
				Regards<br/>
				Team ubiAttendance</body></html><br/><br/><b>This is an auto-generated mail. Kindly do not reply to this mail.</b>
05-Oct-2019 17:51 : The following From address failed: ubiattendance@ubitechsolutions.com
05-Oct-2019 17:51 : <html><body>Dear super admin<br/>,
				payutest has paid amount INR 2242 for upgradation of its ubiAttendance premium plan. <br/><br/>
				<b>Payment summary:</b> <br/><br/>
				Email ID: 	abcde@12345.com <br/>
				Transaction Id: 349691545 <br/>
				Amount paid: INR 2646 (tax included) <br/>
				Tax paid:    INR 404 <br/>
				Discount:    INR 0 <br/>
				No. of users extended: 55555555 <br/>
				Plan periods extends: 0 month(s) <br/><br/>
				Thanks for buy ubiAttendance services.<br/><br/>
				TO generate the Invoice <a href='http://192.168.0.200/ubiattendance/index.php/cron/generateInvoice?id=MzQ5NjkxNTQ1' target='_blank'> Click here</a>.<br/><br/>
				Regards<br/>
				Team ubiAttendance</body></html><br/><br/><b>This is an auto-generated mail. Kindly do not reply to this mail.</b>
05-Oct-2019 17:51 : The following From address failed: ubiattendance@ubitechsolutions.com
05-Oct-2019 17:51 : <html><body>Dear payutest<br/><br/>
				You have paid amount INR 2242 for upgradation of ubiAttendance Premium Plan. <br/><br/>
				<b>Payment summary:</b> <br/><br/>
				Email ID: 	abcde@12345.com <br/>
				Transaction Id: 349691545 <br/>
				Amount paid: INR 2646 (tax included) <br/>
				Tax paid:    INR 404 <br/>
				Discount:    INR 0 <br/>
				No. of users extended: 55555555 <br/>
				Plan periods extends: 0 month(s) <br/><br/>
				Thanks for buy ubiAttendance services.<br/><br/>
				To generate the Invoice <a href='http://192.168.0.200/ubiattendance/index.php/cron/generateInvoice?id=MzQ5NjkxNTQ1' target='_blank'> Click here</a>.<br/><br/>
				Regards<br/>
				Team ubiAttendance</body></html><br/><br/><b>This is an auto-generated mail. Kindly do not reply to this mail.</b>
05-Oct-2019 17:51 : The following From address failed: ubiattendance@ubitechsolutions.com
05-Oct-2019 17:57 : <html><body>Dear super admin<br/>,
				Test has paid amount INR 332 for upgradation of its ubiAttendance premium plan. <br/><br/>
				<b>Payment summary:</b> <br/><br/>
				Email ID: 	testuser@gmail.com <br/>
				Transaction Id: 349651546 <br/>
				Amount paid: INR 392 (tax included) <br/>
				Tax paid:    INR 60 <br/>
				Discount:    INR 0 <br/>
				No. of users extended: 55555555 <br/>
				Plan periods extends: 0 month(s) <br/><br/>
				Thanks for buy ubiAttendance services.<br/><br/>
				TO generate the Invoice <a href='http://192.168.0.200/ubiattendance/index.php/cron/generateInvoice?id=MzQ5NjUxNTQ2' target='_blank'> Click here</a>.<br/><br/>
				Regards<br/>
				Team ubiAttendance</body></html><br/><br/><b>This is an auto-generated mail. Kindly do not reply to this mail.</b>
05-Oct-2019 17:57 : The following From address failed: ubiattendance@ubitechsolutions.com
05-Oct-2019 17:57 : <html><body>Dear super admin<br/>,
				Test has paid amount INR 332 for upgradation of its ubiAttendance premium plan. <br/><br/>
				<b>Payment summary:</b> <br/><br/>
				Email ID: 	testuser@gmail.com <br/>
				Transaction Id: 349651546 <br/>
				Amount paid: INR 392 (tax included) <br/>
				Tax paid:    INR 60 <br/>
				Discount:    INR 0 <br/>
				No. of users extended: 55555555 <br/>
				Plan periods extends: 0 month(s) <br/><br/>
				Thanks for buy ubiAttendance services.<br/><br/>
				TO generate the Invoice <a href='http://192.168.0.200/ubiattendance/index.php/cron/generateInvoice?id=MzQ5NjUxNTQ2' target='_blank'> Click here</a>.<br/><br/>
				Regards<br/>
				Team ubiAttendance</body></html><br/><br/><b>This is an auto-generated mail. Kindly do not reply to this mail.</b>
05-Oct-2019 17:57 : The following From address failed: ubiattendance@ubitechsolutions.com
05-Oct-2019 17:57 : <html><body>Dear super admin<br/>,
				Test has paid amount INR 332 for upgradation of its ubiAttendance premium plan. <br/><br/>
				<b>Payment summary:</b> <br/><br/>
				Email ID: 	testuser@gmail.com <br/>
				Transaction Id: 349651546 <br/>
				Amount paid: INR 392 (tax included) <br/>
				Tax paid:    INR 60 <br/>
				Discount:    INR 0 <br/>
				No. of users extended: 55555555 <br/>
				Plan periods extends: 0 month(s) <br/><br/>
				Thanks for buy ubiAttendance services.<br/><br/>
				TO generate the Invoice <a href='http://192.168.0.200/ubiattendance/index.php/cron/generateInvoice?id=MzQ5NjUxNTQ2' target='_blank'> Click here</a>.<br/><br/>
				Regards<br/>
				Team ubiAttendance</body></html><br/><br/><b>This is an auto-generated mail. Kindly do not reply to this mail.</b>
05-Oct-2019 17:57 : The following From address failed: ubiattendance@ubitechsolutions.com
05-Oct-2019 17:57 : <html><body>Dear Test<br/><br/>
				You have paid amount INR 332 for upgradation of ubiAttendance Premium Plan. <br/><br/>
				<b>Payment summary:</b> <br/><br/>
				Email ID: 	testuser@gmail.com <br/>
				Transaction Id: 349651546 <br/>
				Amount paid: INR 392 (tax included) <br/>
				Tax paid:    INR 60 <br/>
				Discount:    INR 0 <br/>
				No. of users extended: 55555555 <br/>
				Plan periods extends: 0 month(s) <br/><br/>
				Thanks for buy ubiAttendance services.<br/><br/>
				To generate the Invoice <a href='http://192.168.0.200/ubiattendance/index.php/cron/generateInvoice?id=MzQ5NjUxNTQ2' target='_blank'> Click here</a>.<br/><br/>
				Regards<br/>
				Team ubiAttendance</body></html><br/><br/><b>This is an auto-generated mail. Kindly do not reply to this mail.</b>
05-Oct-2019 17:57 : The following From address failed: ubiattendance@ubitechsolutions.com
05-Oct-2019 18:17 : <html><body>Dear super admin<br/>,
				Test has paid amount INR 20532915237 for upgradation of its ubiAttendance premium plan. <br/><br/>
				<b>Payment summary:</b> <br/><br/>
				Email ID: 	testuser@gmail.com <br/>
				Transaction Id: 349651547 <br/>
				Amount paid: INR 24228839980 (tax included) <br/>
				Tax paid:    INR 3695924743 <br/>
				Discount:    INR 0 <br/>
				No. of users extended: 1010101010101010 <br/>
				Plan periods extends: 12 month(s) <br/><br/>
				Thanks for buy ubiAttendance services.<br/><br/>
				TO generate the Invoice <a href='http://192.168.0.200/ubiattendance/index.php/cron/generateInvoice?id=MzQ5NjUxNTQ3' target='_blank'> Click here</a>.<br/><br/>
				Regards<br/>
				Team ubiAttendance</body></html><br/><br/><b>This is an auto-generated mail. Kindly do not reply to this mail.</b>
05-Oct-2019 18:17 : The following From address failed: ubiattendance@ubitechsolutions.com
05-Oct-2019 18:17 : <html><body>Dear super admin<br/>,
				Test has paid amount INR 20532915237 for upgradation of its ubiAttendance premium plan. <br/><br/>
				<b>Payment summary:</b> <br/><br/>
				Email ID: 	testuser@gmail.com <br/>
				Transaction Id: 349651547 <br/>
				Amount paid: INR 24228839980 (tax included) <br/>
				Tax paid:    INR 3695924743 <br/>
				Discount:    INR 0 <br/>
				No. of users extended: 1010101010101010 <br/>
				Plan periods extends: 12 month(s) <br/><br/>
				Thanks for buy ubiAttendance services.<br/><br/>
				TO generate the Invoice <a href='http://192.168.0.200/ubiattendance/index.php/cron/generateInvoice?id=MzQ5NjUxNTQ3' target='_blank'> Click here</a>.<br/><br/>
				Regards<br/>
				Team ubiAttendance</body></html><br/><br/><b>This is an auto-generated mail. Kindly do not reply to this mail.</b>
05-Oct-2019 18:17 : The following From address failed: ubiattendance@ubitechsolutions.com
05-Oct-2019 18:17 : <html><body>Dear super admin<br/>,
				Test has paid amount INR 20532915237 for upgradation of its ubiAttendance premium plan. <br/><br/>
				<b>Payment summary:</b> <br/><br/>
				Email ID: 	testuser@gmail.com <br/>
				Transaction Id: 349651547 <br/>
				Amount paid: INR 24228839980 (tax included) <br/>
				Tax paid:    INR 3695924743 <br/>
				Discount:    INR 0 <br/>
				No. of users extended: 1010101010101010 <br/>
				Plan periods extends: 12 month(s) <br/><br/>
				Thanks for buy ubiAttendance services.<br/><br/>
				TO generate the Invoice <a href='http://192.168.0.200/ubiattendance/index.php/cron/generateInvoice?id=MzQ5NjUxNTQ3' target='_blank'> Click here</a>.<br/><br/>
				Regards<br/>
				Team ubiAttendance</body></html><br/><br/><b>This is an auto-generated mail. Kindly do not reply to this mail.</b>
05-Oct-2019 18:17 : The following From address failed: ubiattendance@ubitechsolutions.com
05-Oct-2019 18:17 : <html><body>Dear Test<br/><br/>
				You have paid amount INR 20532915237 for upgradation of ubiAttendance Premium Plan. <br/><br/>
				<b>Payment summary:</b> <br/><br/>
				Email ID: 	testuser@gmail.com <br/>
				Transaction Id: 349651547 <br/>
				Amount paid: INR 24228839980 (tax included) <br/>
				Tax paid:    INR 3695924743 <br/>
				Discount:    INR 0 <br/>
				No. of users extended: 1010101010101010 <br/>
				Plan periods extends: 12 month(s) <br/><br/>
				Thanks for buy ubiAttendance services.<br/><br/>
				To generate the Invoice <a href='http://192.168.0.200/ubiattendance/index.php/cron/generateInvoice?id=MzQ5NjUxNTQ3' target='_blank'> Click here</a>.<br/><br/>
				Regards<br/>
				Team ubiAttendance</body></html><br/><br/><b>This is an auto-generated mail. Kindly do not reply to this mail.</b>
05-Oct-2019 18:17 : The following From address failed: ubiattendance@ubitechsolutions.com
