06-Sep-2019 14:01 :  Dear patel,<br><br>
								Your Application for TimeOff is Rejected.<table>
										
										<tr><td>Reason for timeoff: testing</td></tr>
										<tr><td>Timeoff Date: 2019-09-27</td></tr>
										<tr><td>Duration: from 05:30 AM to 05:30 AM</td></tr>
										</table><br>
										<br>
										<table>
06-Sep-2019 14:01 : Application for Timeoff is Rejected<br/><br/><b>This is an auto-generated mail. Kindly do not reply to this mail.</b>
06-Sep-2019 14:01 : You must provide at least one recipient email address.
06-Sep-2019 14:02 :  Dear patel,<br><br>
								Your Application for TimeOff is Rejected.<table>
										
										<tr><td>Reason for timeoff: testing</td></tr>
										<tr><td>Timeoff Date: 2019-09-27</td></tr>
										<tr><td>Duration: from 05:30 AM to 05:30 AM</td></tr>
										</table><br>
										<br>
										<table>
06-Sep-2019 14:02 : Application for Timeoff is Rejected<br/><br/><b>This is an auto-generated mail. Kindly do not reply to this mail.</b>
06-Sep-2019 14:02 : You must provide at least one recipient email address.
06-Sep-2019 14:03 :  Dear patel,<br><br>
								Your Application for TimeOff is Rejected.<table>
										
										<tr><td>Reason for timeoff: testing</td></tr>
										<tr><td>Timeoff Date: 2019-09-27</td></tr>
										<tr><td>Duration: from 05:30 AM to 05:30 AM</td></tr>
										</table><br>
										<br>
										<table>
06-Sep-2019 14:03 : Application for Timeoff is Rejected<br/><br/><b>This is an auto-generated mail. Kindly do not reply to this mail.</b>
06-Sep-2019 14:03 : You must provide at least one recipient email address.
06-Sep-2019 14:04 :  Dear patel,<br><br>
								Your Application for TimeOff is Rejected.<table>
										
										<tr><td>Reason for timeoff: testing</td></tr>
										<tr><td>Timeoff Date: 2019-09-27</td></tr>
										<tr><td>Duration: from 10:30:00 to 11:30:00</td></tr>
										</table><br>
										<br>
										<table>
06-Sep-2019 14:04 : Application for Timeoff is Rejected<br/><br/><b>This is an auto-generated mail. Kindly do not reply to this mail.</b>
06-Sep-2019 14:04 : You must provide at least one recipient email address.
06-Sep-2019 14:11 : Senior zero
06-Sep-2019 14:11 : 0
06-Sep-2019 14:11 : 0 0
06-Sep-2019 14:11 : admin emailhr@ubitechsolutions.com
06-Sep-2019 14:11 : hr@ubitechsolutions.com <table>
														<tr><td>Requested by: patel</td></tr>
														<tr><td>Applied on:  Sep 06, 2019 02:11 PM </td></tr>
														<tr><td>Reason for timeoff: testing</td></tr>
														<tr><td>Date: </td></tr>
														<tr><td>Duration: from  to </td></tr>
														
														</table>
														
															
														
														<table>
														<tr><td><br/><br/>
														
																<a href='https://ubiattendance.ubihrm.com/Login/approvetimeoffbymail/0/10/12796/2'   style='text-decoration:none;padding: 10px 15px; background: #ffffff; color: green;
																-webkit-border-radius: 4px; -moz-border-radius: 4px; border-radius: 4px; border: solid 1px green; text-shadow: 0 -1px 0 rgba(0, 0, 0, 0.4); -webkit-box-shadow: inset 0 1px 0 rgba(255, 255, 255, 0.4), 0 1px 1px rgba(0, 0, 0, 0.2); -moz-box-shadow: inset 0 1px 0 rgba(255, 255, 255, 0.4), 0 1px 1px rgba(0, 0, 0, 0.2); box-shadow: inset 0 1px 0 rgba(255, 255, 255, 0.4), 0 1px 1px rgba(0, 0, 0, 0.2);'>Approve</a>
																&nbsp;&nbsp;
																&nbsp;&nbsp;
																<a href='https://ubiattendance.ubihrm.com/Login/approvetimeoffbymail/0/10/12796/1'  style='text-decoration:none;padding: 10px 15px; background: #ffffff; color: brown;
																-webkit-border-radius: 4px; -moz-border-radius: 4px; border-radius: 4px; border: solid 1px brown; text-shadow: 0 -1px 0 rgba(0, 0, 0, 0.4); -webkit-box-shadow: inset 0 1px 0 rgba(255, 255, 255, 0.4), 0 1px 1px rgba(0, 0, 0, 0.2); -moz-box-shadow: inset 0 1px 0 rgba(255, 255, 255, 0.4), 0 1px 1px rgba(0, 0, 0, 0.2); box-shadow: inset 0 1px 0 rgba(255, 255, 255, 0.4), 0 1px 1px rgba(0, 0, 0, 0.2);'>Reject</a>
																<br/><br/>
																</td>															
																</tr>
													</table>
06-Sep-2019 14:11 : <table>
														<tr><td>Requested by: patel</td></tr>
														<tr><td>Applied on:  Sep 06, 2019 02:11 PM </td></tr>
														<tr><td>Reason for timeoff: testing</td></tr>
														<tr><td>Date: </td></tr>
														<tr><td>Duration: from  to </td></tr>
														
														</table>
														
															
														
														<table>
														<tr><td><br/><br/>
														
																<a href='https://ubiattendance.ubihrm.com/Login/approvetimeoffbymail/0/10/12796/2'   style='text-decoration:none;padding: 10px 15px; background: #ffffff; color: green;
																-webkit-border-radius: 4px; -moz-border-radius: 4px; border-radius: 4px; border: solid 1px green; text-shadow: 0 -1px 0 rgba(0, 0, 0, 0.4); -webkit-box-shadow: inset 0 1px 0 rgba(255, 255, 255, 0.4), 0 1px 1px rgba(0, 0, 0, 0.2); -moz-box-shadow: inset 0 1px 0 rgba(255, 255, 255, 0.4), 0 1px 1px rgba(0, 0, 0, 0.2); box-shadow: inset 0 1px 0 rgba(255, 255, 255, 0.4), 0 1px 1px rgba(0, 0, 0, 0.2);'>Approve</a>
																&nbsp;&nbsp;
																&nbsp;&nbsp;
																<a href='https://ubiattendance.ubihrm.com/Login/approvetimeoffbymail/0/10/12796/1'  style='text-decoration:none;padding: 10px 15px; background: #ffffff; color: brown;
																-webkit-border-radius: 4px; -moz-border-radius: 4px; border-radius: 4px; border: solid 1px brown; text-shadow: 0 -1px 0 rgba(0, 0, 0, 0.4); -webkit-box-shadow: inset 0 1px 0 rgba(255, 255, 255, 0.4), 0 1px 1px rgba(0, 0, 0, 0.2); -moz-box-shadow: inset 0 1px 0 rgba(255, 255, 255, 0.4), 0 1px 1px rgba(0, 0, 0, 0.2); box-shadow: inset 0 1px 0 rgba(255, 255, 255, 0.4), 0 1px 1px rgba(0, 0, 0, 0.2);'>Reject</a>
																<br/><br/>
																</td>															
																</tr>
													</table><br/><br/><b>This is an auto-generated mail. Kindly do not reply to this mail.</b>
06-Sep-2019 14:11 : The following From address failed: hr@ubitechsolutions.com
06-Sep-2019 14:11 : 4143
06-Sep-2019 14:11 : Senior zero
06-Sep-2019 14:11 : 0
06-Sep-2019 14:11 : 0 0
06-Sep-2019 14:11 : admin emailhr@ubitechsolutions.com
06-Sep-2019 14:11 : hr@ubitechsolutions.com <table>
														<tr><td>Requested by: patel</td></tr>
														<tr><td>Applied on:  Sep 06, 2019 02:11 PM </td></tr>
														<tr><td>Reason for timeoff: testing</td></tr>
														<tr><td>Date: </td></tr>
														<tr><td>Duration: from  to </td></tr>
														
														</table>
														
															
														
														<table>
														<tr><td><br/><br/>
														
																<a href='https://ubiattendance.ubihrm.com/Login/approvetimeoffbymail/0/10/12797/2'   style='text-decoration:none;padding: 10px 15px; background: #ffffff; color: green;
																-webkit-border-radius: 4px; -moz-border-radius: 4px; border-radius: 4px; border: solid 1px green; text-shadow: 0 -1px 0 rgba(0, 0, 0, 0.4); -webkit-box-shadow: inset 0 1px 0 rgba(255, 255, 255, 0.4), 0 1px 1px rgba(0, 0, 0, 0.2); -moz-box-shadow: inset 0 1px 0 rgba(255, 255, 255, 0.4), 0 1px 1px rgba(0, 0, 0, 0.2); box-shadow: inset 0 1px 0 rgba(255, 255, 255, 0.4), 0 1px 1px rgba(0, 0, 0, 0.2);'>Approve</a>
																&nbsp;&nbsp;
																&nbsp;&nbsp;
																<a href='https://ubiattendance.ubihrm.com/Login/approvetimeoffbymail/0/10/12797/1'  style='text-decoration:none;padding: 10px 15px; background: #ffffff; color: brown;
																-webkit-border-radius: 4px; -moz-border-radius: 4px; border-radius: 4px; border: solid 1px brown; text-shadow: 0 -1px 0 rgba(0, 0, 0, 0.4); -webkit-box-shadow: inset 0 1px 0 rgba(255, 255, 255, 0.4), 0 1px 1px rgba(0, 0, 0, 0.2); -moz-box-shadow: inset 0 1px 0 rgba(255, 255, 255, 0.4), 0 1px 1px rgba(0, 0, 0, 0.2); box-shadow: inset 0 1px 0 rgba(255, 255, 255, 0.4), 0 1px 1px rgba(0, 0, 0, 0.2);'>Reject</a>
																<br/><br/>
																</td>															
																</tr>
													</table>
06-Sep-2019 14:11 : <table>
														<tr><td>Requested by: patel</td></tr>
														<tr><td>Applied on:  Sep 06, 2019 02:11 PM </td></tr>
														<tr><td>Reason for timeoff: testing</td></tr>
														<tr><td>Date: </td></tr>
														<tr><td>Duration: from  to </td></tr>
														
														</table>
														
															
														
														<table>
														<tr><td><br/><br/>
														
																<a href='https://ubiattendance.ubihrm.com/Login/approvetimeoffbymail/0/10/12797/2'   style='text-decoration:none;padding: 10px 15px; background: #ffffff; color: green;
																-webkit-border-radius: 4px; -moz-border-radius: 4px; border-radius: 4px; border: solid 1px green; text-shadow: 0 -1px 0 rgba(0, 0, 0, 0.4); -webkit-box-shadow: inset 0 1px 0 rgba(255, 255, 255, 0.4), 0 1px 1px rgba(0, 0, 0, 0.2); -moz-box-shadow: inset 0 1px 0 rgba(255, 255, 255, 0.4), 0 1px 1px rgba(0, 0, 0, 0.2); box-shadow: inset 0 1px 0 rgba(255, 255, 255, 0.4), 0 1px 1px rgba(0, 0, 0, 0.2);'>Approve</a>
																&nbsp;&nbsp;
																&nbsp;&nbsp;
																<a href='https://ubiattendance.ubihrm.com/Login/approvetimeoffbymail/0/10/12797/1'  style='text-decoration:none;padding: 10px 15px; background: #ffffff; color: brown;
																-webkit-border-radius: 4px; -moz-border-radius: 4px; border-radius: 4px; border: solid 1px brown; text-shadow: 0 -1px 0 rgba(0, 0, 0, 0.4); -webkit-box-shadow: inset 0 1px 0 rgba(255, 255, 255, 0.4), 0 1px 1px rgba(0, 0, 0, 0.2); -moz-box-shadow: inset 0 1px 0 rgba(255, 255, 255, 0.4), 0 1px 1px rgba(0, 0, 0, 0.2); box-shadow: inset 0 1px 0 rgba(255, 255, 255, 0.4), 0 1px 1px rgba(0, 0, 0, 0.2);'>Reject</a>
																<br/><br/>
																</td>															
																</tr>
													</table><br/><br/><b>This is an auto-generated mail. Kindly do not reply to this mail.</b>
06-Sep-2019 14:11 : The following From address failed: hr@ubitechsolutions.com
06-Sep-2019 14:11 : 4143
06-Sep-2019 14:16 :  Dear patel,<br><br>
								Your Application for TimeOff is Rejected.<table>
										
										<tr><td>Reason for timeoff: testing</td></tr>
										<tr><td>Timeoff Date: 2020-01-22</td></tr>
										<tr><td>Duration: from 10:30:00 to 11:30:00</td></tr>
										</table><br>
										<br>
										<table>
06-Sep-2019 14:16 : Application for Timeoff is Rejected<br/><br/><b>This is an auto-generated mail. Kindly do not reply to this mail.</b>
06-Sep-2019 14:16 : You must provide at least one recipient email address.
06-Sep-2019 14:18 : Senior zero
06-Sep-2019 14:18 : 0
06-Sep-2019 14:18 : 0 0
06-Sep-2019 14:18 : admin emailhr@ubitechsolutions.com
06-Sep-2019 14:18 : hr@ubitechsolutions.com <table>
														<tr><td>Requested by: patel</td></tr>
														<tr><td>Applied on:  Sep 06, 2019 02:18 PM </td></tr>
														<tr><td>Reason for timeoff: testing</td></tr>
														<tr><td>Date: </td></tr>
														<tr><td>Duration: from  to </td></tr>
														
														</table>
														
															
														
														<table>
														<tr><td><br/><br/>
														
																<a href='https://ubiattendance.ubihrm.com/Login/approvetimeoffbymail/0/10/12798/2'   style='text-decoration:none;padding: 10px 15px; background: #ffffff; color: green;
																-webkit-border-radius: 4px; -moz-border-radius: 4px; border-radius: 4px; border: solid 1px green; text-shadow: 0 -1px 0 rgba(0, 0, 0, 0.4); -webkit-box-shadow: inset 0 1px 0 rgba(255, 255, 255, 0.4), 0 1px 1px rgba(0, 0, 0, 0.2); -moz-box-shadow: inset 0 1px 0 rgba(255, 255, 255, 0.4), 0 1px 1px rgba(0, 0, 0, 0.2); box-shadow: inset 0 1px 0 rgba(255, 255, 255, 0.4), 0 1px 1px rgba(0, 0, 0, 0.2);'>Approve</a>
																&nbsp;&nbsp;
																&nbsp;&nbsp;
																<a href='https://ubiattendance.ubihrm.com/Login/approvetimeoffbymail/0/10/12798/1'  style='text-decoration:none;padding: 10px 15px; background: #ffffff; color: brown;
																-webkit-border-radius: 4px; -moz-border-radius: 4px; border-radius: 4px; border: solid 1px brown; text-shadow: 0 -1px 0 rgba(0, 0, 0, 0.4); -webkit-box-shadow: inset 0 1px 0 rgba(255, 255, 255, 0.4), 0 1px 1px rgba(0, 0, 0, 0.2); -moz-box-shadow: inset 0 1px 0 rgba(255, 255, 255, 0.4), 0 1px 1px rgba(0, 0, 0, 0.2); box-shadow: inset 0 1px 0 rgba(255, 255, 255, 0.4), 0 1px 1px rgba(0, 0, 0, 0.2);'>Reject</a>
																<br/><br/>
																</td>															
																</tr>
													</table>
06-Sep-2019 14:18 : <table>
														<tr><td>Requested by: patel</td></tr>
														<tr><td>Applied on:  Sep 06, 2019 02:18 PM </td></tr>
														<tr><td>Reason for timeoff: testing</td></tr>
														<tr><td>Date: </td></tr>
														<tr><td>Duration: from  to </td></tr>
														
														</table>
														
															
														
														<table>
														<tr><td><br/><br/>
														
																<a href='https://ubiattendance.ubihrm.com/Login/approvetimeoffbymail/0/10/12798/2'   style='text-decoration:none;padding: 10px 15px; background: #ffffff; color: green;
																-webkit-border-radius: 4px; -moz-border-radius: 4px; border-radius: 4px; border: solid 1px green; text-shadow: 0 -1px 0 rgba(0, 0, 0, 0.4); -webkit-box-shadow: inset 0 1px 0 rgba(255, 255, 255, 0.4), 0 1px 1px rgba(0, 0, 0, 0.2); -moz-box-shadow: inset 0 1px 0 rgba(255, 255, 255, 0.4), 0 1px 1px rgba(0, 0, 0, 0.2); box-shadow: inset 0 1px 0 rgba(255, 255, 255, 0.4), 0 1px 1px rgba(0, 0, 0, 0.2);'>Approve</a>
																&nbsp;&nbsp;
																&nbsp;&nbsp;
																<a href='https://ubiattendance.ubihrm.com/Login/approvetimeoffbymail/0/10/12798/1'  style='text-decoration:none;padding: 10px 15px; background: #ffffff; color: brown;
																-webkit-border-radius: 4px; -moz-border-radius: 4px; border-radius: 4px; border: solid 1px brown; text-shadow: 0 -1px 0 rgba(0, 0, 0, 0.4); -webkit-box-shadow: inset 0 1px 0 rgba(255, 255, 255, 0.4), 0 1px 1px rgba(0, 0, 0, 0.2); -moz-box-shadow: inset 0 1px 0 rgba(255, 255, 255, 0.4), 0 1px 1px rgba(0, 0, 0, 0.2); box-shadow: inset 0 1px 0 rgba(255, 255, 255, 0.4), 0 1px 1px rgba(0, 0, 0, 0.2);'>Reject</a>
																<br/><br/>
																</td>															
																</tr>
													</table><br/><br/><b>This is an auto-generated mail. Kindly do not reply to this mail.</b>
06-Sep-2019 14:18 : The following From address failed: hr@ubitechsolutions.com
06-Sep-2019 14:18 : 4143
06-Sep-2019 14:20 :  Dear patel,<br><br>
								Your Application for TimeOff is Rejected.<table>
										
										<tr><td>Reason for timeoff: testing</td></tr>
										<tr><td>Timeoff Date: 2020-01-24</td></tr>
										<tr><td>Duration: from 10:30:00 to 11:30:00</td></tr>
										</table><br>
										<br>
										<table>
06-Sep-2019 14:20 : Application for Timeoff is Rejected<br/><br/><b>This is an auto-generated mail. Kindly do not reply to this mail.</b>
06-Sep-2019 14:20 : You must provide at least one recipient email address.
