07-Nov-2019 10:01 : TimeIn AID0UserId4253
07-Nov-2019 10:01 : User Attendance: 4253 INSERT INTO `AttendanceMaster`(`FakeLocationStatusTimeIn`,`FakeLocationStatusTimeOut`,`EmployeeId`, `AttendanceDate`, `AttendanceStatus`, `TimeIn`,`ShiftId`,Dept_id,Desg_id,areaId,HourlyRateId, `OrganizationId`,
      `CreatedDate`, `CreatedById`, `LastModifiedDate`, `LastModifiedById`, `OwnerId`, `Overtime`, `EntryImage`, `checkInLoc`,`device`,latit_in,longi_in,timeindate,Platform)
      VALUES (0,0,4253,'2019-11-07',1,'10:01',48,50,861,159,0,10,'2019-11-07',4253,'2019-11-07 10:01:42',4253,4253,'00:00:00','http://192.168.0.200/ubiattendance/uploads/4253_07112019_100142.jpg','Ubitech Rd, Kailash Nagar, Mahalgaon, Gwalior, Madhya Pradesh 474011, India','mobile','26.1967491','78.1969727','2019-11-07',' android')
07-Nov-2019 10:51 : Senior not zero
07-Nov-2019 10:51 : 5615
07-Nov-2019 10:51 : 0 0
07-Nov-2019 10:51 : sernioer emailparth@ubitechsolutions.com
07-Nov-2019 10:51 : parth@ubitechsolutions.com <table>
														<tr><td>Requested by: Deeksha</td></tr>
														<tr><td>Applied on:  Nov 07, 2019 10:51 AM </td></tr>
														<tr><td>Reason for timeoff: test</td></tr>
														<tr><td>Date: 2019-11-07</td></tr>
														<tr><td>Duration: from 10:47 am to 11:47 am</td></tr>
														
														</table>
														
															
														
														<table>
														<tr><td><br/><br/>
														
																<a href='https://ubitech.ubihrm.com/approvalbymail/viewapprovetimeoffapproval/5615/10/13437/2'   style='text-decoration:none;padding: 10px 15px; background: #ffffff; color: green;
																-webkit-border-radius: 4px; -moz-border-radius: 4px; border-radius: 4px; border: solid 1px green; text-shadow: 0 -1px 0 rgba(0, 0, 0, 0.4); -webkit-box-shadow: inset 0 1px 0 rgba(255, 255, 255, 0.4), 0 1px 1px rgba(0, 0, 0, 0.2); -moz-box-shadow: inset 0 1px 0 rgba(255, 255, 255, 0.4), 0 1px 1px rgba(0, 0, 0, 0.2); box-shadow: inset 0 1px 0 rgba(255, 255, 255, 0.4), 0 1px 1px rgba(0, 0, 0, 0.2);'>Approve</a>
																&nbsp;&nbsp;
																&nbsp;&nbsp;
																<a href='https://ubitech.ubihrm.com/approvalbymail/viewapprovetimeoffapproval/5615/10/13437/1'  style='text-decoration:none;padding: 10px 15px; background: #ffffff; color: brown;
																-webkit-border-radius: 4px; -moz-border-radius: 4px; border-radius: 4px; border: solid 1px brown; text-shadow: 0 -1px 0 rgba(0, 0, 0, 0.4); -webkit-box-shadow: inset 0 1px 0 rgba(255, 255, 255, 0.4), 0 1px 1px rgba(0, 0, 0, 0.2); -moz-box-shadow: inset 0 1px 0 rgba(255, 255, 255, 0.4), 0 1px 1px rgba(0, 0, 0, 0.2); box-shadow: inset 0 1px 0 rgba(255, 255, 255, 0.4), 0 1px 1px rgba(0, 0, 0, 0.2);'>Reject</a>
																<br/><br/>
																</td>															
																</tr>
													</table>
07-Nov-2019 10:51 : <table>
														<tr><td>Requested by: Deeksha</td></tr>
														<tr><td>Applied on:  Nov 07, 2019 10:51 AM </td></tr>
														<tr><td>Reason for timeoff: test</td></tr>
														<tr><td>Date: 2019-11-07</td></tr>
														<tr><td>Duration: from 10:47 am to 11:47 am</td></tr>
														
														</table>
														
															
														
														<table>
														<tr><td><br/><br/>
														
																<a href='https://ubitech.ubihrm.com/approvalbymail/viewapprovetimeoffapproval/5615/10/13437/2'   style='text-decoration:none;padding: 10px 15px; background: #ffffff; color: green;
																-webkit-border-radius: 4px; -moz-border-radius: 4px; border-radius: 4px; border: solid 1px green; text-shadow: 0 -1px 0 rgba(0, 0, 0, 0.4); -webkit-box-shadow: inset 0 1px 0 rgba(255, 255, 255, 0.4), 0 1px 1px rgba(0, 0, 0, 0.2); -moz-box-shadow: inset 0 1px 0 rgba(255, 255, 255, 0.4), 0 1px 1px rgba(0, 0, 0, 0.2); box-shadow: inset 0 1px 0 rgba(255, 255, 255, 0.4), 0 1px 1px rgba(0, 0, 0, 0.2);'>Approve</a>
																&nbsp;&nbsp;
																&nbsp;&nbsp;
																<a href='https://ubitech.ubihrm.com/approvalbymail/viewapprovetimeoffapproval/5615/10/13437/1'  style='text-decoration:none;padding: 10px 15px; background: #ffffff; color: brown;
																-webkit-border-radius: 4px; -moz-border-radius: 4px; border-radius: 4px; border: solid 1px brown; text-shadow: 0 -1px 0 rgba(0, 0, 0, 0.4); -webkit-box-shadow: inset 0 1px 0 rgba(255, 255, 255, 0.4), 0 1px 1px rgba(0, 0, 0, 0.2); -moz-box-shadow: inset 0 1px 0 rgba(255, 255, 255, 0.4), 0 1px 1px rgba(0, 0, 0, 0.2); box-shadow: inset 0 1px 0 rgba(255, 255, 255, 0.4), 0 1px 1px rgba(0, 0, 0, 0.2);'>Reject</a>
																<br/><br/>
																</td>															
																</tr>
													</table><br/><br/><b>This is an auto-generated mail. Kindly do not reply to this mail.</b>
07-Nov-2019 10:51 : The following From address failed: hr@ubitechsolutions.com
07-Nov-2019 10:51 : 4143
07-Nov-2019 10:51 : 1 1
07-Nov-2019 10:51 : i!=0 1
07-Nov-2019 10:51 : Senior not zero
07-Nov-2019 10:51 : 5615
07-Nov-2019 10:51 : 0 0
07-Nov-2019 10:51 : sernioer emailparth@ubitechsolutions.com
07-Nov-2019 10:51 : parth@ubitechsolutions.com <table>
														<tr><td>Requested by: Deeksha</td></tr>
														<tr><td>Applied on:  Nov 07, 2019 10:51 AM </td></tr>
														<tr><td>Reason for timeoff: test
</td></tr>
														<tr><td>Date: 2019-11-07</td></tr>
														<tr><td>Duration: from 11:51 am to 11:58 am</td></tr>
														
														</table>
														
															
														
														<table>
														<tr><td><br/><br/>
														
																<a href='https://ubitech.ubihrm.com/approvalbymail/viewapprovetimeoffapproval/5615/10/13438/2'   style='text-decoration:none;padding: 10px 15px; background: #ffffff; color: green;
																-webkit-border-radius: 4px; -moz-border-radius: 4px; border-radius: 4px; border: solid 1px green; text-shadow: 0 -1px 0 rgba(0, 0, 0, 0.4); -webkit-box-shadow: inset 0 1px 0 rgba(255, 255, 255, 0.4), 0 1px 1px rgba(0, 0, 0, 0.2); -moz-box-shadow: inset 0 1px 0 rgba(255, 255, 255, 0.4), 0 1px 1px rgba(0, 0, 0, 0.2); box-shadow: inset 0 1px 0 rgba(255, 255, 255, 0.4), 0 1px 1px rgba(0, 0, 0, 0.2);'>Approve</a>
																&nbsp;&nbsp;
																&nbsp;&nbsp;
																<a href='https://ubitech.ubihrm.com/approvalbymail/viewapprovetimeoffapproval/5615/10/13438/1'  style='text-decoration:none;padding: 10px 15px; background: #ffffff; color: brown;
																-webkit-border-radius: 4px; -moz-border-radius: 4px; border-radius: 4px; border: solid 1px brown; text-shadow: 0 -1px 0 rgba(0, 0, 0, 0.4); -webkit-box-shadow: inset 0 1px 0 rgba(255, 255, 255, 0.4), 0 1px 1px rgba(0, 0, 0, 0.2); -moz-box-shadow: inset 0 1px 0 rgba(255, 255, 255, 0.4), 0 1px 1px rgba(0, 0, 0, 0.2); box-shadow: inset 0 1px 0 rgba(255, 255, 255, 0.4), 0 1px 1px rgba(0, 0, 0, 0.2);'>Reject</a>
																<br/><br/>
																</td>															
																</tr>
													</table>
07-Nov-2019 10:51 : <table>
														<tr><td>Requested by: Deeksha</td></tr>
														<tr><td>Applied on:  Nov 07, 2019 10:51 AM </td></tr>
														<tr><td>Reason for timeoff: test
</td></tr>
														<tr><td>Date: 2019-11-07</td></tr>
														<tr><td>Duration: from 11:51 am to 11:58 am</td></tr>
														
														</table>
														
															
														
														<table>
														<tr><td><br/><br/>
														
																<a href='https://ubitech.ubihrm.com/approvalbymail/viewapprovetimeoffapproval/5615/10/13438/2'   style='text-decoration:none;padding: 10px 15px; background: #ffffff; color: green;
																-webkit-border-radius: 4px; -moz-border-radius: 4px; border-radius: 4px; border: solid 1px green; text-shadow: 0 -1px 0 rgba(0, 0, 0, 0.4); -webkit-box-shadow: inset 0 1px 0 rgba(255, 255, 255, 0.4), 0 1px 1px rgba(0, 0, 0, 0.2); -moz-box-shadow: inset 0 1px 0 rgba(255, 255, 255, 0.4), 0 1px 1px rgba(0, 0, 0, 0.2); box-shadow: inset 0 1px 0 rgba(255, 255, 255, 0.4), 0 1px 1px rgba(0, 0, 0, 0.2);'>Approve</a>
																&nbsp;&nbsp;
																&nbsp;&nbsp;
																<a href='https://ubitech.ubihrm.com/approvalbymail/viewapprovetimeoffapproval/5615/10/13438/1'  style='text-decoration:none;padding: 10px 15px; background: #ffffff; color: brown;
																-webkit-border-radius: 4px; -moz-border-radius: 4px; border-radius: 4px; border: solid 1px brown; text-shadow: 0 -1px 0 rgba(0, 0, 0, 0.4); -webkit-box-shadow: inset 0 1px 0 rgba(255, 255, 255, 0.4), 0 1px 1px rgba(0, 0, 0, 0.2); -moz-box-shadow: inset 0 1px 0 rgba(255, 255, 255, 0.4), 0 1px 1px rgba(0, 0, 0, 0.2); box-shadow: inset 0 1px 0 rgba(255, 255, 255, 0.4), 0 1px 1px rgba(0, 0, 0, 0.2);'>Reject</a>
																<br/><br/>
																</td>															
																</tr>
													</table><br/><br/><b>This is an auto-generated mail. Kindly do not reply to this mail.</b>
07-Nov-2019 10:51 : The following From address failed: hr@ubitechsolutions.com
07-Nov-2019 10:51 : 4143
07-Nov-2019 10:51 : 1 1
07-Nov-2019 10:51 : i!=0 1
07-Nov-2019 10:56 : Senior not zero
07-Nov-2019 10:56 : 5615
07-Nov-2019 10:56 : 0 0
07-Nov-2019 10:56 : sernioer emailparth@ubitechsolutions.com
07-Nov-2019 10:56 : parth@ubitechsolutions.com <table>
														<tr><td>Requested by: Deeksha</td></tr>
														<tr><td>Applied on:  Nov 07, 2019 10:56 AM </td></tr>
														<tr><td>Reason for timeoff: test</td></tr>
														<tr><td>Date: 2019-11-07</td></tr>
														<tr><td>Duration: from 01:18 pm to 02:18 pm</td></tr>
														
														</table>
														
															
														
														<table>
														<tr><td><br/><br/>
														
																<a href='https://ubitech.ubihrm.com/approvalbymail/viewapprovetimeoffapproval/5615/10/13439/2'   style='text-decoration:none;padding: 10px 15px; background: #ffffff; color: green;
																-webkit-border-radius: 4px; -moz-border-radius: 4px; border-radius: 4px; border: solid 1px green; text-shadow: 0 -1px 0 rgba(0, 0, 0, 0.4); -webkit-box-shadow: inset 0 1px 0 rgba(255, 255, 255, 0.4), 0 1px 1px rgba(0, 0, 0, 0.2); -moz-box-shadow: inset 0 1px 0 rgba(255, 255, 255, 0.4), 0 1px 1px rgba(0, 0, 0, 0.2); box-shadow: inset 0 1px 0 rgba(255, 255, 255, 0.4), 0 1px 1px rgba(0, 0, 0, 0.2);'>Approve</a>
																&nbsp;&nbsp;
																&nbsp;&nbsp;
																<a href='https://ubitech.ubihrm.com/approvalbymail/viewapprovetimeoffapproval/5615/10/13439/1'  style='text-decoration:none;padding: 10px 15px; background: #ffffff; color: brown;
																-webkit-border-radius: 4px; -moz-border-radius: 4px; border-radius: 4px; border: solid 1px brown; text-shadow: 0 -1px 0 rgba(0, 0, 0, 0.4); -webkit-box-shadow: inset 0 1px 0 rgba(255, 255, 255, 0.4), 0 1px 1px rgba(0, 0, 0, 0.2); -moz-box-shadow: inset 0 1px 0 rgba(255, 255, 255, 0.4), 0 1px 1px rgba(0, 0, 0, 0.2); box-shadow: inset 0 1px 0 rgba(255, 255, 255, 0.4), 0 1px 1px rgba(0, 0, 0, 0.2);'>Reject</a>
																<br/><br/>
																</td>															
																</tr>
													</table>
07-Nov-2019 10:56 : <table>
														<tr><td>Requested by: Deeksha</td></tr>
														<tr><td>Applied on:  Nov 07, 2019 10:56 AM </td></tr>
														<tr><td>Reason for timeoff: test</td></tr>
														<tr><td>Date: 2019-11-07</td></tr>
														<tr><td>Duration: from 01:18 pm to 02:18 pm</td></tr>
														
														</table>
														
															
														
														<table>
														<tr><td><br/><br/>
														
																<a href='https://ubitech.ubihrm.com/approvalbymail/viewapprovetimeoffapproval/5615/10/13439/2'   style='text-decoration:none;padding: 10px 15px; background: #ffffff; color: green;
																-webkit-border-radius: 4px; -moz-border-radius: 4px; border-radius: 4px; border: solid 1px green; text-shadow: 0 -1px 0 rgba(0, 0, 0, 0.4); -webkit-box-shadow: inset 0 1px 0 rgba(255, 255, 255, 0.4), 0 1px 1px rgba(0, 0, 0, 0.2); -moz-box-shadow: inset 0 1px 0 rgba(255, 255, 255, 0.4), 0 1px 1px rgba(0, 0, 0, 0.2); box-shadow: inset 0 1px 0 rgba(255, 255, 255, 0.4), 0 1px 1px rgba(0, 0, 0, 0.2);'>Approve</a>
																&nbsp;&nbsp;
																&nbsp;&nbsp;
																<a href='https://ubitech.ubihrm.com/approvalbymail/viewapprovetimeoffapproval/5615/10/13439/1'  style='text-decoration:none;padding: 10px 15px; background: #ffffff; color: brown;
																-webkit-border-radius: 4px; -moz-border-radius: 4px; border-radius: 4px; border: solid 1px brown; text-shadow: 0 -1px 0 rgba(0, 0, 0, 0.4); -webkit-box-shadow: inset 0 1px 0 rgba(255, 255, 255, 0.4), 0 1px 1px rgba(0, 0, 0, 0.2); -moz-box-shadow: inset 0 1px 0 rgba(255, 255, 255, 0.4), 0 1px 1px rgba(0, 0, 0, 0.2); box-shadow: inset 0 1px 0 rgba(255, 255, 255, 0.4), 0 1px 1px rgba(0, 0, 0, 0.2);'>Reject</a>
																<br/><br/>
																</td>															
																</tr>
													</table><br/><br/><b>This is an auto-generated mail. Kindly do not reply to this mail.</b>
07-Nov-2019 10:56 : The following From address failed: hr@ubitechsolutions.com
07-Nov-2019 10:56 : 4143
07-Nov-2019 10:56 : 1 1
07-Nov-2019 10:56 : i!=0 1
07-Nov-2019 09:31 : TimeIn AID0UserId4141
07-Nov-2019 09:31 : User Attendance: 4141 INSERT INTO `AttendanceMaster`(`FakeLocationStatusTimeIn`,`FakeLocationStatusTimeOut`,`EmployeeId`, `AttendanceDate`, `AttendanceStatus`, `TimeIn`,`ShiftId`,Dept_id,Desg_id,areaId,HourlyRateId, `OrganizationId`,
      `CreatedDate`, `CreatedById`, `LastModifiedDate`, `LastModifiedById`, `OwnerId`, `Overtime`, `EntryImage`, `checkInLoc`,`device`,latit_in,longi_in,timeindate,Platform)
      VALUES (0,0,4141,'2019-11-07',1,'09:31',48,50,18644,159,0,10,'2019-11-07',4141,'2019-11-07 09:31:40',4141,4141,'00:00:00','http://192.168.0.200/ubiattendance/uploads/4141_07112019_093140.jpg','Ubitech Rd, Kailash Nagar, Mahalgaon, Gwalior, Madhya Pradesh 474011, India','mobile','26.1967603','78.1969531','2019-11-07',' android')
07-Nov-2019 11:12 : UPDATE TimeoffApproval  SET ApproverSts = ? WHERE  	TimeofId = ?  13438
07-Nov-2019 11:12 : 
				<table>
				<tr><td>Dear Urvashi   Agrawal,</td></tr>
				<tr><td></td></tr>
				<tr><td>Deeksha  Mangal withdrawn her request for timeoff.</td></tr>
				<tr><td><b>Details are given below:</b></td></tr>
				<tr><td>Reason for timeoff: test
</td></tr>
				<tr><td>Date: 2019-11-07</td></tr>
				<tr><td>Duration: from 11:51:00 to 11:58:00</td></tr>
				
					
				</table><br/><br/><b>This is an auto-generated mail. Kindly do not reply to this mail.</b>
07-Nov-2019 11:12 : The following From address failed: ubiattendance@ubitechsolutions.com
07-Nov-2019 11:12 :  parth@ubitechsolutions.com Withdraw timeoff by Deeksha  Mangal 
				<table>
				<tr><td>Dear Urvashi   Agrawal,</td></tr>
				<tr><td></td></tr>
				<tr><td>Deeksha  Mangal withdrawn her request for timeoff.</td></tr>
				<tr><td><b>Details are given below:</b></td></tr>
				<tr><td>Reason for timeoff: test
</td></tr>
				<tr><td>Date: 2019-11-07</td></tr>
				<tr><td>Duration: from 11:51:00 to 11:58:00</td></tr>
				
					
				</table>
07-Nov-2019 11:12 : UPDATE TimeoffApproval  SET ApproverSts = ? WHERE  	TimeofId = ?  13439
07-Nov-2019 11:12 : 
				<table>
				<tr><td>Dear Urvashi   Agrawal,</td></tr>
				<tr><td></td></tr>
				<tr><td>Deeksha  Mangal withdrawn her request for timeoff.</td></tr>
				<tr><td><b>Details are given below:</b></td></tr>
				<tr><td>Reason for timeoff: test</td></tr>
				<tr><td>Date: 2019-11-07</td></tr>
				<tr><td>Duration: from 13:18:00 to 14:18:00</td></tr>
				
					
				</table><br/><br/><b>This is an auto-generated mail. Kindly do not reply to this mail.</b>
07-Nov-2019 11:12 : The following From address failed: ubiattendance@ubitechsolutions.com
07-Nov-2019 11:12 :  parth@ubitechsolutions.com Withdraw timeoff by Deeksha  Mangal 
				<table>
				<tr><td>Dear Urvashi   Agrawal,</td></tr>
				<tr><td></td></tr>
				<tr><td>Deeksha  Mangal withdrawn her request for timeoff.</td></tr>
				<tr><td><b>Details are given below:</b></td></tr>
				<tr><td>Reason for timeoff: test</td></tr>
				<tr><td>Date: 2019-11-07</td></tr>
				<tr><td>Duration: from 13:18:00 to 14:18:00</td></tr>
				
					
				</table>
