08-Aug-2019 13:12 : TimeIn AID0UserId11674
08-Aug-2019 13:12 : User Attendance: 11674 INSERT INTO `AttendanceMaster`(`FakeLocationStatusTimeIn`,`FakeLocationStatusTimeOut`,`EmployeeId`, `AttendanceDate`, `AttendanceStatus`, `TimeIn`,`ShiftId`,Dept_id,Desg_id,areaId,HourlyRateId, `OrganizationId`,
      `CreatedDate`, `CreatedById`, `LastModifiedDate`, `LastModifiedById`, `OwnerId`, `Overtime`, `EntryImage`, `checkInLoc`,`device`,latit_in,longi_in,timeindate)
      VALUES (0,0,11674,'2019-08-08',1,'13:12',49,50,860,159,1,10,'2019-08-08',11674,'2019-08-08 13:12:43',11674,11674,'00:00:00','http://192.168.0.200/ubiattendance/uploads/11674_08082019_131243.jpg','26.1967127,78.1969973','mobile','26.1967127','78.1969973','2019-08-08')
08-Aug-2019 13:38 : TimeIn AID0UserId4902
08-Aug-2019 13:38 : User Attendance: 4902 INSERT INTO `AttendanceMaster`(`FakeLocationStatusTimeIn`,`FakeLocationStatusTimeOut`,`EmployeeId`, `AttendanceDate`, `AttendanceStatus`, `TimeIn`,`ShiftId`,Dept_id,Desg_id,areaId,HourlyRateId, `OrganizationId`,
      `CreatedDate`, `CreatedById`, `LastModifiedDate`, `LastModifiedById`, `OwnerId`, `Overtime`, `EntryImage`, `checkInLoc`,`device`,latit_in,longi_in,timeindate)
      VALUES (0,0,4902,'2019-08-08',1,'13:38',52,50,859,159,26,10,'2019-08-08',4902,'2019-08-08 13:38:33',4902,4902,'00:00:00','http://192.168.0.200/ubiattendance/uploads/4902_08082019_133833.jpg','26.1967231,78.1970053','mobile','26.1967231','78.1970053','2019-08-08')
08-Aug-2019 13:39 : TimeOut AID2384344UserId4902
08-Aug-2019 16:33 : TimeIn AID0UserId4904
08-Aug-2019 16:33 : User Attendance: 4904 INSERT INTO `AttendanceMaster`(`FakeLocationStatusTimeIn`,`FakeLocationStatusTimeOut`,`EmployeeId`, `AttendanceDate`, `AttendanceStatus`, `TimeIn`,`ShiftId`,Dept_id,Desg_id,areaId,HourlyRateId, `OrganizationId`,
      `CreatedDate`, `CreatedById`, `LastModifiedDate`, `LastModifiedById`, `OwnerId`, `Overtime`, `EntryImage`, `checkInLoc`,`device`,latit_in,longi_in,timeindate)
      VALUES (0,0,4904,'2019-08-08',1,'16:33',49,50,859,43,0,10,'2019-08-08',4904,'2019-08-08 16:33:00',4904,4904,'00:00:00','http://192.168.0.200/ubiattendance/uploads/4904_08082019_163300.jpg','Ubitech Road, Kailash Nagar, Mahalgaon, Gwalior, Madhya Pradesh 474011, India','mobile','26.1967872','78.1970344','2019-08-08')
08-Aug-2019 16:33 : TimeOut AID2384345UserId4904
08-Aug-2019 16:37 : TimeIn AID0UserId4141
08-Aug-2019 16:37 : User Attendance: 4141 INSERT INTO `AttendanceMaster`(`FakeLocationStatusTimeIn`,`FakeLocationStatusTimeOut`,`EmployeeId`, `AttendanceDate`, `AttendanceStatus`, `TimeIn`,`ShiftId`,Dept_id,Desg_id,areaId,HourlyRateId, `OrganizationId`,
      `CreatedDate`, `CreatedById`, `LastModifiedDate`, `LastModifiedById`, `OwnerId`, `Overtime`, `EntryImage`, `checkInLoc`,`device`,latit_in,longi_in,timeindate)
      VALUES (0,0,4141,'2019-08-08',1,'16:37',48,50,859,159,0,10,'2019-08-08',4141,'2019-08-08 16:37:37',4141,4141,'00:00:00','http://192.168.0.200/ubiattendance/uploads/4141_08082019_163737.jpg','Ubitech Road, Kailash Nagar, Mahalgaon, Gwalior, Madhya Pradesh 474011, India','mobile','26.1966852','78.1970024','2019-08-08')
08-Aug-2019 16:38 : TimeOut AID2384346UserId4141
08-Aug-2019 17:02 : TimeIn AID0UserId4143
08-Aug-2019 17:02 : User Attendance: 4143 INSERT INTO `AttendanceMaster`(`FakeLocationStatusTimeIn`,`FakeLocationStatusTimeOut`,`EmployeeId`, `AttendanceDate`, `AttendanceStatus`, `TimeIn`,`ShiftId`,Dept_id,Desg_id,areaId,HourlyRateId, `OrganizationId`,
      `CreatedDate`, `CreatedById`, `LastModifiedDate`, `LastModifiedById`, `OwnerId`, `Overtime`, `EntryImage`, `checkInLoc`,`device`,latit_in,longi_in,timeindate)
      VALUES (0,0,4143,'2019-08-08',1,'17:02',49,51,858,159,25,10,'2019-08-08',4143,'2019-08-08 17:02:44',4143,4143,'00:00:00','http://192.168.0.200/ubiattendance/uploads/4143_08082019_170244.jpg','26.1967624,78.1969922','mobile','26.1967624','78.1969922','2019-08-08')
08-Aug-2019 17:03 : TimeOut AID2384347UserId4143
08-Aug-2019 17:07 : TimeIn AID0UserId40371
08-Aug-2019 17:07 : User Attendance: 40371 INSERT INTO `AttendanceMaster`(`FakeLocationStatusTimeIn`,`FakeLocationStatusTimeOut`,`EmployeeId`, `AttendanceDate`, `AttendanceStatus`, `TimeIn`,`ShiftId`,Dept_id,Desg_id,areaId,HourlyRateId, `OrganizationId`,
      `CreatedDate`, `CreatedById`, `LastModifiedDate`, `LastModifiedById`, `OwnerId`, `Overtime`, `EntryImage`, `checkInLoc`,`device`,latit_in,longi_in,timeindate)
      VALUES (0,0,40371,'2019-08-08',1,'17:07',48,50,91897,236,0,10,'2019-08-08',40371,'2019-08-08 17:07:35',40371,40371,'00:00:00','http://192.168.0.200/ubiattendance/uploads/40371_08082019_170735.jpg','26.1967624,78.1969922','mobile','26.1967624','78.1969922','2019-08-08')
08-Aug-2019 17:08 : TimeOut AID2384348UserId40371
08-Aug-2019 17:34 : TimeIn AID0UserId5615
08-Aug-2019 17:34 : User Attendance: 5615 INSERT INTO `AttendanceMaster`(`FakeLocationStatusTimeIn`,`FakeLocationStatusTimeOut`,`EmployeeId`, `AttendanceDate`, `AttendanceStatus`, `TimeIn`,`ShiftId`,Dept_id,Desg_id,areaId,HourlyRateId, `OrganizationId`,
      `CreatedDate`, `CreatedById`, `LastModifiedDate`, `LastModifiedById`, `OwnerId`, `Overtime`, `EntryImage`, `checkInLoc`,`device`,latit_in,longi_in,timeindate)
      VALUES (0,0,5615,'2019-08-08',1,'17:34',48,51,36476,159,0,10,'2019-08-08',5615,'2019-08-08 17:34:45',5615,5615,'00:00:00','http://192.168.0.200/ubiattendance/uploads/5615_08082019_173445.jpg','Ubitech Road, Kailash Nagar, Mahalgaon, Gwalior, Madhya Pradesh 474011, India','mobile','26.1967395','78.1969994','2019-08-08')
08-Aug-2019 17:36 : TimeOut AID2384349UserId5615
08-Aug-2019 17:48 : TimeIn AID0UserId4171
08-Aug-2019 17:48 : User Attendance: 4171 INSERT INTO `AttendanceMaster`(`FakeLocationStatusTimeIn`,`FakeLocationStatusTimeOut`,`EmployeeId`, `AttendanceDate`, `AttendanceStatus`, `TimeIn`,`ShiftId`,Dept_id,Desg_id,areaId,HourlyRateId, `OrganizationId`,
      `CreatedDate`, `CreatedById`, `LastModifiedDate`, `LastModifiedById`, `OwnerId`, `Overtime`, `EntryImage`, `checkInLoc`,`device`,latit_in,longi_in,timeindate)
      VALUES (0,0,4171,'2019-08-08',1,'17:48',48,50,869,159,21,10,'2019-08-08',4171,'2019-08-08 17:48:53',4171,4171,'00:00:00','http://192.168.0.200/ubiattendance/uploads/4171_08082019_174853.jpg','Ubitech Road, Kailash Nagar, Mahalgaon, Gwalior, Madhya Pradesh 474011, India','mobile','26.1967602','78.1970012','2019-08-08')
08-Aug-2019 17:49 : TimeOut AID2384350UserId4171
08-Aug-2019 17:53 : <html>
					<head>
					<title>ubiAttendance</title>
					</head>
					<body>
					Congratulations <b>Pulkit</b>!!<br/>
					You are registered on ubiAttendance App for Ubitech solutions PVT LTD .<br/>
					<ol>
					<li>Download & install the App through any of the links below:</li>
						<ol>
						<li>Android -<a href='https://play.google.com/store/apps/details?id=org.ubitech.attendance'>https://play.google.com/store/apps/details?id=org.ubitech.attendance</a></li>
						<li>iPhone -<a href='https://itunes.apple.com/us/app/ubiattendance-ubitech/id1375252261?mt=8 '>https://itunes.apple.com/us/app/ubiattendance-ubitech/id1375252261?mt=8</a></li>
						</ol>
						<li>Open the App & sign in.</li>
						Login details for Mobile App<br/>
						Username: pulkit@ubitechsolutions.com<br/>
						Password: 123456<br/>
						OR<br/>
						Username: 7000761154<br/>
						Password: 123456<br/>
						<li>Click on “Time In” button to punch attendance.</li>
					</ol>
					<p>For further assistance, kindly contact your system administrator.</p>
					<h5>Cheers,</h5>
					<h5>ubiAttendance Team</h5>
					</body>
					</html><br/><br/><b>This is an auto-generated mail. Kindly do not reply to this mail.</b>
08-Aug-2019 17:53 : The following From address failed: ubiattendance@ubitechsolutions.com
08-Aug-2019 17:53 : <html>
					<head>
					<title>ubiAttendance</title>
					</head>
					<body>
					Congratulations <b>Pulkit</b>!!<br/>
					You are registered on ubiAttendance App for Ubitech solutions PVT LTD .<br/>
					<ol>
					<li>Download & install the App through any of the links below:</li>
						<ol>
						<li>Android -<a href='https://play.google.com/store/apps/details?id=org.ubitech.attendance'>https://play.google.com/store/apps/details?id=org.ubitech.attendance</a></li>
						<li>iPhone -<a href='https://itunes.apple.com/us/app/ubiattendance-ubitech/id1375252261?mt=8 '>https://itunes.apple.com/us/app/ubiattendance-ubitech/id1375252261?mt=8</a></li>
						</ol>
						<li>Open the App & sign in.</li>
						Login details for Mobile App<br/>
						Username: pulkit@ubitechsolutions.com<br/>
						Password: 123456<br/>
						OR<br/>
						Username: 7000761154<br/>
						Password: 123456<br/>
						<li>Click on “Time In” button to punch attendance.</li>
					</ol>
					<p>For further assistance, kindly contact your system administrator.</p>
					<h5>Cheers,</h5>
					<h5>ubiAttendance Team</h5>
					</body>
					</html><br/><br/><b>This is an auto-generated mail. Kindly do not reply to this mail.</b>
08-Aug-2019 17:53 : The following From address failed: ubiattendance@ubitechsolutions.com
08-Aug-2019 17:54 : TimeIn AID0UserId11674
08-Aug-2019 17:54 : User Attendance: 11674 INSERT INTO `AttendanceMaster`(`FakeLocationStatusTimeIn`,`FakeLocationStatusTimeOut`,`EmployeeId`, `AttendanceDate`, `AttendanceStatus`, `TimeIn`,`ShiftId`,Dept_id,Desg_id,areaId,HourlyRateId, `OrganizationId`,
      `CreatedDate`, `CreatedById`, `LastModifiedDate`, `LastModifiedById`, `OwnerId`, `Overtime`, `EntryImage`, `checkInLoc`,`device`,latit_in,longi_in,timeindate)
      VALUES (0,0,11674,'2019-08-08',1,'17:54',49,50,860,159,1,10,'2019-08-08',11674,'2019-08-08 17:54:13',11674,11674,'00:00:00','http://192.168.0.200/ubiattendance/uploads/11674_08082019_175413.jpg','Ubitech Road, Kailash Nagar, Mahalgaon, Gwalior, Madhya Pradesh 474011, India','mobile','26.1967433','78.1969969','2019-08-08')
08-Aug-2019 17:54 : TimeOut AID2384351UserId11674
08-Aug-2019 17:58 : TimeIn AID0UserId40371
08-Aug-2019 17:58 : User Attendance: 40371 INSERT INTO `AttendanceMaster`(`FakeLocationStatusTimeIn`,`FakeLocationStatusTimeOut`,`EmployeeId`, `AttendanceDate`, `AttendanceStatus`, `TimeIn`,`ShiftId`,Dept_id,Desg_id,areaId,HourlyRateId, `OrganizationId`,
      `CreatedDate`, `CreatedById`, `LastModifiedDate`, `LastModifiedById`, `OwnerId`, `Overtime`, `EntryImage`, `checkInLoc`,`device`,latit_in,longi_in,timeindate)
      VALUES (0,0,40371,'2019-08-08',1,'17:58',48,50,91897,236,0,10,'2019-08-08',40371,'2019-08-08 17:58:44',40371,40371,'00:00:00','http://192.168.0.200/ubiattendance/uploads/40371_08082019_175844.jpg','26.1967392,78.1969995','mobile','26.1967392','78.1969995','2019-08-08')
08-Aug-2019 17:59 : TimeOut AID2384352UserId40371
08-Aug-2019 18:06 : TimeIn AID0UserId15213
08-Aug-2019 18:06 : User Attendance: 15213 INSERT INTO `AttendanceMaster`(`FakeLocationStatusTimeIn`,`FakeLocationStatusTimeOut`,`EmployeeId`, `AttendanceDate`, `AttendanceStatus`, `TimeIn`,`ShiftId`,Dept_id,Desg_id,areaId,HourlyRateId, `OrganizationId`,
      `CreatedDate`, `CreatedById`, `LastModifiedDate`, `LastModifiedById`, `OwnerId`, `Overtime`, `EntryImage`, `checkInLoc`,`device`,latit_in,longi_in,timeindate)
      VALUES (0,0,15213,'2019-08-08',1,'18:06',48,49,859,159,1,10,'2019-08-08',15213,'2019-08-08 18:06:39',15213,15213,'00:00:00','http://192.168.0.200/ubiattendance/uploads/15213_08082019_180639.jpg','26.1967591,78.1969936','mobile','26.1967591','78.1969936','2019-08-08')
08-Aug-2019 18:06 : TimeOut AID2384353UserId15213
08-Aug-2019 18:07 : TimeIn AID0UserId4141
08-Aug-2019 18:07 : User Attendance: 4141 INSERT INTO `AttendanceMaster`(`FakeLocationStatusTimeIn`,`FakeLocationStatusTimeOut`,`EmployeeId`, `AttendanceDate`, `AttendanceStatus`, `TimeIn`,`ShiftId`,Dept_id,Desg_id,areaId,HourlyRateId, `OrganizationId`,
      `CreatedDate`, `CreatedById`, `LastModifiedDate`, `LastModifiedById`, `OwnerId`, `Overtime`, `EntryImage`, `checkInLoc`,`device`,latit_in,longi_in,timeindate)
      VALUES (0,0,4141,'2019-08-08',1,'18:07',48,50,859,159,0,10,'2019-08-08',4141,'2019-08-08 18:07:25',4141,4141,'00:00:00','http://192.168.0.200/ubiattendance/uploads/4141_08082019_180725.jpg','26.1967477,78.1969979','mobile','26.1967477','78.1969979','2019-08-08')
08-Aug-2019 18:07 : TimeOut AID2384354UserId4141
08-Aug-2019 18:08 : TimeIn AID0UserId4902
08-Aug-2019 18:08 : User Attendance: 4902 INSERT INTO `AttendanceMaster`(`FakeLocationStatusTimeIn`,`FakeLocationStatusTimeOut`,`EmployeeId`, `AttendanceDate`, `AttendanceStatus`, `TimeIn`,`ShiftId`,Dept_id,Desg_id,areaId,HourlyRateId, `OrganizationId`,
      `CreatedDate`, `CreatedById`, `LastModifiedDate`, `LastModifiedById`, `OwnerId`, `Overtime`, `EntryImage`, `checkInLoc`,`device`,latit_in,longi_in,timeindate)
      VALUES (0,0,4902,'2019-08-08',1,'18:08',52,50,859,159,26,10,'2019-08-08',4902,'2019-08-08 18:08:08',4902,4902,'00:00:00','http://192.168.0.200/ubiattendance/uploads/4902_08082019_180808.jpg','26.1967477,78.1969979','mobile','26.1967477','78.1969979','2019-08-08')
08-Aug-2019 18:08 : TimeOut AID2384355UserId4902
08-Aug-2019 18:10 : TimeIn AID0UserId4902
08-Aug-2019 18:10 : User Attendance: 4902 INSERT INTO `AttendanceMaster`(`FakeLocationStatusTimeIn`,`FakeLocationStatusTimeOut`,`EmployeeId`, `AttendanceDate`, `AttendanceStatus`, `TimeIn`,`ShiftId`,Dept_id,Desg_id,areaId,HourlyRateId, `OrganizationId`,
      `CreatedDate`, `CreatedById`, `LastModifiedDate`, `LastModifiedById`, `OwnerId`, `Overtime`, `EntryImage`, `checkInLoc`,`device`,latit_in,longi_in,timeindate)
      VALUES (0,0,4902,'2019-08-08',1,'18:10',52,50,859,159,26,10,'2019-08-08',4902,'2019-08-08 18:10:51',4902,4902,'00:00:00','http://192.168.0.200/ubiattendance/uploads/4902_08082019_181051.jpg','26.1967528,78.1969942','mobile','26.1967528','78.1969942','2019-08-08')
08-Aug-2019 18:12 : TimeOut AID2384356UserId4902
