08-Mar-2019 18:45 : Senior not zero
08-Mar-2019 18:45 : 4147
08-Mar-2019 18:45 : 0 0
08-Mar-2019 18:45 : sernioer emailvijay@ubitechsolutions.com
08-Mar-2019 18:45 : vijay@ubitechsolutions.com <table>
														<tr><td>Requested by: Abhinav</td></tr>
														<tr><td>Applied on:  Mar 08, 2019 06:45 PM </td></tr>
														<tr><td>Reason for timeoff: testing time off</td></tr>
														<tr><td>Date: 2019-03-08</td></tr>
														<tr><td>Duration: from 06:26 pm to 06:29 pm</td></tr>
														
														</table>
														
															
														
														<table>
														<tr><td><br/><br/>
														
																<a href='https://ubitech.ubihrm.com/approvalbymail/viewapprovetimeoffapproval/4147/10/8812/2'   style='text-decoration:none;padding: 10px 15px; background: #ffffff; color: green;
																-webkit-border-radius: 4px; -moz-border-radius: 4px; border-radius: 4px; border: solid 1px green; text-shadow: 0 -1px 0 rgba(0, 0, 0, 0.4); -webkit-box-shadow: inset 0 1px 0 rgba(255, 255, 255, 0.4), 0 1px 1px rgba(0, 0, 0, 0.2); -moz-box-shadow: inset 0 1px 0 rgba(255, 255, 255, 0.4), 0 1px 1px rgba(0, 0, 0, 0.2); box-shadow: inset 0 1px 0 rgba(255, 255, 255, 0.4), 0 1px 1px rgba(0, 0, 0, 0.2);'>Approve</a>
																&nbsp;&nbsp;
																&nbsp;&nbsp;
																<a href='https://ubitech.ubihrm.com/approvalbymail/viewapprovetimeoffapproval/4147/10/8812/1'  style='text-decoration:none;padding: 10px 15px; background: #ffffff; color: brown;
																-webkit-border-radius: 4px; -moz-border-radius: 4px; border-radius: 4px; border: solid 1px brown; text-shadow: 0 -1px 0 rgba(0, 0, 0, 0.4); -webkit-box-shadow: inset 0 1px 0 rgba(255, 255, 255, 0.4), 0 1px 1px rgba(0, 0, 0, 0.2); -moz-box-shadow: inset 0 1px 0 rgba(255, 255, 255, 0.4), 0 1px 1px rgba(0, 0, 0, 0.2); box-shadow: inset 0 1px 0 rgba(255, 255, 255, 0.4), 0 1px 1px rgba(0, 0, 0, 0.2);'>Reject</a>
																<br/><br/>
																</td>															
																</tr>
													</table>
08-Mar-2019 18:45 : The following From address failed: hr@ubitechsolutions.com
08-Mar-2019 18:45 : 4143
08-Mar-2019 18:45 : 1 1
08-Mar-2019 18:45 : i!=0 1
