09-Mar-2019 10:58 : Senior not zero
09-Mar-2019 10:58 : 4147
09-Mar-2019 10:58 : 0 0
09-Mar-2019 10:58 : sernioer emailvijay@ubitechsolutions.com
09-Mar-2019 10:58 : vijay@ubitechsolutions.com <table>
														<tr><td>Requested by: Abhinav</td></tr>
														<tr><td>Applied on:  Mar 09, 2019 10:58 AM </td></tr>
														<tr><td>Reason for timeoff: vuvj</td></tr>
														<tr><td>Date: 2019-03-09</td></tr>
														<tr><td>Duration: from 10:39 am to 10:45 am</td></tr>
														
														</table>
														
															
														
														<table>
														<tr><td><br/><br/>
														
																<a href='https://ubitech.ubihrm.com/approvalbymail/viewapprovetimeoffapproval/4147/10/8814/2'   style='text-decoration:none;padding: 10px 15px; background: #ffffff; color: green;
																-webkit-border-radius: 4px; -moz-border-radius: 4px; border-radius: 4px; border: solid 1px green; text-shadow: 0 -1px 0 rgba(0, 0, 0, 0.4); -webkit-box-shadow: inset 0 1px 0 rgba(255, 255, 255, 0.4), 0 1px 1px rgba(0, 0, 0, 0.2); -moz-box-shadow: inset 0 1px 0 rgba(255, 255, 255, 0.4), 0 1px 1px rgba(0, 0, 0, 0.2); box-shadow: inset 0 1px 0 rgba(255, 255, 255, 0.4), 0 1px 1px rgba(0, 0, 0, 0.2);'>Approve</a>
																&nbsp;&nbsp;
																&nbsp;&nbsp;
																<a href='https://ubitech.ubihrm.com/approvalbymail/viewapprovetimeoffapproval/4147/10/8814/1'  style='text-decoration:none;padding: 10px 15px; background: #ffffff; color: brown;
																-webkit-border-radius: 4px; -moz-border-radius: 4px; border-radius: 4px; border: solid 1px brown; text-shadow: 0 -1px 0 rgba(0, 0, 0, 0.4); -webkit-box-shadow: inset 0 1px 0 rgba(255, 255, 255, 0.4), 0 1px 1px rgba(0, 0, 0, 0.2); -moz-box-shadow: inset 0 1px 0 rgba(255, 255, 255, 0.4), 0 1px 1px rgba(0, 0, 0, 0.2); box-shadow: inset 0 1px 0 rgba(255, 255, 255, 0.4), 0 1px 1px rgba(0, 0, 0, 0.2);'>Reject</a>
																<br/><br/>
																</td>															
																</tr>
													</table>
09-Mar-2019 10:58 : The following From address failed: hr@ubitechsolutions.com
09-Mar-2019 10:58 : 4143
09-Mar-2019 10:58 : 1 1
09-Mar-2019 10:58 : i!=0 1
