10-Aug-2019 13:33 : <html>
  						<head>
							<title></title>
  						</head>
						<body>
						<h3>Dear Admin,</h3>
						<p>Please send the below message through text or Email to the Employee to get him started. The message below is already sent to the Employees with valid Email ID</p>
						<p>You are registered in ubiAttendance App for “ Ubitech Solutions”. Kindly punch your attendance through the following steps.</p>
						<ol>
						<li> 
							Download the Android App by clicking <a  
							href='https://play.google.com/store/apps/details?id=org.ubitech.attendance.'>https://play.google.com/store/apps/details?id=org.ubitech.attendance.</a> 
							iPhone users can download through 
							<a href='https://itunes.apple.com/us/app/ubiattendance-ubitech/id1375252261?mt=8 '>https://itunes.apple.com/us/app/ubiattendance-ubitech/id1375252261?mt=8</a>
						</li>
						<li>Install the App.  It will be added to the home screen</li>
						<li>Open the App & sign in. User name will be the registered Email/Phone no.</li>
						<li>Initial Sign in Password is 123456</li>
						<li>You can now start punching the attendance.</li>
						<li>Download the detailed Employee guide</li>
						</ol>
						<p>For further assistance, kindly contact your system administrator.</p>
						<h5>Cheers,</h5>
						<h5>ubiAttendance Team</h5>
						</body>
						</html><br/><br/><b>This is an auto-generated mail. Kindly do not reply to this mail.</b>
10-Aug-2019 13:33 : The following From address failed: ubiattendance@ubitechsolutions.com
10-Aug-2019 13:33 : <html>
  						<head>
							<title></title>
  						</head>
						<body>
						<h3>Dear Admin,</h3>
						<p>Please send the below message through text or Email to the Employee to get him started. The message below is already sent to the Employees with valid Email ID</p>
						<p>You are registered in ubiAttendance App for “ Ubitech Solutions”. Kindly punch your attendance through the following steps.</p>
						<ol>
						<li> 
							Download the Android App by clicking <a  
							href='https://play.google.com/store/apps/details?id=org.ubitech.attendance.'>https://play.google.com/store/apps/details?id=org.ubitech.attendance.</a> 
							iPhone users can download through 
							<a href='https://itunes.apple.com/us/app/ubiattendance-ubitech/id1375252261?mt=8 '>https://itunes.apple.com/us/app/ubiattendance-ubitech/id1375252261?mt=8</a>
						</li>
						<li>Install the App.  It will be added to the home screen</li>
						<li>Open the App & sign in. User name will be the registered Email/Phone no.</li>
						<li>Initial Sign in Password is 123456</li>
						<li>You can now start punching the attendance.</li>
						<li>Download the detailed Employee guide</li>
						</ol>
						<p>For further assistance, kindly contact your system administrator.</p>
						<h5>Cheers,</h5>
						<h5>ubiAttendance Team</h5>
						</body>
						</html><br/><br/><b>This is an auto-generated mail. Kindly do not reply to this mail.</b>
10-Aug-2019 13:33 : The following From address failed: ubiattendance@ubitechsolutions.com
10-Aug-2019 16:42 : TimeOut AID2738941UserId11674
10-Aug-2019 18:02 : <p>Dear Sohan</p>
                     <p>Your Password for ubiAttendance Web Admin Panel has been changed successfully. ubiAttendance Team</p>
					 <p><b>Your New Pawword : 123456</b></p><br/><br/><b>This is an auto-generated mail. Kindly do not reply to this mail.</b>
10-Aug-2019 18:02 : The following From address failed: ubiattendance@ubitechsolutions.com
10-Aug-2019 18:02 : <p>Dear Sohan</p>
                     <p>Your Password for ubiAttendance Web Admin Panel has been changed successfully. ubiAttendance Team</p>
					 <p><b>Your New Pawword : 123456</b></p><br/><br/><b>This is an auto-generated mail. Kindly do not reply to this mail.</b>
10-Aug-2019 18:02 : The following From address failed: ubiattendance@ubitechsolutions.com
10-Aug-2019 18:03 : <p>Dear Sohan</p>
                     <p>Your Password for ubiAttendance Web Admin Panel has been changed successfully. ubiAttendance Team</p>
					 <p><b>Your New Pawword : attubipass2019</b></p><br/><br/><b>This is an auto-generated mail. Kindly do not reply to this mail.</b>
10-Aug-2019 18:03 : The following From address failed: ubiattendance@ubitechsolutions.com
10-Aug-2019 18:03 : <p>Dear Sohan</p>
                     <p>Your Password for ubiAttendance Web Admin Panel has been changed successfully. ubiAttendance Team</p>
					 <p><b>Your New Pawword : attubipass2019</b></p><br/><br/><b>This is an auto-generated mail. Kindly do not reply to this mail.</b>
10-Aug-2019 18:03 : The following From address failed: ubiattendance@ubitechsolutions.com
10-Aug-2019 18:08 : <p>Dear Sohan</p>
                     <p>Your Password for ubiAttendance Web Admin Panel has been changed successfully. ubiAttendance Team</p>
					 <p><b>Your New Pawword : 123456</b></p><br/><br/><b>This is an auto-generated mail. Kindly do not reply to this mail.</b>
10-Aug-2019 18:08 : The following From address failed: ubiattendance@ubitechsolutions.com
10-Aug-2019 18:08 : <p>Dear Sohan</p>
                     <p>Your Password for ubiAttendance Web Admin Panel has been changed successfully. ubiAttendance Team</p>
					 <p><b>Your New Pawword : 123456</b></p><br/><br/><b>This is an auto-generated mail. Kindly do not reply to this mail.</b>
10-Aug-2019 18:08 : The following From address failed: ubiattendance@ubitechsolutions.com
10-Aug-2019 18:13 : <p>Dear Sohan</p>
                     <p>Your Password for ubiAttendance Web Admin Panel has been changed successfully. ubiAttendance Team</p>
					 <p><b>Your New Pawword : Pulk@1329</b></p><br/><br/><b>This is an auto-generated mail. Kindly do not reply to this mail.</b>
10-Aug-2019 18:13 : The following From address failed: ubiattendance@ubitechsolutions.com
10-Aug-2019 18:13 : <p>Dear Sohan</p>
                     <p>Your Password for ubiAttendance Web Admin Panel has been changed successfully. ubiAttendance Team</p>
					 <p><b>Your New Pawword : Pulk@1329</b></p><br/><br/><b>This is an auto-generated mail. Kindly do not reply to this mail.</b>
10-Aug-2019 18:13 : The following From address failed: ubiattendance@ubitechsolutions.com
10-Aug-2019 18:13 : <p>Dear Sohan</p>
                     <p>Your Password for ubiAttendance Web Admin Panel has been changed successfully. ubiAttendance Team</p>
					 <p><b>Your New Pawword : 123456</b></p><br/><br/><b>This is an auto-generated mail. Kindly do not reply to this mail.</b>
10-Aug-2019 18:13 : The following From address failed: ubiattendance@ubitechsolutions.com
10-Aug-2019 18:13 : <p>Dear Sohan</p>
                     <p>Your Password for ubiAttendance Web Admin Panel has been changed successfully. ubiAttendance Team</p>
					 <p><b>Your New Pawword : 123456</b></p><br/><br/><b>This is an auto-generated mail. Kindly do not reply to this mail.</b>
10-Aug-2019 18:13 : The following From address failed: ubiattendance@ubitechsolutions.com
10-Aug-2019 18:23 : <p>Dear Sohan</p>
                     <p>Your Password for ubiAttendance Web Admin Panel has been changed successfully. ubiAttendance Team</p>
					 <p><b>Your New Pawword : ubipass</b></p><br/><br/><b>This is an auto-generated mail. Kindly do not reply to this mail.</b>
10-Aug-2019 18:23 : The following From address failed: ubiattendance@ubitechsolutions.com
10-Aug-2019 18:23 : <p>Dear Sohan</p>
                     <p>Your Password for ubiAttendance Web Admin Panel has been changed successfully. ubiAttendance Team</p>
					 <p><b>Your New Pawword : ubipass</b></p><br/><br/><b>This is an auto-generated mail. Kindly do not reply to this mail.</b>
10-Aug-2019 18:23 : The following From address failed: ubiattendance@ubitechsolutions.com
10-Aug-2019 18:25 : <p>Dear Sohan</p>
                     <p>Your Password for ubiAttendance Web Admin Panel has been changed successfully. ubiAttendance Team</p>
					 <p><b>Your New Pawword : 123456</b></p><br/><br/><b>This is an auto-generated mail. Kindly do not reply to this mail.</b>
10-Aug-2019 18:25 : The following From address failed: ubiattendance@ubitechsolutions.com
10-Aug-2019 18:25 : <p>Dear Sohan</p>
                     <p>Your Password for ubiAttendance Web Admin Panel has been changed successfully. ubiAttendance Team</p>
					 <p><b>Your New Pawword : 123456</b></p><br/><br/><b>This is an auto-generated mail. Kindly do not reply to this mail.</b>
10-Aug-2019 18:25 : The following From address failed: ubiattendance@ubitechsolutions.com
10-Aug-2019 18:25 : <p>Dear Sohan</p>
                     <p>Your Password for ubiAttendance Web Admin Panel has been changed successfully. ubiAttendance Team</p>
					 <p><b>Your New Pawword : 654321</b></p><br/><br/><b>This is an auto-generated mail. Kindly do not reply to this mail.</b>
10-Aug-2019 18:25 : The following From address failed: ubiattendance@ubitechsolutions.com
10-Aug-2019 18:25 : <p>Dear Sohan</p>
                     <p>Your Password for ubiAttendance Web Admin Panel has been changed successfully. ubiAttendance Team</p>
					 <p><b>Your New Pawword : 654321</b></p><br/><br/><b>This is an auto-generated mail. Kindly do not reply to this mail.</b>
10-Aug-2019 18:25 : The following From address failed: ubiattendance@ubitechsolutions.com
10-Aug-2019 18:25 : TimeOut AID2738795UserId26332
10-Aug-2019 18:27 : TimeOut AID2739068UserId4902
10-Aug-2019 18:36 : TimeIn AID0UserId5615
10-Aug-2019 18:36 : User Attendance: 5615 INSERT INTO `AttendanceMaster`(`FakeLocationStatusTimeIn`,`FakeLocationStatusTimeOut`,`EmployeeId`, `AttendanceDate`, `AttendanceStatus`, `TimeIn`,`ShiftId`,Dept_id,Desg_id,areaId,HourlyRateId, `OrganizationId`,
      `CreatedDate`, `CreatedById`, `LastModifiedDate`, `LastModifiedById`, `OwnerId`, `Overtime`, `EntryImage`, `checkInLoc`,`device`,latit_in,longi_in,timeindate)
      VALUES (0,0,5615,'2019-08-10',1,'18:36',48,51,36476,159,0,10,'2019-08-10',5615,'2019-08-10 18:36:53',5615,5615,'00:00:00','http://192.168.0.200/ubiattendance/uploads/5615_10082019_183653.jpg','Ubitech Road, Kailash Nagar, Mahalgaon, Gwalior, Madhya Pradesh 474011, India','mobile','26.1967885','78.1970577','2019-08-10')
10-Aug-2019 18:37 : TimeOut AID2740019UserId5615
