10-Oct-2019 10:33 : <html><body>Dear super admin<br/>,
							deekshaorg has paid amount INR 300 to upgrade ubiAttendance premium plan. <br/><br/>
							<b>Payment summary:</b> <br/><br/>
							Email ID: 	deeksha@123.com <br/>
							Transaction Id: 349771633 <br/>
							Amount paid: INR 354 (tax included) <br/>
							Taxes paid:    INR 54 <br/>
							Discount:    INR 0 <br/>
							No. of users extended: 5 <br/>
							Plan periods extends: 1 month(s) <br/><br/>
							Thanks for buying ubiAttendance services.<br/><br/>
							To generate the Invoice <a href='http://192.168.0.200/ubiattendance/index.php/cron/generateInvoice?id=MzQ5NzcxNjMz' target='_blank'> Click here</a>.<br/><br/>
							Regards<br/>
							Team ubiAttendance</body></html><br/><br/><b>This is an auto-generated mail. Kindly do not reply to this mail.</b>
10-Oct-2019 10:33 : The following From address failed: ubiattendance@ubitechsolutions.com
10-Oct-2019 10:33 : <html><body>Dear super admin<br/>,
							deekshaorg has paid amount INR 300 to upgrade ubiAttendance premium plan. <br/><br/>
							<b>Payment summary:</b> <br/><br/>
							Email ID: 	deeksha@123.com <br/>
							Transaction Id: 349771633 <br/>
							Amount paid: INR 354 (tax included) <br/>
							Taxes paid:    INR 54 <br/>
							Discount:    INR 0 <br/>
							No. of users extended: 5 <br/>
							Plan periods extends: 1 month(s) <br/><br/>
							Thanks for buying ubiAttendance services.<br/><br/>
							To generate the Invoice <a href='http://192.168.0.200/ubiattendance/index.php/cron/generateInvoice?id=MzQ5NzcxNjMz' target='_blank'> Click here</a>.<br/><br/>
							Regards<br/>
							Team ubiAttendance</body></html><br/><br/><b>This is an auto-generated mail. Kindly do not reply to this mail.</b>
10-Oct-2019 10:33 : The following From address failed: ubiattendance@ubitechsolutions.com
10-Oct-2019 10:33 : <html><body>Dear super admin<br/>,
							deekshaorg has paid amount INR 300 to upgrade ubiAttendance premium plan. <br/><br/>
							<b>Payment summary:</b> <br/><br/>
							Email ID: 	deeksha@123.com <br/>
							Transaction Id: 349771633 <br/>
							Amount paid: INR 354 (tax included) <br/>
							Taxes paid:    INR 54 <br/>
							Discount:    INR 0 <br/>
							No. of users extended: 5 <br/>
							Plan periods extends: 1 month(s) <br/><br/>
							Thanks for buying ubiAttendance services.<br/><br/>
							To generate the Invoice <a href='http://192.168.0.200/ubiattendance/index.php/cron/generateInvoice?id=MzQ5NzcxNjMz' target='_blank'> Click here</a>.<br/><br/>
							Regards<br/>
							Team ubiAttendance</body></html><br/><br/><b>This is an auto-generated mail. Kindly do not reply to this mail.</b>
10-Oct-2019 10:33 : The following From address failed: ubiattendance@ubitechsolutions.com
10-Oct-2019 10:33 : <html><body>Dear deekshaorg<br/><br/>
							You have paid amount INR 300 to upgrade ubiAttendance Premium Plan. <br/><br/>
							<b>Payment summary:</b> <br/><br/>
							Email ID: 	deeksha@123.com <br/>
							Transaction Id: 349771633 <br/>
							Amount paid: INR 354 (tax included) <br/>
							Tax paid:    INR 54 <br/>
							Discount:    INR 0 <br/>
							No. of users extended: 5 <br/>
							Plan periods extends: 1 month(s) <br/><br/>
							Thanks for buy ubiAttendance services.<br/><br/>
							TO generate the Invoice <a href='http://192.168.0.200/ubiattendance/index.php/cron/generateInvoice?id=MzQ5NzcxNjMz' target='_blank'> Click here</a>.<br/><br/>
							Regards<br/>
							Team ubiAttendance</body></html><br/><br/><b>This is an auto-generated mail. Kindly do not reply to this mail.</b>
10-Oct-2019 10:33 : The following From address failed: ubiattendance@ubitechsolutions.com
10-Oct-2019 10:35 : <html><body>Dear super admin<br/>,
				deekshaorg has paid amount INR 454 for upgradation of its ubiAttendance premium plan. <br/><br/>
				<b>Payment summary:</b> <br/><br/>
				Email ID: 	deeksha@123.com <br/>
				Transaction Id: 349771634 <br/>
				Amount paid: INR 536 (tax included) <br/>
				Tax paid:    INR 82 <br/>
				Discount:    INR 0 <br/>
				No. of users extended: 5 <br/>
				Plan periods extends: 0 month(s) <br/><br/>
				Thanks for buy ubiAttendance services.<br/><br/>
				TO generate the Invoice <a href='http://192.168.0.200/ubiattendance/index.php/cron/generateInvoice?id=MzQ5NzcxNjM0' target='_blank'> Click here</a>.<br/><br/>
				Regards<br/>
				Team ubiAttendance</body></html><br/><br/><b>This is an auto-generated mail. Kindly do not reply to this mail.</b>
10-Oct-2019 10:35 : The following From address failed: ubiattendance@ubitechsolutions.com
10-Oct-2019 10:35 : <html><body>Dear super admin<br/>,
				deekshaorg has paid amount INR 454 for upgradation of its ubiAttendance premium plan. <br/><br/>
				<b>Payment summary:</b> <br/><br/>
				Email ID: 	deeksha@123.com <br/>
				Transaction Id: 349771634 <br/>
				Amount paid: INR 536 (tax included) <br/>
				Tax paid:    INR 82 <br/>
				Discount:    INR 0 <br/>
				No. of users extended: 5 <br/>
				Plan periods extends: 0 month(s) <br/><br/>
				Thanks for buy ubiAttendance services.<br/><br/>
				TO generate the Invoice <a href='http://192.168.0.200/ubiattendance/index.php/cron/generateInvoice?id=MzQ5NzcxNjM0' target='_blank'> Click here</a>.<br/><br/>
				Regards<br/>
				Team ubiAttendance</body></html><br/><br/><b>This is an auto-generated mail. Kindly do not reply to this mail.</b>
10-Oct-2019 10:35 : The following From address failed: ubiattendance@ubitechsolutions.com
10-Oct-2019 10:35 : <html><body>Dear super admin<br/>,
				deekshaorg has paid amount INR 454 for upgradation of its ubiAttendance premium plan. <br/><br/>
				<b>Payment summary:</b> <br/><br/>
				Email ID: 	deeksha@123.com <br/>
				Transaction Id: 349771634 <br/>
				Amount paid: INR 536 (tax included) <br/>
				Tax paid:    INR 82 <br/>
				Discount:    INR 0 <br/>
				No. of users extended: 5 <br/>
				Plan periods extends: 0 month(s) <br/><br/>
				Thanks for buy ubiAttendance services.<br/><br/>
				TO generate the Invoice <a href='http://192.168.0.200/ubiattendance/index.php/cron/generateInvoice?id=MzQ5NzcxNjM0' target='_blank'> Click here</a>.<br/><br/>
				Regards<br/>
				Team ubiAttendance</body></html><br/><br/><b>This is an auto-generated mail. Kindly do not reply to this mail.</b>
10-Oct-2019 10:35 : The following From address failed: ubiattendance@ubitechsolutions.com
10-Oct-2019 10:35 : <html><body>Dear deekshaorg<br/><br/>
				You have paid amount INR 454 for upgradation of ubiAttendance Premium Plan. <br/><br/>
				<b>Payment summary:</b> <br/><br/>
				Email ID: 	deeksha@123.com <br/>
				Transaction Id: 349771634 <br/>
				Amount paid: INR 536 (tax included) <br/>
				Tax paid:    INR 82 <br/>
				Discount:    INR 0 <br/>
				No. of users extended: 5 <br/>
				Plan periods extends: 0 month(s) <br/><br/>
				Thanks for buy ubiAttendance services.<br/><br/>
				To generate the Invoice <a href='http://192.168.0.200/ubiattendance/index.php/cron/generateInvoice?id=MzQ5NzcxNjM0' target='_blank'> Click here</a>.<br/><br/>
				Regards<br/>
				Team ubiAttendance</body></html><br/><br/><b>This is an auto-generated mail. Kindly do not reply to this mail.</b>
10-Oct-2019 10:35 : The following From address failed: ubiattendance@ubitechsolutions.com
10-Oct-2019 10:38 : <html><body>Dear super admin<br/>,
				deekshaorg has paid amount INR 635 for upgradation of its ubiAttendance premium plan. <br/><br/>
				<b>Payment summary:</b> <br/><br/>
				Email ID: 	deeksha@123.com <br/>
				Transaction Id: 349771635 <br/>
				Amount paid: INR 749 (tax included) <br/>
				Tax paid:    INR 114 <br/>
				Discount:    INR 0 <br/>
				No. of users extended: 5 <br/>
				Plan periods extends: 0 month(s) <br/><br/>
				Thanks for buy ubiAttendance services.<br/><br/>
				TO generate the Invoice <a href='http://192.168.0.200/ubiattendance/index.php/cron/generateInvoice?id=MzQ5NzcxNjM1' target='_blank'> Click here</a>.<br/><br/>
				Regards<br/>
				Team ubiAttendance</body></html><br/><br/><b>This is an auto-generated mail. Kindly do not reply to this mail.</b>
10-Oct-2019 10:38 : The following From address failed: ubiattendance@ubitechsolutions.com
10-Oct-2019 10:38 : <html><body>Dear super admin<br/>,
				deekshaorg has paid amount INR 635 for upgradation of its ubiAttendance premium plan. <br/><br/>
				<b>Payment summary:</b> <br/><br/>
				Email ID: 	deeksha@123.com <br/>
				Transaction Id: 349771635 <br/>
				Amount paid: INR 749 (tax included) <br/>
				Tax paid:    INR 114 <br/>
				Discount:    INR 0 <br/>
				No. of users extended: 5 <br/>
				Plan periods extends: 0 month(s) <br/><br/>
				Thanks for buy ubiAttendance services.<br/><br/>
				TO generate the Invoice <a href='http://192.168.0.200/ubiattendance/index.php/cron/generateInvoice?id=MzQ5NzcxNjM1' target='_blank'> Click here</a>.<br/><br/>
				Regards<br/>
				Team ubiAttendance</body></html><br/><br/><b>This is an auto-generated mail. Kindly do not reply to this mail.</b>
10-Oct-2019 10:38 : The following From address failed: ubiattendance@ubitechsolutions.com
10-Oct-2019 10:38 : <html><body>Dear super admin<br/>,
				deekshaorg has paid amount INR 635 for upgradation of its ubiAttendance premium plan. <br/><br/>
				<b>Payment summary:</b> <br/><br/>
				Email ID: 	deeksha@123.com <br/>
				Transaction Id: 349771635 <br/>
				Amount paid: INR 749 (tax included) <br/>
				Tax paid:    INR 114 <br/>
				Discount:    INR 0 <br/>
				No. of users extended: 5 <br/>
				Plan periods extends: 0 month(s) <br/><br/>
				Thanks for buy ubiAttendance services.<br/><br/>
				TO generate the Invoice <a href='http://192.168.0.200/ubiattendance/index.php/cron/generateInvoice?id=MzQ5NzcxNjM1' target='_blank'> Click here</a>.<br/><br/>
				Regards<br/>
				Team ubiAttendance</body></html><br/><br/><b>This is an auto-generated mail. Kindly do not reply to this mail.</b>
10-Oct-2019 10:38 : The following From address failed: ubiattendance@ubitechsolutions.com
10-Oct-2019 10:38 : <html><body>Dear deekshaorg<br/><br/>
				You have paid amount INR 635 for upgradation of ubiAttendance Premium Plan. <br/><br/>
				<b>Payment summary:</b> <br/><br/>
				Email ID: 	deeksha@123.com <br/>
				Transaction Id: 349771635 <br/>
				Amount paid: INR 749 (tax included) <br/>
				Tax paid:    INR 114 <br/>
				Discount:    INR 0 <br/>
				No. of users extended: 5 <br/>
				Plan periods extends: 0 month(s) <br/><br/>
				Thanks for buy ubiAttendance services.<br/><br/>
				To generate the Invoice <a href='http://192.168.0.200/ubiattendance/index.php/cron/generateInvoice?id=MzQ5NzcxNjM1' target='_blank'> Click here</a>.<br/><br/>
				Regards<br/>
				Team ubiAttendance</body></html><br/><br/><b>This is an auto-generated mail. Kindly do not reply to this mail.</b>
10-Oct-2019 10:38 : The following From address failed: ubiattendance@ubitechsolutions.com
10-Oct-2019 10:41 : <html><body>Dear super admin<br/>,
				deekshaorg has paid amount INR 5400 for upgradation of its ubiAttendance premium plan. <br/><br/>
				<b>Payment summary:</b> <br/><br/>
				Email ID: 	deeksha@123.com <br/>
				Transaction Id: 349771636 <br/>
				Amount paid: INR 6372 (tax included) <br/>
				Tax paid:    INR 972 <br/>
				Discount:    INR 0 <br/>
				No. of users extended: 0 <br/>
				Plan periods extends: 6 month(s) <br/><br/>
				Thanks for buy ubiAttendance services.<br/><br/>
				TO generate the Invoice <a href='http://192.168.0.200/ubiattendance/index.php/cron/generateInvoice?id=MzQ5NzcxNjM2' target='_blank'> Click here</a>.<br/><br/>
				Regards<br/>
				Team ubiAttendance</body></html><br/><br/><b>This is an auto-generated mail. Kindly do not reply to this mail.</b>
10-Oct-2019 10:41 : The following From address failed: ubiattendance@ubitechsolutions.com
10-Oct-2019 10:41 : <html><body>Dear super admin<br/>,
				deekshaorg has paid amount INR 5400 for upgradation of its ubiAttendance premium plan. <br/><br/>
				<b>Payment summary:</b> <br/><br/>
				Email ID: 	deeksha@123.com <br/>
				Transaction Id: 349771636 <br/>
				Amount paid: INR 6372 (tax included) <br/>
				Tax paid:    INR 972 <br/>
				Discount:    INR 0 <br/>
				No. of users extended: 0 <br/>
				Plan periods extends: 6 month(s) <br/><br/>
				Thanks for buy ubiAttendance services.<br/><br/>
				TO generate the Invoice <a href='http://192.168.0.200/ubiattendance/index.php/cron/generateInvoice?id=MzQ5NzcxNjM2' target='_blank'> Click here</a>.<br/><br/>
				Regards<br/>
				Team ubiAttendance</body></html><br/><br/><b>This is an auto-generated mail. Kindly do not reply to this mail.</b>
10-Oct-2019 10:41 : The following From address failed: ubiattendance@ubitechsolutions.com
10-Oct-2019 10:41 : <html><body>Dear super admin<br/>,
				deekshaorg has paid amount INR 5400 for upgradation of its ubiAttendance premium plan. <br/><br/>
				<b>Payment summary:</b> <br/><br/>
				Email ID: 	deeksha@123.com <br/>
				Transaction Id: 349771636 <br/>
				Amount paid: INR 6372 (tax included) <br/>
				Tax paid:    INR 972 <br/>
				Discount:    INR 0 <br/>
				No. of users extended: 0 <br/>
				Plan periods extends: 6 month(s) <br/><br/>
				Thanks for buy ubiAttendance services.<br/><br/>
				TO generate the Invoice <a href='http://192.168.0.200/ubiattendance/index.php/cron/generateInvoice?id=MzQ5NzcxNjM2' target='_blank'> Click here</a>.<br/><br/>
				Regards<br/>
				Team ubiAttendance</body></html><br/><br/><b>This is an auto-generated mail. Kindly do not reply to this mail.</b>
10-Oct-2019 10:41 : The following From address failed: ubiattendance@ubitechsolutions.com
10-Oct-2019 10:41 : <html><body>Dear deekshaorg<br/><br/>
				You have paid amount INR 5400 for upgradation of ubiAttendance Premium Plan. <br/><br/>
				<b>Payment summary:</b> <br/><br/>
				Email ID: 	deeksha@123.com <br/>
				Transaction Id: 349771636 <br/>
				Amount paid: INR 6372 (tax included) <br/>
				Tax paid:    INR 972 <br/>
				Discount:    INR 0 <br/>
				No. of users extended: 0 <br/>
				Plan periods extends: 6 month(s) <br/><br/>
				Thanks for buy ubiAttendance services.<br/><br/>
				To generate the Invoice <a href='http://192.168.0.200/ubiattendance/index.php/cron/generateInvoice?id=MzQ5NzcxNjM2' target='_blank'> Click here</a>.<br/><br/>
				Regards<br/>
				Team ubiAttendance</body></html><br/><br/><b>This is an auto-generated mail. Kindly do not reply to this mail.</b>
10-Oct-2019 10:41 : The following From address failed: ubiattendance@ubitechsolutions.com
10-Oct-2019 11:35 : <html><body>Dear super admin<br/>,
				deekshaorg has paid amount INR 4200 for upgradation of its ubiAttendance premium plan. <br/><br/>
				<b>Payment summary:</b> <br/><br/>
				Email ID: 	deeksha@123.com <br/>
				Transaction Id: 349771637 <br/>
				Amount paid: INR 4956 (tax included) <br/>
				Tax paid:    INR 756 <br/>
				Discount:    INR 0 <br/>
				No. of users extended: 0 <br/>
				Plan periods extends: 5 month(s) <br/><br/>
				Thanks for buy ubiAttendance services.<br/><br/>
				TO generate the Invoice <a href='http://192.168.0.200/ubiattendance/index.php/cron/generateInvoice?id=MzQ5NzcxNjM3' target='_blank'> Click here</a>.<br/><br/>
				Regards<br/>
				Team ubiAttendance</body></html><br/><br/><b>This is an auto-generated mail. Kindly do not reply to this mail.</b>
10-Oct-2019 11:35 : The following From address failed: ubiattendance@ubitechsolutions.com
10-Oct-2019 11:35 : <html><body>Dear super admin<br/>,
				deekshaorg has paid amount INR 4200 for upgradation of its ubiAttendance premium plan. <br/><br/>
				<b>Payment summary:</b> <br/><br/>
				Email ID: 	deeksha@123.com <br/>
				Transaction Id: 349771637 <br/>
				Amount paid: INR 4956 (tax included) <br/>
				Tax paid:    INR 756 <br/>
				Discount:    INR 0 <br/>
				No. of users extended: 0 <br/>
				Plan periods extends: 5 month(s) <br/><br/>
				Thanks for buy ubiAttendance services.<br/><br/>
				TO generate the Invoice <a href='http://192.168.0.200/ubiattendance/index.php/cron/generateInvoice?id=MzQ5NzcxNjM3' target='_blank'> Click here</a>.<br/><br/>
				Regards<br/>
				Team ubiAttendance</body></html><br/><br/><b>This is an auto-generated mail. Kindly do not reply to this mail.</b>
10-Oct-2019 11:35 : The following From address failed: ubiattendance@ubitechsolutions.com
10-Oct-2019 11:35 : <html><body>Dear super admin<br/>,
				deekshaorg has paid amount INR 4200 for upgradation of its ubiAttendance premium plan. <br/><br/>
				<b>Payment summary:</b> <br/><br/>
				Email ID: 	deeksha@123.com <br/>
				Transaction Id: 349771637 <br/>
				Amount paid: INR 4956 (tax included) <br/>
				Tax paid:    INR 756 <br/>
				Discount:    INR 0 <br/>
				No. of users extended: 0 <br/>
				Plan periods extends: 5 month(s) <br/><br/>
				Thanks for buy ubiAttendance services.<br/><br/>
				TO generate the Invoice <a href='http://192.168.0.200/ubiattendance/index.php/cron/generateInvoice?id=MzQ5NzcxNjM3' target='_blank'> Click here</a>.<br/><br/>
				Regards<br/>
				Team ubiAttendance</body></html><br/><br/><b>This is an auto-generated mail. Kindly do not reply to this mail.</b>
10-Oct-2019 11:35 : The following From address failed: ubiattendance@ubitechsolutions.com
10-Oct-2019 11:35 : <html><body>Dear deekshaorg<br/><br/>
				You have paid amount INR 4200 for upgradation of ubiAttendance Premium Plan. <br/><br/>
				<b>Payment summary:</b> <br/><br/>
				Email ID: 	deeksha@123.com <br/>
				Transaction Id: 349771637 <br/>
				Amount paid: INR 4956 (tax included) <br/>
				Tax paid:    INR 756 <br/>
				Discount:    INR 0 <br/>
				No. of users extended: 0 <br/>
				Plan periods extends: 5 month(s) <br/><br/>
				Thanks for buy ubiAttendance services.<br/><br/>
				To generate the Invoice <a href='http://192.168.0.200/ubiattendance/index.php/cron/generateInvoice?id=MzQ5NzcxNjM3' target='_blank'> Click here</a>.<br/><br/>
				Regards<br/>
				Team ubiAttendance</body></html><br/><br/><b>This is an auto-generated mail. Kindly do not reply to this mail.</b>
10-Oct-2019 11:35 : The following From address failed: ubiattendance@ubitechsolutions.com
10-Oct-2019 11:39 : <html><body>Dear super admin<br/>,
				deekshaorg has paid amount INR 4200 for upgradation of its ubiAttendance premium plan. <br/><br/>
				<b>Payment summary:</b> <br/><br/>
				Email ID: 	deeksha@123.com <br/>
				Transaction Id: 349771638 <br/>
				Amount paid: INR 4956 (tax included) <br/>
				Tax paid:    INR 756 <br/>
				Discount:    INR 0 <br/>
				No. of users extended: 0 <br/>
				Plan periods extends: 5 month(s) <br/><br/>
				Thanks for buy ubiAttendance services.<br/><br/>
				TO generate the Invoice <a href='http://192.168.0.200/ubiattendance/index.php/cron/generateInvoice?id=MzQ5NzcxNjM4' target='_blank'> Click here</a>.<br/><br/>
				Regards<br/>
				Team ubiAttendance</body></html><br/><br/><b>This is an auto-generated mail. Kindly do not reply to this mail.</b>
10-Oct-2019 11:39 : The following From address failed: ubiattendance@ubitechsolutions.com
10-Oct-2019 11:39 : <html><body>Dear super admin<br/>,
				deekshaorg has paid amount INR 4200 for upgradation of its ubiAttendance premium plan. <br/><br/>
				<b>Payment summary:</b> <br/><br/>
				Email ID: 	deeksha@123.com <br/>
				Transaction Id: 349771638 <br/>
				Amount paid: INR 4956 (tax included) <br/>
				Tax paid:    INR 756 <br/>
				Discount:    INR 0 <br/>
				No. of users extended: 0 <br/>
				Plan periods extends: 5 month(s) <br/><br/>
				Thanks for buy ubiAttendance services.<br/><br/>
				TO generate the Invoice <a href='http://192.168.0.200/ubiattendance/index.php/cron/generateInvoice?id=MzQ5NzcxNjM4' target='_blank'> Click here</a>.<br/><br/>
				Regards<br/>
				Team ubiAttendance</body></html><br/><br/><b>This is an auto-generated mail. Kindly do not reply to this mail.</b>
10-Oct-2019 11:39 : The following From address failed: ubiattendance@ubitechsolutions.com
10-Oct-2019 11:39 : <html><body>Dear super admin<br/>,
				deekshaorg has paid amount INR 4200 for upgradation of its ubiAttendance premium plan. <br/><br/>
				<b>Payment summary:</b> <br/><br/>
				Email ID: 	deeksha@123.com <br/>
				Transaction Id: 349771638 <br/>
				Amount paid: INR 4956 (tax included) <br/>
				Tax paid:    INR 756 <br/>
				Discount:    INR 0 <br/>
				No. of users extended: 0 <br/>
				Plan periods extends: 5 month(s) <br/><br/>
				Thanks for buy ubiAttendance services.<br/><br/>
				TO generate the Invoice <a href='http://192.168.0.200/ubiattendance/index.php/cron/generateInvoice?id=MzQ5NzcxNjM4' target='_blank'> Click here</a>.<br/><br/>
				Regards<br/>
				Team ubiAttendance</body></html><br/><br/><b>This is an auto-generated mail. Kindly do not reply to this mail.</b>
10-Oct-2019 11:39 : The following From address failed: ubiattendance@ubitechsolutions.com
10-Oct-2019 11:39 : <html><body>Dear deekshaorg<br/><br/>
				You have paid amount INR 4200 for upgradation of ubiAttendance Premium Plan. <br/><br/>
				<b>Payment summary:</b> <br/><br/>
				Email ID: 	deeksha@123.com <br/>
				Transaction Id: 349771638 <br/>
				Amount paid: INR 4956 (tax included) <br/>
				Tax paid:    INR 756 <br/>
				Discount:    INR 0 <br/>
				No. of users extended: 0 <br/>
				Plan periods extends: 5 month(s) <br/><br/>
				Thanks for buy ubiAttendance services.<br/><br/>
				To generate the Invoice <a href='http://192.168.0.200/ubiattendance/index.php/cron/generateInvoice?id=MzQ5NzcxNjM4' target='_blank'> Click here</a>.<br/><br/>
				Regards<br/>
				Team ubiAttendance</body></html><br/><br/><b>This is an auto-generated mail. Kindly do not reply to this mail.</b>
10-Oct-2019 11:39 : The following From address failed: ubiattendance@ubitechsolutions.com
10-Oct-2019 11:40 : <html><body>Dear super admin<br/>,
				deekshaorg has paid amount INR 8247 for upgradation of its ubiAttendance premium plan. <br/><br/>
				<b>Payment summary:</b> <br/><br/>
				Email ID: 	deeksha@123.com <br/>
				Transaction Id: 349771639 <br/>
				Amount paid: INR 9732 (tax included) <br/>
				Tax paid:    INR 1485 <br/>
				Discount:    INR 0 <br/>
				No. of users extended: 0 <br/>
				Plan periods extends: 5 month(s) <br/><br/>
				Thanks for buy ubiAttendance services.<br/><br/>
				TO generate the Invoice <a href='http://192.168.0.200/ubiattendance/index.php/cron/generateInvoice?id=MzQ5NzcxNjM5' target='_blank'> Click here</a>.<br/><br/>
				Regards<br/>
				Team ubiAttendance</body></html><br/><br/><b>This is an auto-generated mail. Kindly do not reply to this mail.</b>
10-Oct-2019 11:40 : The following From address failed: ubiattendance@ubitechsolutions.com
10-Oct-2019 11:40 : <html><body>Dear super admin<br/>,
				deekshaorg has paid amount INR 8247 for upgradation of its ubiAttendance premium plan. <br/><br/>
				<b>Payment summary:</b> <br/><br/>
				Email ID: 	deeksha@123.com <br/>
				Transaction Id: 349771639 <br/>
				Amount paid: INR 9732 (tax included) <br/>
				Tax paid:    INR 1485 <br/>
				Discount:    INR 0 <br/>
				No. of users extended: 0 <br/>
				Plan periods extends: 5 month(s) <br/><br/>
				Thanks for buy ubiAttendance services.<br/><br/>
				TO generate the Invoice <a href='http://192.168.0.200/ubiattendance/index.php/cron/generateInvoice?id=MzQ5NzcxNjM5' target='_blank'> Click here</a>.<br/><br/>
				Regards<br/>
				Team ubiAttendance</body></html><br/><br/><b>This is an auto-generated mail. Kindly do not reply to this mail.</b>
10-Oct-2019 11:40 : The following From address failed: ubiattendance@ubitechsolutions.com
10-Oct-2019 11:40 : <html><body>Dear super admin<br/>,
				deekshaorg has paid amount INR 8247 for upgradation of its ubiAttendance premium plan. <br/><br/>
				<b>Payment summary:</b> <br/><br/>
				Email ID: 	deeksha@123.com <br/>
				Transaction Id: 349771639 <br/>
				Amount paid: INR 9732 (tax included) <br/>
				Tax paid:    INR 1485 <br/>
				Discount:    INR 0 <br/>
				No. of users extended: 0 <br/>
				Plan periods extends: 5 month(s) <br/><br/>
				Thanks for buy ubiAttendance services.<br/><br/>
				TO generate the Invoice <a href='http://192.168.0.200/ubiattendance/index.php/cron/generateInvoice?id=MzQ5NzcxNjM5' target='_blank'> Click here</a>.<br/><br/>
				Regards<br/>
				Team ubiAttendance</body></html><br/><br/><b>This is an auto-generated mail. Kindly do not reply to this mail.</b>
10-Oct-2019 11:40 : The following From address failed: ubiattendance@ubitechsolutions.com
10-Oct-2019 11:40 : <html><body>Dear deekshaorg<br/><br/>
				You have paid amount INR 8247 for upgradation of ubiAttendance Premium Plan. <br/><br/>
				<b>Payment summary:</b> <br/><br/>
				Email ID: 	deeksha@123.com <br/>
				Transaction Id: 349771639 <br/>
				Amount paid: INR 9732 (tax included) <br/>
				Tax paid:    INR 1485 <br/>
				Discount:    INR 0 <br/>
				No. of users extended: 0 <br/>
				Plan periods extends: 5 month(s) <br/><br/>
				Thanks for buy ubiAttendance services.<br/><br/>
				To generate the Invoice <a href='http://192.168.0.200/ubiattendance/index.php/cron/generateInvoice?id=MzQ5NzcxNjM5' target='_blank'> Click here</a>.<br/><br/>
				Regards<br/>
				Team ubiAttendance</body></html><br/><br/><b>This is an auto-generated mail. Kindly do not reply to this mail.</b>
10-Oct-2019 11:40 : The following From address failed: ubiattendance@ubitechsolutions.com
10-Oct-2019 11:51 : <html><body>Dear super admin<br/>,
				deekshaorg has paid amount INR 5100 for upgradation of its ubiAttendance premium plan. <br/><br/>
				<b>Payment summary:</b> <br/><br/>
				Email ID: 	deeksha@123.com <br/>
				Transaction Id: 349771640 <br/>
				Amount paid: INR 6018 (tax included) <br/>
				Tax paid:    INR 918 <br/>
				Discount:    INR 0 <br/>
				No. of users extended: 0 <br/>
				Plan periods extends: 5 month(s) <br/><br/>
				Thanks for buy ubiAttendance services.<br/><br/>
				TO generate the Invoice <a href='http://192.168.0.200/ubiattendance/index.php/cron/generateInvoice?id=MzQ5NzcxNjQw' target='_blank'> Click here</a>.<br/><br/>
				Regards<br/>
				Team ubiAttendance</body></html><br/><br/><b>This is an auto-generated mail. Kindly do not reply to this mail.</b>
10-Oct-2019 11:51 : The following From address failed: ubiattendance@ubitechsolutions.com
10-Oct-2019 11:51 : <html><body>Dear super admin<br/>,
				deekshaorg has paid amount INR 5100 for upgradation of its ubiAttendance premium plan. <br/><br/>
				<b>Payment summary:</b> <br/><br/>
				Email ID: 	deeksha@123.com <br/>
				Transaction Id: 349771640 <br/>
				Amount paid: INR 6018 (tax included) <br/>
				Tax paid:    INR 918 <br/>
				Discount:    INR 0 <br/>
				No. of users extended: 0 <br/>
				Plan periods extends: 5 month(s) <br/><br/>
				Thanks for buy ubiAttendance services.<br/><br/>
				TO generate the Invoice <a href='http://192.168.0.200/ubiattendance/index.php/cron/generateInvoice?id=MzQ5NzcxNjQw' target='_blank'> Click here</a>.<br/><br/>
				Regards<br/>
				Team ubiAttendance</body></html><br/><br/><b>This is an auto-generated mail. Kindly do not reply to this mail.</b>
10-Oct-2019 11:51 : The following From address failed: ubiattendance@ubitechsolutions.com
10-Oct-2019 11:51 : <html><body>Dear super admin<br/>,
				deekshaorg has paid amount INR 5100 for upgradation of its ubiAttendance premium plan. <br/><br/>
				<b>Payment summary:</b> <br/><br/>
				Email ID: 	deeksha@123.com <br/>
				Transaction Id: 349771640 <br/>
				Amount paid: INR 6018 (tax included) <br/>
				Tax paid:    INR 918 <br/>
				Discount:    INR 0 <br/>
				No. of users extended: 0 <br/>
				Plan periods extends: 5 month(s) <br/><br/>
				Thanks for buy ubiAttendance services.<br/><br/>
				TO generate the Invoice <a href='http://192.168.0.200/ubiattendance/index.php/cron/generateInvoice?id=MzQ5NzcxNjQw' target='_blank'> Click here</a>.<br/><br/>
				Regards<br/>
				Team ubiAttendance</body></html><br/><br/><b>This is an auto-generated mail. Kindly do not reply to this mail.</b>
10-Oct-2019 11:51 : The following From address failed: ubiattendance@ubitechsolutions.com
10-Oct-2019 11:51 : <html><body>Dear deekshaorg<br/><br/>
				You have paid amount INR 5100 for upgradation of ubiAttendance Premium Plan. <br/><br/>
				<b>Payment summary:</b> <br/><br/>
				Email ID: 	deeksha@123.com <br/>
				Transaction Id: 349771640 <br/>
				Amount paid: INR 6018 (tax included) <br/>
				Tax paid:    INR 918 <br/>
				Discount:    INR 0 <br/>
				No. of users extended: 0 <br/>
				Plan periods extends: 5 month(s) <br/><br/>
				Thanks for buy ubiAttendance services.<br/><br/>
				To generate the Invoice <a href='http://192.168.0.200/ubiattendance/index.php/cron/generateInvoice?id=MzQ5NzcxNjQw' target='_blank'> Click here</a>.<br/><br/>
				Regards<br/>
				Team ubiAttendance</body></html><br/><br/><b>This is an auto-generated mail. Kindly do not reply to this mail.</b>
10-Oct-2019 11:51 : The following From address failed: ubiattendance@ubitechsolutions.com
10-Oct-2019 14:03 : <html>
                        <head>
                        <title>ubiAttendance</title>
                        </head>
                        <body>Dear Admin,<br/>
                        <p>
                        Congratulations!! <b>Yyyyyyy </b> has been added to the Employees’ List of<b> Ubitech Solutions Pvt. Ltd.</b>.
                        <br/> The details registered are:<br/><br/>
                        <b>
                        
                        Employee: Yyyyyyy  <br/>
                        
                        Username(Phone#): 4563215625<br/>                    
                        </b>
                        </p>
                        <p>
                            <a href='https://ubiattendance.ubihrm.com/index.php/services/useridcard/10/69540' target='_blank' >
                            GenerateYyyyyyy ’s
                             QR code </a>                        
                        </p>
                        
                        
                        <h5>Regards,</h5>
                        <h5>Team ubiAttendance </h5>
                    </body>
                    </html>
                    <br/><br/><b>This is an auto-generated mail. Kindly do not reply to this mail.</b>
10-Oct-2019 14:03 : The following From address failed: ubiattendance@ubitechsolutions.com
10-Oct-2019 15:09 : <html>
                        <head>
                        <title>ubiAttendance</title>
                        </head>
                        <body>Dear Admin,<br/>
                        <p>
                        Congratulations!! <b>Qqqqqq </b> has been added to the Employees’ List of<b> Ubitech Solutions Pvt. Ltd.</b>.
                        <br/> The details registered are:<br/><br/>
                        <b>
                        
                        Employee: Qqqqqq  <br/>
                        
                        Username(Phone#): 1233698536<br/>                    
                        </b>
                        </p>
                        <p>
                            <a href='https://ubiattendance.ubihrm.com/index.php/services/useridcard/10/69541' target='_blank' >
                            GenerateQqqqqq ’s
                             QR code </a>                        
                        </p>
                        
                        
                        <h5>Regards,</h5>
                        <h5>Team ubiAttendance </h5>
                    </body>
                    </html>
                    <br/><br/><b>This is an auto-generated mail. Kindly do not reply to this mail.</b>
10-Oct-2019 15:09 : The following From address failed: ubiattendance@ubitechsolutions.com
10-Oct-2019 17:21 : <html><body>Dear super admin<br/>,
				deekshaorg has paid amount INR 10727 for upgradation of its ubiAttendance premium plan. <br/><br/>
				<b>Payment summary:</b> <br/><br/>
				Email ID: 	deeksha@123.com <br/>
				Transaction Id: 349771648 <br/>
				Amount paid: INR 12658 (tax included) <br/>
				Tax paid:    INR 1931 <br/>
				Discount:    INR 0 <br/>
				No. of users extended: 5 <br/>
				Plan periods extends: 1 month(s) <br/><br/>
				Thanks for buy ubiAttendance services.<br/><br/>
				TO generate the Invoice <a href='http://192.168.0.200/ubiattendance/index.php/cron/generateInvoice?id=MzQ5NzcxNjQ4' target='_blank'> Click here</a>.<br/><br/>
				Regards<br/>
				Team ubiAttendance</body></html><br/><br/><b>This is an auto-generated mail. Kindly do not reply to this mail.</b>
10-Oct-2019 17:21 : The following From address failed: ubiattendance@ubitechsolutions.com
10-Oct-2019 17:21 : <html><body>Dear super admin<br/>,
				deekshaorg has paid amount INR 10727 for upgradation of its ubiAttendance premium plan. <br/><br/>
				<b>Payment summary:</b> <br/><br/>
				Email ID: 	deeksha@123.com <br/>
				Transaction Id: 349771648 <br/>
				Amount paid: INR 12658 (tax included) <br/>
				Tax paid:    INR 1931 <br/>
				Discount:    INR 0 <br/>
				No. of users extended: 5 <br/>
				Plan periods extends: 1 month(s) <br/><br/>
				Thanks for buy ubiAttendance services.<br/><br/>
				TO generate the Invoice <a href='http://192.168.0.200/ubiattendance/index.php/cron/generateInvoice?id=MzQ5NzcxNjQ4' target='_blank'> Click here</a>.<br/><br/>
				Regards<br/>
				Team ubiAttendance</body></html><br/><br/><b>This is an auto-generated mail. Kindly do not reply to this mail.</b>
10-Oct-2019 17:21 : The following From address failed: ubiattendance@ubitechsolutions.com
10-Oct-2019 17:21 : <html><body>Dear super admin<br/>,
				deekshaorg has paid amount INR 10727 for upgradation of its ubiAttendance premium plan. <br/><br/>
				<b>Payment summary:</b> <br/><br/>
				Email ID: 	deeksha@123.com <br/>
				Transaction Id: 349771648 <br/>
				Amount paid: INR 12658 (tax included) <br/>
				Tax paid:    INR 1931 <br/>
				Discount:    INR 0 <br/>
				No. of users extended: 5 <br/>
				Plan periods extends: 1 month(s) <br/><br/>
				Thanks for buy ubiAttendance services.<br/><br/>
				TO generate the Invoice <a href='http://192.168.0.200/ubiattendance/index.php/cron/generateInvoice?id=MzQ5NzcxNjQ4' target='_blank'> Click here</a>.<br/><br/>
				Regards<br/>
				Team ubiAttendance</body></html><br/><br/><b>This is an auto-generated mail. Kindly do not reply to this mail.</b>
10-Oct-2019 17:21 : The following From address failed: ubiattendance@ubitechsolutions.com
10-Oct-2019 17:21 : <html><body>Dear deekshaorg<br/><br/>
				You have paid amount INR 10727 for upgradation of ubiAttendance Premium Plan. <br/><br/>
				<b>Payment summary:</b> <br/><br/>
				Email ID: 	deeksha@123.com <br/>
				Transaction Id: 349771648 <br/>
				Amount paid: INR 12658 (tax included) <br/>
				Tax paid:    INR 1931 <br/>
				Discount:    INR 0 <br/>
				No. of users extended: 5 <br/>
				Plan periods extends: 1 month(s) <br/><br/>
				Thanks for buy ubiAttendance services.<br/><br/>
				To generate the Invoice <a href='http://192.168.0.200/ubiattendance/index.php/cron/generateInvoice?id=MzQ5NzcxNjQ4' target='_blank'> Click here</a>.<br/><br/>
				Regards<br/>
				Team ubiAttendance</body></html><br/><br/><b>This is an auto-generated mail. Kindly do not reply to this mail.</b>
10-Oct-2019 17:21 : The following From address failed: ubiattendance@ubitechsolutions.com
10-Oct-2019 18:02 : inelse
10-Oct-2019 18:08 : <html><body>Dear super admin<br/>,
				deekshaorg has paid amount INR 3015 for upgradation of its ubiAttendance premium plan. <br/><br/>
				<b>Payment summary:</b> <br/><br/>
				Email ID: 	deeksha@123.com <br/>
				Transaction Id: 349771649 <br/>
				Amount paid: INR 3558 (tax included) <br/>
				Tax paid:    INR 543 <br/>
				Discount:    INR 0 <br/>
				No. of users extended: 1 <br/>
				Plan periods extends: 1 month(s) <br/><br/>
				Thanks for buy ubiAttendance services.<br/><br/>
				TO generate the Invoice <a href='http://192.168.0.200/ubiattendance/index.php/cron/generateInvoice?id=MzQ5NzcxNjQ5' target='_blank'> Click here</a>.<br/><br/>
				Regards<br/>
				Team ubiAttendance</body></html><br/><br/><b>This is an auto-generated mail. Kindly do not reply to this mail.</b>
10-Oct-2019 18:08 : The following From address failed: ubiattendance@ubitechsolutions.com
10-Oct-2019 18:08 : <html><body>Dear super admin<br/>,
				deekshaorg has paid amount INR 3015 for upgradation of its ubiAttendance premium plan. <br/><br/>
				<b>Payment summary:</b> <br/><br/>
				Email ID: 	deeksha@123.com <br/>
				Transaction Id: 349771649 <br/>
				Amount paid: INR 3558 (tax included) <br/>
				Tax paid:    INR 543 <br/>
				Discount:    INR 0 <br/>
				No. of users extended: 1 <br/>
				Plan periods extends: 1 month(s) <br/><br/>
				Thanks for buy ubiAttendance services.<br/><br/>
				TO generate the Invoice <a href='http://192.168.0.200/ubiattendance/index.php/cron/generateInvoice?id=MzQ5NzcxNjQ5' target='_blank'> Click here</a>.<br/><br/>
				Regards<br/>
				Team ubiAttendance</body></html><br/><br/><b>This is an auto-generated mail. Kindly do not reply to this mail.</b>
10-Oct-2019 18:08 : The following From address failed: ubiattendance@ubitechsolutions.com
10-Oct-2019 18:08 : <html><body>Dear super admin<br/>,
				deekshaorg has paid amount INR 3015 for upgradation of its ubiAttendance premium plan. <br/><br/>
				<b>Payment summary:</b> <br/><br/>
				Email ID: 	deeksha@123.com <br/>
				Transaction Id: 349771649 <br/>
				Amount paid: INR 3558 (tax included) <br/>
				Tax paid:    INR 543 <br/>
				Discount:    INR 0 <br/>
				No. of users extended: 1 <br/>
				Plan periods extends: 1 month(s) <br/><br/>
				Thanks for buy ubiAttendance services.<br/><br/>
				TO generate the Invoice <a href='http://192.168.0.200/ubiattendance/index.php/cron/generateInvoice?id=MzQ5NzcxNjQ5' target='_blank'> Click here</a>.<br/><br/>
				Regards<br/>
				Team ubiAttendance</body></html><br/><br/><b>This is an auto-generated mail. Kindly do not reply to this mail.</b>
10-Oct-2019 18:08 : The following From address failed: ubiattendance@ubitechsolutions.com
10-Oct-2019 18:08 : <html><body>Dear deekshaorg<br/><br/>
				You have paid amount INR 3015 for upgradation of ubiAttendance Premium Plan. <br/><br/>
				<b>Payment summary:</b> <br/><br/>
				Email ID: 	deeksha@123.com <br/>
				Transaction Id: 349771649 <br/>
				Amount paid: INR 3558 (tax included) <br/>
				Tax paid:    INR 543 <br/>
				Discount:    INR 0 <br/>
				No. of users extended: 1 <br/>
				Plan periods extends: 1 month(s) <br/><br/>
				Thanks for buy ubiAttendance services.<br/><br/>
				To generate the Invoice <a href='http://192.168.0.200/ubiattendance/index.php/cron/generateInvoice?id=MzQ5NzcxNjQ5' target='_blank'> Click here</a>.<br/><br/>
				Regards<br/>
				Team ubiAttendance</body></html><br/><br/><b>This is an auto-generated mail. Kindly do not reply to this mail.</b>
10-Oct-2019 18:08 : The following From address failed: ubiattendance@ubitechsolutions.com
10-Oct-2019 18:12 : <html><body>Dear super admin<br/>,
				deekshaorg has paid amount INR 3132 for upgradation of its ubiAttendance premium plan. <br/><br/>
				<b>Payment summary:</b> <br/><br/>
				Email ID: 	deeksha@123.com <br/>
				Transaction Id: 349771650 <br/>
				Amount paid: INR 3696 (tax included) <br/>
				Tax paid:    INR 564 <br/>
				Discount:    INR 0 <br/>
				No. of users extended: 1 <br/>
				Plan periods extends: 1 month(s) <br/><br/>
				Thanks for buy ubiAttendance services.<br/><br/>
				TO generate the Invoice <a href='http://192.168.0.200/ubiattendance/index.php/cron/generateInvoice?id=MzQ5NzcxNjUw' target='_blank'> Click here</a>.<br/><br/>
				Regards<br/>
				Team ubiAttendance</body></html><br/><br/><b>This is an auto-generated mail. Kindly do not reply to this mail.</b>
10-Oct-2019 18:12 : The following From address failed: ubiattendance@ubitechsolutions.com
10-Oct-2019 18:12 : <html><body>Dear super admin<br/>,
				deekshaorg has paid amount INR 3132 for upgradation of its ubiAttendance premium plan. <br/><br/>
				<b>Payment summary:</b> <br/><br/>
				Email ID: 	deeksha@123.com <br/>
				Transaction Id: 349771650 <br/>
				Amount paid: INR 3696 (tax included) <br/>
				Tax paid:    INR 564 <br/>
				Discount:    INR 0 <br/>
				No. of users extended: 1 <br/>
				Plan periods extends: 1 month(s) <br/><br/>
				Thanks for buy ubiAttendance services.<br/><br/>
				TO generate the Invoice <a href='http://192.168.0.200/ubiattendance/index.php/cron/generateInvoice?id=MzQ5NzcxNjUw' target='_blank'> Click here</a>.<br/><br/>
				Regards<br/>
				Team ubiAttendance</body></html><br/><br/><b>This is an auto-generated mail. Kindly do not reply to this mail.</b>
10-Oct-2019 18:12 : The following From address failed: ubiattendance@ubitechsolutions.com
10-Oct-2019 18:12 : <html><body>Dear super admin<br/>,
				deekshaorg has paid amount INR 3132 for upgradation of its ubiAttendance premium plan. <br/><br/>
				<b>Payment summary:</b> <br/><br/>
				Email ID: 	deeksha@123.com <br/>
				Transaction Id: 349771650 <br/>
				Amount paid: INR 3696 (tax included) <br/>
				Tax paid:    INR 564 <br/>
				Discount:    INR 0 <br/>
				No. of users extended: 1 <br/>
				Plan periods extends: 1 month(s) <br/><br/>
				Thanks for buy ubiAttendance services.<br/><br/>
				TO generate the Invoice <a href='http://192.168.0.200/ubiattendance/index.php/cron/generateInvoice?id=MzQ5NzcxNjUw' target='_blank'> Click here</a>.<br/><br/>
				Regards<br/>
				Team ubiAttendance</body></html><br/><br/><b>This is an auto-generated mail. Kindly do not reply to this mail.</b>
10-Oct-2019 18:12 : The following From address failed: ubiattendance@ubitechsolutions.com
10-Oct-2019 18:12 : <html><body>Dear deekshaorg<br/><br/>
				You have paid amount INR 3132 for upgradation of ubiAttendance Premium Plan. <br/><br/>
				<b>Payment summary:</b> <br/><br/>
				Email ID: 	deeksha@123.com <br/>
				Transaction Id: 349771650 <br/>
				Amount paid: INR 3696 (tax included) <br/>
				Tax paid:    INR 564 <br/>
				Discount:    INR 0 <br/>
				No. of users extended: 1 <br/>
				Plan periods extends: 1 month(s) <br/><br/>
				Thanks for buy ubiAttendance services.<br/><br/>
				To generate the Invoice <a href='http://192.168.0.200/ubiattendance/index.php/cron/generateInvoice?id=MzQ5NzcxNjUw' target='_blank'> Click here</a>.<br/><br/>
				Regards<br/>
				Team ubiAttendance</body></html><br/><br/><b>This is an auto-generated mail. Kindly do not reply to this mail.</b>
10-Oct-2019 18:12 : The following From address failed: ubiattendance@ubitechsolutions.com
