12-Jul-2019 10:53 : <html>
  						<head>
							<title></title>
  						</head>
						<body>
						<h3>Dear Admin,</h3>
						<p>Please send the below message through text or Email to the Employee to get him started. The message below is already sent to the Employees with valid Email ID</p>
						<p>You are registered in ubiAttendance App for “ Ubitech Solutions”. Kindly punch your attendance through the following steps.</p>
						<ol>
						<li> 
							Download the Android App by clicking <a  
							href='https://play.google.com/store/apps/details?id=org.ubitech.attendance.'>https://play.google.com/store/apps/details?id=org.ubitech.attendance.</a> 
							iPhone users can download through 
							<a href='https://itunes.apple.com/us/app/ubiattendance-ubitech/id1375252261?mt=8 '>https://itunes.apple.com/us/app/ubiattendance-ubitech/id1375252261?mt=8</a>
						</li>
						<li>Install the App.  It will be added to the home screen</li>
						<li>Open the App & sign in. User name will be the registered Email/Phone no.</li>
						<li>Initial Sign in Password is 123456</li>
						<li>You can now start punching the attendance.</li>
						<li>Download the detailed Employee guide</li>
						</ol>
						</body>
						</html><br/><br/><br/><b>This is an auto-generated mail, kindly do not reply on this mail.</b>
12-Jul-2019 10:53 : The following From address failed: ubiattendance@ubitechsolutions.com
12-Jul-2019 10:53 : <html>
  						<head>
							<title></title>
  						</head>
						<body>
						<h3>Dear Admin,</h3>
						<p>Please send the below message through text or Email to the Employee to get him started. The message below is already sent to the Employees with valid Email ID</p>
						<p>You are registered in ubiAttendance App for “ Ubitech Solutions”. Kindly punch your attendance through the following steps.</p>
						<ol>
						<li> 
							Download the Android App by clicking <a  
							href='https://play.google.com/store/apps/details?id=org.ubitech.attendance.'>https://play.google.com/store/apps/details?id=org.ubitech.attendance.</a> 
							iPhone users can download through 
							<a href='https://itunes.apple.com/us/app/ubiattendance-ubitech/id1375252261?mt=8 '>https://itunes.apple.com/us/app/ubiattendance-ubitech/id1375252261?mt=8</a>
						</li>
						<li>Install the App.  It will be added to the home screen</li>
						<li>Open the App & sign in. User name will be the registered Email/Phone no.</li>
						<li>Initial Sign in Password is 123456</li>
						<li>You can now start punching the attendance.</li>
						<li>Download the detailed Employee guide</li>
						</ol>
						</body>
						</html><br/><br/><br/><b>This is an auto-generated mail, kindly do not reply on this mail.</b>
12-Jul-2019 10:53 : The following From address failed: ubiattendance@ubitechsolutions.com
12-Jul-2019 10:56 : <html>
  						<head>
							<title></title>
  						</head>
						<body>
						<h3>Dear Admin,</h3>
						<p>Please send the below message through text or Email to the Employee to get him started. The message below is already sent to the Employees with valid Email ID</p>
						<p>You are registered in ubiAttendance App for “ Ubitech Solutions”. Kindly punch your attendance through the following steps.</p>
						<ol>
						<li> 
							Download the Android App by clicking <a  
							href='https://play.google.com/store/apps/details?id=org.ubitech.attendance.'>https://play.google.com/store/apps/details?id=org.ubitech.attendance.</a> 
							iPhone users can download through 
							<a href='https://itunes.apple.com/us/app/ubiattendance-ubitech/id1375252261?mt=8 '>https://itunes.apple.com/us/app/ubiattendance-ubitech/id1375252261?mt=8</a>
						</li>
						<li>Install the App.  It will be added to the home screen</li>
						<li>Open the App & sign in. User name will be the registered Email/Phone no.</li>
						<li>Initial Sign in Password is 123456</li>
						<li>You can now start punching the attendance.</li>
						<li>Download the detailed Employee guide</li>
						</ol>
						</body>
						</html><br/><br/><br/><b>This is an auto-generated mail, kindly do not reply on this mail.</b>
12-Jul-2019 10:56 : The following From address failed: ubiattendance@ubitechsolutions.com
12-Jul-2019 10:56 : <html>
  						<head>
							<title></title>
  						</head>
						<body>
						<h3>Dear Admin,</h3>
						<p>Please send the below message through text or Email to the Employee to get him started. The message below is already sent to the Employees with valid Email ID</p>
						<p>You are registered in ubiAttendance App for “ Ubitech Solutions”. Kindly punch your attendance through the following steps.</p>
						<ol>
						<li> 
							Download the Android App by clicking <a  
							href='https://play.google.com/store/apps/details?id=org.ubitech.attendance.'>https://play.google.com/store/apps/details?id=org.ubitech.attendance.</a> 
							iPhone users can download through 
							<a href='https://itunes.apple.com/us/app/ubiattendance-ubitech/id1375252261?mt=8 '>https://itunes.apple.com/us/app/ubiattendance-ubitech/id1375252261?mt=8</a>
						</li>
						<li>Install the App.  It will be added to the home screen</li>
						<li>Open the App & sign in. User name will be the registered Email/Phone no.</li>
						<li>Initial Sign in Password is 123456</li>
						<li>You can now start punching the attendance.</li>
						<li>Download the detailed Employee guide</li>
						</ol>
						</body>
						</html><br/><br/><br/><b>This is an auto-generated mail, kindly do not reply on this mail.</b>
12-Jul-2019 10:56 : The following From address failed: ubiattendance@ubitechsolutions.com
12-Jul-2019 17:17 : OrgId: 21269
12-Jul-2019 18:04 : <html>
					<head>
					<title>ubiAttendance</title>
					</head>
					<body>
					Congratulations <b>Hjhyg</b>!!<br/>
					You are registered on ubiAttendance App for Ubitech solutions PVT LTD .<br/>
					<ol>
					<li>Download & install the App through any of the links below:</li>
						<ol>
						<li>Android -<a href='https://play.google.com/store/apps/details?id=org.ubitech.attendance'>https://play.google.com/store/apps/details?id=org.ubitech.attendance</a></li>
						<li>iPhone -<a href='https://itunes.apple.com/us/app/ubiattendance-ubitech/id1375252261?mt=8 '>https://itunes.apple.com/us/app/ubiattendance-ubitech/id1375252261?mt=8</a></li>
						</ol>
						<li>Open the App & sign in.</li>
						Login details for Mobile App<br/>
						Username: vanshika+00@ubitechsolutions.com<br/>
						Password: 123456<br/>
						OR<br/>
						Username: 9878978888<br/>
						Password: 123456<br/>
						<li>Click on “Time In” button to punch attendance.</li>
					</ol>
					<p>For further assistance, kindly contact your system administrator.</p>
					<h5>Cheers,</h5>
					<h5>ubiAttendance Team</h5>
					</body>
					</html><br/><br/><b>This is an auto-generated mail. Kindly do not reply to this mail.</b>
12-Jul-2019 18:04 : The following From address failed: ubiattendance@ubitechsolutions.com
12-Jul-2019 18:04 : <html>
					<head>
					<title>ubiAttendance</title>
					</head>
					<body>
					Congratulations <b>Hjhyg</b>!!<br/>
					You are registered on ubiAttendance App for Ubitech solutions PVT LTD .<br/>
					<ol>
					<li>Download & install the App through any of the links below:</li>
						<ol>
						<li>Android -<a href='https://play.google.com/store/apps/details?id=org.ubitech.attendance'>https://play.google.com/store/apps/details?id=org.ubitech.attendance</a></li>
						<li>iPhone -<a href='https://itunes.apple.com/us/app/ubiattendance-ubitech/id1375252261?mt=8 '>https://itunes.apple.com/us/app/ubiattendance-ubitech/id1375252261?mt=8</a></li>
						</ol>
						<li>Open the App & sign in.</li>
						Login details for Mobile App<br/>
						Username: vanshika+00@ubitechsolutions.com<br/>
						Password: 123456<br/>
						OR<br/>
						Username: 9878978888<br/>
						Password: 123456<br/>
						<li>Click on “Time In” button to punch attendance.</li>
					</ol>
					<p>For further assistance, kindly contact your system administrator.</p>
					<h5>Cheers,</h5>
					<h5>ubiAttendance Team</h5>
					</body>
					</html><br/><br/><b>This is an auto-generated mail. Kindly do not reply to this mail.</b>
12-Jul-2019 18:04 : The following From address failed: ubiattendance@ubitechsolutions.com
