13-Aug-2019 09:51 : TimeIn AID0UserId11678
13-Aug-2019 09:51 : User Attendance: 11678 INSERT INTO `AttendanceMaster`(`FakeLocationStatusTimeIn`,`FakeLocationStatusTimeOut`,`EmployeeId`, `AttendanceDate`, `AttendanceStatus`, `TimeIn`,`ShiftId`,Dept_id,Desg_id,areaId,HourlyRateId, `OrganizationId`,
      `CreatedDate`, `CreatedById`, `LastModifiedDate`, `LastModifiedById`, `OwnerId`, `Overtime`, `EntryImage`, `checkInLoc`,`device`,latit_in,longi_in,timeindate)
      VALUES (0,0,11678,'2019-08-13',1,'09:51',48,50,137950,159,0,10,'2019-08-13',11678,'2019-08-13 09:51:52',11678,11678,'00:00:00','http://192.168.0.200/ubiattendance/uploads/11678_13082019_095152.jpg','Ubitech Road, Kailash Nagar, Mahalgaon, Gwalior, Madhya Pradesh 474011, India','mobile','26.1966255','78.1971047','2019-08-13')
13-Aug-2019 10:54 : TimeIn AID0UserId4253
13-Aug-2019 10:54 : User Attendance: 4253 INSERT INTO `AttendanceMaster`(`FakeLocationStatusTimeIn`,`FakeLocationStatusTimeOut`,`EmployeeId`, `AttendanceDate`, `AttendanceStatus`, `TimeIn`,`ShiftId`,Dept_id,Desg_id,areaId,HourlyRateId, `OrganizationId`,
      `CreatedDate`, `CreatedById`, `LastModifiedDate`, `LastModifiedById`, `OwnerId`, `Overtime`, `EntryImage`, `checkInLoc`,`device`,latit_in,longi_in,timeindate)
      VALUES (0,0,4253,'2019-08-13',1,'10:54',48,50,861,159,0,10,'2019-08-13',4253,'2019-08-13 10:54:03',4253,4253,'00:00:00','http://192.168.0.200/ubiattendance/uploads/4253_13082019_105403.jpg','Ubitech Road, Kailash Nagar, Mahalgaon, Gwalior, Madhya Pradesh 474011, India','mobile','26.1967476','78.1970121','2019-08-13')
13-Aug-2019 10:54 : TimeOut AID2740021UserId4253
13-Aug-2019 16:00 : TimeIn AID0UserId53865
13-Aug-2019 16:00 : User Attendance: 53865 INSERT INTO `AttendanceMaster`(`FakeLocationStatusTimeIn`,`FakeLocationStatusTimeOut`,`EmployeeId`, `AttendanceDate`, `AttendanceStatus`, `TimeIn`,`ShiftId`,Dept_id,Desg_id,areaId,HourlyRateId, `OrganizationId`,
      `CreatedDate`, `CreatedById`, `LastModifiedDate`, `LastModifiedById`, `OwnerId`, `Overtime`, `EntryImage`, `checkInLoc`,`device`,latit_in,longi_in,timeindate)
      VALUES (0,0,53865,'2019-08-13',1,'16:00',49,50,1170,159,0,10,'2019-08-13',53865,'2019-08-13 16:00:37',53865,53865,'00:00:00','http://192.168.0.200/ubiattendance/uploads/53865_13082019_160037.jpg','Ubitech Road, Kailash Nagar, Mahalgaon, Gwalior, Madhya Pradesh 474011, India','mobile','26.1966522','78.1969654','2019-08-13')
13-Aug-2019 16:01 : TimeOut AID2740022UserId53865
13-Aug-2019 17:03 : TimeIn AID0UserId4902
13-Aug-2019 17:03 : User Attendance: 4902 INSERT INTO `AttendanceMaster`(`FakeLocationStatusTimeIn`,`FakeLocationStatusTimeOut`,`EmployeeId`, `AttendanceDate`, `AttendanceStatus`, `TimeIn`,`ShiftId`,Dept_id,Desg_id,areaId,HourlyRateId, `OrganizationId`,
      `CreatedDate`, `CreatedById`, `LastModifiedDate`, `LastModifiedById`, `OwnerId`, `Overtime`, `EntryImage`, `checkInLoc`,`device`,latit_in,longi_in,timeindate)
      VALUES (0,0,4902,'2019-08-13',1,'17:03',52,50,137939,159,21,10,'2019-08-13',4902,'2019-08-13 17:03:22',4902,4902,'00:00:00','http://192.168.0.200/ubiattendance/uploads/4902_13082019_170322.jpg','Ubitech Road, Kailash Nagar, Mahalgaon, Gwalior, Madhya Pradesh 474011, India','mobile','26.1967445','78.1971669','2019-08-13')
13-Aug-2019 17:09 : TimeOut AID2740020UserId11678
13-Aug-2019 17:28 : TimeIn AID0UserId4171
13-Aug-2019 17:28 : User Attendance: 4171 INSERT INTO `AttendanceMaster`(`FakeLocationStatusTimeIn`,`FakeLocationStatusTimeOut`,`EmployeeId`, `AttendanceDate`, `AttendanceStatus`, `TimeIn`,`ShiftId`,Dept_id,Desg_id,areaId,HourlyRateId, `OrganizationId`,
      `CreatedDate`, `CreatedById`, `LastModifiedDate`, `LastModifiedById`, `OwnerId`, `Overtime`, `EntryImage`, `checkInLoc`,`device`,latit_in,longi_in,timeindate)
      VALUES (0,0,4171,'2019-08-13',1,'17:28',48,50,869,159,21,10,'2019-08-13',4171,'2019-08-13 17:28:19',4171,4171,'00:00:00','http://192.168.0.200/ubiattendance/uploads/4171_13082019_172819.jpg','D-4, New Collectorate Rd, Kailash Nagar, Mahalgaon, Gwalior, Madhya Pradesh 474011, India','mobile','26.1967651','78.1969578','2019-08-13')
13-Aug-2019 17:28 : TimeOut AID2740024UserId4171
13-Aug-2019 17:40 : Get senior id
13-Aug-2019 17:40 : else i!=0
13-Aug-2019 17:41 : Get senior id
13-Aug-2019 17:41 : else i!=0
13-Aug-2019 17:45 : TimeIn AID0UserId4904
13-Aug-2019 17:45 : User Attendance: 4904 INSERT INTO `AttendanceMaster`(`FakeLocationStatusTimeIn`,`FakeLocationStatusTimeOut`,`EmployeeId`, `AttendanceDate`, `AttendanceStatus`, `TimeIn`,`ShiftId`,Dept_id,Desg_id,areaId,HourlyRateId, `OrganizationId`,
      `CreatedDate`, `CreatedById`, `LastModifiedDate`, `LastModifiedById`, `OwnerId`, `Overtime`, `EntryImage`, `checkInLoc`,`device`,latit_in,longi_in,timeindate)
      VALUES (1,0,4904,'2019-08-13',1,'17:45',49,50,18646,159,242,10,'2019-08-13',4904,'2019-08-13 17:45:39',4904,4904,'00:00:00','http://192.168.0.200/ubiattendance/uploads/4904_13082019_174539.jpg','Unnamed Road, Police Line, Ghosipura, Gwalior, Madhya Pradesh 474008, India','mobile','26.21723175048828','78.1535873413086','2019-08-13')
13-Aug-2019 17:45 : TimeIn AID0UserId46247
13-Aug-2019 17:45 : User Attendance: 46247 INSERT INTO `AttendanceMaster`(`FakeLocationStatusTimeIn`,`FakeLocationStatusTimeOut`,`EmployeeId`, `AttendanceDate`, `AttendanceStatus`, `TimeIn`,`ShiftId`,Dept_id,Desg_id,areaId,HourlyRateId, `OrganizationId`,
      `CreatedDate`, `CreatedById`, `LastModifiedDate`, `LastModifiedById`, `OwnerId`, `Overtime`, `EntryImage`, `checkInLoc`,`device`,latit_in,longi_in,timeindate)
      VALUES (0,0,46247,'2019-08-13',1,'17:45',49,52,2265,159,1,10,'2019-08-13',46247,'2019-08-13 17:45:58',46247,46247,'00:00:00','http://192.168.0.200/ubiattendance/uploads/46247_13082019_174558.jpg','Ubitech Road, Kailash Nagar, Mahalgaon, Gwalior, Madhya Pradesh 474011, India','mobile','26.1968701','78.1971701','2019-08-13')
13-Aug-2019 17:47 : TimeOut AID2740025UserId4904
13-Aug-2019 17:48 : inelse
13-Aug-2019 17:48 : Preeti Sharma has punched Time in at 12:00 from Ubitech Road, Kailash Nagar, Mahalgaon, Gwalior, Madhya Pradesh 474011, India<br/><br/><b>This is an auto-generated mail. Kindly do not reply to this mail.</b>
13-Aug-2019 17:48 : The following From address failed: ubiattendance@ubitechsolutions.com
13-Aug-2019 17:49 : inelse
13-Aug-2019 17:49 : Aditi Shrivastava has punched Time in at 18:00 from Ubitech Road, Kailash Nagar, Mahalgaon, Gwalior, Madhya Pradesh 474011, India<br/><br/><b>This is an auto-generated mail. Kindly do not reply to this mail.</b>
13-Aug-2019 17:49 : The following From address failed: ubiattendance@ubitechsolutions.com
13-Aug-2019 18:26 : 46247.jpg 46247 10
13-Aug-2019 18:26 : 46247.jpg 46247 10
13-Aug-2019 18:28 : 46247.jpg 46247 10
13-Aug-2019 18:28 : 46247.jpg 46247 10
