14-Aug-2019 10:20 : inelse
14-Aug-2019 10:20 : Aditi Shrivastava has punched Time in at 09:00 from Ubitech Road, Kailash Nagar, Mahalgaon, Gwalior, Madhya Pradesh 474011, India<br/><br/><b>This is an auto-generated mail. Kindly do not reply to this mail.</b>
14-Aug-2019 10:20 : The following From address failed: ubiattendance@ubitechsolutions.com
14-Aug-2019 10:24 : 37346.jpg 37346 10
14-Aug-2019 10:25 : inelse
14-Aug-2019 10:25 : John Mathew has punched Time in at 17:00 from Ubitech Road, Kailash Nagar, Mahalgaon, Gwalior, Madhya Pradesh 474011, India<br/><br/><b>This is an auto-generated mail. Kindly do not reply to this mail.</b>
14-Aug-2019 10:25 : The following From address failed: ubiattendance@ubitechsolutions.com
14-Aug-2019 10:30 : TimeIn AID0UserId37346
14-Aug-2019 10:30 : User Attendance: 37346 INSERT INTO `AttendanceMaster`(`FakeLocationStatusTimeIn`,`FakeLocationStatusTimeOut`,`EmployeeId`, `AttendanceDate`, `AttendanceStatus`, `TimeIn`,`ShiftId`,Dept_id,Desg_id,areaId,HourlyRateId, `OrganizationId`,
      `CreatedDate`, `CreatedById`, `LastModifiedDate`, `LastModifiedById`, `OwnerId`, `Overtime`, `EntryImage`, `checkInLoc`,`device`,latit_in,longi_in,timeindate)
      VALUES (0,0,37346,'2019-08-14',1,'10:30',48,50,0,159,0,10,'2019-08-14',37346,'2019-08-14 10:30:51',37346,37346,'00:00:00','http://192.168.0.200/ubiattendance/uploads/37346_14082019_103051.jpg','26.1967978,78.1971075','mobile','26.1967978','78.1971075','2019-08-14')
14-Aug-2019 10:37 : <html>
                        <head>
                        <title>ubiAttendance</title>
                        </head>
                        <body>Dear Admin,<br/>
                        <p>
                        Congratulations!! <b>               </b> has been added to the Employees’ List of<b> Ubitech solutions PVT LTD</b>.
                        <br/> The details registered are:<br/><br/>
                        <b>
                        
                        Employee:                 <br/>
                        
                        Username(Phone#): 0597948499767<br/>                    
                        </b>
                        </p>
                        <p>
                            <a href='https://ubiattendance.ubihrm.com/index.php/services/useridcard/10/59473' target='_blank' >
                            Generate               ’s
                             QR code </a>                        
                        </p>
                        
                        
                        <h5>Regards,</h5>
                        <h5>Team ubiAttendance </h5>
                    </body>
                    </html>
                    <br/><br/><b>This is an auto-generated mail. Kindly do not reply to this mail.</b>
14-Aug-2019 10:37 : The following From address failed: ubiattendance@ubitechsolutions.com
14-Aug-2019 13:06 : Senior not zero
14-Aug-2019 13:06 : 5615
14-Aug-2019 13:06 : 0 0
14-Aug-2019 13:06 : sernioer emailparth@ubitechsolutions.com
14-Aug-2019 13:06 : parth@ubitechsolutions.com <table>
														<tr><td>Requested by: Deeksha</td></tr>
														<tr><td>Applied on:  Aug 14, 2019 01:06 PM </td></tr>
														<tr><td>Reason for timeoff: Going Home</td></tr>
														<tr><td>Date: 2019-08-14</td></tr>
														<tr><td>Duration: from 05:00 pm to 06:30 pm</td></tr>
														
														</table>
														
															
														
														<table>
														<tr><td><br/><br/>
														
																<a href='https://ubitech.ubihrm.com/approvalbymail/viewapprovetimeoffapproval/5615/10/12482/2'   style='text-decoration:none;padding: 10px 15px; background: #ffffff; color: green;
																-webkit-border-radius: 4px; -moz-border-radius: 4px; border-radius: 4px; border: solid 1px green; text-shadow: 0 -1px 0 rgba(0, 0, 0, 0.4); -webkit-box-shadow: inset 0 1px 0 rgba(255, 255, 255, 0.4), 0 1px 1px rgba(0, 0, 0, 0.2); -moz-box-shadow: inset 0 1px 0 rgba(255, 255, 255, 0.4), 0 1px 1px rgba(0, 0, 0, 0.2); box-shadow: inset 0 1px 0 rgba(255, 255, 255, 0.4), 0 1px 1px rgba(0, 0, 0, 0.2);'>Approve</a>
																&nbsp;&nbsp;
																&nbsp;&nbsp;
																<a href='https://ubitech.ubihrm.com/approvalbymail/viewapprovetimeoffapproval/5615/10/12482/1'  style='text-decoration:none;padding: 10px 15px; background: #ffffff; color: brown;
																-webkit-border-radius: 4px; -moz-border-radius: 4px; border-radius: 4px; border: solid 1px brown; text-shadow: 0 -1px 0 rgba(0, 0, 0, 0.4); -webkit-box-shadow: inset 0 1px 0 rgba(255, 255, 255, 0.4), 0 1px 1px rgba(0, 0, 0, 0.2); -moz-box-shadow: inset 0 1px 0 rgba(255, 255, 255, 0.4), 0 1px 1px rgba(0, 0, 0, 0.2); box-shadow: inset 0 1px 0 rgba(255, 255, 255, 0.4), 0 1px 1px rgba(0, 0, 0, 0.2);'>Reject</a>
																<br/><br/>
																</td>															
																</tr>
													</table>
14-Aug-2019 13:06 : <table>
														<tr><td>Requested by: Deeksha</td></tr>
														<tr><td>Applied on:  Aug 14, 2019 01:06 PM </td></tr>
														<tr><td>Reason for timeoff: Going Home</td></tr>
														<tr><td>Date: 2019-08-14</td></tr>
														<tr><td>Duration: from 05:00 pm to 06:30 pm</td></tr>
														
														</table>
														
															
														
														<table>
														<tr><td><br/><br/>
														
																<a href='https://ubitech.ubihrm.com/approvalbymail/viewapprovetimeoffapproval/5615/10/12482/2'   style='text-decoration:none;padding: 10px 15px; background: #ffffff; color: green;
																-webkit-border-radius: 4px; -moz-border-radius: 4px; border-radius: 4px; border: solid 1px green; text-shadow: 0 -1px 0 rgba(0, 0, 0, 0.4); -webkit-box-shadow: inset 0 1px 0 rgba(255, 255, 255, 0.4), 0 1px 1px rgba(0, 0, 0, 0.2); -moz-box-shadow: inset 0 1px 0 rgba(255, 255, 255, 0.4), 0 1px 1px rgba(0, 0, 0, 0.2); box-shadow: inset 0 1px 0 rgba(255, 255, 255, 0.4), 0 1px 1px rgba(0, 0, 0, 0.2);'>Approve</a>
																&nbsp;&nbsp;
																&nbsp;&nbsp;
																<a href='https://ubitech.ubihrm.com/approvalbymail/viewapprovetimeoffapproval/5615/10/12482/1'  style='text-decoration:none;padding: 10px 15px; background: #ffffff; color: brown;
																-webkit-border-radius: 4px; -moz-border-radius: 4px; border-radius: 4px; border: solid 1px brown; text-shadow: 0 -1px 0 rgba(0, 0, 0, 0.4); -webkit-box-shadow: inset 0 1px 0 rgba(255, 255, 255, 0.4), 0 1px 1px rgba(0, 0, 0, 0.2); -moz-box-shadow: inset 0 1px 0 rgba(255, 255, 255, 0.4), 0 1px 1px rgba(0, 0, 0, 0.2); box-shadow: inset 0 1px 0 rgba(255, 255, 255, 0.4), 0 1px 1px rgba(0, 0, 0, 0.2);'>Reject</a>
																<br/><br/>
																</td>															
																</tr>
													</table><br/><br/><b>This is an auto-generated mail. Kindly do not reply to this mail.</b>
14-Aug-2019 13:06 : The following From address failed: hr@ubitechsolutions.com
14-Aug-2019 13:06 : 4143
14-Aug-2019 13:06 : 1 1
14-Aug-2019 13:06 : i!=0 1
14-Aug-2019 13:07 : TimeIn AID0UserId4141
14-Aug-2019 13:07 : User Attendance: 4141 INSERT INTO `AttendanceMaster`(`FakeLocationStatusTimeIn`,`FakeLocationStatusTimeOut`,`EmployeeId`, `AttendanceDate`, `AttendanceStatus`, `TimeIn`,`ShiftId`,Dept_id,Desg_id,areaId,HourlyRateId, `OrganizationId`,
      `CreatedDate`, `CreatedById`, `LastModifiedDate`, `LastModifiedById`, `OwnerId`, `Overtime`, `EntryImage`, `checkInLoc`,`device`,latit_in,longi_in,timeindate)
      VALUES (0,0,4141,'2019-08-14',1,'13:07',48,50,18644,159,0,10,'2019-08-14',4141,'2019-08-14 13:07:28',4141,4141,'00:00:00','http://192.168.0.200/ubiattendance/uploads/4141_14082019_130728.jpg','Ubitech Road, Kailash Nagar, Mahalgaon, Gwalior, Madhya Pradesh 474011, India','mobile','26.1967679','78.1970292','2019-08-14')
14-Aug-2019 13:07 : TimeOut AID2740032UserId4141
