16-Oct-2019 11:26 : <html>
              <head>
              <title></title>
              </head>
            <body>
            <h3>Dear Admin,</h3>
            <p>Please send the below message through text or Email to the Employee to get him started. The message below is already sent to the Employees with valid Email ID</p>
            <p>You are registered in ubiAttendance App for “ Ubitech Solutions”. Kindly punch your attendance through the following steps.</p>
            <ol>
            <li> 
              Download the Android App by clicking <a  
              href='https://play.google.com/store/apps/details?id=org.ubitech.attendance.'>https://play.google.com/store/apps/details?id=org.ubitech.attendance.</a> 
              iPhone users can download through 
              <a href='https://itunes.apple.com/us/app/ubiattendance-ubitech/id1375252261?mt=8 '>https://itunes.apple.com/us/app/ubiattendance-ubitech/id1375252261?mt=8</a>
            </li>
            <li>Install the App.  It will be added to the home screen</li>
            <li>Open the App & sign in. User name will be the registered Email/Phone no.</li>
            <li>Initial Sign in Password is 123456</li>
            <li>You can now start punching the attendance.</li>
            <li>Download the detailed Employee guide</li>
            </ol>
            <p>For further assistance, kindly contact your system administrator.</p>
            <h5>Cheers,</h5>
            <h5>ubiAttendance Team</h5>
            </body>
            </html><br/><br/><b>This is an auto-generated mail. Kindly do not reply to this mail.</b>
16-Oct-2019 11:26 : The following From address failed: ubiattendance@ubitechsolutions.com
16-Oct-2019 11:26 : <html>
              <head>
              <title></title>
              </head>
            <body>
            <h3>Dear Admin,</h3>
            <p>Please send the below message through text or Email to the Employee to get him started. The message below is already sent to the Employees with valid Email ID</p>
            <p>You are registered in ubiAttendance App for “ Ubitech Solutions”. Kindly punch your attendance through the following steps.</p>
            <ol>
            <li> 
              Download the Android App by clicking <a  
              href='https://play.google.com/store/apps/details?id=org.ubitech.attendance.'>https://play.google.com/store/apps/details?id=org.ubitech.attendance.</a> 
              iPhone users can download through 
              <a href='https://itunes.apple.com/us/app/ubiattendance-ubitech/id1375252261?mt=8 '>https://itunes.apple.com/us/app/ubiattendance-ubitech/id1375252261?mt=8</a>
            </li>
            <li>Install the App.  It will be added to the home screen</li>
            <li>Open the App & sign in. User name will be the registered Email/Phone no.</li>
            <li>Initial Sign in Password is 123456</li>
            <li>You can now start punching the attendance.</li>
            <li>Download the detailed Employee guide</li>
            </ol>
            <p>For further assistance, kindly contact your system administrator.</p>
            <h5>Cheers,</h5>
            <h5>ubiAttendance Team</h5>
            </body>
            </html><br/><br/><b>This is an auto-generated mail. Kindly do not reply to this mail.</b>
16-Oct-2019 11:26 : The following From address failed: ubiattendance@ubitechsolutions.com
16-Oct-2019 11:26 : <html>
              <head>
              <title></title>
              </head>
            <body>
            <h3>Dear Admin,</h3>
            <p>Please send the below message through text or Email to the Employee to get him started. The message below is already sent to the Employees with valid Email ID</p>
            <p>You are registered in ubiAttendance App for “ Ubitech Solutions”. Kindly punch your attendance through the following steps.</p>
            <ol>
            <li> 
              Download the Android App by clicking <a  
              href='https://play.google.com/store/apps/details?id=org.ubitech.attendance.'>https://play.google.com/store/apps/details?id=org.ubitech.attendance.</a> 
              iPhone users can download through 
              <a href='https://itunes.apple.com/us/app/ubiattendance-ubitech/id1375252261?mt=8 '>https://itunes.apple.com/us/app/ubiattendance-ubitech/id1375252261?mt=8</a>
            </li>
            <li>Install the App.  It will be added to the home screen</li>
            <li>Open the App & sign in. User name will be the registered Email/Phone no.</li>
            <li>Initial Sign in Password is 123456</li>
            <li>You can now start punching the attendance.</li>
            <li>Download the detailed Employee guide</li>
            </ol>
            <p>For further assistance, kindly contact your system administrator.</p>
            <h5>Cheers,</h5>
            <h5>ubiAttendance Team</h5>
            </body>
            </html><br/><br/><b>This is an auto-generated mail. Kindly do not reply to this mail.</b>
16-Oct-2019 11:26 : The following From address failed: ubiattendance@ubitechsolutions.com
16-Oct-2019 11:26 : <html>
              <head>
              <title></title>
              </head>
            <body>
            <h3>Dear Admin,</h3>
            <p>Please send the below message through text or Email to the Employee to get him started. The message below is already sent to the Employees with valid Email ID</p>
            <p>You are registered in ubiAttendance App for “ Ubitech Solutions”. Kindly punch your attendance through the following steps.</p>
            <ol>
            <li> 
              Download the Android App by clicking <a  
              href='https://play.google.com/store/apps/details?id=org.ubitech.attendance.'>https://play.google.com/store/apps/details?id=org.ubitech.attendance.</a> 
              iPhone users can download through 
              <a href='https://itunes.apple.com/us/app/ubiattendance-ubitech/id1375252261?mt=8 '>https://itunes.apple.com/us/app/ubiattendance-ubitech/id1375252261?mt=8</a>
            </li>
            <li>Install the App.  It will be added to the home screen</li>
            <li>Open the App & sign in. User name will be the registered Email/Phone no.</li>
            <li>Initial Sign in Password is 123456</li>
            <li>You can now start punching the attendance.</li>
            <li>Download the detailed Employee guide</li>
            </ol>
            <p>For further assistance, kindly contact your system administrator.</p>
            <h5>Cheers,</h5>
            <h5>ubiAttendance Team</h5>
            </body>
            </html><br/><br/><b>This is an auto-generated mail. Kindly do not reply to this mail.</b>
16-Oct-2019 11:26 : The following From address failed: ubiattendance@ubitechsolutions.com
16-Oct-2019 11:27 : <html>
              <head>
              <title></title>
              </head>
            <body>
            <h3>Dear Admin,</h3>
            <p>Please send the below message through text or Email to the Employee to get him started. The message below is already sent to the Employees with valid Email ID</p>
            <p>You are registered in ubiAttendance App for “ Ubitech Solutions”. Kindly punch your attendance through the following steps.</p>
            <ol>
            <li> 
              Download the Android App by clicking <a  
              href='https://play.google.com/store/apps/details?id=org.ubitech.attendance.'>https://play.google.com/store/apps/details?id=org.ubitech.attendance.</a> 
              iPhone users can download through 
              <a href='https://itunes.apple.com/us/app/ubiattendance-ubitech/id1375252261?mt=8 '>https://itunes.apple.com/us/app/ubiattendance-ubitech/id1375252261?mt=8</a>
            </li>
            <li>Install the App.  It will be added to the home screen</li>
            <li>Open the App & sign in. User name will be the registered Email/Phone no.</li>
            <li>Initial Sign in Password is 123456</li>
            <li>You can now start punching the attendance.</li>
            <li>Download the detailed Employee guide</li>
            </ol>
            <p>For further assistance, kindly contact your system administrator.</p>
            <h5>Cheers,</h5>
            <h5>ubiAttendance Team</h5>
            </body>
            </html><br/><br/><b>This is an auto-generated mail. Kindly do not reply to this mail.</b>
16-Oct-2019 11:27 : The following From address failed: ubiattendance@ubitechsolutions.com
16-Oct-2019 11:27 : <html>
              <head>
              <title></title>
              </head>
            <body>
            <h3>Dear Admin,</h3>
            <p>Please send the below message through text or Email to the Employee to get him started. The message below is already sent to the Employees with valid Email ID</p>
            <p>You are registered in ubiAttendance App for “ Ubitech Solutions”. Kindly punch your attendance through the following steps.</p>
            <ol>
            <li> 
              Download the Android App by clicking <a  
              href='https://play.google.com/store/apps/details?id=org.ubitech.attendance.'>https://play.google.com/store/apps/details?id=org.ubitech.attendance.</a> 
              iPhone users can download through 
              <a href='https://itunes.apple.com/us/app/ubiattendance-ubitech/id1375252261?mt=8 '>https://itunes.apple.com/us/app/ubiattendance-ubitech/id1375252261?mt=8</a>
            </li>
            <li>Install the App.  It will be added to the home screen</li>
            <li>Open the App & sign in. User name will be the registered Email/Phone no.</li>
            <li>Initial Sign in Password is 123456</li>
            <li>You can now start punching the attendance.</li>
            <li>Download the detailed Employee guide</li>
            </ol>
            <p>For further assistance, kindly contact your system administrator.</p>
            <h5>Cheers,</h5>
            <h5>ubiAttendance Team</h5>
            </body>
            </html><br/><br/><b>This is an auto-generated mail. Kindly do not reply to this mail.</b>
16-Oct-2019 11:27 : The following From address failed: ubiattendance@ubitechsolutions.com
16-Oct-2019 11:28 : <html>
              <head>
              <title></title>
              </head>
            <body>
            <h3>Dear Admin,</h3>
            <p>Please send the below message through text or Email to the Employee to get him started. The message below is already sent to the Employees with valid Email ID</p>
            <p>You are registered in ubiAttendance App for “ Ubitech Solutions”. Kindly punch your attendance through the following steps.</p>
            <ol>
            <li> 
              Download the Android App by clicking <a  
              href='https://play.google.com/store/apps/details?id=org.ubitech.attendance.'>https://play.google.com/store/apps/details?id=org.ubitech.attendance.</a> 
              iPhone users can download through 
              <a href='https://itunes.apple.com/us/app/ubiattendance-ubitech/id1375252261?mt=8 '>https://itunes.apple.com/us/app/ubiattendance-ubitech/id1375252261?mt=8</a>
            </li>
            <li>Install the App.  It will be added to the home screen</li>
            <li>Open the App & sign in. User name will be the registered Email/Phone no.</li>
            <li>Initial Sign in Password is 123456</li>
            <li>You can now start punching the attendance.</li>
            <li>Download the detailed Employee guide</li>
            </ol>
            <p>For further assistance, kindly contact your system administrator.</p>
            <h5>Cheers,</h5>
            <h5>ubiAttendance Team</h5>
            </body>
            </html><br/><br/><b>This is an auto-generated mail. Kindly do not reply to this mail.</b>
16-Oct-2019 11:28 : The following From address failed: ubiattendance@ubitechsolutions.com
16-Oct-2019 11:28 : <html>
              <head>
              <title></title>
              </head>
            <body>
            <h3>Dear Admin,</h3>
            <p>Please send the below message through text or Email to the Employee to get him started. The message below is already sent to the Employees with valid Email ID</p>
            <p>You are registered in ubiAttendance App for “ Ubitech Solutions”. Kindly punch your attendance through the following steps.</p>
            <ol>
            <li> 
              Download the Android App by clicking <a  
              href='https://play.google.com/store/apps/details?id=org.ubitech.attendance.'>https://play.google.com/store/apps/details?id=org.ubitech.attendance.</a> 
              iPhone users can download through 
              <a href='https://itunes.apple.com/us/app/ubiattendance-ubitech/id1375252261?mt=8 '>https://itunes.apple.com/us/app/ubiattendance-ubitech/id1375252261?mt=8</a>
            </li>
            <li>Install the App.  It will be added to the home screen</li>
            <li>Open the App & sign in. User name will be the registered Email/Phone no.</li>
            <li>Initial Sign in Password is 123456</li>
            <li>You can now start punching the attendance.</li>
            <li>Download the detailed Employee guide</li>
            </ol>
            <p>For further assistance, kindly contact your system administrator.</p>
            <h5>Cheers,</h5>
            <h5>ubiAttendance Team</h5>
            </body>
            </html><br/><br/><b>This is an auto-generated mail. Kindly do not reply to this mail.</b>
16-Oct-2019 11:28 : The following From address failed: ubiattendance@ubitechsolutions.com
16-Oct-2019 11:28 : <html>
              <head>
              <title></title>
              </head>
            <body>
            <h3>Dear Admin,</h3>
            <p>Please send the below message through text or Email to the Employee to get him started. The message below is already sent to the Employees with valid Email ID</p>
            <p>You are registered in ubiAttendance App for “ Ubitech Solutions”. Kindly punch your attendance through the following steps.</p>
            <ol>
            <li> 
              Download the Android App by clicking <a  
              href='https://play.google.com/store/apps/details?id=org.ubitech.attendance.'>https://play.google.com/store/apps/details?id=org.ubitech.attendance.</a> 
              iPhone users can download through 
              <a href='https://itunes.apple.com/us/app/ubiattendance-ubitech/id1375252261?mt=8 '>https://itunes.apple.com/us/app/ubiattendance-ubitech/id1375252261?mt=8</a>
            </li>
            <li>Install the App.  It will be added to the home screen</li>
            <li>Open the App & sign in. User name will be the registered Email/Phone no.</li>
            <li>Initial Sign in Password is 123456</li>
            <li>You can now start punching the attendance.</li>
            <li>Download the detailed Employee guide</li>
            </ol>
            <p>For further assistance, kindly contact your system administrator.</p>
            <h5>Cheers,</h5>
            <h5>ubiAttendance Team</h5>
            </body>
            </html><br/><br/><b>This is an auto-generated mail. Kindly do not reply to this mail.</b>
16-Oct-2019 11:28 : The following From address failed: ubiattendance@ubitechsolutions.com
16-Oct-2019 11:28 : <html>
              <head>
              <title></title>
              </head>
            <body>
            <h3>Dear Admin,</h3>
            <p>Please send the below message through text or Email to the Employee to get him started. The message below is already sent to the Employees with valid Email ID</p>
            <p>You are registered in ubiAttendance App for “ Ubitech Solutions”. Kindly punch your attendance through the following steps.</p>
            <ol>
            <li> 
              Download the Android App by clicking <a  
              href='https://play.google.com/store/apps/details?id=org.ubitech.attendance.'>https://play.google.com/store/apps/details?id=org.ubitech.attendance.</a> 
              iPhone users can download through 
              <a href='https://itunes.apple.com/us/app/ubiattendance-ubitech/id1375252261?mt=8 '>https://itunes.apple.com/us/app/ubiattendance-ubitech/id1375252261?mt=8</a>
            </li>
            <li>Install the App.  It will be added to the home screen</li>
            <li>Open the App & sign in. User name will be the registered Email/Phone no.</li>
            <li>Initial Sign in Password is 123456</li>
            <li>You can now start punching the attendance.</li>
            <li>Download the detailed Employee guide</li>
            </ol>
            <p>For further assistance, kindly contact your system administrator.</p>
            <h5>Cheers,</h5>
            <h5>ubiAttendance Team</h5>
            </body>
            </html><br/><br/><b>This is an auto-generated mail. Kindly do not reply to this mail.</b>
16-Oct-2019 11:28 : The following From address failed: ubiattendance@ubitechsolutions.com
16-Oct-2019 11:41 : TimeIn AID0UserId4904
16-Oct-2019 11:41 : User Attendance: 4904 INSERT INTO `AttendanceMaster`(`FakeLocationStatusTimeIn`,`FakeLocationStatusTimeOut`,`EmployeeId`, `AttendanceDate`, `AttendanceStatus`, `TimeIn`,`ShiftId`,Dept_id,Desg_id,areaId,HourlyRateId, `OrganizationId`,
      `CreatedDate`, `CreatedById`, `LastModifiedDate`, `LastModifiedById`, `OwnerId`, `Overtime`, `EntryImage`, `checkInLoc`,`device`,latit_in,longi_in,timeindate)
      VALUES (0,0,4904,'2019-10-16',1,'11:41',49,50,18646,159,242,10,'2019-10-16',4904,'2019-10-16 11:41:14',4904,4904,'00:00:00','http://192.168.0.200/ubiattendance/uploads/4904_16102019_114114.jpg','Ubitech Rd, Kailash Nagar, Mahalgaon, Gwalior, Madhya Pradesh 474011, India','mobile','26.1967093','78.1970131','2019-10-16')
16-Oct-2019 11:41 : TimeOut AID3301027UserId4904
16-Oct-2019 11:45 : 
16-Oct-2019 11:45 : 
16-Oct-2019 11:45 : 
16-Oct-2019 11:45 : OrgId: 34979
16-Oct-2019 11:46 : SELECT CONCAT(E.FirstName,' ',E.LastName) as name ,A.Id ,A.timeoutdate as timeoutdate, A.EmployeeId,C.TimeIn as ctin ,C.TimeOut as ctout,A.AttendanceDate as date , A.AttendanceStatus, A.TimeIn, A.TimeOut FROM AttendanceMaster A , ShiftMaster C,EmployeeMaster E  WHERE  A.TimeIn != '00:00:00'  and A.TimeOut!= '00:00:00' And C.Id = A.ShiftId  And A.AttendanceDate=? and  A.AttendanceStatus in (1,4,8) and A.OrganizationId=? AND E.Id=A.EmployeeId AND E.Is_Delete = '0' order by name
16-Oct-2019 11:46 : 
16-Oct-2019 11:46 : 
16-Oct-2019 11:47 : 2019-10-16
16-Oct-2019 11:47 : SELECT CONCAT(E.FirstName,' ',E.LastName) as name ,A.Id ,A.timeoutdate as timeoutdate, A.EmployeeId,C.TimeIn as ctin ,C.TimeOut as ctout,A.AttendanceDate as date , A.AttendanceStatus, A.TimeIn, A.TimeOut FROM AttendanceMaster A , ShiftMaster C,EmployeeMaster E  WHERE  A.TimeIn != '00:00:00'  and A.TimeOut!= '00:00:00' And C.Id = A.ShiftId  And A.AttendanceDate=? and  A.AttendanceStatus in (1,4,8) and A.OrganizationId=? AND E.Id=A.EmployeeId AND E.Is_Delete = '0' order by name
16-Oct-2019 11:56 : TimeIn AID0UserId69567
16-Oct-2019 11:56 : User Attendance: 69567 INSERT INTO `AttendanceMaster`(`FakeLocationStatusTimeIn`,`FakeLocationStatusTimeOut`,`EmployeeId`, `AttendanceDate`, `AttendanceStatus`, `TimeIn`,`ShiftId`,Dept_id,Desg_id,areaId,HourlyRateId, `OrganizationId`,
      `CreatedDate`, `CreatedById`, `LastModifiedDate`, `LastModifiedById`, `OwnerId`, `Overtime`, `EntryImage`, `checkInLoc`,`device`,latit_in,longi_in,timeindate)
      VALUES (0,0,69567,'2019-10-16',1,'11:56',40750,143284,180196,0,0,34979,'2019-10-16',69567,'2019-10-16 11:56:36',69567,69567,'00:00:00','http://192.168.0.200/ubiattendance/uploads/69567_16102019_115636.jpg','Ubitech Rd, Kailash Nagar, Mahalgaon, Gwalior, Madhya Pradesh 474011, India','mobile','26.1967714','78.1970348','2019-10-16')
16-Oct-2019 11:56 : TimeOut AID3301028UserId69567
16-Oct-2019 11:58 : TimeIn AID0UserId69564
16-Oct-2019 11:58 : User Attendance: 69564 INSERT INTO `AttendanceMaster`(`FakeLocationStatusTimeIn`,`FakeLocationStatusTimeOut`,`EmployeeId`, `AttendanceDate`, `AttendanceStatus`, `TimeIn`,`ShiftId`,Dept_id,Desg_id,areaId,HourlyRateId, `OrganizationId`,
      `CreatedDate`, `CreatedById`, `LastModifiedDate`, `LastModifiedById`, `OwnerId`, `Overtime`, `EntryImage`, `checkInLoc`,`device`,latit_in,longi_in,timeindate)
      VALUES (0,0,69564,'2019-10-16',1,'11:58',40750,143282,180194,0,0,34979,'2019-10-16',69564,'2019-10-16 11:58:10',69564,69564,'00:00:00','http://192.168.0.200/ubiattendance/uploads/69564_16102019_115810.jpg','Ubitech Rd, Kailash Nagar, Mahalgaon, Gwalior, Madhya Pradesh 474011, India','mobile','26.196761','78.1970073','2019-10-16')
16-Oct-2019 11:58 : TimeOut AID3301029UserId69564
16-Oct-2019 12:01 : TimeIn AID0UserId69564
16-Oct-2019 12:01 : User Attendance: 69564 INSERT INTO `AttendanceMaster`(`FakeLocationStatusTimeIn`,`FakeLocationStatusTimeOut`,`EmployeeId`, `AttendanceDate`, `AttendanceStatus`, `TimeIn`,`ShiftId`,Dept_id,Desg_id,areaId,HourlyRateId, `OrganizationId`,
      `CreatedDate`, `CreatedById`, `LastModifiedDate`, `LastModifiedById`, `OwnerId`, `Overtime`, `EntryImage`, `checkInLoc`,`device`,latit_in,longi_in,timeindate)
      VALUES (0,0,69564,'2019-10-16',1,'12:01',40750,143282,180194,0,0,34979,'2019-10-16',69564,'2019-10-16 12:01:45',69564,69564,'00:00:00','http://192.168.0.200/ubiattendance/uploads/69564_16102019_120145.jpg','Ubitech Rd, Kailash Nagar, Mahalgaon, Gwalior, Madhya Pradesh 474011, India','mobile','26.1967592','78.1969987','2019-10-16')
16-Oct-2019 12:04 : TimeIn AID0UserId69567
16-Oct-2019 12:04 : User Attendance: 69567 INSERT INTO `AttendanceMaster`(`FakeLocationStatusTimeIn`,`FakeLocationStatusTimeOut`,`EmployeeId`, `AttendanceDate`, `AttendanceStatus`, `TimeIn`,`ShiftId`,Dept_id,Desg_id,areaId,HourlyRateId, `OrganizationId`,
      `CreatedDate`, `CreatedById`, `LastModifiedDate`, `LastModifiedById`, `OwnerId`, `Overtime`, `EntryImage`, `checkInLoc`,`device`,latit_in,longi_in,timeindate)
      VALUES (0,0,69567,'2019-10-16',1,'12:04',40750,143284,180196,0,0,34979,'2019-10-16',69567,'2019-10-16 12:04:02',69567,69567,'00:00:00','http://192.168.0.200/ubiattendance/uploads/69567_16102019_120402.jpg','Ubitech Rd, Kailash Nagar, Mahalgaon, Gwalior, Madhya Pradesh 474011, India','mobile','26.1967343','78.1970792','2019-10-16')
16-Oct-2019 12:06 : TimeOut AID3301031UserId69567
16-Oct-2019 12:07 : TimeIn AID0UserId69567
16-Oct-2019 12:07 : User Attendance: 69567 INSERT INTO `AttendanceMaster`(`FakeLocationStatusTimeIn`,`FakeLocationStatusTimeOut`,`EmployeeId`, `AttendanceDate`, `AttendanceStatus`, `TimeIn`,`ShiftId`,Dept_id,Desg_id,areaId,HourlyRateId, `OrganizationId`,
      `CreatedDate`, `CreatedById`, `LastModifiedDate`, `LastModifiedById`, `OwnerId`, `Overtime`, `EntryImage`, `checkInLoc`,`device`,latit_in,longi_in,timeindate)
      VALUES (0,0,69567,'2019-10-16',1,'12:07',40750,143284,180196,0,0,34979,'2019-10-16',69567,'2019-10-16 12:07:57',69567,69567,'00:00:00','http://192.168.0.200/ubiattendance/uploads/69567_16102019_120757.jpg','Ubitech Rd, Kailash Nagar, Mahalgaon, Gwalior, Madhya Pradesh 474011, India','mobile','26.197157','78.1976906','2019-10-16')
16-Oct-2019 12:22 : TimeIn AID0UserId69564
16-Oct-2019 12:22 : User Attendance: 69564 INSERT INTO `AttendanceMaster`(`FakeLocationStatusTimeIn`,`FakeLocationStatusTimeOut`,`EmployeeId`, `AttendanceDate`, `AttendanceStatus`, `TimeIn`,`ShiftId`,Dept_id,Desg_id,areaId,HourlyRateId, `OrganizationId`,
      `CreatedDate`, `CreatedById`, `LastModifiedDate`, `LastModifiedById`, `OwnerId`, `Overtime`, `EntryImage`, `checkInLoc`,`device`,latit_in,longi_in,timeindate)
      VALUES (0,0,69564,'2019-10-16',1,'12:22',40750,143282,180194,0,0,34979,'2019-10-16',69564,'2019-10-16 12:22:16',69564,69564,'00:00:00','http://192.168.0.200/ubiattendance/uploads/69564_16102019_122216.jpg','Unnamed Road, Gwalior, Kailash Nagar, Mahalgaon, Gwalior, Madhya Pradesh 474011, India','mobile','26.1981261','78.1993676','2019-10-16')
16-Oct-2019 12:46 : TimeOut AID3301033UserId69564
16-Oct-2019 12:52 : 
16-Oct-2019 12:52 : 
16-Oct-2019 12:52 : 
16-Oct-2019 13:28 : TimeIn AID0UserId69566
16-Oct-2019 13:28 : User Attendance: 69566 INSERT INTO `AttendanceMaster`(`FakeLocationStatusTimeIn`,`FakeLocationStatusTimeOut`,`EmployeeId`, `AttendanceDate`, `AttendanceStatus`, `TimeIn`,`ShiftId`,Dept_id,Desg_id,areaId,HourlyRateId, `OrganizationId`,
      `CreatedDate`, `CreatedById`, `LastModifiedDate`, `LastModifiedById`, `OwnerId`, `Overtime`, `EntryImage`, `checkInLoc`,`device`,latit_in,longi_in,timeindate)
      VALUES (0,0,69566,'2019-10-16',1,'13:28',40750,143283,180193,0,0,34979,'2019-10-16',69566,'2019-10-16 13:28:41',69566,69566,'00:00:00','http://192.168.0.200/ubiattendance/uploads/69566_16102019_132841.jpg','Ubitech Rd, Kailash Nagar, Mahalgaon, Gwalior, Madhya Pradesh 474011, India','mobile','26.1967076','78.1971507','2019-10-16')
16-Oct-2019 13:35 : Senior zero
16-Oct-2019 13:35 : 
16-Oct-2019 13:35 : 0 0
16-Oct-2019 13:35 : admin emailradhika12@gmail.com
16-Oct-2019 13:35 : radhika12@gmail.com <table>
														<tr><td>Requested by: Radhika</td></tr>
														<tr><td>Applied on:  Oct 16, 2019 01:35 PM </td></tr>
														<tr><td>Reason for timeoff: test</td></tr>
														<tr><td>Date: 2019-10-16</td></tr>
														<tr><td>Duration: from 14:00 to 14:30</td></tr>
														
														</table>
														
															
														
														<table>
														<tr><td><br/><br/>
														
																<a href='http://192.168.0.200/ubiattendance/index.php/Login/approvetimeoffbymail//34979/13415/2'   style='text-decoration:none;padding: 10px 15px; background: #ffffff; color: green;
																-webkit-border-radius: 4px; -moz-border-radius: 4px; border-radius: 4px; border: solid 1px green; text-shadow: 0 -1px 0 rgba(0, 0, 0, 0.4); -webkit-box-shadow: inset 0 1px 0 rgba(255, 255, 255, 0.4), 0 1px 1px rgba(0, 0, 0, 0.2); -moz-box-shadow: inset 0 1px 0 rgba(255, 255, 255, 0.4), 0 1px 1px rgba(0, 0, 0, 0.2); box-shadow: inset 0 1px 0 rgba(255, 255, 255, 0.4), 0 1px 1px rgba(0, 0, 0, 0.2);'>Approve</a>
																&nbsp;&nbsp;
																&nbsp;&nbsp;
																<a href='http://192.168.0.200/ubiattendance/index.php/Login/approvetimeoffbymail//34979/13415/1'  style='text-decoration:none;padding: 10px 15px; background: #ffffff; color: brown;
																-webkit-border-radius: 4px; -moz-border-radius: 4px; border-radius: 4px; border: solid 1px brown; text-shadow: 0 -1px 0 rgba(0, 0, 0, 0.4); -webkit-box-shadow: inset 0 1px 0 rgba(255, 255, 255, 0.4), 0 1px 1px rgba(0, 0, 0, 0.2); -moz-box-shadow: inset 0 1px 0 rgba(255, 255, 255, 0.4), 0 1px 1px rgba(0, 0, 0, 0.2); box-shadow: inset 0 1px 0 rgba(255, 255, 255, 0.4), 0 1px 1px rgba(0, 0, 0, 0.2);'>Reject</a>
																<br/><br/>
																</td>															
																</tr>
													</table>
16-Oct-2019 13:35 : <table>
														<tr><td>Requested by: Radhika</td></tr>
														<tr><td>Applied on:  Oct 16, 2019 01:35 PM </td></tr>
														<tr><td>Reason for timeoff: test</td></tr>
														<tr><td>Date: 2019-10-16</td></tr>
														<tr><td>Duration: from 14:00 to 14:30</td></tr>
														
														</table>
														
															
														
														<table>
														<tr><td><br/><br/>
														
																<a href='http://192.168.0.200/ubiattendance/index.php/Login/approvetimeoffbymail//34979/13415/2'   style='text-decoration:none;padding: 10px 15px; background: #ffffff; color: green;
																-webkit-border-radius: 4px; -moz-border-radius: 4px; border-radius: 4px; border: solid 1px green; text-shadow: 0 -1px 0 rgba(0, 0, 0, 0.4); -webkit-box-shadow: inset 0 1px 0 rgba(255, 255, 255, 0.4), 0 1px 1px rgba(0, 0, 0, 0.2); -moz-box-shadow: inset 0 1px 0 rgba(255, 255, 255, 0.4), 0 1px 1px rgba(0, 0, 0, 0.2); box-shadow: inset 0 1px 0 rgba(255, 255, 255, 0.4), 0 1px 1px rgba(0, 0, 0, 0.2);'>Approve</a>
																&nbsp;&nbsp;
																&nbsp;&nbsp;
																<a href='http://192.168.0.200/ubiattendance/index.php/Login/approvetimeoffbymail//34979/13415/1'  style='text-decoration:none;padding: 10px 15px; background: #ffffff; color: brown;
																-webkit-border-radius: 4px; -moz-border-radius: 4px; border-radius: 4px; border: solid 1px brown; text-shadow: 0 -1px 0 rgba(0, 0, 0, 0.4); -webkit-box-shadow: inset 0 1px 0 rgba(255, 255, 255, 0.4), 0 1px 1px rgba(0, 0, 0, 0.2); -moz-box-shadow: inset 0 1px 0 rgba(255, 255, 255, 0.4), 0 1px 1px rgba(0, 0, 0, 0.2); box-shadow: inset 0 1px 0 rgba(255, 255, 255, 0.4), 0 1px 1px rgba(0, 0, 0, 0.2);'>Reject</a>
																<br/><br/>
																</td>															
																</tr>
													</table><br/><br/><b>This is an auto-generated mail. Kindly do not reply to this mail.</b>
16-Oct-2019 13:35 : The following From address failed: ubiattendance@ubitechsolutions.com
16-Oct-2019 14:52 : TimeOut AID3301034UserId69566
16-Oct-2019 14:57 : TimeIn AID0UserId69566
16-Oct-2019 14:57 : User Attendance: 69566 INSERT INTO `AttendanceMaster`(`FakeLocationStatusTimeIn`,`FakeLocationStatusTimeOut`,`EmployeeId`, `AttendanceDate`, `AttendanceStatus`, `TimeIn`,`ShiftId`,Dept_id,Desg_id,areaId,HourlyRateId, `OrganizationId`,
      `CreatedDate`, `CreatedById`, `LastModifiedDate`, `LastModifiedById`, `OwnerId`, `Overtime`, `EntryImage`, `checkInLoc`,`device`,latit_in,longi_in,timeindate)
      VALUES (0,0,69566,'2019-10-16',1,'14:57',40750,143283,180193,0,0,34979,'2019-10-16',69566,'2019-10-16 14:57:42',69566,69566,'00:00:00','http://192.168.0.200/ubiattendance/uploads/69566_16102019_145742.jpg','Ubitech Rd, Kailash Nagar, Mahalgaon, Gwalior, Madhya Pradesh 474011, India','mobile','26.196782','78.1968245','2019-10-16')
16-Oct-2019 15:05 : TimeIn AID0UserId69564
16-Oct-2019 15:05 : User Attendance: 69564 INSERT INTO `AttendanceMaster`(`FakeLocationStatusTimeIn`,`FakeLocationStatusTimeOut`,`EmployeeId`, `AttendanceDate`, `AttendanceStatus`, `TimeIn`,`ShiftId`,Dept_id,Desg_id,areaId,HourlyRateId, `OrganizationId`,
      `CreatedDate`, `CreatedById`, `LastModifiedDate`, `LastModifiedById`, `OwnerId`, `Overtime`, `EntryImage`, `checkInLoc`,`device`,latit_in,longi_in,timeindate)
      VALUES (0,0,69564,'2019-10-16',1,'15:05',40750,143282,180194,0,0,34979,'2019-10-16',69564,'2019-10-16 15:05:59',69564,69564,'00:00:00','http://192.168.0.200/ubiattendance/uploads/69564_16102019_150559.jpg','Ubitech Rd, Kailash Nagar, Mahalgaon, Gwalior, Madhya Pradesh 474011, India','mobile','26.1968043','78.196819','2019-10-16')
16-Oct-2019 15:13 : TimeIn AID0UserId69568
16-Oct-2019 15:13 : User Attendance: 69568 INSERT INTO `AttendanceMaster`(`FakeLocationStatusTimeIn`,`FakeLocationStatusTimeOut`,`EmployeeId`, `AttendanceDate`, `AttendanceStatus`, `TimeIn`,`ShiftId`,Dept_id,Desg_id,areaId,HourlyRateId, `OrganizationId`,
      `CreatedDate`, `CreatedById`, `LastModifiedDate`, `LastModifiedById`, `OwnerId`, `Overtime`, `EntryImage`, `checkInLoc`,`device`,latit_in,longi_in,timeindate)
      VALUES (0,0,69568,'2019-10-16',1,'15:13',40750,143283,180195,0,0,34979,'2019-10-16',69568,'2019-10-16 15:13:31',69568,69568,'00:00:00','http://192.168.0.200/ubiattendance/uploads/69568_16102019_151331.jpg','New Collectorate Rd, Kailash Nagar, Mahalgaon, Gwalior, Madhya Pradesh 474011, India','mobile','26.1958982','78.1975311','2019-10-16')
16-Oct-2019 15:19 : <html>
          <head>
          <title>ubiAttendance</title>
          </head>
          <body>
          Congratulations <b>Test</b>!!<br/>
          You are registered on ubiAttendance App for testorg .<br/>
          <ol>
          <li>Download & install the App through any of the links below:</li>
            <ol>
            <li>Android -<a href='https://play.google.com/store/apps/details?id=org.ubitech.attendance'>https://play.google.com/store/apps/details?id=org.ubitech.attendance</a></li>
            <li>iPhone -<a href='https://itunes.apple.com/us/app/ubiattendance-ubitech/id1375252261?mt=8 '>https://itunes.apple.com/us/app/ubiattendance-ubitech/id1375252261?mt=8</a></li>
            </ol>
            <li>Open the App & sign in.</li>
            Login details for Mobile App<br/>
            Username: test19@gmail.com<br/>
            Password: 123456<br/>
            OR<br/>
            Username: 6574865478<br/>
            Password: 123456<br/>
            <li>Click on “Time In” button to punch attendance.</li>
          </ol>
          <p>For further assistance, kindly contact your system administrator.</p>
          <h5>Cheers,</h5>
          <h5>ubiAttendance Team</h5>
          </body>
          </html><br/><br/><b>This is an auto-generated mail. Kindly do not reply to this mail.</b>
16-Oct-2019 15:19 : The following From address failed: ubiattendance@ubitechsolutions.com
16-Oct-2019 15:19 : <html>
          <head>
          <title>ubiAttendance</title>
          </head>
          <body>
          Congratulations <b>Test</b>!!<br/>
          You are registered on ubiAttendance App for testorg .<br/>
          <ol>
          <li>Download & install the App through any of the links below:</li>
            <ol>
            <li>Android -<a href='https://play.google.com/store/apps/details?id=org.ubitech.attendance'>https://play.google.com/store/apps/details?id=org.ubitech.attendance</a></li>
            <li>iPhone -<a href='https://itunes.apple.com/us/app/ubiattendance-ubitech/id1375252261?mt=8 '>https://itunes.apple.com/us/app/ubiattendance-ubitech/id1375252261?mt=8</a></li>
            </ol>
            <li>Open the App & sign in.</li>
            Login details for Mobile App<br/>
            Username: test19@gmail.com<br/>
            Password: 123456<br/>
            OR<br/>
            Username: 6574865478<br/>
            Password: 123456<br/>
            <li>Click on “Time In” button to punch attendance.</li>
          </ol>
          <p>For further assistance, kindly contact your system administrator.</p>
          <h5>Cheers,</h5>
          <h5>ubiAttendance Team</h5>
          </body>
          </html><br/><br/><b>This is an auto-generated mail. Kindly do not reply to this mail.</b>
16-Oct-2019 15:19 : The following From address failed: ubiattendance@ubitechsolutions.com
16-Oct-2019 15:22 : TimeIn AID0UserId69571
16-Oct-2019 15:22 : User Attendance: 69571 INSERT INTO `AttendanceMaster`(`FakeLocationStatusTimeIn`,`FakeLocationStatusTimeOut`,`EmployeeId`, `AttendanceDate`, `AttendanceStatus`, `TimeIn`,`ShiftId`,Dept_id,Desg_id,areaId,HourlyRateId, `OrganizationId`,
      `CreatedDate`, `CreatedById`, `LastModifiedDate`, `LastModifiedById`, `OwnerId`, `Overtime`, `EntryImage`, `checkInLoc`,`device`,latit_in,longi_in,timeindate)
      VALUES (0,0,69571,'2019-10-16',1,'15:22',40751,143285,180197,0,0,34980,'2019-10-16',69571,'2019-10-16 15:22:40',69571,69571,'00:00:00','http://192.168.0.200/ubiattendance/uploads/69571_16102019_152240.jpg','New Collectorate Rd, Kailash Nagar, Mahalgaon, Gwalior, Madhya Pradesh 474011, India','mobile','26.1958982','78.1975311','2019-10-16')
16-Oct-2019 15:24 : TimeOut AID3301038UserId69571
16-Oct-2019 15:34 : TimeIn AID0UserId69571
16-Oct-2019 15:34 : User Attendance: 69571 INSERT INTO `AttendanceMaster`(`FakeLocationStatusTimeIn`,`FakeLocationStatusTimeOut`,`EmployeeId`, `AttendanceDate`, `AttendanceStatus`, `TimeIn`,`ShiftId`,Dept_id,Desg_id,areaId,HourlyRateId, `OrganizationId`,
      `CreatedDate`, `CreatedById`, `LastModifiedDate`, `LastModifiedById`, `OwnerId`, `Overtime`, `EntryImage`, `checkInLoc`,`device`,latit_in,longi_in,timeindate)
      VALUES (0,0,69571,'2019-10-16',1,'15:34',40751,143285,180197,0,0,34980,'2019-10-16',69571,'2019-10-16 15:34:23',69571,69571,'00:00:00','http://192.168.0.200/ubiattendance/uploads/69571_16102019_153423.jpg','Ubitech Rd, Kailash Nagar, Mahalgaon, Gwalior, Madhya Pradesh 474011, India','mobile','26.1968007','78.1970479','2019-10-16')
16-Oct-2019 15:37 : <html>
          <head>
          <title>ubiAttendance</title>
          </head>
          <body>
          Congratulations <b>Test</b>!!<br/>
          You are registered on ubiAttendance App for testorg .<br/>
          <ol>
          <li>Download & install the App through any of the links below:</li>
            <ol>
            <li>Android -<a href='https://play.google.com/store/apps/details?id=org.ubitech.attendance'>https://play.google.com/store/apps/details?id=org.ubitech.attendance</a></li>
            <li>iPhone -<a href='https://itunes.apple.com/us/app/ubiattendance-ubitech/id1375252261?mt=8 '>https://itunes.apple.com/us/app/ubiattendance-ubitech/id1375252261?mt=8</a></li>
            </ol>
            <li>Open the App & sign in.</li>
            Login details for Mobile App<br/>
            Username: testubi@gmail.com<br/>
            Password: 123456<br/>
            OR<br/>
            Username: 5479214666<br/>
            Password: 123456<br/>
            <li>Click on “Time In” button to punch attendance.</li>
          </ol>
          <p>For further assistance, kindly contact your system administrator.</p>
          <h5>Cheers,</h5>
          <h5>ubiAttendance Team</h5>
          </body>
          </html><br/><br/><b>This is an auto-generated mail. Kindly do not reply to this mail.</b>
16-Oct-2019 15:37 : The following From address failed: ubiattendance@ubitechsolutions.com
16-Oct-2019 15:37 : <html>
          <head>
          <title>ubiAttendance</title>
          </head>
          <body>
          Congratulations <b>Test</b>!!<br/>
          You are registered on ubiAttendance App for testorg .<br/>
          <ol>
          <li>Download & install the App through any of the links below:</li>
            <ol>
            <li>Android -<a href='https://play.google.com/store/apps/details?id=org.ubitech.attendance'>https://play.google.com/store/apps/details?id=org.ubitech.attendance</a></li>
            <li>iPhone -<a href='https://itunes.apple.com/us/app/ubiattendance-ubitech/id1375252261?mt=8 '>https://itunes.apple.com/us/app/ubiattendance-ubitech/id1375252261?mt=8</a></li>
            </ol>
            <li>Open the App & sign in.</li>
            Login details for Mobile App<br/>
            Username: testubi@gmail.com<br/>
            Password: 123456<br/>
            OR<br/>
            Username: 5479214666<br/>
            Password: 123456<br/>
            <li>Click on “Time In” button to punch attendance.</li>
          </ol>
          <p>For further assistance, kindly contact your system administrator.</p>
          <h5>Cheers,</h5>
          <h5>ubiAttendance Team</h5>
          </body>
          </html><br/><br/><b>This is an auto-generated mail. Kindly do not reply to this mail.</b>
16-Oct-2019 15:37 : The following From address failed: ubiattendance@ubitechsolutions.com
16-Oct-2019 15:38 : TimeIn AID0UserId69572
16-Oct-2019 15:38 : User Attendance: 69572 INSERT INTO `AttendanceMaster`(`FakeLocationStatusTimeIn`,`FakeLocationStatusTimeOut`,`EmployeeId`, `AttendanceDate`, `AttendanceStatus`, `TimeIn`,`ShiftId`,Dept_id,Desg_id,areaId,HourlyRateId, `OrganizationId`,
      `CreatedDate`, `CreatedById`, `LastModifiedDate`, `LastModifiedById`, `OwnerId`, `Overtime`, `EntryImage`, `checkInLoc`,`device`,latit_in,longi_in,timeindate)
      VALUES (0,0,69572,'2019-10-16',1,'15:38',40751,143287,180200,0,0,34980,'2019-10-16',69572,'2019-10-16 15:38:00',69572,69572,'00:00:00','http://192.168.0.200/ubiattendance/uploads/69572_16102019_153800.jpg','Ubitech Rd, Kailash Nagar, Mahalgaon, Gwalior, Madhya Pradesh 474011, India','mobile','26.1968007','78.1970479','2019-10-16')
16-Oct-2019 15:57 : TimeIn AID0UserId69571
16-Oct-2019 15:57 : User Attendance: 69571 INSERT INTO `AttendanceMaster`(`FakeLocationStatusTimeIn`,`FakeLocationStatusTimeOut`,`EmployeeId`, `AttendanceDate`, `AttendanceStatus`, `TimeIn`,`ShiftId`,Dept_id,Desg_id,areaId,HourlyRateId, `OrganizationId`,
      `CreatedDate`, `CreatedById`, `LastModifiedDate`, `LastModifiedById`, `OwnerId`, `Overtime`, `EntryImage`, `checkInLoc`,`device`,latit_in,longi_in,timeindate)
      VALUES (0,0,69571,'2019-10-16',1,'15:57',40751,143285,180197,0,0,34980,'2019-10-16',69571,'2019-10-16 15:57:31',69571,69571,'00:00:00','http://192.168.0.200/ubiattendance/uploads/69571_16102019_155731.jpg','Ubitech Rd, Kailash Nagar, Mahalgaon, Gwalior, Madhya Pradesh 474011, India','mobile','26.1967716','78.1970259','2019-10-16')
16-Oct-2019 15:59 : TimeOut AID3301041UserId69571
16-Oct-2019 16:07 : TimeIn AID0UserId69572
16-Oct-2019 16:07 : User Attendance: 69572 INSERT INTO `AttendanceMaster`(`FakeLocationStatusTimeIn`,`FakeLocationStatusTimeOut`,`EmployeeId`, `AttendanceDate`, `AttendanceStatus`, `TimeIn`,`ShiftId`,Dept_id,Desg_id,areaId,HourlyRateId, `OrganizationId`,
      `CreatedDate`, `CreatedById`, `LastModifiedDate`, `LastModifiedById`, `OwnerId`, `Overtime`, `EntryImage`, `checkInLoc`,`device`,latit_in,longi_in,timeindate)
      VALUES (0,0,69572,'2019-10-16',1,'16:07',40751,143287,180200,0,0,34980,'2019-10-16',69572,'2019-10-16 16:07:05',69572,69572,'00:00:00','http://192.168.0.200/ubiattendance/uploads/69572_16102019_160705.jpg','Ubitech Rd, Kailash Nagar, Mahalgaon, Gwalior, Madhya Pradesh 474011, India','mobile','26.196752','78.1970705','2019-10-16')
16-Oct-2019 16:07 : TimeOut AID3301042UserId69572
16-Oct-2019 16:35 : TimeIn AID0UserId69572
16-Oct-2019 16:35 : User Attendance: 69572 INSERT INTO `AttendanceMaster`(`FakeLocationStatusTimeIn`,`FakeLocationStatusTimeOut`,`EmployeeId`, `AttendanceDate`, `AttendanceStatus`, `TimeIn`,`ShiftId`,Dept_id,Desg_id,areaId,HourlyRateId, `OrganizationId`,
      `CreatedDate`, `CreatedById`, `LastModifiedDate`, `LastModifiedById`, `OwnerId`, `Overtime`, `EntryImage`, `checkInLoc`,`device`,latit_in,longi_in,timeindate)
      VALUES (0,0,69572,'2019-10-16',1,'16:35',40751,143287,180200,0,0,34980,'2019-10-16',69572,'2019-10-16 16:35:26',69572,69572,'00:00:00','http://192.168.0.200/ubiattendance/uploads/69572_16102019_163526.jpg','Ubitech Rd, Kailash Nagar, Mahalgaon, Gwalior, Madhya Pradesh 474011, India','mobile','26.1969171','78.197943','2019-10-16')
16-Oct-2019 16:36 : TimeOut AID3301043UserId69572
16-Oct-2019 16:55 : TimeIn AID0UserId69566
16-Oct-2019 16:55 : User Attendance: 69566 INSERT INTO `AttendanceMaster`(`FakeLocationStatusTimeIn`,`FakeLocationStatusTimeOut`,`EmployeeId`, `AttendanceDate`, `AttendanceStatus`, `TimeIn`,`ShiftId`,Dept_id,Desg_id,areaId,HourlyRateId, `OrganizationId`,
      `CreatedDate`, `CreatedById`, `LastModifiedDate`, `LastModifiedById`, `OwnerId`, `Overtime`, `EntryImage`, `checkInLoc`,`device`,latit_in,longi_in,timeindate)
      VALUES (0,0,69566,'2019-10-16',1,'16:55',40750,143283,180193,0,0,34979,'2019-10-16',69566,'2019-10-16 16:55:34',69566,69566,'00:00:00','http://192.168.0.200/ubiattendance/uploads/69566_16102019_165534.jpg','Ubitech Rd, Kailash Nagar, Mahalgaon, Gwalior, Madhya Pradesh 474011, India','mobile','26.1968412','78.1969776','2019-10-16')
16-Oct-2019 16:56 : TimeOut AID3301044UserId69566
