17-Sep-2019 10:58 : Senior not zero
17-Sep-2019 10:58 : 4171
17-Sep-2019 10:58 : 0 0
17-Sep-2019 10:58 : sernioer emailpragati@ubitechsolutions.com
17-Sep-2019 10:58 : pragati@ubitechsolutions.com <table>
														<tr><td>Requested by: Priyanka</td></tr>
														<tr><td>Applied on:  Sep 17, 2019 10:58 AM </td></tr>
														<tr><td>Reason for timeoff: test</td></tr>
														<tr><td>Date: 2019-09-17</td></tr>
														<tr><td>Duration: from 11:55 am to 04:55 pm</td></tr>
														
														</table>
														
															
														
														<table>
														<tr><td><br/><br/>
														
																<a href='https://ubitech.ubihrm.com/approvalbymail/viewapprovetimeoffapproval/4171/10/12575/2'   style='text-decoration:none;padding: 10px 15px; background: #ffffff; color: green;
																-webkit-border-radius: 4px; -moz-border-radius: 4px; border-radius: 4px; border: solid 1px green; text-shadow: 0 -1px 0 rgba(0, 0, 0, 0.4); -webkit-box-shadow: inset 0 1px 0 rgba(255, 255, 255, 0.4), 0 1px 1px rgba(0, 0, 0, 0.2); -moz-box-shadow: inset 0 1px 0 rgba(255, 255, 255, 0.4), 0 1px 1px rgba(0, 0, 0, 0.2); box-shadow: inset 0 1px 0 rgba(255, 255, 255, 0.4), 0 1px 1px rgba(0, 0, 0, 0.2);'>Approve</a>
																&nbsp;&nbsp;
																&nbsp;&nbsp;
																<a href='https://ubitech.ubihrm.com/approvalbymail/viewapprovetimeoffapproval/4171/10/12575/1'  style='text-decoration:none;padding: 10px 15px; background: #ffffff; color: brown;
																-webkit-border-radius: 4px; -moz-border-radius: 4px; border-radius: 4px; border: solid 1px brown; text-shadow: 0 -1px 0 rgba(0, 0, 0, 0.4); -webkit-box-shadow: inset 0 1px 0 rgba(255, 255, 255, 0.4), 0 1px 1px rgba(0, 0, 0, 0.2); -moz-box-shadow: inset 0 1px 0 rgba(255, 255, 255, 0.4), 0 1px 1px rgba(0, 0, 0, 0.2); box-shadow: inset 0 1px 0 rgba(255, 255, 255, 0.4), 0 1px 1px rgba(0, 0, 0, 0.2);'>Reject</a>
																<br/><br/>
																</td>															
																</tr>
													</table>
17-Sep-2019 10:58 : <table>
														<tr><td>Requested by: Priyanka</td></tr>
														<tr><td>Applied on:  Sep 17, 2019 10:58 AM </td></tr>
														<tr><td>Reason for timeoff: test</td></tr>
														<tr><td>Date: 2019-09-17</td></tr>
														<tr><td>Duration: from 11:55 am to 04:55 pm</td></tr>
														
														</table>
														
															
														
														<table>
														<tr><td><br/><br/>
														
																<a href='https://ubitech.ubihrm.com/approvalbymail/viewapprovetimeoffapproval/4171/10/12575/2'   style='text-decoration:none;padding: 10px 15px; background: #ffffff; color: green;
																-webkit-border-radius: 4px; -moz-border-radius: 4px; border-radius: 4px; border: solid 1px green; text-shadow: 0 -1px 0 rgba(0, 0, 0, 0.4); -webkit-box-shadow: inset 0 1px 0 rgba(255, 255, 255, 0.4), 0 1px 1px rgba(0, 0, 0, 0.2); -moz-box-shadow: inset 0 1px 0 rgba(255, 255, 255, 0.4), 0 1px 1px rgba(0, 0, 0, 0.2); box-shadow: inset 0 1px 0 rgba(255, 255, 255, 0.4), 0 1px 1px rgba(0, 0, 0, 0.2);'>Approve</a>
																&nbsp;&nbsp;
																&nbsp;&nbsp;
																<a href='https://ubitech.ubihrm.com/approvalbymail/viewapprovetimeoffapproval/4171/10/12575/1'  style='text-decoration:none;padding: 10px 15px; background: #ffffff; color: brown;
																-webkit-border-radius: 4px; -moz-border-radius: 4px; border-radius: 4px; border: solid 1px brown; text-shadow: 0 -1px 0 rgba(0, 0, 0, 0.4); -webkit-box-shadow: inset 0 1px 0 rgba(255, 255, 255, 0.4), 0 1px 1px rgba(0, 0, 0, 0.2); -moz-box-shadow: inset 0 1px 0 rgba(255, 255, 255, 0.4), 0 1px 1px rgba(0, 0, 0, 0.2); box-shadow: inset 0 1px 0 rgba(255, 255, 255, 0.4), 0 1px 1px rgba(0, 0, 0, 0.2);'>Reject</a>
																<br/><br/>
																</td>															
																</tr>
													</table><br/><br/><b>This is an auto-generated mail. Kindly do not reply to this mail.</b>
17-Sep-2019 10:58 : The following From address failed: hr@ubitechsolutions.com
17-Sep-2019 10:58 : 4143
17-Sep-2019 10:58 : 1 1
17-Sep-2019 10:58 : i!=0 1
17-Sep-2019 10:59 : inelse
17-Sep-2019 10:59 : Adarsh Tor has punched Time in at 00:01 from Ubitech Rd, Kailash Nagar, Mahalgaon, Gwalior, Madhya Pradesh 474011, India<br/><br/><b>This is an auto-generated mail. Kindly do not reply to this mail.</b>
17-Sep-2019 10:59 : The following From address failed: ubiattendance@ubitechsolutions.com
17-Sep-2019 10:59 : inelse
17-Sep-2019 10:59 : Aditi Shrivastava has punched Time in at 02:57 from Ubitech Rd, Kailash Nagar, Mahalgaon, Gwalior, Madhya Pradesh 474011, India<br/><br/><b>This is an auto-generated mail. Kindly do not reply to this mail.</b>
17-Sep-2019 10:59 : The following From address failed: ubiattendance@ubitechsolutions.com
17-Sep-2019 10:59 : inelse
17-Sep-2019 11:08 : inelse
17-Sep-2019 11:08 : Test User1 has punched Time in at 06:06 from Ubitech Rd, Kailash Nagar, Mahalgaon, Gwalior, Madhya Pradesh 474011, India<br/><br/><b>This is an auto-generated mail. Kindly do not reply to this mail.</b>
17-Sep-2019 11:08 : The following From address failed: ubiattendance@ubitechsolutions.com
17-Sep-2019 11:35 : inelse
17-Sep-2019 11:35 : Anant Sharma has punched Time in at 11:33 from Jiwaji University Campus R-2, City Center, Jiwaji University, Mahalgaon, Gwalior, Madhya Pradesh 474011, India<br/><br/><b>This is an auto-generated mail. Kindly do not reply to this mail.</b>
17-Sep-2019 11:35 : The following From address failed: ubiattendance@ubitechsolutions.com
17-Sep-2019 11:52 : inelse
17-Sep-2019 11:52 : Anant Sharma has punched Time in at 11:49 from Ubitech Rd, Kailash Nagar, Mahalgaon, Gwalior, Madhya Pradesh 474011, India<br/><br/><b>This is an auto-generated mail. Kindly do not reply to this mail.</b>
17-Sep-2019 11:52 : The following From address failed: ubiattendance@ubitechsolutions.com
17-Sep-2019 12:37 : inelse
17-Sep-2019 12:37 : Aaaaa Aaaaa has punched Time in at 12:35 from Ubitech Rd, Kailash Nagar, Mahalgaon, Gwalior, Madhya Pradesh 474011, India<br/><br/><b>This is an auto-generated mail. Kindly do not reply to this mail.</b>
17-Sep-2019 12:37 : The following From address failed: ubiattendance@ubitechsolutions.com
17-Sep-2019 16:24 : TimeIn AID0UserId40469
17-Sep-2019 16:24 : User Attendance: 40469 INSERT INTO `AttendanceMaster`(`FakeLocationStatusTimeIn`,`FakeLocationStatusTimeOut`,`EmployeeId`, `AttendanceDate`, `AttendanceStatus`, `TimeIn`,`ShiftId`,Dept_id,Desg_id,areaId,HourlyRateId, `OrganizationId`,
      `CreatedDate`, `CreatedById`, `LastModifiedDate`, `LastModifiedById`, `OwnerId`, `Overtime`, `EntryImage`, `checkInLoc`,`device`,latit_in,longi_in,timeindate)
      VALUES (0,0,40469,'2019-09-17',1,'16:24',18095,61207,56547,635,0,10932,'2019-09-17',40469,'2019-09-17 16:24:19',40469,40469,'00:00:00','http://192.168.0.200/ubiattendance/uploads/40469_17092019_162419.jpg','Ubitech Rd, Kailash Nagar, Mahalgaon, Gwalior, Madhya Pradesh 474011, India','mobile','26.1968287','78.1968746','2019-09-17')
17-Sep-2019 16:27 : TimeOut AID2782175UserId40469
