19-Dec-2019 12:56 : <html>
              <head>
              <title></title>
              </head>
            <body>
            <h3>Dear Admin,</h3>
            <p>Please send the below message through text or Email to the Employee to get him started. The message below is already sent to the Employees with valid Email ID</p>
            <p>You are registered in ubiAttendance App for “ Ubitech Solutions”. Kindly punch your attendance through the following steps.</p>
            <ol>
            <li> 
              Download the Android App by clicking <a  
              href='https://play.google.com/store/apps/details?id=org.ubitech.attendance.'>https://play.google.com/store/apps/details?id=org.ubitech.attendance.</a> 
              iPhone users can download through 
              <a href='https://itunes.apple.com/us/app/ubiattendance-ubitech/id1375252261?mt=8 '>https://itunes.apple.com/us/app/ubiattendance-ubitech/id1375252261?mt=8</a>
            </li>
            <li>Install the App.  It will be added to the home screen</li>
            <li>Open the App & sign in. User name will be the registered Email/Phone no.</li>
            <li>Initial Sign in Password is 123456</li>
            <li>You can now start punching the attendance.</li>
            <li>Download the detailed Employee guide</li>
            </ol>
            <p>For further assistance, kindly contact your system administrator.</p>
            <h5>Cheers,</h5>
            <h5>ubiAttendance Team</h5>
            </body>
            </html><br/><br/><b>This is an auto-generated mail. Kindly do not reply to this mail.</b>
19-Dec-2019 12:56 : The following From address failed: ubiattendance@ubitechsolutions.com
19-Dec-2019 12:56 : <html>
              <head>
              <title></title>
              </head>
            <body>
            <h3>Dear Admin,</h3>
            <p>Please send the below message through text or Email to the Employee to get him started. The message below is already sent to the Employees with valid Email ID</p>
            <p>You are registered in ubiAttendance App for “ Ubitech Solutions”. Kindly punch your attendance through the following steps.</p>
            <ol>
            <li> 
              Download the Android App by clicking <a  
              href='https://play.google.com/store/apps/details?id=org.ubitech.attendance.'>https://play.google.com/store/apps/details?id=org.ubitech.attendance.</a> 
              iPhone users can download through 
              <a href='https://itunes.apple.com/us/app/ubiattendance-ubitech/id1375252261?mt=8 '>https://itunes.apple.com/us/app/ubiattendance-ubitech/id1375252261?mt=8</a>
            </li>
            <li>Install the App.  It will be added to the home screen</li>
            <li>Open the App & sign in. User name will be the registered Email/Phone no.</li>
            <li>Initial Sign in Password is 123456</li>
            <li>You can now start punching the attendance.</li>
            <li>Download the detailed Employee guide</li>
            </ol>
            <p>For further assistance, kindly contact your system administrator.</p>
            <h5>Cheers,</h5>
            <h5>ubiAttendance Team</h5>
            </body>
            </html><br/><br/><b>This is an auto-generated mail. Kindly do not reply to this mail.</b>
19-Dec-2019 12:56 : The following From address failed: ubiattendance@ubitechsolutions.com
19-Dec-2019 15:14 : Today Auto Trial Mail Count1
