19-Sep-2019 10:35 : <html>
              <head>
              <title></title>
              </head>
            <body>
            <h3>Dear Admin,</h3>
            <p>Please send the below message through text or Email to the Employee to get him started. The message below is already sent to the Employees with valid Email ID</p>
            <p>You are registered in ubiAttendance App for “ Ubitech Solutions”. Kindly punch your attendance through the following steps.</p>
            <ol>
            <li> 
              Download the Android App by clicking <a  
              href='https://play.google.com/store/apps/details?id=org.ubitech.attendance.'>https://play.google.com/store/apps/details?id=org.ubitech.attendance.</a> 
              iPhone users can download through 
              <a href='https://itunes.apple.com/us/app/ubiattendance-ubitech/id1375252261?mt=8 '>https://itunes.apple.com/us/app/ubiattendance-ubitech/id1375252261?mt=8</a>
            </li>
            <li>Install the App.  It will be added to the home screen</li>
            <li>Open the App & sign in. User name will be the registered Email/Phone no.</li>
            <li>Initial Sign in Password is 123456</li>
            <li>You can now start punching the attendance.</li>
            <li>Download the detailed Employee guide</li>
            </ol>
            <p>For further assistance, kindly contact your system administrator.</p>
            <h5>Cheers,</h5>
            <h5>ubiAttendance Team</h5>
            </body>
            </html><br/><br/><b>This is an auto-generated mail. Kindly do not reply to this mail.</b>
19-Sep-2019 10:35 : The following From address failed: ubiattendance@ubitechsolutions.com
19-Sep-2019 10:35 : <html>
              <head>
              <title></title>
              </head>
            <body>
            <h3>Dear Admin,</h3>
            <p>Please send the below message through text or Email to the Employee to get him started. The message below is already sent to the Employees with valid Email ID</p>
            <p>You are registered in ubiAttendance App for “ Ubitech Solutions”. Kindly punch your attendance through the following steps.</p>
            <ol>
            <li> 
              Download the Android App by clicking <a  
              href='https://play.google.com/store/apps/details?id=org.ubitech.attendance.'>https://play.google.com/store/apps/details?id=org.ubitech.attendance.</a> 
              iPhone users can download through 
              <a href='https://itunes.apple.com/us/app/ubiattendance-ubitech/id1375252261?mt=8 '>https://itunes.apple.com/us/app/ubiattendance-ubitech/id1375252261?mt=8</a>
            </li>
            <li>Install the App.  It will be added to the home screen</li>
            <li>Open the App & sign in. User name will be the registered Email/Phone no.</li>
            <li>Initial Sign in Password is 123456</li>
            <li>You can now start punching the attendance.</li>
            <li>Download the detailed Employee guide</li>
            </ol>
            <p>For further assistance, kindly contact your system administrator.</p>
            <h5>Cheers,</h5>
            <h5>ubiAttendance Team</h5>
            </body>
            </html><br/><br/><b>This is an auto-generated mail. Kindly do not reply to this mail.</b>
19-Sep-2019 10:35 : The following From address failed: ubiattendance@ubitechsolutions.com
19-Sep-2019 10:35 : <br/><br/>Insert Message:   <div style='color:black'>
          Greetings from ubiAttendance App<br/><br/>
          The no. of users in your ubiAttendance Plan have exceeded. We have updated your plan.  Below are the payment details for the additional Users. <br/>
          <h4 style='color:blue'>Plan Details:</h4>
          Company name: Ubitech solutions PVT LTD<br/>
          Plan Start Date:14-Nov-2017<br/>
          Plan End Date:02-May-2020<br/>
          User limit: 100<br/>
          Registered Users: 123<br/>
          <br/>
          <h4 style='color:blue'>Billing Details:</h4>
          Previous Dues: 27626.56 INR <br/>
          Amount Payable for additional Users: 400.02 INR<br/>
          Amount Payable: 400.02 + 27626.56 = 28026.58 INR <br/>
          <br/>
          <a href='http://192.168.0.200/ubiattendance/index.php/'>Update your plan now</a> so that there is no disruption in our services<br/><br/>Cheers,<br/>
          Team ubiAttendance<br/><a target='_blank' href='http://www.ubiattendance.com'>www.ubiattendance.com</a><br/> Tel/ Whatsapp: +91 70678 22132<br/>Email: ubiattendance@ubitechsolutions.com<br/>Skype: ubitech.solutions</div>
19-Sep-2019 10:35 : <div style='color:black'>
          Greetings from ubiAttendance App<br/><br/>
          The no. of users in your ubiAttendance Plan have exceeded. We have updated your plan.  Below are the payment details for the additional Users. <br/>
          <h4 style='color:blue'>Plan Details:</h4>
          Company name: Ubitech solutions PVT LTD<br/>
          Plan Start Date:14-Nov-2017<br/>
          Plan End Date:02-May-2020<br/>
          User limit: 100<br/>
          Registered Users: 123<br/>
          <br/>
          <h4 style='color:blue'>Billing Details:</h4>
          Previous Dues: 27626.56 INR <br/>
          Amount Payable for additional Users: 400.02 INR<br/>
          Amount Payable: 400.02 + 27626.56 = 28026.58 INR <br/>
          <br/>
          <a href='http://192.168.0.200/ubiattendance/index.php/'>Update your plan now</a> so that there is no disruption in our services<br/><br/>Cheers,<br/>
          Team ubiAttendance<br/><a target='_blank' href='http://www.ubiattendance.com'>www.ubiattendance.com</a><br/> Tel/ Whatsapp: +91 70678 22132<br/>Email: ubiattendance@ubitechsolutions.com<br/>Skype: ubitech.solutions</div><br/><br/><b>This is an auto-generated mail. Kindly do not reply to this mail.</b>
19-Sep-2019 10:35 : The following From address failed: ubiattendance@ubitechsolutions.com
19-Sep-2019 10:35 : <div style='color:black'>
          Greetings from ubiAttendance App<br/><br/>
          The no. of users in your ubiAttendance Plan have exceeded. We have updated your plan.  Below are the payment details for the additional Users. <br/>
          <h4 style='color:blue'>Plan Details:</h4>
          Company name: Ubitech solutions PVT LTD<br/>
          Plan Start Date:14-Nov-2017<br/>
          Plan End Date:02-May-2020<br/>
          User limit: 100<br/>
          Registered Users: 123<br/>
          <br/>
          <h4 style='color:blue'>Billing Details:</h4>
          Previous Dues: 27626.56 INR <br/>
          Amount Payable for additional Users: 400.02 INR<br/>
          Amount Payable: 400.02 + 27626.56 = 28026.58 INR <br/>
          <br/>
          <a href='http://192.168.0.200/ubiattendance/index.php/'>Update your plan now</a> so that there is no disruption in our services<br/><br/>Cheers,<br/>
          Team ubiAttendance<br/><a target='_blank' href='http://www.ubiattendance.com'>www.ubiattendance.com</a><br/> Tel/ Whatsapp: +91 70678 22132<br/>Email: ubiattendance@ubitechsolutions.com<br/>Skype: ubitech.solutions</div><br/><br/><b>This is an auto-generated mail. Kindly do not reply to this mail.</b>
19-Sep-2019 10:35 : The following From address failed: ubiattendance@ubitechsolutions.com
19-Sep-2019 10:35 : <div style='color:black'>
          Greetings from ubiAttendance App<br/><br/>
          The no. of users in your ubiAttendance Plan have exceeded. We have updated your plan.  Below are the payment details for the additional Users. <br/>
          <h4 style='color:blue'>Plan Details:</h4>
          Company name: Ubitech solutions PVT LTD<br/>
          Plan Start Date:14-Nov-2017<br/>
          Plan End Date:02-May-2020<br/>
          User limit: 100<br/>
          Registered Users: 123<br/>
          <br/>
          <h4 style='color:blue'>Billing Details:</h4>
          Previous Dues: 27626.56 INR <br/>
          Amount Payable for additional Users: 400.02 INR<br/>
          Amount Payable: 400.02 + 27626.56 = 28026.58 INR <br/>
          <br/>
          <a href='http://192.168.0.200/ubiattendance/index.php/'>Update your plan now</a> so that there is no disruption in our services<br/><br/>Cheers,<br/>
          Team ubiAttendance<br/><a target='_blank' href='http://www.ubiattendance.com'>www.ubiattendance.com</a><br/> Tel/ Whatsapp: +91 70678 22132<br/>Email: ubiattendance@ubitechsolutions.com<br/>Skype: ubitech.solutions</div><br/><br/><b>This is an auto-generated mail. Kindly do not reply to this mail.</b>
19-Sep-2019 10:35 : The following From address failed: ubiattendance@ubitechsolutions.com
19-Sep-2019 10:37 : <html>
          <head>
          <title>ubiAttendance</title>
          </head>
          <body>
          Congratulations <b>F</b>!!<br/>
          You are registered on ubiAttendance App for Ubitech solutions PVT LTD .<br/>
          <ol>
          <li>Download & install the App through any of the links below:</li>
            <ol>
            <li>Android -<a href='https://play.google.com/store/apps/details?id=org.ubitech.attendance'>https://play.google.com/store/apps/details?id=org.ubitech.attendance</a></li>
            <li>iPhone -<a href='https://itunes.apple.com/us/app/ubiattendance-ubitech/id1375252261?mt=8 '>https://itunes.apple.com/us/app/ubiattendance-ubitech/id1375252261?mt=8</a></li>
            </ol>
            <li>Open the App & sign in.</li>
            Login details for Mobile App<br/>
            Username: v111@gmail.com<br/>
            Password: 123456<br/>
            OR<br/>
            Username: 4566556567<br/>
            Password: 123456<br/>
            <li>Click on “Time In” button to punch attendance.</li>
          </ol>
          <p>For further assistance, kindly contact your system administrator.</p>
          <h5>Cheers,</h5>
          <h5>ubiAttendance Team</h5>
          </body>
          </html><br/><br/><b>This is an auto-generated mail. Kindly do not reply to this mail.</b>
19-Sep-2019 10:37 : The following From address failed: ubiattendance@ubitechsolutions.com
19-Sep-2019 10:37 : <html>
          <head>
          <title>ubiAttendance</title>
          </head>
          <body>
          Congratulations <b>F</b>!!<br/>
          You are registered on ubiAttendance App for Ubitech solutions PVT LTD .<br/>
          <ol>
          <li>Download & install the App through any of the links below:</li>
            <ol>
            <li>Android -<a href='https://play.google.com/store/apps/details?id=org.ubitech.attendance'>https://play.google.com/store/apps/details?id=org.ubitech.attendance</a></li>
            <li>iPhone -<a href='https://itunes.apple.com/us/app/ubiattendance-ubitech/id1375252261?mt=8 '>https://itunes.apple.com/us/app/ubiattendance-ubitech/id1375252261?mt=8</a></li>
            </ol>
            <li>Open the App & sign in.</li>
            Login details for Mobile App<br/>
            Username: v111@gmail.com<br/>
            Password: 123456<br/>
            OR<br/>
            Username: 4566556567<br/>
            Password: 123456<br/>
            <li>Click on “Time In” button to punch attendance.</li>
          </ol>
          <p>For further assistance, kindly contact your system administrator.</p>
          <h5>Cheers,</h5>
          <h5>ubiAttendance Team</h5>
          </body>
          </html><br/><br/><b>This is an auto-generated mail. Kindly do not reply to this mail.</b>
19-Sep-2019 10:37 : The following From address failed: ubiattendance@ubitechsolutions.com
19-Sep-2019 10:37 : <br/><br/>Insert Message:   <div style='color:black'>
          Greetings from ubiAttendance App<br/><br/>
          The no. of users in your ubiAttendance Plan have exceeded. We have updated your plan.  Below are the payment details for the additional Users. <br/>
          <h4 style='color:blue'>Plan Details:</h4>
          Company name: Ubitech solutions PVT LTD<br/>
          Plan Start Date:14-Nov-2017<br/>
          Plan End Date:02-May-2020<br/>
          User limit: 100<br/>
          Registered Users: 124<br/>
          <br/>
          <h4 style='color:blue'>Billing Details:</h4>
          Previous Dues: 28026.58 INR <br/>
          Amount Payable for additional Users: 400.02 INR<br/>
          Amount Payable: 400.02 + 28026.58 = 28426.6 INR <br/>
          <br/>
          <a href='http://192.168.0.200/ubiattendance/index.php/'>Update your plan now</a> so that there is no disruption in our services<br/><br/>Cheers,<br/>
          Team ubiAttendance<br/><a target='_blank' href='http://www.ubiattendance.com'>www.ubiattendance.com</a><br/> Tel/ Whatsapp: +91 70678 22132<br/>Email: ubiattendance@ubitechsolutions.com<br/>Skype: ubitech.solutions</div>
19-Sep-2019 10:37 : <div style='color:black'>
          Greetings from ubiAttendance App<br/><br/>
          The no. of users in your ubiAttendance Plan have exceeded. We have updated your plan.  Below are the payment details for the additional Users. <br/>
          <h4 style='color:blue'>Plan Details:</h4>
          Company name: Ubitech solutions PVT LTD<br/>
          Plan Start Date:14-Nov-2017<br/>
          Plan End Date:02-May-2020<br/>
          User limit: 100<br/>
          Registered Users: 124<br/>
          <br/>
          <h4 style='color:blue'>Billing Details:</h4>
          Previous Dues: 28026.58 INR <br/>
          Amount Payable for additional Users: 400.02 INR<br/>
          Amount Payable: 400.02 + 28026.58 = 28426.6 INR <br/>
          <br/>
          <a href='http://192.168.0.200/ubiattendance/index.php/'>Update your plan now</a> so that there is no disruption in our services<br/><br/>Cheers,<br/>
          Team ubiAttendance<br/><a target='_blank' href='http://www.ubiattendance.com'>www.ubiattendance.com</a><br/> Tel/ Whatsapp: +91 70678 22132<br/>Email: ubiattendance@ubitechsolutions.com<br/>Skype: ubitech.solutions</div><br/><br/><b>This is an auto-generated mail. Kindly do not reply to this mail.</b>
19-Sep-2019 10:37 : The following From address failed: ubiattendance@ubitechsolutions.com
19-Sep-2019 10:37 : <div style='color:black'>
          Greetings from ubiAttendance App<br/><br/>
          The no. of users in your ubiAttendance Plan have exceeded. We have updated your plan.  Below are the payment details for the additional Users. <br/>
          <h4 style='color:blue'>Plan Details:</h4>
          Company name: Ubitech solutions PVT LTD<br/>
          Plan Start Date:14-Nov-2017<br/>
          Plan End Date:02-May-2020<br/>
          User limit: 100<br/>
          Registered Users: 124<br/>
          <br/>
          <h4 style='color:blue'>Billing Details:</h4>
          Previous Dues: 28026.58 INR <br/>
          Amount Payable for additional Users: 400.02 INR<br/>
          Amount Payable: 400.02 + 28026.58 = 28426.6 INR <br/>
          <br/>
          <a href='http://192.168.0.200/ubiattendance/index.php/'>Update your plan now</a> so that there is no disruption in our services<br/><br/>Cheers,<br/>
          Team ubiAttendance<br/><a target='_blank' href='http://www.ubiattendance.com'>www.ubiattendance.com</a><br/> Tel/ Whatsapp: +91 70678 22132<br/>Email: ubiattendance@ubitechsolutions.com<br/>Skype: ubitech.solutions</div><br/><br/><b>This is an auto-generated mail. Kindly do not reply to this mail.</b>
19-Sep-2019 10:37 : The following From address failed: ubiattendance@ubitechsolutions.com
19-Sep-2019 10:37 : <div style='color:black'>
          Greetings from ubiAttendance App<br/><br/>
          The no. of users in your ubiAttendance Plan have exceeded. We have updated your plan.  Below are the payment details for the additional Users. <br/>
          <h4 style='color:blue'>Plan Details:</h4>
          Company name: Ubitech solutions PVT LTD<br/>
          Plan Start Date:14-Nov-2017<br/>
          Plan End Date:02-May-2020<br/>
          User limit: 100<br/>
          Registered Users: 124<br/>
          <br/>
          <h4 style='color:blue'>Billing Details:</h4>
          Previous Dues: 28026.58 INR <br/>
          Amount Payable for additional Users: 400.02 INR<br/>
          Amount Payable: 400.02 + 28026.58 = 28426.6 INR <br/>
          <br/>
          <a href='http://192.168.0.200/ubiattendance/index.php/'>Update your plan now</a> so that there is no disruption in our services<br/><br/>Cheers,<br/>
          Team ubiAttendance<br/><a target='_blank' href='http://www.ubiattendance.com'>www.ubiattendance.com</a><br/> Tel/ Whatsapp: +91 70678 22132<br/>Email: ubiattendance@ubitechsolutions.com<br/>Skype: ubitech.solutions</div><br/><br/><b>This is an auto-generated mail. Kindly do not reply to this mail.</b>
19-Sep-2019 10:37 : The following From address failed: ubiattendance@ubitechsolutions.com
