20-Aug-2019 10:42 : TimeIn AID0UserId4253
20-Aug-2019 10:42 : User Attendance: 4253 INSERT INTO `AttendanceMaster`(`FakeLocationStatusTimeIn`,`FakeLocationStatusTimeOut`,`EmployeeId`, `AttendanceDate`, `AttendanceStatus`, `TimeIn`,`ShiftId`,Dept_id,Desg_id,areaId,HourlyRateId, `OrganizationId`,
      `CreatedDate`, `CreatedById`, `LastModifiedDate`, `LastModifiedById`, `OwnerId`, `Overtime`, `EntryImage`, `checkInLoc`,`device`,latit_in,longi_in,timeindate)
      VALUES (0,0,4253,'2019-08-20',1,'10:42',48,50,861,159,0,10,'2019-08-20',4253,'2019-08-20 10:42:53',4253,4253,'00:00:00','http://192.168.0.200/ubiattendance/uploads/4253_20082019_104253.jpg','Ubitech Road, Kailash Nagar, Mahalgaon, Gwalior, Madhya Pradesh 474011, India','mobile','26.1967576','78.19702','2019-08-20')
20-Aug-2019 12:58 : Senior not zero
20-Aug-2019 12:58 : 5615
20-Aug-2019 12:58 : 0 0
20-Aug-2019 12:58 : sernioer emailparth@ubitechsolutions.com
20-Aug-2019 12:58 : parth@ubitechsolutions.com <table>
														<tr><td>Requested by: Deeksha</td></tr>
														<tr><td>Applied on:  Aug 20, 2019 12:58 PM </td></tr>
														<tr><td>Reason for timeoff: testing</td></tr>
														<tr><td>Date: 2019-08-20</td></tr>
														<tr><td>Duration: from 05:30 pm to 06:30 pm</td></tr>
														
														</table>
														
															
														
														<table>
														<tr><td><br/><br/>
														
																<a href='https://ubitech.ubihrm.com/approvalbymail/viewapprovetimeoffapproval/5615/10/12548/2'   style='text-decoration:none;padding: 10px 15px; background: #ffffff; color: green;
																-webkit-border-radius: 4px; -moz-border-radius: 4px; border-radius: 4px; border: solid 1px green; text-shadow: 0 -1px 0 rgba(0, 0, 0, 0.4); -webkit-box-shadow: inset 0 1px 0 rgba(255, 255, 255, 0.4), 0 1px 1px rgba(0, 0, 0, 0.2); -moz-box-shadow: inset 0 1px 0 rgba(255, 255, 255, 0.4), 0 1px 1px rgba(0, 0, 0, 0.2); box-shadow: inset 0 1px 0 rgba(255, 255, 255, 0.4), 0 1px 1px rgba(0, 0, 0, 0.2);'>Approve</a>
																&nbsp;&nbsp;
																&nbsp;&nbsp;
																<a href='https://ubitech.ubihrm.com/approvalbymail/viewapprovetimeoffapproval/5615/10/12548/1'  style='text-decoration:none;padding: 10px 15px; background: #ffffff; color: brown;
																-webkit-border-radius: 4px; -moz-border-radius: 4px; border-radius: 4px; border: solid 1px brown; text-shadow: 0 -1px 0 rgba(0, 0, 0, 0.4); -webkit-box-shadow: inset 0 1px 0 rgba(255, 255, 255, 0.4), 0 1px 1px rgba(0, 0, 0, 0.2); -moz-box-shadow: inset 0 1px 0 rgba(255, 255, 255, 0.4), 0 1px 1px rgba(0, 0, 0, 0.2); box-shadow: inset 0 1px 0 rgba(255, 255, 255, 0.4), 0 1px 1px rgba(0, 0, 0, 0.2);'>Reject</a>
																<br/><br/>
																</td>															
																</tr>
													</table>
20-Aug-2019 12:58 : <table>
														<tr><td>Requested by: Deeksha</td></tr>
														<tr><td>Applied on:  Aug 20, 2019 12:58 PM </td></tr>
														<tr><td>Reason for timeoff: testing</td></tr>
														<tr><td>Date: 2019-08-20</td></tr>
														<tr><td>Duration: from 05:30 pm to 06:30 pm</td></tr>
														
														</table>
														
															
														
														<table>
														<tr><td><br/><br/>
														
																<a href='https://ubitech.ubihrm.com/approvalbymail/viewapprovetimeoffapproval/5615/10/12548/2'   style='text-decoration:none;padding: 10px 15px; background: #ffffff; color: green;
																-webkit-border-radius: 4px; -moz-border-radius: 4px; border-radius: 4px; border: solid 1px green; text-shadow: 0 -1px 0 rgba(0, 0, 0, 0.4); -webkit-box-shadow: inset 0 1px 0 rgba(255, 255, 255, 0.4), 0 1px 1px rgba(0, 0, 0, 0.2); -moz-box-shadow: inset 0 1px 0 rgba(255, 255, 255, 0.4), 0 1px 1px rgba(0, 0, 0, 0.2); box-shadow: inset 0 1px 0 rgba(255, 255, 255, 0.4), 0 1px 1px rgba(0, 0, 0, 0.2);'>Approve</a>
																&nbsp;&nbsp;
																&nbsp;&nbsp;
																<a href='https://ubitech.ubihrm.com/approvalbymail/viewapprovetimeoffapproval/5615/10/12548/1'  style='text-decoration:none;padding: 10px 15px; background: #ffffff; color: brown;
																-webkit-border-radius: 4px; -moz-border-radius: 4px; border-radius: 4px; border: solid 1px brown; text-shadow: 0 -1px 0 rgba(0, 0, 0, 0.4); -webkit-box-shadow: inset 0 1px 0 rgba(255, 255, 255, 0.4), 0 1px 1px rgba(0, 0, 0, 0.2); -moz-box-shadow: inset 0 1px 0 rgba(255, 255, 255, 0.4), 0 1px 1px rgba(0, 0, 0, 0.2); box-shadow: inset 0 1px 0 rgba(255, 255, 255, 0.4), 0 1px 1px rgba(0, 0, 0, 0.2);'>Reject</a>
																<br/><br/>
																</td>															
																</tr>
													</table><br/><br/><b>This is an auto-generated mail. Kindly do not reply to this mail.</b>
20-Aug-2019 12:58 : The following From address failed: hr@ubitechsolutions.com
20-Aug-2019 12:58 : 4143
20-Aug-2019 12:58 : 1 1
20-Aug-2019 12:58 : i!=0 1
20-Aug-2019 12:58 : UPDATE Timeoff SET ApprovalSts = ? WHERE  Id = ? 12548
20-Aug-2019 12:58 : 
				<table>
				<tr><td>Dear Parth Yash Bhansali,</td></tr>
				<tr><td></td></tr>
				<tr><td>Deeksha  Mangal withdrawn  request for timeoff.</td></tr>
				<tr><td><b>Details are given below:</b></td></tr>
				<tr><td>Reason for timeoff: testing</td></tr>
				<tr><td>Date: 2019-08-20</td></tr>
				<tr><td>Duration: from 17:30:00 to 18:30:00</td></tr>
				
					
				</table><br/><br/><b>This is an auto-generated mail. Kindly do not reply to this mail.</b>
20-Aug-2019 12:58 : The following From address failed: ubiattendance@ubitechsolutions.com
20-Aug-2019 12:58 :  parth@ubitechsolutions.com Withdraw timeoff by Deeksha  Mangal 
				<table>
				<tr><td>Dear Parth Yash Bhansali,</td></tr>
				<tr><td></td></tr>
				<tr><td>Deeksha  Mangal withdrawn  request for timeoff.</td></tr>
				<tr><td><b>Details are given below:</b></td></tr>
				<tr><td>Reason for timeoff: testing</td></tr>
				<tr><td>Date: 2019-08-20</td></tr>
				<tr><td>Duration: from 17:30:00 to 18:30:00</td></tr>
				
					
				</table>
20-Aug-2019 13:26 : TimeOut AID2782053UserId4253
20-Aug-2019 15:59 : inelse
