20-Dec-2019 11:06 : TimeIn AID0UserId4253
20-Dec-2019 11:06 : User Attendance: 4253 INSERT INTO `AttendanceMaster`(`FakeLocationStatusTimeIn`,`FakeLocationStatusTimeOut`,`EmployeeId`, `AttendanceDate`, `AttendanceStatus`, `TimeIn`,`ShiftId`,Dept_id,Desg_id,areaId,HourlyRateId, `OrganizationId`,
      `CreatedDate`, `CreatedById`, `LastModifiedDate`, `LastModifiedById`, `OwnerId`, `Overtime`, `EntryImage`, `checkInLoc`,`device`,latit_in,longi_in,timeindate,Platform)
      VALUES (0,0,4253,'2019-12-20',1,'11:06',48,50,861,159,0,10,'2019-12-20',4253,'2019-12-20 11:06:41',4253,4253,'00:00:00','http://192.168.0.200/ubiattendance/uploads/4253_20122019_110641.jpg','Ubitech Rd, Kailash Nagar, Mahalgaon, Gwalior, Madhya Pradesh 474011, India','mobile','26.196774','78.1970389','2019-12-20',' android')
20-Dec-2019 15:08 : Today Auto Trial Mail Count0
20-Dec-2019 15:09 : Today Auto Trial Mail Count0
20-Dec-2019 15:11 : OrgId: 41413
20-Dec-2019 15:11 : Today Auto Trial Mail Count1
20-Dec-2019 15:12 : Today Auto Trial Mail Count1
20-Dec-2019 15:15 : Today Auto Trial Mail Count1
20-Dec-2019 15:17 : Today Auto Trial Mail Count0
20-Dec-2019 15:17 : Today Auto Trial Mail Count0
20-Dec-2019 15:19 : OrgId: 41414
20-Dec-2019 15:20 : Today Auto Trial Mail Count1
20-Dec-2019 15:21 : Today Auto Trial Mail Count1
20-Dec-2019 15:30 : Today Auto Trial Mail Count1
20-Dec-2019 15:38 : Today Auto Trial Mail Count1
20-Dec-2019 16:38 : Today Auto Trial Mail Count1
20-Dec-2019 17:05 : Today Auto Trial Mail Count1
20-Dec-2019 18:22 : <html>
              <head>
              <title></title>
              </head>
            <body>
            <h3>Dear Admin,</h3>
            <p>Please send the below message through text or Email to the Employee to get him started. The message below is already sent to the Employees with valid Email ID</p>
            <p>You are registered in ubiAttendance App for “ Ubitech Solutions”. Kindly punch your attendance through the following steps.</p>
            <ol>
            <li> 
              Download the Android App by clicking <a  
              href='https://play.google.com/store/apps/details?id=org.ubitech.attendance.'>https://play.google.com/store/apps/details?id=org.ubitech.attendance.</a> 
              iPhone users can download through 
              <a href='https://itunes.apple.com/us/app/ubiattendance-ubitech/id1375252261?mt=8 '>https://itunes.apple.com/us/app/ubiattendance-ubitech/id1375252261?mt=8</a>
            </li>
            <li>Install the App.  It will be added to the home screen</li>
            <li>Open the App & sign in. User name will be the registered Email/Phone no.</li>
            <li>Initial Sign in Password is 123456</li>
            <li>You can now start punching the attendance.</li>
            <li>Download the detailed Employee guide</li>
            </ol>
            <p>For further assistance, kindly contact your system administrator.</p>
            <h5>Cheers,</h5>
            <h5>ubiAttendance Team</h5>
            </body>
            </html><br/><br/><b>This is an auto-generated mail. Kindly do not reply to this mail.</b>
20-Dec-2019 18:22 : The following From address failed: ubiattendance@ubitechsolutions.com
20-Dec-2019 18:22 : <html>
              <head>
              <title></title>
              </head>
            <body>
            <h3>Dear Admin,</h3>
            <p>Please send the below message through text or Email to the Employee to get him started. The message below is already sent to the Employees with valid Email ID</p>
            <p>You are registered in ubiAttendance App for “ Ubitech Solutions”. Kindly punch your attendance through the following steps.</p>
            <ol>
            <li> 
              Download the Android App by clicking <a  
              href='https://play.google.com/store/apps/details?id=org.ubitech.attendance.'>https://play.google.com/store/apps/details?id=org.ubitech.attendance.</a> 
              iPhone users can download through 
              <a href='https://itunes.apple.com/us/app/ubiattendance-ubitech/id1375252261?mt=8 '>https://itunes.apple.com/us/app/ubiattendance-ubitech/id1375252261?mt=8</a>
            </li>
            <li>Install the App.  It will be added to the home screen</li>
            <li>Open the App & sign in. User name will be the registered Email/Phone no.</li>
            <li>Initial Sign in Password is 123456</li>
            <li>You can now start punching the attendance.</li>
            <li>Download the detailed Employee guide</li>
            </ol>
            <p>For further assistance, kindly contact your system administrator.</p>
            <h5>Cheers,</h5>
            <h5>ubiAttendance Team</h5>
            </body>
            </html><br/><br/><b>This is an auto-generated mail. Kindly do not reply to this mail.</b>
20-Dec-2019 18:22 : The following From address failed: ubiattendance@ubitechsolutions.com
