20-Sep-2019 12:21 : TimeIn AID0UserId4141
20-Sep-2019 12:21 : User Attendance: 4141 INSERT INTO `AttendanceMaster`(`FakeLocationStatusTimeIn`,`FakeLocationStatusTimeOut`,`EmployeeId`, `AttendanceDate`, `AttendanceStatus`, `TimeIn`,`ShiftId`,Dept_id,Desg_id,areaId,HourlyRateId, `OrganizationId`,
      `CreatedDate`, `CreatedById`, `LastModifiedDate`, `LastModifiedById`, `OwnerId`, `Overtime`, `EntryImage`, `checkInLoc`,`device`,latit_in,longi_in,timeindate)
      VALUES (0,0,4141,'2019-09-20',1,'12:21',48,50,18644,159,0,10,'2019-09-20',4141,'2019-09-20 12:21:08',4141,4141,'00:00:00','http://192.168.0.200/ubiattendance/uploads/4141_20092019_122108.jpg','Ubitech Rd, Kailash Nagar, Mahalgaon, Gwalior, Madhya Pradesh 474011, India','mobile','26.1971629','78.1965184','2019-09-20')
20-Sep-2019 12:21 : TimeOut AID2782189UserId4141
20-Sep-2019 12:33 : Senior not zero
20-Sep-2019 12:33 : 5615
20-Sep-2019 12:33 : 0 0
20-Sep-2019 12:33 : sernioer emailparth@ubitechsolutions.com
20-Sep-2019 12:33 : parth@ubitechsolutions.com <table>
														<tr><td>Requested by: Deeksha</td></tr>
														<tr><td>Applied on:  Sep 20, 2019 12:33 PM </td></tr>
														<tr><td>Reason for timeoff: test</td></tr>
														<tr><td>Date: 2019-09-20</td></tr>
														<tr><td>Duration: from 01:30 pm to 02:30 pm</td></tr>
														
														</table>
														
															
														
														<table>
														<tr><td><br/><br/>
														
																<a href='https://ubitech.ubihrm.com/approvalbymail/viewapprovetimeoffapproval/5615/10/12587/2'   style='text-decoration:none;padding: 10px 15px; background: #ffffff; color: green;
																-webkit-border-radius: 4px; -moz-border-radius: 4px; border-radius: 4px; border: solid 1px green; text-shadow: 0 -1px 0 rgba(0, 0, 0, 0.4); -webkit-box-shadow: inset 0 1px 0 rgba(255, 255, 255, 0.4), 0 1px 1px rgba(0, 0, 0, 0.2); -moz-box-shadow: inset 0 1px 0 rgba(255, 255, 255, 0.4), 0 1px 1px rgba(0, 0, 0, 0.2); box-shadow: inset 0 1px 0 rgba(255, 255, 255, 0.4), 0 1px 1px rgba(0, 0, 0, 0.2);'>Approve</a>
																&nbsp;&nbsp;
																&nbsp;&nbsp;
																<a href='https://ubitech.ubihrm.com/approvalbymail/viewapprovetimeoffapproval/5615/10/12587/1'  style='text-decoration:none;padding: 10px 15px; background: #ffffff; color: brown;
																-webkit-border-radius: 4px; -moz-border-radius: 4px; border-radius: 4px; border: solid 1px brown; text-shadow: 0 -1px 0 rgba(0, 0, 0, 0.4); -webkit-box-shadow: inset 0 1px 0 rgba(255, 255, 255, 0.4), 0 1px 1px rgba(0, 0, 0, 0.2); -moz-box-shadow: inset 0 1px 0 rgba(255, 255, 255, 0.4), 0 1px 1px rgba(0, 0, 0, 0.2); box-shadow: inset 0 1px 0 rgba(255, 255, 255, 0.4), 0 1px 1px rgba(0, 0, 0, 0.2);'>Reject</a>
																<br/><br/>
																</td>															
																</tr>
													</table>
20-Sep-2019 12:33 : <table>
														<tr><td>Requested by: Deeksha</td></tr>
														<tr><td>Applied on:  Sep 20, 2019 12:33 PM </td></tr>
														<tr><td>Reason for timeoff: test</td></tr>
														<tr><td>Date: 2019-09-20</td></tr>
														<tr><td>Duration: from 01:30 pm to 02:30 pm</td></tr>
														
														</table>
														
															
														
														<table>
														<tr><td><br/><br/>
														
																<a href='https://ubitech.ubihrm.com/approvalbymail/viewapprovetimeoffapproval/5615/10/12587/2'   style='text-decoration:none;padding: 10px 15px; background: #ffffff; color: green;
																-webkit-border-radius: 4px; -moz-border-radius: 4px; border-radius: 4px; border: solid 1px green; text-shadow: 0 -1px 0 rgba(0, 0, 0, 0.4); -webkit-box-shadow: inset 0 1px 0 rgba(255, 255, 255, 0.4), 0 1px 1px rgba(0, 0, 0, 0.2); -moz-box-shadow: inset 0 1px 0 rgba(255, 255, 255, 0.4), 0 1px 1px rgba(0, 0, 0, 0.2); box-shadow: inset 0 1px 0 rgba(255, 255, 255, 0.4), 0 1px 1px rgba(0, 0, 0, 0.2);'>Approve</a>
																&nbsp;&nbsp;
																&nbsp;&nbsp;
																<a href='https://ubitech.ubihrm.com/approvalbymail/viewapprovetimeoffapproval/5615/10/12587/1'  style='text-decoration:none;padding: 10px 15px; background: #ffffff; color: brown;
																-webkit-border-radius: 4px; -moz-border-radius: 4px; border-radius: 4px; border: solid 1px brown; text-shadow: 0 -1px 0 rgba(0, 0, 0, 0.4); -webkit-box-shadow: inset 0 1px 0 rgba(255, 255, 255, 0.4), 0 1px 1px rgba(0, 0, 0, 0.2); -moz-box-shadow: inset 0 1px 0 rgba(255, 255, 255, 0.4), 0 1px 1px rgba(0, 0, 0, 0.2); box-shadow: inset 0 1px 0 rgba(255, 255, 255, 0.4), 0 1px 1px rgba(0, 0, 0, 0.2);'>Reject</a>
																<br/><br/>
																</td>															
																</tr>
													</table><br/><br/><b>This is an auto-generated mail. Kindly do not reply to this mail.</b>
20-Sep-2019 12:33 : The following From address failed: hr@ubitechsolutions.com
20-Sep-2019 12:33 : 4143
20-Sep-2019 12:33 : 1 1
20-Sep-2019 12:33 : i!=0 1
20-Sep-2019 12:33 : UPDATE TimeoffApproval  SET ApproverSts = ? WHERE  	TimeofId = ?  12587
20-Sep-2019 12:33 : 
				<table>
				<tr><td>Dear Parth Yash Bhansali,</td></tr>
				<tr><td></td></tr>
				<tr><td>Deeksha  Mangal withdrawn  request for timeoff.</td></tr>
				<tr><td><b>Details are given below:</b></td></tr>
				<tr><td>Reason for timeoff: test</td></tr>
				<tr><td>Date: 2019-09-20</td></tr>
				<tr><td>Duration: from 13:30:00 to 14:30:00</td></tr>
				
					
				</table><br/><br/><b>This is an auto-generated mail. Kindly do not reply to this mail.</b>
20-Sep-2019 12:33 : The following From address failed: ubiattendance@ubitechsolutions.com
20-Sep-2019 12:33 :  parth@ubitechsolutions.com Withdraw timeoff by Deeksha  Mangal 
				<table>
				<tr><td>Dear Parth Yash Bhansali,</td></tr>
				<tr><td></td></tr>
				<tr><td>Deeksha  Mangal withdrawn  request for timeoff.</td></tr>
				<tr><td><b>Details are given below:</b></td></tr>
				<tr><td>Reason for timeoff: test</td></tr>
				<tr><td>Date: 2019-09-20</td></tr>
				<tr><td>Duration: from 13:30:00 to 14:30:00</td></tr>
				
					
				</table>
20-Sep-2019 12:33 : inelse
20-Sep-2019 12:33 : inelse
