24-Aug-2019 09:56 : TimeIn AID0UserId4253
24-Aug-2019 09:56 : User Attendance: 4253 INSERT INTO `AttendanceMaster`(`FakeLocationStatusTimeIn`,`FakeLocationStatusTimeOut`,`EmployeeId`, `AttendanceDate`, `AttendanceStatus`, `TimeIn`,`ShiftId`,Dept_id,Desg_id,areaId,HourlyRateId, `OrganizationId`,
      `CreatedDate`, `CreatedById`, `LastModifiedDate`, `LastModifiedById`, `OwnerId`, `Overtime`, `EntryImage`, `checkInLoc`,`device`,latit_in,longi_in,timeindate)
      VALUES (0,0,4253,'2019-08-24',1,'09:56',48,50,861,159,0,10,'2019-08-24',4253,'2019-08-24 09:56:02',4253,4253,'00:00:00','http://192.168.0.200/ubiattendance/uploads/4253_24082019_095602.jpg','Ubitech Rd, Kailash Nagar, Mahalgaon, Gwalior, Madhya Pradesh 474011, India','mobile','26.1966805','78.1969172','2019-08-24')
24-Aug-2019 10:06 : TimeIn AID0UserId4253
24-Aug-2019 10:06 : User Attendance: 4253 INSERT INTO `AttendanceMaster`(`FakeLocationStatusTimeIn`,`FakeLocationStatusTimeOut`,`EmployeeId`, `AttendanceDate`, `AttendanceStatus`, `TimeIn`,`ShiftId`,Dept_id,Desg_id,areaId,HourlyRateId, `OrganizationId`,
      `CreatedDate`, `CreatedById`, `LastModifiedDate`, `LastModifiedById`, `OwnerId`, `Overtime`, `EntryImage`, `checkInLoc`,`device`,latit_in,longi_in,timeindate)
      VALUES (0,0,4253,'2019-08-24',1,'10:06',48,50,861,159,0,10,'2019-08-24',4253,'2019-08-24 10:06:19',4253,4253,'00:00:00','http://192.168.0.200/ubiattendance/uploads/4253_24082019_100619.jpg','Unnamed Road, Narsingh Nagar, Jiwaji University, Mahalgaon, Gwalior, Madhya Pradesh 474011, India','mobile','26.2009867','78.1943814','2019-08-24')
24-Aug-2019 10:10 : TimeIn AID0UserId4253
24-Aug-2019 10:10 : User Attendance: 4253 INSERT INTO `AttendanceMaster`(`FakeLocationStatusTimeIn`,`FakeLocationStatusTimeOut`,`EmployeeId`, `AttendanceDate`, `AttendanceStatus`, `TimeIn`,`ShiftId`,Dept_id,Desg_id,areaId,HourlyRateId, `OrganizationId`,
      `CreatedDate`, `CreatedById`, `LastModifiedDate`, `LastModifiedById`, `OwnerId`, `Overtime`, `EntryImage`, `checkInLoc`,`device`,latit_in,longi_in,timeindate)
      VALUES (0,0,4253,'2019-08-24',1,'10:10',48,50,861,159,0,10,'2019-08-24',4253,'2019-08-24 10:10:22',4253,4253,'00:00:00','http://192.168.0.200/ubiattendance/uploads/4253_24082019_101022.jpg','Ubitech Rd, Kailash Nagar, Mahalgaon, Gwalior, Madhya Pradesh 474011, India','mobile','26.1967576','78.19702','2019-08-24')
24-Aug-2019 10:38 : Senior not zero
24-Aug-2019 10:38 : 5615
24-Aug-2019 10:38 : 0 0
24-Aug-2019 10:38 : sernioer emailparth@ubitechsolutions.com
24-Aug-2019 10:38 : parth@ubitechsolutions.com <table>
														<tr><td>Requested by: Deeksha</td></tr>
														<tr><td>Applied on:  Aug 24, 2019 10:38 AM </td></tr>
														<tr><td>Reason for timeoff: driving licence appointment</td></tr>
														<tr><td>Date: </td></tr>
														<tr><td>Duration: from  to </td></tr>
														
														</table>
														
															
														
														<table>
														<tr><td><br/><br/>
														
																<a href='https://ubitech.ubihrm.com/approvalbymail/viewapprovetimeoffapproval/5615/10/12709/2'   style='text-decoration:none;padding: 10px 15px; background: #ffffff; color: green;
																-webkit-border-radius: 4px; -moz-border-radius: 4px; border-radius: 4px; border: solid 1px green; text-shadow: 0 -1px 0 rgba(0, 0, 0, 0.4); -webkit-box-shadow: inset 0 1px 0 rgba(255, 255, 255, 0.4), 0 1px 1px rgba(0, 0, 0, 0.2); -moz-box-shadow: inset 0 1px 0 rgba(255, 255, 255, 0.4), 0 1px 1px rgba(0, 0, 0, 0.2); box-shadow: inset 0 1px 0 rgba(255, 255, 255, 0.4), 0 1px 1px rgba(0, 0, 0, 0.2);'>Approve</a>
																&nbsp;&nbsp;
																&nbsp;&nbsp;
																<a href='https://ubitech.ubihrm.com/approvalbymail/viewapprovetimeoffapproval/5615/10/12709/1'  style='text-decoration:none;padding: 10px 15px; background: #ffffff; color: brown;
																-webkit-border-radius: 4px; -moz-border-radius: 4px; border-radius: 4px; border: solid 1px brown; text-shadow: 0 -1px 0 rgba(0, 0, 0, 0.4); -webkit-box-shadow: inset 0 1px 0 rgba(255, 255, 255, 0.4), 0 1px 1px rgba(0, 0, 0, 0.2); -moz-box-shadow: inset 0 1px 0 rgba(255, 255, 255, 0.4), 0 1px 1px rgba(0, 0, 0, 0.2); box-shadow: inset 0 1px 0 rgba(255, 255, 255, 0.4), 0 1px 1px rgba(0, 0, 0, 0.2);'>Reject</a>
																<br/><br/>
																</td>															
																</tr>
													</table>
24-Aug-2019 10:38 : <table>
														<tr><td>Requested by: Deeksha</td></tr>
														<tr><td>Applied on:  Aug 24, 2019 10:38 AM </td></tr>
														<tr><td>Reason for timeoff: driving licence appointment</td></tr>
														<tr><td>Date: </td></tr>
														<tr><td>Duration: from  to </td></tr>
														
														</table>
														
															
														
														<table>
														<tr><td><br/><br/>
														
																<a href='https://ubitech.ubihrm.com/approvalbymail/viewapprovetimeoffapproval/5615/10/12709/2'   style='text-decoration:none;padding: 10px 15px; background: #ffffff; color: green;
																-webkit-border-radius: 4px; -moz-border-radius: 4px; border-radius: 4px; border: solid 1px green; text-shadow: 0 -1px 0 rgba(0, 0, 0, 0.4); -webkit-box-shadow: inset 0 1px 0 rgba(255, 255, 255, 0.4), 0 1px 1px rgba(0, 0, 0, 0.2); -moz-box-shadow: inset 0 1px 0 rgba(255, 255, 255, 0.4), 0 1px 1px rgba(0, 0, 0, 0.2); box-shadow: inset 0 1px 0 rgba(255, 255, 255, 0.4), 0 1px 1px rgba(0, 0, 0, 0.2);'>Approve</a>
																&nbsp;&nbsp;
																&nbsp;&nbsp;
																<a href='https://ubitech.ubihrm.com/approvalbymail/viewapprovetimeoffapproval/5615/10/12709/1'  style='text-decoration:none;padding: 10px 15px; background: #ffffff; color: brown;
																-webkit-border-radius: 4px; -moz-border-radius: 4px; border-radius: 4px; border: solid 1px brown; text-shadow: 0 -1px 0 rgba(0, 0, 0, 0.4); -webkit-box-shadow: inset 0 1px 0 rgba(255, 255, 255, 0.4), 0 1px 1px rgba(0, 0, 0, 0.2); -moz-box-shadow: inset 0 1px 0 rgba(255, 255, 255, 0.4), 0 1px 1px rgba(0, 0, 0, 0.2); box-shadow: inset 0 1px 0 rgba(255, 255, 255, 0.4), 0 1px 1px rgba(0, 0, 0, 0.2);'>Reject</a>
																<br/><br/>
																</td>															
																</tr>
													</table><br/><br/><b>This is an auto-generated mail. Kindly do not reply to this mail.</b>
24-Aug-2019 10:38 : The following From address failed: hr@ubitechsolutions.com
24-Aug-2019 10:38 : 4143
24-Aug-2019 10:38 : 1 1
24-Aug-2019 10:38 : i!=0 1
24-Aug-2019 13:12 : TimeOut AID2879269UserId4253
24-Aug-2019 13:36 : Get senior id
24-Aug-2019 13:36 : else i!=0
24-Aug-2019 13:39 : Get senior id
24-Aug-2019 13:39 : else i!=0
24-Aug-2019 13:58 : TimeIn AID0UserId4253
24-Aug-2019 13:58 : User Attendance: 4253 INSERT INTO `AttendanceMaster`(`FakeLocationStatusTimeIn`,`FakeLocationStatusTimeOut`,`EmployeeId`, `AttendanceDate`, `AttendanceStatus`, `TimeIn`,`ShiftId`,Dept_id,Desg_id,areaId,HourlyRateId, `OrganizationId`,
      `CreatedDate`, `CreatedById`, `LastModifiedDate`, `LastModifiedById`, `OwnerId`, `Overtime`, `EntryImage`, `checkInLoc`,`device`,latit_in,longi_in,timeindate)
      VALUES (0,0,4253,'2019-08-24',1,'13:58',35644,50,861,159,0,10,'2019-08-24',4253,'2019-08-24 13:58:34',4253,4253,'00:00:00','http://192.168.0.200/ubiattendance/uploads/4253_24082019_135834.jpg','Ubitech Rd, Kailash Nagar, Mahalgaon, Gwalior, Madhya Pradesh 474011, India','mobile','26.1967576','78.19702','2019-08-24')
24-Aug-2019 15:11 : TimeIn AID0UserId4253
24-Aug-2019 15:11 : User Attendance: 4253 INSERT INTO `AttendanceMaster`(`FakeLocationStatusTimeIn`,`FakeLocationStatusTimeOut`,`EmployeeId`, `AttendanceDate`, `AttendanceStatus`, `TimeIn`,`ShiftId`,Dept_id,Desg_id,areaId,HourlyRateId, `OrganizationId`,
      `CreatedDate`, `CreatedById`, `LastModifiedDate`, `LastModifiedById`, `OwnerId`, `Overtime`, `EntryImage`, `checkInLoc`,`device`,latit_in,longi_in,timeindate)
      VALUES (0,0,4253,'2019-08-24',1,'15:11',35644,50,861,159,0,10,'2019-08-24',4253,'2019-08-24 15:11:34',4253,4253,'00:00:00','http://192.168.0.200/ubiattendance/uploads/4253_24082019_151134.jpg','Ubitech Rd, Kailash Nagar, Mahalgaon, Gwalior, Madhya Pradesh 474011, India','mobile','26.1967687','78.1968811','2019-08-24')
24-Aug-2019 15:16 : TimeIn AID0UserId4253
24-Aug-2019 15:16 : User Attendance: 4253 INSERT INTO `AttendanceMaster`(`FakeLocationStatusTimeIn`,`FakeLocationStatusTimeOut`,`EmployeeId`, `AttendanceDate`, `AttendanceStatus`, `TimeIn`,`ShiftId`,Dept_id,Desg_id,areaId,HourlyRateId, `OrganizationId`,
      `CreatedDate`, `CreatedById`, `LastModifiedDate`, `LastModifiedById`, `OwnerId`, `Overtime`, `EntryImage`, `checkInLoc`,`device`,latit_in,longi_in,timeindate)
      VALUES (0,0,4253,'2019-08-24',1,'15:16',35644,50,861,159,0,10,'2019-08-24',4253,'2019-08-24 15:16:08',4253,4253,'00:00:00','http://192.168.0.200/ubiattendance/uploads/4253_24082019_151608.jpg','Ubitech Rd, Kailash Nagar, Mahalgaon, Gwalior, Madhya Pradesh 474011, India','mobile','26.1967576','78.19702','2019-08-24')
24-Aug-2019 15:18 : TimeIn AID0UserId4253
24-Aug-2019 15:18 : User Attendance: 4253 INSERT INTO `AttendanceMaster`(`FakeLocationStatusTimeIn`,`FakeLocationStatusTimeOut`,`EmployeeId`, `AttendanceDate`, `AttendanceStatus`, `TimeIn`,`ShiftId`,Dept_id,Desg_id,areaId,HourlyRateId, `OrganizationId`,
      `CreatedDate`, `CreatedById`, `LastModifiedDate`, `LastModifiedById`, `OwnerId`, `Overtime`, `EntryImage`, `checkInLoc`,`device`,latit_in,longi_in,timeindate)
      VALUES (0,0,4253,'2019-08-24',1,'15:18',35644,50,861,159,0,10,'2019-08-24',4253,'2019-08-24 15:18:20',4253,4253,'00:00:00','http://192.168.0.200/ubiattendance/uploads/4253_24082019_151820.jpg','Ubitech Rd, Kailash Nagar, Mahalgaon, Gwalior, Madhya Pradesh 474011, India','mobile','26.1966802','78.1968743','2019-08-24')
24-Aug-2019 15:21 : TimeIn AID0UserId4253
24-Aug-2019 15:21 : User Attendance: 4253 INSERT INTO `AttendanceMaster`(`FakeLocationStatusTimeIn`,`FakeLocationStatusTimeOut`,`EmployeeId`, `AttendanceDate`, `AttendanceStatus`, `TimeIn`,`ShiftId`,Dept_id,Desg_id,areaId,HourlyRateId, `OrganizationId`,
      `CreatedDate`, `CreatedById`, `LastModifiedDate`, `LastModifiedById`, `OwnerId`, `Overtime`, `EntryImage`, `checkInLoc`,`device`,latit_in,longi_in,timeindate)
      VALUES (0,0,4253,'2019-08-24',1,'15:21',35644,50,861,159,0,10,'2019-08-24',4253,'2019-08-24 15:21:50',4253,4253,'00:00:00','http://192.168.0.200/ubiattendance/uploads/4253_24082019_152150.jpg','Ubitech Rd, Kailash Nagar, Mahalgaon, Gwalior, Madhya Pradesh 474011, India','mobile','26.1967576','78.19702','2019-08-24')
24-Aug-2019 16:04 : Get senior id
24-Aug-2019 16:04 : else i!=0
24-Aug-2019 16:24 : Get senior id
24-Aug-2019 16:24 : else i!=0
24-Aug-2019 16:29 : Get senior id
24-Aug-2019 16:29 : else i!=0
24-Aug-2019 16:37 : Senior zero
24-Aug-2019 16:37 : 0
24-Aug-2019 16:37 : 4143
24-Aug-2019 16:37 : 1 1
24-Aug-2019 16:56 : Senior zero
24-Aug-2019 17:09 : Senior zero
24-Aug-2019 17:09 : 0
