24-Oct-2019 15:53 : {"srno":"12345","EmployeeCode":"5005","TicketNo":"11","EntryDate":"Oct 23 2019  5:00PM","InOutFlag":"1","EntryTime":"Oct 23 2019  5:00PM","TrfFlag":"1","UpdateUID":"1","Location":"None"
24-Oct-2019 16:00 : {"srno":"12345","EmployeeCode":"5005","TicketNo":"11","EntryDate":"Oct 23 2019  5:00PM","InOutFlag":"1","EntryTime":"Oct 23 2019  5:00PM","TrfFlag":"1","UpdateUID":"1","Location":"None"
24-Oct-2019 16:02 : {\"srno\":\"12345\",\"EmpCode\":\"5005\",\"TicketNo\":\"11\",\"EntryDate\":\"Oct 23 2019 5:00PM\",\"InOutFlag\":\"1\",\"EntryTime\":\"Oct 23 2019 5:00PM\",\"TrfFlag\":\"1\",\"UpdateUID\":\"1\",\"Location\":\"None\"}
24-Oct-2019 16:02 : {"srno":"12345","EmpCode":"5005","TicketNo":"11","EntryDate":"Oct 23 2019 5:00PM","InOutFlag":"1","EntryTime":"Oct 23 2019 5:00PM","TrfFlag":"1","UpdateUID":"1","Location":"None"}
24-Oct-2019 16:07 : {"srno":"12345","EmpCode":"5005","TicketNo":"11","EntryDate":"Oct 26 2019 5:00PM","InOutFlag":"1","EntryTime":"Oct 26 2019 5:00PM","TrfFlag":"1","UpdateUID":"1","Location":"None"}
24-Oct-2019 16:10 : {"srno":"12345","EmpCode":"5005","TicketNo":"11","EntryDate":"Oct 26 2019 5:00PM","InOutFlag":"1","EntryTime":"Oct 26 2019 9:00PM","TrfFlag":"1","UpdateUID":"1","Location":"None"}
24-Oct-2019 16:11 : {"srno":"12345","EmpCode":"5005","TicketNo":"11","EntryDate":"Oct 26 2019 9:00PM","InOutFlag":"1","EntryTime":"Oct 26 2019 9:00PM","TrfFlag":"1","UpdateUID":"1","Location":"None"}
24-Oct-2019 16:28 : {"srno":"12345","EmpCode":"5005","TicketNo":"11","EntryDate":"Oct 26 2019 9:00PM","InOutFlag":"1","EntryTime":"Oct 26 2019 9:00PM","TrfFlag":"1","UpdateUID":"1","Location":"None"}
24-Oct-2019 17:40 : {"srno":"1234","EmpCode":"1234","TicketNo":"1234","EntryDate":"1234","InOutFlag":"1234","EntryTime":"1234","TrfFlag":"1234","UpdateUID":"1234","Location":"1234"}
24-Oct-2019 17:42 : {"srno":"1234","EmpCode":"1234","TicketNo":"1234","EntryDate":"1234","InOutFlag":"1234","EntryTime":"1234","TrfFlag":"1234","UpdateUID":"1234","Location":"1234"}
24-Oct-2019 17:43 : {"srno":"1234","EmpCode":"1234","TicketNo":"1234","EntryDate":"1234","InOutFlag":"1234","EntryTime":"1234","TrfFlag":"1234","UpdateUID":"1234","Location":"1234"}
24-Oct-2019 17:44 : {"srno":"1234","EmpCode":"5005","TicketNo":"1","EntryDate":"Oct 19 2019  5:00PM","InOutFlag":"1","EntryTime":"Oct 19 2019  5:00PM","TrfFlag":"1","UpdateUID":"1","Location":"Oct 19 2019  5:00PM"}
24-Oct-2019 17:47 : {"srno":"1234","EmpCode":"5005      ","TicketNo":"1","EntryDate":"Oct 30 2019  5:00PM","InOutFlag":"1","EntryTime":"Oct 30 2019  5:00PM","TrfFlag":"1","UpdateUID":"1","Location":"Location not fetched"}
24-Oct-2019 17:48 : {"srno":"1234","EmpCode":"5005      ","TicketNo":"1","EntryDate":"Oct 30 2019  5:00PM","InOutFlag":"1","EntryTime":"Oct 30 2019  5:00PM","TrfFlag":"1","UpdateUID":"1","Location":"Location not fetched"}
24-Oct-2019 17:50 : {"srno":"1234","EmpCode":"5005      ","TicketNo":"1","EntryDate":"Oct 30 2019  9:00PM","InOutFlag":"1","EntryTime":"Oct 30 2019  5:00PM","TrfFlag":"1","UpdateUID":"1","Location":"Location not fetched"}
24-Oct-2019 17:50 : {"srno":"1234","EmpCode":"5005      ","TicketNo":"1","EntryDate":"Oct 30 2019  9:00PM","InOutFlag":"1","EntryTime":"Oct 30 2019  5:00PM","TrfFlag":"1","UpdateUID":"1","Location":"Location not fetched"}
24-Oct-2019 17:56 : {"srno":"1234","EmpCode":"5005      ","TicketNo":"1","EntryDate":"Oct 30 2019  9:00PM","InOutFlag":"1","EntryTime":"Oct 30 2019  5:00PM","TrfFlag":"1","UpdateUID":"1","Location":"Location not fetched"}
24-Oct-2019 17:56 : {"srno":"1234","EmpCode":"5005      ","TicketNo":"1","EntryDate":"Oct 30 2019  9:00PM","InOutFlag":"1","EntryTime":"Oct 30 2019  5:00PM","TrfFlag":"1","UpdateUID":"1","Location":"Location not fetched"}
24-Oct-2019 17:57 : {"srno":"1234","EmpCode":"5005","TicketNo":"1","EntryDate":"Oct 19 2019  5:00PM","InOutFlag":"1","EntryTime":"Oct 19 2019  5:00PM","TrfFlag":"1","UpdateUID":"1","Location":"Oct 19 2019  5:00PM"}
24-Oct-2019 17:58 : {"srno":"1234","EmpCode":"5005","TicketNo":"1","EntryDate":"Oct 19 2019  5:00PM","InOutFlag":"1","EntryTime":"Oct 19 2019  5:00PM","TrfFlag":"1","UpdateUID":"1","Location":"Oct 19 2019  5:00PM"}
24-Oct-2019 17:59 : {"srno":"1234","EmpCode":"5005      ","TicketNo":"1","EntryDate":"Oct 30 2019  9:00PM","InOutFlag":"1","EntryTime":"Oct 30 2019  5:00PM","TrfFlag":"1","UpdateUID":"1","Location":"Location not fetched"}
24-Oct-2019 17:59 : {"srno":"1234","EmpCode":"5005      ","TicketNo":"1","EntryDate":"Oct 30 2019  9:00PM","InOutFlag":"1","EntryTime":"Oct 30 2019  5:00PM","TrfFlag":"1","UpdateUID":"1","Location":"Location not fetched"}
24-Oct-2019 18:02 : {"srno":"1234","EmpCode":"5005      ","TicketNo":"1","EntryDate":"Oct 30 2019  9:00PM","InOutFlag":"1","EntryTime":"Oct 30 2019  5:00PM","TrfFlag":"1","UpdateUID":"1","Location":"Location not fetched"}
24-Oct-2019 18:02 : {"srno":"1234","EmpCode":"5005      ","TicketNo":"1","EntryDate":"2019-10-30 21:00:00.0","InOutFlag":"1","EntryTime":"2019-10-30 17:00:00.0","TrfFlag":"1","UpdateUID":"1","Location":"Location not fetched"}
24-Oct-2019 18:02 : {"srno":"1234","EmpCode":"5005      ","TicketNo":"1","EntryDate":"2019-10-30 21:00:00.0","InOutFlag":"1","EntryTime":"2019-10-30 17:00:00.0","TrfFlag":"1","UpdateUID":"1","Location":"Location not fetched"}
24-Oct-2019 18:02 : {"srno":"1234","EmpCode":"5005      ","TicketNo":"1","EntryDate":"Oct 30 2019  9:00PM","InOutFlag":"1","EntryTime":"Oct 30 2019  5:00PM","TrfFlag":"1","UpdateUID":"1","Location":"Location not fetched"}
