24-Sep-2019 15:18 : <html>
                        <head>
                        <title>ubiAttendance</title>
                        </head>
                        <body>Dear Admin,<br/>
                        <p>
                        Congratulations!! <b>1 2</b> has been added to the Employees’ List of<b> Ubitech Solutions Pvt. Ltd.</b>.
                        <br/> The details registered are:<br/><br/>
                        <b>
                        
                        Employee: 1 2 <br/>
                        
                        Username(Phone#): 12345678908<br/>                    
                        </b>
                        </p>
                        <p>
                            <a href='https://ubiattendance.ubihrm.com/index.php/services/useridcard/10/69464' target='_blank' >
                            Generate1 2’s
                             QR code </a>                        
                        </p>
                        
                        
                        <h5>Regards,</h5>
                        <h5>Team ubiAttendance </h5>
                    </body>
                    </html>
                    <br/><br/><b>This is an auto-generated mail. Kindly do not reply to this mail.</b>
24-Sep-2019 15:18 : The following From address failed: ubiattendance@ubitechsolutions.com
24-Sep-2019 15:20 : <html><body>Dear super admin<br/>,
				TestCompany has paid amount INR 754 for upgradation of its ubiAttendance premium plan. <br/><br/>
				<b>Payment summary:</b> <br/><br/>
				Email ID: 	vanshika+35@gmail.com <br/>
				Transaction Id: 349591471 <br/>
				Amount paid: INR 890 (tax included) <br/>
				Tax paid:    INR 136 <br/>
				Discount:    INR 0 <br/>
				No. of users extended: 55555555 <br/>
				Plan periods extends: 0 month(s) <br/><br/>
				Thanks for buy ubiAttendance services.<br/><br/>
				TO generate the Invoice <a href='http://192.168.0.200/ubiattendance/index.php/cron/generateInvoice?id=MzQ5NTkxNDcx' target='_blank'> Click here</a>.<br/><br/>
				Regards<br/>
				Team ubiAttendance</body></html><br/><br/><b>This is an auto-generated mail. Kindly do not reply to this mail.</b>
24-Sep-2019 15:20 : The following From address failed: ubiattendance@ubitechsolutions.com
24-Sep-2019 15:20 : <html><body>Dear super admin<br/>,
				TestCompany has paid amount INR 754 for upgradation of its ubiAttendance premium plan. <br/><br/>
				<b>Payment summary:</b> <br/><br/>
				Email ID: 	vanshika+35@gmail.com <br/>
				Transaction Id: 349591471 <br/>
				Amount paid: INR 890 (tax included) <br/>
				Tax paid:    INR 136 <br/>
				Discount:    INR 0 <br/>
				No. of users extended: 55555555 <br/>
				Plan periods extends: 0 month(s) <br/><br/>
				Thanks for buy ubiAttendance services.<br/><br/>
				TO generate the Invoice <a href='http://192.168.0.200/ubiattendance/index.php/cron/generateInvoice?id=MzQ5NTkxNDcx' target='_blank'> Click here</a>.<br/><br/>
				Regards<br/>
				Team ubiAttendance</body></html><br/><br/><b>This is an auto-generated mail. Kindly do not reply to this mail.</b>
24-Sep-2019 15:20 : The following From address failed: ubiattendance@ubitechsolutions.com
24-Sep-2019 15:20 : <html><body>Dear super admin<br/>,
				TestCompany has paid amount INR 754 for upgradation of its ubiAttendance premium plan. <br/><br/>
				<b>Payment summary:</b> <br/><br/>
				Email ID: 	vanshika+35@gmail.com <br/>
				Transaction Id: 349591471 <br/>
				Amount paid: INR 890 (tax included) <br/>
				Tax paid:    INR 136 <br/>
				Discount:    INR 0 <br/>
				No. of users extended: 55555555 <br/>
				Plan periods extends: 0 month(s) <br/><br/>
				Thanks for buy ubiAttendance services.<br/><br/>
				TO generate the Invoice <a href='http://192.168.0.200/ubiattendance/index.php/cron/generateInvoice?id=MzQ5NTkxNDcx' target='_blank'> Click here</a>.<br/><br/>
				Regards<br/>
				Team ubiAttendance</body></html><br/><br/><b>This is an auto-generated mail. Kindly do not reply to this mail.</b>
24-Sep-2019 15:20 : The following From address failed: ubiattendance@ubitechsolutions.com
24-Sep-2019 15:20 : <html><body>Dear TestCompany<br/><br/>
				You have paid amount INR 754 for upgradation of ubiAttendance Premium Plan. <br/><br/>
				<b>Payment summary:</b> <br/><br/>
				Email ID: 	vanshika+35@gmail.com <br/>
				Transaction Id: 349591471 <br/>
				Amount paid: INR 890 (tax included) <br/>
				Tax paid:    INR 136 <br/>
				Discount:    INR 0 <br/>
				No. of users extended: 55555555 <br/>
				Plan periods extends: 0 month(s) <br/><br/>
				Thanks for buy ubiAttendance services.<br/><br/>
				To generate the Invoice <a href='http://192.168.0.200/ubiattendance/index.php/cron/generateInvoice?id=MzQ5NTkxNDcx' target='_blank'> Click here</a>.<br/><br/>
				Regards<br/>
				Team ubiAttendance</body></html><br/><br/><b>This is an auto-generated mail. Kindly do not reply to this mail.</b>
24-Sep-2019 15:20 : The following From address failed: ubiattendance@ubitechsolutions.com
24-Sep-2019 15:22 : <html><body>Dear super admin<br/>,
				TestCompany has paid amount INR 120 for upgradation of its ubiAttendance premium plan. <br/><br/>
				<b>Payment summary:</b> <br/><br/>
				Email ID: 	vanshika+35@gmail.com <br/>
				Transaction Id: 349591472 <br/>
				Amount paid: INR 142 (tax included) <br/>
				Tax paid:    INR 22 <br/>
				Discount:    INR 0 <br/>
				No. of users extended: 22222222 <br/>
				Plan periods extends: 0 month(s) <br/><br/>
				Thanks for buy ubiAttendance services.<br/><br/>
				TO generate the Invoice <a href='http://192.168.0.200/ubiattendance/index.php/cron/generateInvoice?id=MzQ5NTkxNDcy' target='_blank'> Click here</a>.<br/><br/>
				Regards<br/>
				Team ubiAttendance</body></html><br/><br/><b>This is an auto-generated mail. Kindly do not reply to this mail.</b>
24-Sep-2019 15:22 : The following From address failed: ubiattendance@ubitechsolutions.com
24-Sep-2019 15:22 : <html><body>Dear super admin<br/>,
				TestCompany has paid amount INR 120 for upgradation of its ubiAttendance premium plan. <br/><br/>
				<b>Payment summary:</b> <br/><br/>
				Email ID: 	vanshika+35@gmail.com <br/>
				Transaction Id: 349591472 <br/>
				Amount paid: INR 142 (tax included) <br/>
				Tax paid:    INR 22 <br/>
				Discount:    INR 0 <br/>
				No. of users extended: 22222222 <br/>
				Plan periods extends: 0 month(s) <br/><br/>
				Thanks for buy ubiAttendance services.<br/><br/>
				TO generate the Invoice <a href='http://192.168.0.200/ubiattendance/index.php/cron/generateInvoice?id=MzQ5NTkxNDcy' target='_blank'> Click here</a>.<br/><br/>
				Regards<br/>
				Team ubiAttendance</body></html><br/><br/><b>This is an auto-generated mail. Kindly do not reply to this mail.</b>
24-Sep-2019 15:22 : The following From address failed: ubiattendance@ubitechsolutions.com
24-Sep-2019 15:22 : <html><body>Dear super admin<br/>,
				TestCompany has paid amount INR 120 for upgradation of its ubiAttendance premium plan. <br/><br/>
				<b>Payment summary:</b> <br/><br/>
				Email ID: 	vanshika+35@gmail.com <br/>
				Transaction Id: 349591472 <br/>
				Amount paid: INR 142 (tax included) <br/>
				Tax paid:    INR 22 <br/>
				Discount:    INR 0 <br/>
				No. of users extended: 22222222 <br/>
				Plan periods extends: 0 month(s) <br/><br/>
				Thanks for buy ubiAttendance services.<br/><br/>
				TO generate the Invoice <a href='http://192.168.0.200/ubiattendance/index.php/cron/generateInvoice?id=MzQ5NTkxNDcy' target='_blank'> Click here</a>.<br/><br/>
				Regards<br/>
				Team ubiAttendance</body></html><br/><br/><b>This is an auto-generated mail. Kindly do not reply to this mail.</b>
24-Sep-2019 15:22 : The following From address failed: ubiattendance@ubitechsolutions.com
24-Sep-2019 15:22 : <html><body>Dear TestCompany<br/><br/>
				You have paid amount INR 120 for upgradation of ubiAttendance Premium Plan. <br/><br/>
				<b>Payment summary:</b> <br/><br/>
				Email ID: 	vanshika+35@gmail.com <br/>
				Transaction Id: 349591472 <br/>
				Amount paid: INR 142 (tax included) <br/>
				Tax paid:    INR 22 <br/>
				Discount:    INR 0 <br/>
				No. of users extended: 22222222 <br/>
				Plan periods extends: 0 month(s) <br/><br/>
				Thanks for buy ubiAttendance services.<br/><br/>
				To generate the Invoice <a href='http://192.168.0.200/ubiattendance/index.php/cron/generateInvoice?id=MzQ5NTkxNDcy' target='_blank'> Click here</a>.<br/><br/>
				Regards<br/>
				Team ubiAttendance</body></html><br/><br/><b>This is an auto-generated mail. Kindly do not reply to this mail.</b>
24-Sep-2019 15:22 : The following From address failed: ubiattendance@ubitechsolutions.com
24-Sep-2019 15:26 : <html>
                        <head>
                        <title>ubiAttendance</title>
                        </head>
                        <body>Dear Admin,<br/>
                        <p>
                        Congratulations!! <b>E Y</b> has been added to the Employees’ List of<b> Ubitech Solutions Pvt. Ltd.</b>.
                        <br/> The details registered are:<br/><br/>
                        <b>
                        
                        Employee: E Y <br/>
                        
                        Username(Phone#): 9852147632<br/>                    
                        </b>
                        </p>
                        <p>
                            <a href='https://ubiattendance.ubihrm.com/index.php/services/useridcard/10/69465' target='_blank' >
                            GenerateE Y’s
                             QR code </a>                        
                        </p>
                        
                        
                        <h5>Regards,</h5>
                        <h5>Team ubiAttendance </h5>
                    </body>
                    </html>
                    <br/><br/><b>This is an auto-generated mail. Kindly do not reply to this mail.</b>
24-Sep-2019 15:26 : The following From address failed: ubiattendance@ubitechsolutions.com
24-Sep-2019 15:32 : <html>
                        <head>
                        <title>ubiAttendance</title>
                        </head>
                        <body>Dear Admin,<br/>
                        <p>
                        Congratulations!! <b>Test user User</b> has been added to the Employees’ List of<b> Ubitech Solutions Pvt. Ltd.</b>.
                        <br/> The details registered are:<br/><br/>
                        <b>
                        
                        Employee: Test user User <br/>
                        
                        Username(Phone#): 9852844896<br/>                    
                        </b>
                        </p>
                        <p>
                            <a href='https://ubiattendance.ubihrm.com/index.php/services/useridcard/10/69466' target='_blank' >
                            GenerateTest user User’s
                             QR code </a>                        
                        </p>
                        
                        
                        <h5>Regards,</h5>
                        <h5>Team ubiAttendance </h5>
                    </body>
                    </html>
                    <br/><br/><b>This is an auto-generated mail. Kindly do not reply to this mail.</b>
24-Sep-2019 15:32 : The following From address failed: ubiattendance@ubitechsolutions.com
24-Sep-2019 15:39 : <html>
                        <head>
                        <title>ubiAttendance</title>
                        </head>
                        <body>Dear Admin,<br/>
                        <p>
                        Congratulations!! <b>Sohan Ubitech Ubi</b> has been added to the Employees’ List of<b> Ubitech Solutions Pvt. Ltd.</b>.
                        <br/> The details registered are:<br/><br/>
                        <b>
                        
                        Employee: Sohan Ubitech Ubi <br/>
                        
                        Username(Phone#):  91 74405 19273<br/>                    
                        </b>
                        </p>
                        <p>
                            <a href='https://ubiattendance.ubihrm.com/index.php/services/useridcard/10/69467' target='_blank' >
                            GenerateSohan Ubitech Ubi’s
                             QR code </a>                        
                        </p>
                        
                        
                        <h5>Regards,</h5>
                        <h5>Team ubiAttendance </h5>
                    </body>
                    </html>
                    <br/><br/><b>This is an auto-generated mail. Kindly do not reply to this mail.</b>
24-Sep-2019 15:39 : The following From address failed: ubiattendance@ubitechsolutions.com
24-Sep-2019 15:50 : <html>
              <head>
              <title></title>
              </head>
            <body>
            <h3>Dear Admin,</h3>
            <p>Please send the below message through text or Email to the Employee to get him started. The message below is already sent to the Employees with valid Email ID</p>
            <p>You are registered in ubiAttendance App for “ Ubitech Solutions”. Kindly punch your attendance through the following steps.</p>
            <ol>
            <li> 
              Download the Android App by clicking <a  
              href='https://play.google.com/store/apps/details?id=org.ubitech.attendance.'>https://play.google.com/store/apps/details?id=org.ubitech.attendance.</a> 
              iPhone users can download through 
              <a href='https://itunes.apple.com/us/app/ubiattendance-ubitech/id1375252261?mt=8 '>https://itunes.apple.com/us/app/ubiattendance-ubitech/id1375252261?mt=8</a>
            </li>
            <li>Install the App.  It will be added to the home screen</li>
            <li>Open the App & sign in. User name will be the registered Email/Phone no.</li>
            <li>Initial Sign in Password is 123456</li>
            <li>You can now start punching the attendance.</li>
            <li>Download the detailed Employee guide</li>
            </ol>
            <p>For further assistance, kindly contact your system administrator.</p>
            <h5>Cheers,</h5>
            <h5>ubiAttendance Team</h5>
            </body>
            </html><br/><br/><b>This is an auto-generated mail. Kindly do not reply to this mail.</b>
24-Sep-2019 15:50 : The following From address failed: ubiattendance@ubitechsolutions.com
24-Sep-2019 15:50 : <html>
              <head>
              <title></title>
              </head>
            <body>
            <h3>Dear Admin,</h3>
            <p>Please send the below message through text or Email to the Employee to get him started. The message below is already sent to the Employees with valid Email ID</p>
            <p>You are registered in ubiAttendance App for “ Ubitech Solutions”. Kindly punch your attendance through the following steps.</p>
            <ol>
            <li> 
              Download the Android App by clicking <a  
              href='https://play.google.com/store/apps/details?id=org.ubitech.attendance.'>https://play.google.com/store/apps/details?id=org.ubitech.attendance.</a> 
              iPhone users can download through 
              <a href='https://itunes.apple.com/us/app/ubiattendance-ubitech/id1375252261?mt=8 '>https://itunes.apple.com/us/app/ubiattendance-ubitech/id1375252261?mt=8</a>
            </li>
            <li>Install the App.  It will be added to the home screen</li>
            <li>Open the App & sign in. User name will be the registered Email/Phone no.</li>
            <li>Initial Sign in Password is 123456</li>
            <li>You can now start punching the attendance.</li>
            <li>Download the detailed Employee guide</li>
            </ol>
            <p>For further assistance, kindly contact your system administrator.</p>
            <h5>Cheers,</h5>
            <h5>ubiAttendance Team</h5>
            </body>
            </html><br/><br/><b>This is an auto-generated mail. Kindly do not reply to this mail.</b>
24-Sep-2019 15:50 : The following From address failed: ubiattendance@ubitechsolutions.com
24-Sep-2019 16:22 : <html>
                        <head>
                        <title>ubiAttendance</title>
                        </head>
                        <body>Dear Admin,<br/>
                        <p>
                        Congratulations!! <b>Veeru Test</b> has been added to the Employees’ List of<b> Ubitech Solutions Pvt. Ltd.</b>.
                        <br/> The details registered are:<br/><br/>
                        <b>
                        
                        Employee: Veeru Test <br/>
                        
                        Username(Phone#):  917509192758<br/>                    
                        </b>
                        </p>
                        <p>
                            <a href='https://ubiattendance.ubihrm.com/index.php/services/useridcard/10/69469' target='_blank' >
                            GenerateVeeru Test’s
                             QR code </a>                        
                        </p>
                        
                        
                        <h5>Regards,</h5>
                        <h5>Team ubiAttendance </h5>
                    </body>
                    </html>
                    <br/><br/><b>This is an auto-generated mail. Kindly do not reply to this mail.</b>
24-Sep-2019 16:22 : The following From address failed: ubiattendance@ubitechsolutions.com
24-Sep-2019 18:03 : <html>
                        <head>
                        <title>ubiAttendance</title>
                        </head>
                        <body>Dear Admin,<br/>
                        <p>
                        Congratulations!! <b>Veeru Test</b> has been added to the Employees’ List of<b> Ubitech Solutions Pvt. Ltd.</b>.
                        <br/> The details registered are:<br/><br/>
                        <b>
                        
                        Employee: Veeru Test <br/>
                        
                        Username(Phone#):  917509192758<br/>                    
                        </b>
                        </p>
                        <p>
                            <a href='https://ubiattendance.ubihrm.com/index.php/services/useridcard/10/69470' target='_blank' >
                            GenerateVeeru Test’s
                             QR code </a>                        
                        </p>
                        
                        
                        <h5>Regards,</h5>
                        <h5>Team ubiAttendance </h5>
                    </body>
                    </html>
                    <br/><br/><b>This is an auto-generated mail. Kindly do not reply to this mail.</b>
24-Sep-2019 18:03 : The following From address failed: ubiattendance@ubitechsolutions.com
24-Sep-2019 18:18 : <html>
                        <head>
                        <title>ubiAttendance</title>
                        </head>
                        <body>Dear Admin,<br/>
                        <p>
                        Congratulations!! <b>Sohan Ubitech Test</b> has been added to the Employees’ List of<b> Ubitech Solutions Pvt. Ltd.</b>.
                        <br/> The details registered are:<br/><br/>
                        <b>
                        
                        Employee: Sohan Ubitech Test <br/>
                        
                        Username(Phone#):  91 74405 19273<br/>                    
                        </b>
                        </p>
                        <p>
                            <a href='https://ubiattendance.ubihrm.com/index.php/services/useridcard/10/69471' target='_blank' >
                            GenerateSohan Ubitech Test’s
                             QR code </a>                        
                        </p>
                        
                        
                        <h5>Regards,</h5>
                        <h5>Team ubiAttendance </h5>
                    </body>
                    </html>
                    <br/><br/><b>This is an auto-generated mail. Kindly do not reply to this mail.</b>
24-Sep-2019 18:18 : The following From address failed: ubiattendance@ubitechsolutions.com
24-Sep-2019 18:36 : <html>
                        <head>
                        <title>ubiAttendance</title>
                        </head>
                        <body>Dear Admin,<br/>
                        <p>
                        Congratulations!! <b>Veeru Test</b> has been added to the Employees’ List of<b> Ubitech Solutions Pvt. Ltd.</b>.
                        <br/> The details registered are:<br/><br/>
                        <b>
                        
                        Employee: Veeru Test <br/>
                        
                        Username(Phone#):  917509192758<br/>                    
                        </b>
                        </p>
                        <p>
                            <a href='https://ubiattendance.ubihrm.com/index.php/services/useridcard/10/69472' target='_blank' >
                            GenerateVeeru Test’s
                             QR code </a>                        
                        </p>
                        
                        
                        <h5>Regards,</h5>
                        <h5>Team ubiAttendance </h5>
                    </body>
                    </html>
                    <br/><br/><b>This is an auto-generated mail. Kindly do not reply to this mail.</b>
24-Sep-2019 18:36 : The following From address failed: ubiattendance@ubitechsolutions.com
24-Sep-2019 18:43 : <html>
                        <head>
                        <title>ubiAttendance</title>
                        </head>
                        <body>Dear Admin,<br/>
                        <p>
                        Congratulations!! <b>Nisha Present Bh</b> has been added to the Employees’ List of<b> Ubitech Solutions Pvt. Ltd.</b>.
                        <br/> The details registered are:<br/><br/>
                        <b>
                        
                        Employee: Nisha Present Bh <br/>
                        
                        Username(Phone#): 97138 89651<br/>                    
                        </b>
                        </p>
                        <p>
                            <a href='https://ubiattendance.ubihrm.com/index.php/services/useridcard/10/69473' target='_blank' >
                            GenerateNisha Present Bh’s
                             QR code </a>                        
                        </p>
                        
                        
                        <h5>Regards,</h5>
                        <h5>Team ubiAttendance </h5>
                    </body>
                    </html>
                    <br/><br/><b>This is an auto-generated mail. Kindly do not reply to this mail.</b>
24-Sep-2019 18:43 : The following From address failed: ubiattendance@ubitechsolutions.com
