27-Aug-2019 12:24 : inelse
27-Aug-2019 12:24 : Anita Saboo has punched Time in at 12:23 from Barents Sea<br/><br/><b>This is an auto-generated mail. Kindly do not reply to this mail.</b>
27-Aug-2019 12:24 : The following From address failed: ubiattendance@ubitechsolutions.com
27-Aug-2019 12:47 : Senior zero
27-Aug-2019 12:47 : 0
27-Aug-2019 12:50 : Senior zero
27-Aug-2019 12:50 : 0
27-Aug-2019 12:54 : Senior zero
27-Aug-2019 12:54 : 0
27-Aug-2019 13:01 : Senior zero
27-Aug-2019 13:01 : 0
27-Aug-2019 13:01 : Senior not zero
27-Aug-2019 13:01 : 5615
27-Aug-2019 13:01 : 0 0
27-Aug-2019 13:01 : sernioer emailparth@ubitechsolutions.com
27-Aug-2019 13:01 : parth@ubitechsolutions.com <table>
														<tr><td>Requested by: Deeksha</td></tr>
														<tr><td>Applied on:  Aug 27, 2019 01:01 PM </td></tr>
														<tr><td>Reason for timeoff: test</td></tr>
														<tr><td>Date: </td></tr>
														<tr><td>Duration: from  to </td></tr>
														
														</table>
														
															
														
														<table>
														<tr><td><br/><br/>
														
																<a href='https://ubitech.ubihrm.com/approvalbymail/viewapprovetimeoffapproval/5615/10/12726/2'   style='text-decoration:none;padding: 10px 15px; background: #ffffff; color: green;
																-webkit-border-radius: 4px; -moz-border-radius: 4px; border-radius: 4px; border: solid 1px green; text-shadow: 0 -1px 0 rgba(0, 0, 0, 0.4); -webkit-box-shadow: inset 0 1px 0 rgba(255, 255, 255, 0.4), 0 1px 1px rgba(0, 0, 0, 0.2); -moz-box-shadow: inset 0 1px 0 rgba(255, 255, 255, 0.4), 0 1px 1px rgba(0, 0, 0, 0.2); box-shadow: inset 0 1px 0 rgba(255, 255, 255, 0.4), 0 1px 1px rgba(0, 0, 0, 0.2);'>Approve</a>
																&nbsp;&nbsp;
																&nbsp;&nbsp;
																<a href='https://ubitech.ubihrm.com/approvalbymail/viewapprovetimeoffapproval/5615/10/12726/1'  style='text-decoration:none;padding: 10px 15px; background: #ffffff; color: brown;
																-webkit-border-radius: 4px; -moz-border-radius: 4px; border-radius: 4px; border: solid 1px brown; text-shadow: 0 -1px 0 rgba(0, 0, 0, 0.4); -webkit-box-shadow: inset 0 1px 0 rgba(255, 255, 255, 0.4), 0 1px 1px rgba(0, 0, 0, 0.2); -moz-box-shadow: inset 0 1px 0 rgba(255, 255, 255, 0.4), 0 1px 1px rgba(0, 0, 0, 0.2); box-shadow: inset 0 1px 0 rgba(255, 255, 255, 0.4), 0 1px 1px rgba(0, 0, 0, 0.2);'>Reject</a>
																<br/><br/>
																</td>															
																</tr>
													</table>
27-Aug-2019 13:01 : <table>
														<tr><td>Requested by: Deeksha</td></tr>
														<tr><td>Applied on:  Aug 27, 2019 01:01 PM </td></tr>
														<tr><td>Reason for timeoff: test</td></tr>
														<tr><td>Date: </td></tr>
														<tr><td>Duration: from  to </td></tr>
														
														</table>
														
															
														
														<table>
														<tr><td><br/><br/>
														
																<a href='https://ubitech.ubihrm.com/approvalbymail/viewapprovetimeoffapproval/5615/10/12726/2'   style='text-decoration:none;padding: 10px 15px; background: #ffffff; color: green;
																-webkit-border-radius: 4px; -moz-border-radius: 4px; border-radius: 4px; border: solid 1px green; text-shadow: 0 -1px 0 rgba(0, 0, 0, 0.4); -webkit-box-shadow: inset 0 1px 0 rgba(255, 255, 255, 0.4), 0 1px 1px rgba(0, 0, 0, 0.2); -moz-box-shadow: inset 0 1px 0 rgba(255, 255, 255, 0.4), 0 1px 1px rgba(0, 0, 0, 0.2); box-shadow: inset 0 1px 0 rgba(255, 255, 255, 0.4), 0 1px 1px rgba(0, 0, 0, 0.2);'>Approve</a>
																&nbsp;&nbsp;
																&nbsp;&nbsp;
																<a href='https://ubitech.ubihrm.com/approvalbymail/viewapprovetimeoffapproval/5615/10/12726/1'  style='text-decoration:none;padding: 10px 15px; background: #ffffff; color: brown;
																-webkit-border-radius: 4px; -moz-border-radius: 4px; border-radius: 4px; border: solid 1px brown; text-shadow: 0 -1px 0 rgba(0, 0, 0, 0.4); -webkit-box-shadow: inset 0 1px 0 rgba(255, 255, 255, 0.4), 0 1px 1px rgba(0, 0, 0, 0.2); -moz-box-shadow: inset 0 1px 0 rgba(255, 255, 255, 0.4), 0 1px 1px rgba(0, 0, 0, 0.2); box-shadow: inset 0 1px 0 rgba(255, 255, 255, 0.4), 0 1px 1px rgba(0, 0, 0, 0.2);'>Reject</a>
																<br/><br/>
																</td>															
																</tr>
													</table><br/><br/><b>This is an auto-generated mail. Kindly do not reply to this mail.</b>
27-Aug-2019 13:01 : The following From address failed: hr@ubitechsolutions.com
27-Aug-2019 13:01 : 4143
27-Aug-2019 13:01 : 1 1
27-Aug-2019 13:01 : i!=0 1
27-Aug-2019 13:21 : Senior zero
27-Aug-2019 13:21 : 0
27-Aug-2019 13:22 : Senior zero
27-Aug-2019 13:22 : 0
27-Aug-2019 13:39 : Senior zero
27-Aug-2019 13:39 : 0
27-Aug-2019 13:45 : Senior zero
27-Aug-2019 13:45 : 0
27-Aug-2019 13:49 : Senior zero
27-Aug-2019 13:49 : 0
27-Aug-2019 13:49 : 0 0
27-Aug-2019 13:49 : admin emailhr@ubitechsolutions.com
27-Aug-2019 13:49 : hr@ubitechsolutions.com <table>
														<tr><td>Requested by: patel</td></tr>
														<tr><td>Applied on:  Aug 27, 2019 01:49 PM </td></tr>
														<tr><td>Reason for timeoff: test</td></tr>
														<tr><td>Date: </td></tr>
														<tr><td>Duration: from  to </td></tr>
														
														</table>
														
															
														
														<table>
														<tr><td><br/><br/>
														
																<a href='https://ubitech.ubihrm.com/approvalbymail/viewapprovetimeoffapproval/0/10/12731/2'   style='text-decoration:none;padding: 10px 15px; background: #ffffff; color: green;
																-webkit-border-radius: 4px; -moz-border-radius: 4px; border-radius: 4px; border: solid 1px green; text-shadow: 0 -1px 0 rgba(0, 0, 0, 0.4); -webkit-box-shadow: inset 0 1px 0 rgba(255, 255, 255, 0.4), 0 1px 1px rgba(0, 0, 0, 0.2); -moz-box-shadow: inset 0 1px 0 rgba(255, 255, 255, 0.4), 0 1px 1px rgba(0, 0, 0, 0.2); box-shadow: inset 0 1px 0 rgba(255, 255, 255, 0.4), 0 1px 1px rgba(0, 0, 0, 0.2);'>Approve</a>
																&nbsp;&nbsp;
																&nbsp;&nbsp;
																<a href='https://ubitech.ubihrm.com/approvalbymail/viewapprovetimeoffapproval/0/10/12731/1'  style='text-decoration:none;padding: 10px 15px; background: #ffffff; color: brown;
																-webkit-border-radius: 4px; -moz-border-radius: 4px; border-radius: 4px; border: solid 1px brown; text-shadow: 0 -1px 0 rgba(0, 0, 0, 0.4); -webkit-box-shadow: inset 0 1px 0 rgba(255, 255, 255, 0.4), 0 1px 1px rgba(0, 0, 0, 0.2); -moz-box-shadow: inset 0 1px 0 rgba(255, 255, 255, 0.4), 0 1px 1px rgba(0, 0, 0, 0.2); box-shadow: inset 0 1px 0 rgba(255, 255, 255, 0.4), 0 1px 1px rgba(0, 0, 0, 0.2);'>Reject</a>
																<br/><br/>
																</td>															
																</tr>
													</table>
27-Aug-2019 13:49 : <table>
														<tr><td>Requested by: patel</td></tr>
														<tr><td>Applied on:  Aug 27, 2019 01:49 PM </td></tr>
														<tr><td>Reason for timeoff: test</td></tr>
														<tr><td>Date: </td></tr>
														<tr><td>Duration: from  to </td></tr>
														
														</table>
														
															
														
														<table>
														<tr><td><br/><br/>
														
																<a href='https://ubitech.ubihrm.com/approvalbymail/viewapprovetimeoffapproval/0/10/12731/2'   style='text-decoration:none;padding: 10px 15px; background: #ffffff; color: green;
																-webkit-border-radius: 4px; -moz-border-radius: 4px; border-radius: 4px; border: solid 1px green; text-shadow: 0 -1px 0 rgba(0, 0, 0, 0.4); -webkit-box-shadow: inset 0 1px 0 rgba(255, 255, 255, 0.4), 0 1px 1px rgba(0, 0, 0, 0.2); -moz-box-shadow: inset 0 1px 0 rgba(255, 255, 255, 0.4), 0 1px 1px rgba(0, 0, 0, 0.2); box-shadow: inset 0 1px 0 rgba(255, 255, 255, 0.4), 0 1px 1px rgba(0, 0, 0, 0.2);'>Approve</a>
																&nbsp;&nbsp;
																&nbsp;&nbsp;
																<a href='https://ubitech.ubihrm.com/approvalbymail/viewapprovetimeoffapproval/0/10/12731/1'  style='text-decoration:none;padding: 10px 15px; background: #ffffff; color: brown;
																-webkit-border-radius: 4px; -moz-border-radius: 4px; border-radius: 4px; border: solid 1px brown; text-shadow: 0 -1px 0 rgba(0, 0, 0, 0.4); -webkit-box-shadow: inset 0 1px 0 rgba(255, 255, 255, 0.4), 0 1px 1px rgba(0, 0, 0, 0.2); -moz-box-shadow: inset 0 1px 0 rgba(255, 255, 255, 0.4), 0 1px 1px rgba(0, 0, 0, 0.2); box-shadow: inset 0 1px 0 rgba(255, 255, 255, 0.4), 0 1px 1px rgba(0, 0, 0, 0.2);'>Reject</a>
																<br/><br/>
																</td>															
																</tr>
													</table><br/><br/><b>This is an auto-generated mail. Kindly do not reply to this mail.</b>
27-Aug-2019 13:49 : The following From address failed: hr@ubitechsolutions.com
27-Aug-2019 13:58 : 4253.jpg 4253 10
27-Aug-2019 13:59 : Senior zero
27-Aug-2019 13:59 : 
27-Aug-2019 14:03 : Senior zero
27-Aug-2019 14:03 : 0
27-Aug-2019 14:03 : 4143
27-Aug-2019 14:03 : 1 1
27-Aug-2019 14:58 : Senior zero
27-Aug-2019 14:58 : 0
27-Aug-2019 14:58 : 4143
27-Aug-2019 14:58 : 1 1
27-Aug-2019 15:00 : Senior zero
27-Aug-2019 15:00 : 0
27-Aug-2019 15:00 : 4143
27-Aug-2019 15:00 : 1 1
27-Aug-2019 15:22 : Senior zero
27-Aug-2019 15:22 : 0
27-Aug-2019 15:22 : 4143
27-Aug-2019 15:24 : Senior zero
27-Aug-2019 15:24 : 0
27-Aug-2019 15:24 : 4143
27-Aug-2019 15:24 : Roger Federer 
27-Aug-2019 15:24 : 1 1
27-Aug-2019 15:25 : Senior zero
27-Aug-2019 15:25 : 0
27-Aug-2019 15:25 : 4143
27-Aug-2019 15:25 : Roger Federer 
27-Aug-2019 15:25 : 1 1
27-Aug-2019 15:27 : Senior zero
27-Aug-2019 15:27 : 0
27-Aug-2019 15:27 : 4143
27-Aug-2019 15:27 : Roger Federer 
27-Aug-2019 15:27 : 1 1
27-Aug-2019 15:29 : Senior zero
27-Aug-2019 15:29 : 0
27-Aug-2019 15:29 : 4143
27-Aug-2019 15:29 : Roger Federer 
27-Aug-2019 15:29 : 1 1
27-Aug-2019 15:29 : 10
27-Aug-2019 15:29 : hr@ubitechsolutions.com
27-Aug-2019 15:29 : admin emailhr@ubitechsolutions.com
27-Aug-2019 15:29 : hr@ubitechsolutions.com <table>
														<tr><td>Requested by: patel</td></tr>
														<tr><td>Applied on:  Aug 27, 2019 03:29 PM </td></tr>
														<tr><td>Reason for timeoff: test</td></tr>
														<tr><td>Date: </td></tr>
														<tr><td>Duration: from  to </td></tr>
														
														</table>
														
															
														
														<table>
														<tr><td><br/><br/>
														
																<a href='https://ubitech.ubihrm.com/approvalbymail/viewapprovetimeoffapproval/4143/10/12740/2'   style='text-decoration:none;padding: 10px 15px; background: #ffffff; color: green;
																-webkit-border-radius: 4px; -moz-border-radius: 4px; border-radius: 4px; border: solid 1px green; text-shadow: 0 -1px 0 rgba(0, 0, 0, 0.4); -webkit-box-shadow: inset 0 1px 0 rgba(255, 255, 255, 0.4), 0 1px 1px rgba(0, 0, 0, 0.2); -moz-box-shadow: inset 0 1px 0 rgba(255, 255, 255, 0.4), 0 1px 1px rgba(0, 0, 0, 0.2); box-shadow: inset 0 1px 0 rgba(255, 255, 255, 0.4), 0 1px 1px rgba(0, 0, 0, 0.2);'>Approve</a>
																&nbsp;&nbsp;
																&nbsp;&nbsp;
																<a href='https://ubitech.ubihrm.com/approvalbymail/viewapprovetimeoffapproval/4143/10/12740/1'  style='text-decoration:none;padding: 10px 15px; background: #ffffff; color: brown;
																-webkit-border-radius: 4px; -moz-border-radius: 4px; border-radius: 4px; border: solid 1px brown; text-shadow: 0 -1px 0 rgba(0, 0, 0, 0.4); -webkit-box-shadow: inset 0 1px 0 rgba(255, 255, 255, 0.4), 0 1px 1px rgba(0, 0, 0, 0.2); -moz-box-shadow: inset 0 1px 0 rgba(255, 255, 255, 0.4), 0 1px 1px rgba(0, 0, 0, 0.2); box-shadow: inset 0 1px 0 rgba(255, 255, 255, 0.4), 0 1px 1px rgba(0, 0, 0, 0.2);'>Reject</a>
																<br/><br/>
																</td>															
																</tr>
													</table>
27-Aug-2019 15:29 : <table>
														<tr><td>Requested by: patel</td></tr>
														<tr><td>Applied on:  Aug 27, 2019 03:29 PM </td></tr>
														<tr><td>Reason for timeoff: test</td></tr>
														<tr><td>Date: </td></tr>
														<tr><td>Duration: from  to </td></tr>
														
														</table>
														
															
														
														<table>
														<tr><td><br/><br/>
														
																<a href='https://ubitech.ubihrm.com/approvalbymail/viewapprovetimeoffapproval/4143/10/12740/2'   style='text-decoration:none;padding: 10px 15px; background: #ffffff; color: green;
																-webkit-border-radius: 4px; -moz-border-radius: 4px; border-radius: 4px; border: solid 1px green; text-shadow: 0 -1px 0 rgba(0, 0, 0, 0.4); -webkit-box-shadow: inset 0 1px 0 rgba(255, 255, 255, 0.4), 0 1px 1px rgba(0, 0, 0, 0.2); -moz-box-shadow: inset 0 1px 0 rgba(255, 255, 255, 0.4), 0 1px 1px rgba(0, 0, 0, 0.2); box-shadow: inset 0 1px 0 rgba(255, 255, 255, 0.4), 0 1px 1px rgba(0, 0, 0, 0.2);'>Approve</a>
																&nbsp;&nbsp;
																&nbsp;&nbsp;
																<a href='https://ubitech.ubihrm.com/approvalbymail/viewapprovetimeoffapproval/4143/10/12740/1'  style='text-decoration:none;padding: 10px 15px; background: #ffffff; color: brown;
																-webkit-border-radius: 4px; -moz-border-radius: 4px; border-radius: 4px; border: solid 1px brown; text-shadow: 0 -1px 0 rgba(0, 0, 0, 0.4); -webkit-box-shadow: inset 0 1px 0 rgba(255, 255, 255, 0.4), 0 1px 1px rgba(0, 0, 0, 0.2); -moz-box-shadow: inset 0 1px 0 rgba(255, 255, 255, 0.4), 0 1px 1px rgba(0, 0, 0, 0.2); box-shadow: inset 0 1px 0 rgba(255, 255, 255, 0.4), 0 1px 1px rgba(0, 0, 0, 0.2);'>Reject</a>
																<br/><br/>
																</td>															
																</tr>
													</table><br/><br/><b>This is an auto-generated mail. Kindly do not reply to this mail.</b>
27-Aug-2019 15:29 : The following From address failed: hr@ubitechsolutions.com
27-Aug-2019 15:30 : Senior zero
27-Aug-2019 15:30 : 0
27-Aug-2019 15:30 : 4143
27-Aug-2019 15:30 : Roger Federer 
27-Aug-2019 15:30 : 1 1
27-Aug-2019 15:30 : 10
27-Aug-2019 15:30 : hr@ubitechsolutions.com
27-Aug-2019 15:30 : admin emailhr@ubitechsolutions.com
27-Aug-2019 15:30 : hr@ubitechsolutions.com <table>
														<tr><td>Requested by: patel</td></tr>
														<tr><td>Applied on:  Aug 27, 2019 03:30 PM </td></tr>
														<tr><td>Reason for timeoff: test</td></tr>
														<tr><td>Date: </td></tr>
														<tr><td>Duration: from  to </td></tr>
														
														</table>
														
															
														
														<table>
														<tr><td><br/><br/>
														
																<a href='https://ubitech.ubihrm.com/approvalbymail/viewapprovetimeoffapproval/4143/10/12741/2'   style='text-decoration:none;padding: 10px 15px; background: #ffffff; color: green;
																-webkit-border-radius: 4px; -moz-border-radius: 4px; border-radius: 4px; border: solid 1px green; text-shadow: 0 -1px 0 rgba(0, 0, 0, 0.4); -webkit-box-shadow: inset 0 1px 0 rgba(255, 255, 255, 0.4), 0 1px 1px rgba(0, 0, 0, 0.2); -moz-box-shadow: inset 0 1px 0 rgba(255, 255, 255, 0.4), 0 1px 1px rgba(0, 0, 0, 0.2); box-shadow: inset 0 1px 0 rgba(255, 255, 255, 0.4), 0 1px 1px rgba(0, 0, 0, 0.2);'>Approve</a>
																&nbsp;&nbsp;
																&nbsp;&nbsp;
																<a href='https://ubitech.ubihrm.com/approvalbymail/viewapprovetimeoffapproval/4143/10/12741/1'  style='text-decoration:none;padding: 10px 15px; background: #ffffff; color: brown;
																-webkit-border-radius: 4px; -moz-border-radius: 4px; border-radius: 4px; border: solid 1px brown; text-shadow: 0 -1px 0 rgba(0, 0, 0, 0.4); -webkit-box-shadow: inset 0 1px 0 rgba(255, 255, 255, 0.4), 0 1px 1px rgba(0, 0, 0, 0.2); -moz-box-shadow: inset 0 1px 0 rgba(255, 255, 255, 0.4), 0 1px 1px rgba(0, 0, 0, 0.2); box-shadow: inset 0 1px 0 rgba(255, 255, 255, 0.4), 0 1px 1px rgba(0, 0, 0, 0.2);'>Reject</a>
																<br/><br/>
																</td>															
																</tr>
													</table>
27-Aug-2019 15:30 : <table>
														<tr><td>Requested by: patel</td></tr>
														<tr><td>Applied on:  Aug 27, 2019 03:30 PM </td></tr>
														<tr><td>Reason for timeoff: test</td></tr>
														<tr><td>Date: </td></tr>
														<tr><td>Duration: from  to </td></tr>
														
														</table>
														
															
														
														<table>
														<tr><td><br/><br/>
														
																<a href='https://ubitech.ubihrm.com/approvalbymail/viewapprovetimeoffapproval/4143/10/12741/2'   style='text-decoration:none;padding: 10px 15px; background: #ffffff; color: green;
																-webkit-border-radius: 4px; -moz-border-radius: 4px; border-radius: 4px; border: solid 1px green; text-shadow: 0 -1px 0 rgba(0, 0, 0, 0.4); -webkit-box-shadow: inset 0 1px 0 rgba(255, 255, 255, 0.4), 0 1px 1px rgba(0, 0, 0, 0.2); -moz-box-shadow: inset 0 1px 0 rgba(255, 255, 255, 0.4), 0 1px 1px rgba(0, 0, 0, 0.2); box-shadow: inset 0 1px 0 rgba(255, 255, 255, 0.4), 0 1px 1px rgba(0, 0, 0, 0.2);'>Approve</a>
																&nbsp;&nbsp;
																&nbsp;&nbsp;
																<a href='https://ubitech.ubihrm.com/approvalbymail/viewapprovetimeoffapproval/4143/10/12741/1'  style='text-decoration:none;padding: 10px 15px; background: #ffffff; color: brown;
																-webkit-border-radius: 4px; -moz-border-radius: 4px; border-radius: 4px; border: solid 1px brown; text-shadow: 0 -1px 0 rgba(0, 0, 0, 0.4); -webkit-box-shadow: inset 0 1px 0 rgba(255, 255, 255, 0.4), 0 1px 1px rgba(0, 0, 0, 0.2); -moz-box-shadow: inset 0 1px 0 rgba(255, 255, 255, 0.4), 0 1px 1px rgba(0, 0, 0, 0.2); box-shadow: inset 0 1px 0 rgba(255, 255, 255, 0.4), 0 1px 1px rgba(0, 0, 0, 0.2);'>Reject</a>
																<br/><br/>
																</td>															
																</tr>
													</table><br/><br/><b>This is an auto-generated mail. Kindly do not reply to this mail.</b>
27-Aug-2019 15:30 : The following From address failed: hr@ubitechsolutions.com
27-Aug-2019 15:38 : Senior zero
27-Aug-2019 15:38 : 0
27-Aug-2019 15:38 : 4143
27-Aug-2019 15:38 : 1 1
27-Aug-2019 15:38 : admin emailhr@ubitechsolutions.com
27-Aug-2019 15:38 : hr@ubitechsolutions.com <table>
														<tr><td>Requested by: patel</td></tr>
														<tr><td>Applied on:  Aug 27, 2019 03:38 PM </td></tr>
														<tr><td>Reason for timeoff: test</td></tr>
														<tr><td>Date: </td></tr>
														<tr><td>Duration: from  to </td></tr>
														
														</table>
														
															
														
														<table>
														<tr><td><br/><br/>
														
																<a href='https://ubitech.ubihrm.com/approvalbymail/viewapprovetimeoffapproval/4143/10/12742/2'   style='text-decoration:none;padding: 10px 15px; background: #ffffff; color: green;
																-webkit-border-radius: 4px; -moz-border-radius: 4px; border-radius: 4px; border: solid 1px green; text-shadow: 0 -1px 0 rgba(0, 0, 0, 0.4); -webkit-box-shadow: inset 0 1px 0 rgba(255, 255, 255, 0.4), 0 1px 1px rgba(0, 0, 0, 0.2); -moz-box-shadow: inset 0 1px 0 rgba(255, 255, 255, 0.4), 0 1px 1px rgba(0, 0, 0, 0.2); box-shadow: inset 0 1px 0 rgba(255, 255, 255, 0.4), 0 1px 1px rgba(0, 0, 0, 0.2);'>Approve</a>
																&nbsp;&nbsp;
																&nbsp;&nbsp;
																<a href='https://ubitech.ubihrm.com/approvalbymail/viewapprovetimeoffapproval/4143/10/12742/1'  style='text-decoration:none;padding: 10px 15px; background: #ffffff; color: brown;
																-webkit-border-radius: 4px; -moz-border-radius: 4px; border-radius: 4px; border: solid 1px brown; text-shadow: 0 -1px 0 rgba(0, 0, 0, 0.4); -webkit-box-shadow: inset 0 1px 0 rgba(255, 255, 255, 0.4), 0 1px 1px rgba(0, 0, 0, 0.2); -moz-box-shadow: inset 0 1px 0 rgba(255, 255, 255, 0.4), 0 1px 1px rgba(0, 0, 0, 0.2); box-shadow: inset 0 1px 0 rgba(255, 255, 255, 0.4), 0 1px 1px rgba(0, 0, 0, 0.2);'>Reject</a>
																<br/><br/>
																</td>															
																</tr>
													</table>
27-Aug-2019 15:38 : <table>
														<tr><td>Requested by: patel</td></tr>
														<tr><td>Applied on:  Aug 27, 2019 03:38 PM </td></tr>
														<tr><td>Reason for timeoff: test</td></tr>
														<tr><td>Date: </td></tr>
														<tr><td>Duration: from  to </td></tr>
														
														</table>
														
															
														
														<table>
														<tr><td><br/><br/>
														
																<a href='https://ubitech.ubihrm.com/approvalbymail/viewapprovetimeoffapproval/4143/10/12742/2'   style='text-decoration:none;padding: 10px 15px; background: #ffffff; color: green;
																-webkit-border-radius: 4px; -moz-border-radius: 4px; border-radius: 4px; border: solid 1px green; text-shadow: 0 -1px 0 rgba(0, 0, 0, 0.4); -webkit-box-shadow: inset 0 1px 0 rgba(255, 255, 255, 0.4), 0 1px 1px rgba(0, 0, 0, 0.2); -moz-box-shadow: inset 0 1px 0 rgba(255, 255, 255, 0.4), 0 1px 1px rgba(0, 0, 0, 0.2); box-shadow: inset 0 1px 0 rgba(255, 255, 255, 0.4), 0 1px 1px rgba(0, 0, 0, 0.2);'>Approve</a>
																&nbsp;&nbsp;
																&nbsp;&nbsp;
																<a href='https://ubitech.ubihrm.com/approvalbymail/viewapprovetimeoffapproval/4143/10/12742/1'  style='text-decoration:none;padding: 10px 15px; background: #ffffff; color: brown;
																-webkit-border-radius: 4px; -moz-border-radius: 4px; border-radius: 4px; border: solid 1px brown; text-shadow: 0 -1px 0 rgba(0, 0, 0, 0.4); -webkit-box-shadow: inset 0 1px 0 rgba(255, 255, 255, 0.4), 0 1px 1px rgba(0, 0, 0, 0.2); -moz-box-shadow: inset 0 1px 0 rgba(255, 255, 255, 0.4), 0 1px 1px rgba(0, 0, 0, 0.2); box-shadow: inset 0 1px 0 rgba(255, 255, 255, 0.4), 0 1px 1px rgba(0, 0, 0, 0.2);'>Reject</a>
																<br/><br/>
																</td>															
																</tr>
													</table><br/><br/><b>This is an auto-generated mail. Kindly do not reply to this mail.</b>
27-Aug-2019 15:38 : The following From address failed: hr@ubitechsolutions.com
27-Aug-2019 15:39 : Senior not zero
27-Aug-2019 15:39 : 5615
27-Aug-2019 15:39 : 0 0
27-Aug-2019 15:39 : sernioer emailparth@ubitechsolutions.com
27-Aug-2019 15:39 : parth@ubitechsolutions.com <table>
														<tr><td>Requested by: Deeksha</td></tr>
														<tr><td>Applied on:  Aug 27, 2019 03:39 PM </td></tr>
														<tr><td>Reason for timeoff: test</td></tr>
														<tr><td>Date: </td></tr>
														<tr><td>Duration: from  to </td></tr>
														
														</table>
														
															
														
														<table>
														<tr><td><br/><br/>
														
																<a href='https://ubitech.ubihrm.com/approvalbymail/viewapprovetimeoffapproval/5615/10/12743/2'   style='text-decoration:none;padding: 10px 15px; background: #ffffff; color: green;
																-webkit-border-radius: 4px; -moz-border-radius: 4px; border-radius: 4px; border: solid 1px green; text-shadow: 0 -1px 0 rgba(0, 0, 0, 0.4); -webkit-box-shadow: inset 0 1px 0 rgba(255, 255, 255, 0.4), 0 1px 1px rgba(0, 0, 0, 0.2); -moz-box-shadow: inset 0 1px 0 rgba(255, 255, 255, 0.4), 0 1px 1px rgba(0, 0, 0, 0.2); box-shadow: inset 0 1px 0 rgba(255, 255, 255, 0.4), 0 1px 1px rgba(0, 0, 0, 0.2);'>Approve</a>
																&nbsp;&nbsp;
																&nbsp;&nbsp;
																<a href='https://ubitech.ubihrm.com/approvalbymail/viewapprovetimeoffapproval/5615/10/12743/1'  style='text-decoration:none;padding: 10px 15px; background: #ffffff; color: brown;
																-webkit-border-radius: 4px; -moz-border-radius: 4px; border-radius: 4px; border: solid 1px brown; text-shadow: 0 -1px 0 rgba(0, 0, 0, 0.4); -webkit-box-shadow: inset 0 1px 0 rgba(255, 255, 255, 0.4), 0 1px 1px rgba(0, 0, 0, 0.2); -moz-box-shadow: inset 0 1px 0 rgba(255, 255, 255, 0.4), 0 1px 1px rgba(0, 0, 0, 0.2); box-shadow: inset 0 1px 0 rgba(255, 255, 255, 0.4), 0 1px 1px rgba(0, 0, 0, 0.2);'>Reject</a>
																<br/><br/>
																</td>															
																</tr>
													</table>
27-Aug-2019 15:39 : <table>
														<tr><td>Requested by: Deeksha</td></tr>
														<tr><td>Applied on:  Aug 27, 2019 03:39 PM </td></tr>
														<tr><td>Reason for timeoff: test</td></tr>
														<tr><td>Date: </td></tr>
														<tr><td>Duration: from  to </td></tr>
														
														</table>
														
															
														
														<table>
														<tr><td><br/><br/>
														
																<a href='https://ubitech.ubihrm.com/approvalbymail/viewapprovetimeoffapproval/5615/10/12743/2'   style='text-decoration:none;padding: 10px 15px; background: #ffffff; color: green;
																-webkit-border-radius: 4px; -moz-border-radius: 4px; border-radius: 4px; border: solid 1px green; text-shadow: 0 -1px 0 rgba(0, 0, 0, 0.4); -webkit-box-shadow: inset 0 1px 0 rgba(255, 255, 255, 0.4), 0 1px 1px rgba(0, 0, 0, 0.2); -moz-box-shadow: inset 0 1px 0 rgba(255, 255, 255, 0.4), 0 1px 1px rgba(0, 0, 0, 0.2); box-shadow: inset 0 1px 0 rgba(255, 255, 255, 0.4), 0 1px 1px rgba(0, 0, 0, 0.2);'>Approve</a>
																&nbsp;&nbsp;
																&nbsp;&nbsp;
																<a href='https://ubitech.ubihrm.com/approvalbymail/viewapprovetimeoffapproval/5615/10/12743/1'  style='text-decoration:none;padding: 10px 15px; background: #ffffff; color: brown;
																-webkit-border-radius: 4px; -moz-border-radius: 4px; border-radius: 4px; border: solid 1px brown; text-shadow: 0 -1px 0 rgba(0, 0, 0, 0.4); -webkit-box-shadow: inset 0 1px 0 rgba(255, 255, 255, 0.4), 0 1px 1px rgba(0, 0, 0, 0.2); -moz-box-shadow: inset 0 1px 0 rgba(255, 255, 255, 0.4), 0 1px 1px rgba(0, 0, 0, 0.2); box-shadow: inset 0 1px 0 rgba(255, 255, 255, 0.4), 0 1px 1px rgba(0, 0, 0, 0.2);'>Reject</a>
																<br/><br/>
																</td>															
																</tr>
													</table><br/><br/><b>This is an auto-generated mail. Kindly do not reply to this mail.</b>
27-Aug-2019 15:39 : The following From address failed: hr@ubitechsolutions.com
27-Aug-2019 15:39 : 4143
27-Aug-2019 15:39 : 1 1
27-Aug-2019 15:39 : i!=0 1
27-Aug-2019 15:41 : Senior zero
27-Aug-2019 15:41 : 0
27-Aug-2019 15:41 : 0 0
27-Aug-2019 15:41 : admin emailhr@ubitechsolutions.com
27-Aug-2019 15:41 : hr@ubitechsolutions.com <table>
														<tr><td>Requested by: patel</td></tr>
														<tr><td>Applied on:  Aug 27, 2019 03:41 PM </td></tr>
														<tr><td>Reason for timeoff: test</td></tr>
														<tr><td>Date: </td></tr>
														<tr><td>Duration: from  to </td></tr>
														
														</table>
														
															
														
														<table>
														<tr><td><br/><br/>
														
																<a href='https://ubitech.ubihrm.com/approvalbymail/viewapprovetimeoffapproval/0/10/12744/2'   style='text-decoration:none;padding: 10px 15px; background: #ffffff; color: green;
																-webkit-border-radius: 4px; -moz-border-radius: 4px; border-radius: 4px; border: solid 1px green; text-shadow: 0 -1px 0 rgba(0, 0, 0, 0.4); -webkit-box-shadow: inset 0 1px 0 rgba(255, 255, 255, 0.4), 0 1px 1px rgba(0, 0, 0, 0.2); -moz-box-shadow: inset 0 1px 0 rgba(255, 255, 255, 0.4), 0 1px 1px rgba(0, 0, 0, 0.2); box-shadow: inset 0 1px 0 rgba(255, 255, 255, 0.4), 0 1px 1px rgba(0, 0, 0, 0.2);'>Approve</a>
																&nbsp;&nbsp;
																&nbsp;&nbsp;
																<a href='https://ubitech.ubihrm.com/approvalbymail/viewapprovetimeoffapproval/0/10/12744/1'  style='text-decoration:none;padding: 10px 15px; background: #ffffff; color: brown;
																-webkit-border-radius: 4px; -moz-border-radius: 4px; border-radius: 4px; border: solid 1px brown; text-shadow: 0 -1px 0 rgba(0, 0, 0, 0.4); -webkit-box-shadow: inset 0 1px 0 rgba(255, 255, 255, 0.4), 0 1px 1px rgba(0, 0, 0, 0.2); -moz-box-shadow: inset 0 1px 0 rgba(255, 255, 255, 0.4), 0 1px 1px rgba(0, 0, 0, 0.2); box-shadow: inset 0 1px 0 rgba(255, 255, 255, 0.4), 0 1px 1px rgba(0, 0, 0, 0.2);'>Reject</a>
																<br/><br/>
																</td>															
																</tr>
													</table>
27-Aug-2019 15:41 : <table>
														<tr><td>Requested by: patel</td></tr>
														<tr><td>Applied on:  Aug 27, 2019 03:41 PM </td></tr>
														<tr><td>Reason for timeoff: test</td></tr>
														<tr><td>Date: </td></tr>
														<tr><td>Duration: from  to </td></tr>
														
														</table>
														
															
														
														<table>
														<tr><td><br/><br/>
														
																<a href='https://ubitech.ubihrm.com/approvalbymail/viewapprovetimeoffapproval/0/10/12744/2'   style='text-decoration:none;padding: 10px 15px; background: #ffffff; color: green;
																-webkit-border-radius: 4px; -moz-border-radius: 4px; border-radius: 4px; border: solid 1px green; text-shadow: 0 -1px 0 rgba(0, 0, 0, 0.4); -webkit-box-shadow: inset 0 1px 0 rgba(255, 255, 255, 0.4), 0 1px 1px rgba(0, 0, 0, 0.2); -moz-box-shadow: inset 0 1px 0 rgba(255, 255, 255, 0.4), 0 1px 1px rgba(0, 0, 0, 0.2); box-shadow: inset 0 1px 0 rgba(255, 255, 255, 0.4), 0 1px 1px rgba(0, 0, 0, 0.2);'>Approve</a>
																&nbsp;&nbsp;
																&nbsp;&nbsp;
																<a href='https://ubitech.ubihrm.com/approvalbymail/viewapprovetimeoffapproval/0/10/12744/1'  style='text-decoration:none;padding: 10px 15px; background: #ffffff; color: brown;
																-webkit-border-radius: 4px; -moz-border-radius: 4px; border-radius: 4px; border: solid 1px brown; text-shadow: 0 -1px 0 rgba(0, 0, 0, 0.4); -webkit-box-shadow: inset 0 1px 0 rgba(255, 255, 255, 0.4), 0 1px 1px rgba(0, 0, 0, 0.2); -moz-box-shadow: inset 0 1px 0 rgba(255, 255, 255, 0.4), 0 1px 1px rgba(0, 0, 0, 0.2); box-shadow: inset 0 1px 0 rgba(255, 255, 255, 0.4), 0 1px 1px rgba(0, 0, 0, 0.2);'>Reject</a>
																<br/><br/>
																</td>															
																</tr>
													</table><br/><br/><b>This is an auto-generated mail. Kindly do not reply to this mail.</b>
27-Aug-2019 15:41 : The following From address failed: hr@ubitechsolutions.com
27-Aug-2019 15:41 : 4143
27-Aug-2019 16:28 : 4253.jpg 4253 10
27-Aug-2019 16:37 : 4253.jpg 4253 10
27-Aug-2019 16:37 : 4253.jpg 4253 10
27-Aug-2019 16:39 : 4253.jpg 4253 10
27-Aug-2019 16:40 : 4253.jpg 4253 10
27-Aug-2019 17:35 : TimeIn AID0UserId35751
27-Aug-2019 17:35 : User Attendance: 35751 INSERT INTO `AttendanceMaster`(`FakeLocationStatusTimeIn`,`FakeLocationStatusTimeOut`,`EmployeeId`, `AttendanceDate`, `AttendanceStatus`, `TimeIn`,`ShiftId`,Dept_id,Desg_id,areaId,HourlyRateId, `OrganizationId`,
      `CreatedDate`, `CreatedById`, `LastModifiedDate`, `LastModifiedById`, `OwnerId`, `Overtime`, `EntryImage`, `checkInLoc`,`device`,latit_in,longi_in,timeindate)
      VALUES (0,0,35751,'2019-08-27',1,'17:35',21977,60095,49121,0,0,8519,'2019-08-27',35751,'2019-08-27 17:35:09',35751,35751,'00:00:00','http://192.168.0.200/ubiattendance/uploads/35751_27082019_173509.jpg','Ubitech Rd, Kailash Nagar, Mahalgaon, Gwalior, Madhya Pradesh 474011, India','mobile','26.1967071','78.1969578','2019-08-27')
27-Aug-2019 17:35 : TimeOut AID2879284UserId35751
27-Aug-2019 17:48 : TimeIn AID0UserId4141
27-Aug-2019 17:48 : User Attendance: 4141 INSERT INTO `AttendanceMaster`(`FakeLocationStatusTimeIn`,`FakeLocationStatusTimeOut`,`EmployeeId`, `AttendanceDate`, `AttendanceStatus`, `TimeIn`,`ShiftId`,Dept_id,Desg_id,areaId,HourlyRateId, `OrganizationId`,
      `CreatedDate`, `CreatedById`, `LastModifiedDate`, `LastModifiedById`, `OwnerId`, `Overtime`, `EntryImage`, `checkInLoc`,`device`,latit_in,longi_in,timeindate)
      VALUES (0,0,4141,'2019-08-27',1,'17:48',48,50,18644,159,0,10,'2019-08-27',4141,'2019-08-27 17:48:10',4141,4141,'00:00:00','http://192.168.0.200/ubiattendance/uploads/4141_27082019_174810.jpg','Ubitech Rd, Kailash Nagar, Mahalgaon, Gwalior, Madhya Pradesh 474011, India','mobile','26.1967528','78.1971156','2019-08-27')
