27-Dec-2019 13:12 : <html>
          <head>
          <title>ubiAttendance</title>
          </head>
          <body>
          Congratulations <b>Jgfjkvfjk</b>!!<br/>
          You are registered on ubiAttendance App for Ubitech Solutions Pvt. Ltd. .<br/>
          <ol>
          <li>Download & install the App through any of the links below:</li>
            <ol>
            <li>Android -<a href='https://play.google.com/store/apps/details?id=org.ubitech.attendance'>https://play.google.com/store/apps/details?id=org.ubitech.attendance</a></li>
            <li>iPhone -<a href='https://itunes.apple.com/us/app/ubiattendance-ubitech/id1375252261?mt=8 '>https://itunes.apple.com/us/app/ubiattendance-ubitech/id1375252261?mt=8</a></li>
            </ol>
            <li>Open the App & sign in.</li>
            Login details for Mobile App<br/>
            Username: j@gmail.com<br/>
            Password: 123456<br/>
            OR<br/>
            Username: 9856325478<br/>
            Password: 123456<br/>
            <li>Click on “Time In” button to punch attendance.</li>
          </ol>
          <p>For further assistance, kindly contact your system administrator.</p>
          <h5>Cheers,</h5>
          <h5>ubiAttendance Team</h5>
          </body>
          </html><br/><br/><b>This is an auto-generated mail. Kindly do not reply to this mail.</b>
27-Dec-2019 13:12 : The following From address failed: ubiattendance@ubitechsolutions.com
27-Dec-2019 13:12 : <html>
          <head>
          <title>ubiAttendance</title>
          </head>
          <body>
          Congratulations <b>Jgfjkvfjk</b>!!<br/>
          You are registered on ubiAttendance App for Ubitech Solutions Pvt. Ltd. .<br/>
          <ol>
          <li>Download & install the App through any of the links below:</li>
            <ol>
            <li>Android -<a href='https://play.google.com/store/apps/details?id=org.ubitech.attendance'>https://play.google.com/store/apps/details?id=org.ubitech.attendance</a></li>
            <li>iPhone -<a href='https://itunes.apple.com/us/app/ubiattendance-ubitech/id1375252261?mt=8 '>https://itunes.apple.com/us/app/ubiattendance-ubitech/id1375252261?mt=8</a></li>
            </ol>
            <li>Open the App & sign in.</li>
            Login details for Mobile App<br/>
            Username: j@gmail.com<br/>
            Password: 123456<br/>
            OR<br/>
            Username: 9856325478<br/>
            Password: 123456<br/>
            <li>Click on “Time In” button to punch attendance.</li>
          </ol>
          <p>For further assistance, kindly contact your system administrator.</p>
          <h5>Cheers,</h5>
          <h5>ubiAttendance Team</h5>
          </body>
          </html><br/><br/><b>This is an auto-generated mail. Kindly do not reply to this mail.</b>
27-Dec-2019 13:12 : The following From address failed: ubiattendance@ubitechsolutions.com
27-Dec-2019 13:14 : <html>
          <head>
          <title>ubiAttendance</title>
          </head>
          <body>
          Congratulations <b>Hghg</b>!!<br/>
          You are registered on ubiAttendance App for Ubitech Solutions Pvt. Ltd. .<br/>
          <ol>
          <li>Download & install the App through any of the links below:</li>
            <ol>
            <li>Android -<a href='https://play.google.com/store/apps/details?id=org.ubitech.attendance'>https://play.google.com/store/apps/details?id=org.ubitech.attendance</a></li>
            <li>iPhone -<a href='https://itunes.apple.com/us/app/ubiattendance-ubitech/id1375252261?mt=8 '>https://itunes.apple.com/us/app/ubiattendance-ubitech/id1375252261?mt=8</a></li>
            </ol>
            <li>Open the App & sign in.</li>
            Login details for Mobile App<br/>
            Username: r1@gmail.com<br/>
            Password: 123456<br/>
            OR<br/>
            Username: 7852345982<br/>
            Password: 123456<br/>
            <li>Click on “Time In” button to punch attendance.</li>
          </ol>
          <p>For further assistance, kindly contact your system administrator.</p>
          <h5>Cheers,</h5>
          <h5>ubiAttendance Team</h5>
          </body>
          </html><br/><br/><b>This is an auto-generated mail. Kindly do not reply to this mail.</b>
27-Dec-2019 13:14 : The following From address failed: ubiattendance@ubitechsolutions.com
27-Dec-2019 13:14 : <html>
          <head>
          <title>ubiAttendance</title>
          </head>
          <body>
          Congratulations <b>Hghg</b>!!<br/>
          You are registered on ubiAttendance App for Ubitech Solutions Pvt. Ltd. .<br/>
          <ol>
          <li>Download & install the App through any of the links below:</li>
            <ol>
            <li>Android -<a href='https://play.google.com/store/apps/details?id=org.ubitech.attendance'>https://play.google.com/store/apps/details?id=org.ubitech.attendance</a></li>
            <li>iPhone -<a href='https://itunes.apple.com/us/app/ubiattendance-ubitech/id1375252261?mt=8 '>https://itunes.apple.com/us/app/ubiattendance-ubitech/id1375252261?mt=8</a></li>
            </ol>
            <li>Open the App & sign in.</li>
            Login details for Mobile App<br/>
            Username: r1@gmail.com<br/>
            Password: 123456<br/>
            OR<br/>
            Username: 7852345982<br/>
            Password: 123456<br/>
            <li>Click on “Time In” button to punch attendance.</li>
          </ol>
          <p>For further assistance, kindly contact your system administrator.</p>
          <h5>Cheers,</h5>
          <h5>ubiAttendance Team</h5>
          </body>
          </html><br/><br/><b>This is an auto-generated mail. Kindly do not reply to this mail.</b>
27-Dec-2019 13:14 : The following From address failed: ubiattendance@ubitechsolutions.com
27-Dec-2019 15:47 : <html>
          <head>
          <title>ubiAttendance</title>
          </head>
          <body>
          Congratulations <b>Rshgetd</b>!!<br/>
          You are registered on ubiAttendance App for Ubitech Solutions Pvt. Ltd. .<br/>
          <ol>
          <li>Download & install the App through any of the links below:</li>
            <ol>
            <li>Android -<a href='https://play.google.com/store/apps/details?id=org.ubitech.attendance'>https://play.google.com/store/apps/details?id=org.ubitech.attendance</a></li>
            <li>iPhone -<a href='https://itunes.apple.com/us/app/ubiattendance-ubitech/id1375252261?mt=8 '>https://itunes.apple.com/us/app/ubiattendance-ubitech/id1375252261?mt=8</a></li>
            </ol>
            <li>Open the App & sign in.</li>
            Login details for Mobile App<br/>
            Username: r2@gmail.com<br/>
            Password: 123456<br/>
            OR<br/>
            Username: 9865237845<br/>
            Password: 123456<br/>
            <li>Click on “Time In” button to punch attendance.</li>
          </ol>
          <p>For further assistance, kindly contact your system administrator.</p>
          <h5>Cheers,</h5>
          <h5>ubiAttendance Team</h5>
          </body>
          </html><br/><br/><b>This is an auto-generated mail. Kindly do not reply to this mail.</b>
27-Dec-2019 15:47 : The following From address failed: ubiattendance@ubitechsolutions.com
27-Dec-2019 15:47 : <html>
          <head>
          <title>ubiAttendance</title>
          </head>
          <body>
          Congratulations <b>Rshgetd</b>!!<br/>
          You are registered on ubiAttendance App for Ubitech Solutions Pvt. Ltd. .<br/>
          <ol>
          <li>Download & install the App through any of the links below:</li>
            <ol>
            <li>Android -<a href='https://play.google.com/store/apps/details?id=org.ubitech.attendance'>https://play.google.com/store/apps/details?id=org.ubitech.attendance</a></li>
            <li>iPhone -<a href='https://itunes.apple.com/us/app/ubiattendance-ubitech/id1375252261?mt=8 '>https://itunes.apple.com/us/app/ubiattendance-ubitech/id1375252261?mt=8</a></li>
            </ol>
            <li>Open the App & sign in.</li>
            Login details for Mobile App<br/>
            Username: r2@gmail.com<br/>
            Password: 123456<br/>
            OR<br/>
            Username: 9865237845<br/>
            Password: 123456<br/>
            <li>Click on “Time In” button to punch attendance.</li>
          </ol>
          <p>For further assistance, kindly contact your system administrator.</p>
          <h5>Cheers,</h5>
          <h5>ubiAttendance Team</h5>
          </body>
          </html><br/><br/><b>This is an auto-generated mail. Kindly do not reply to this mail.</b>
27-Dec-2019 15:47 : The following From address failed: ubiattendance@ubitechsolutions.com
