28-Jun-2019 11:12 : TimeIn AID0UserId4141
28-Jun-2019 11:12 : User Attendance: 4141 INSERT INTO `AttendanceMaster`(`EmployeeId`, `AttendanceDate`, `AttendanceStatus`, `TimeIn`,`ShiftId`,Dept_id,Desg_id,areaId,HourlyRateId, `OrganizationId`,
      `CreatedDate`, `CreatedById`, `LastModifiedDate`, `LastModifiedById`, `OwnerId`, `Overtime`, `EntryImage`, `checkInLoc`,`device`,latit_in,longi_in,timeindate)
      VALUES (4141,'2019-06-28',1,'11:12',48,50,18645,159,0,10,'2019-06-28',4141,'2019-06-28 11:12:00',4141,4141,'00:00:00','http://192.168.0.200/ubiattendance/uploads/4141_28062019_111200.jpg','Ubitech Road, Kailash Nagar, Mahalgaon, Gwalior, Madhya Pradesh 474011, India','mobile','26.1967661','78.1970722','2019-06-28')
28-Jun-2019 11:14 : TimeOut AID2121293UserId4141
28-Jun-2019 11:17 : TimeIn AID0UserId46247
28-Jun-2019 11:17 : User Attendance: 46247 INSERT INTO `AttendanceMaster`(`EmployeeId`, `AttendanceDate`, `AttendanceStatus`, `TimeIn`,`ShiftId`,Dept_id,Desg_id,areaId,HourlyRateId, `OrganizationId`,
      `CreatedDate`, `CreatedById`, `LastModifiedDate`, `LastModifiedById`, `OwnerId`, `Overtime`, `EntryImage`, `checkInLoc`,`device`,latit_in,longi_in,timeindate)
      VALUES (46247,'2019-06-28',1,'11:17',49,50,1170,0,0,10,'2019-06-28',46247,'2019-06-28 11:17:21',46247,46247,'00:00:00','http://192.168.0.200/ubiattendance/uploads/46247_28062019_111721.jpg','Ubitech Road, Kailash Nagar, Mahalgaon, Gwalior, Madhya Pradesh 474011, India','mobile','26.1967502','78.1970158','2019-06-28')
28-Jun-2019 11:17 : TimeOut AID2121294UserId46247
28-Jun-2019 11:25 : The following From address failed: ubiattendance@ubitechsolutions.com
28-Jun-2019 11:25 : The following From address failed: ubiattendance@ubitechsolutions.com
28-Jun-2019 12:20 : TimeOut AID2121295UserId46754
28-Jun-2019 16:03 : The following From address failed: ubiattendance@ubitechsolutions.com
28-Jun-2019 16:15 : TimeIn AID0UserId4252
28-Jun-2019 16:15 : User Attendance: 4252 INSERT INTO `AttendanceMaster`(`EmployeeId`, `AttendanceDate`, `AttendanceStatus`, `TimeIn`,`ShiftId`,Dept_id,Desg_id,areaId,HourlyRateId, `OrganizationId`,
      `CreatedDate`, `CreatedById`, `LastModifiedDate`, `LastModifiedById`, `OwnerId`, `Overtime`, `EntryImage`, `checkInLoc`,`device`,latit_in,longi_in,timeindate)
      VALUES (4252,'2019-06-28',1,'16:15',1159,50,862,159,0,10,'2019-06-28',4252,'2019-06-28 16:15:24',4252,4252,'00:00:00','http://192.168.0.200/ubiattendance/uploads/4252_28062019_161524.jpg','Ubitech Road, Kailash Nagar, Mahalgaon, Gwalior, Madhya Pradesh 474011, India','mobile','26.1966873','78.1969771','2019-06-28')
28-Jun-2019 16:15 : TimeOut AID2121310UserId4252
28-Jun-2019 17:17 : OrgId: 21292
28-Jun-2019 17:26 : OrgId: 21296
28-Jun-2019 17:38 : The following From address failed: ubiattendance@ubitechsolutions.com
28-Jun-2019 17:38 : The following From address failed: ubiattendance@ubitechsolutions.com
28-Jun-2019 17:38 : The following From address failed: ubiattendance@ubitechsolutions.com
28-Jun-2019 17:38 : The following From address failed: ubiattendance@ubitechsolutions.com
28-Jun-2019 17:38 : The following From address failed: ubiattendance@ubitechsolutions.com
28-Jun-2019 17:38 : The following From address failed: ubiattendance@ubitechsolutions.com
28-Jun-2019 17:38 : The following From address failed: ubiattendance@ubitechsolutions.com
28-Jun-2019 17:38 : The following From address failed: ubiattendance@ubitechsolutions.com
28-Jun-2019 17:38 : The following From address failed: ubiattendance@ubitechsolutions.com
28-Jun-2019 17:38 : The following From address failed: ubiattendance@ubitechsolutions.com
28-Jun-2019 17:38 : The following From address failed: ubiattendance@ubitechsolutions.com
28-Jun-2019 17:38 : The following From address failed: ubiattendance@ubitechsolutions.com
28-Jun-2019 17:38 : The following From address failed: ubiattendance@ubitechsolutions.com
28-Jun-2019 17:38 : The following From address failed: ubiattendance@ubitechsolutions.com
28-Jun-2019 17:38 : The following From address failed: ubiattendance@ubitechsolutions.com
28-Jun-2019 17:38 : The following From address failed: ubiattendance@ubitechsolutions.com
28-Jun-2019 17:38 : The following From address failed: ubiattendance@ubitechsolutions.com
28-Jun-2019 17:38 : The following From address failed: ubiattendance@ubitechsolutions.com
28-Jun-2019 17:38 : Today Auto Trial Mail Count18
28-Jun-2019 17:38 : The following From address failed: ubiattendance@ubitechsolutions.com
28-Jun-2019 17:38 : The following From address failed: ubiattendance@ubitechsolutions.com
28-Jun-2019 17:38 : The following From address failed: ubiattendance@ubitechsolutions.com
28-Jun-2019 17:38 : The following From address failed: ubiattendance@ubitechsolutions.com
28-Jun-2019 17:38 : The following From address failed: ubiattendance@ubitechsolutions.com
28-Jun-2019 17:38 : Today expiration Mail Count5
28-Jun-2019 17:38 : The following From address failed: ubiattendance@ubitechsolutions.com
28-Jun-2019 17:38 : The following From address failed: ubiattendance@ubitechsolutions.com
28-Jun-2019 17:38 : Today expiration Mail Count2
28-Jun-2019 17:38 : The following From address failed: ubiattendance@ubitechsolutions.com
28-Jun-2019 17:38 : The following From address failed: ubiattendance@ubitechsolutions.com
28-Jun-2019 17:38 : The following From address failed: ubiattendance@ubitechsolutions.com
28-Jun-2019 17:38 : The following From address failed: ubiattendance@ubitechsolutions.com
28-Jun-2019 17:38 : The following From address failed: ubiattendance@ubitechsolutions.com
28-Jun-2019 17:38 : The following From address failed: ubiattendance@ubitechsolutions.com
28-Jun-2019 17:38 : The following From address failed: ubiattendance@ubitechsolutions.com
28-Jun-2019 17:38 : The following From address failed: ubiattendance@ubitechsolutions.com
28-Jun-2019 17:38 : The following From address failed: ubiattendance@ubitechsolutions.com
28-Jun-2019 17:38 : The following From address failed: ubiattendance@ubitechsolutions.com
28-Jun-2019 17:38 : The following From address failed: ubiattendance@ubitechsolutions.com
28-Jun-2019 17:38 : The following From address failed: ubiattendance@ubitechsolutions.com
28-Jun-2019 17:38 : The following From address failed: ubiattendance@ubitechsolutions.com
28-Jun-2019 17:38 : The following From address failed: ubiattendance@ubitechsolutions.com
28-Jun-2019 17:38 : The following From address failed: ubiattendance@ubitechsolutions.com
28-Jun-2019 17:38 : The following From address failed: ubiattendance@ubitechsolutions.com
28-Jun-2019 17:38 : The following From address failed: ubiattendance@ubitechsolutions.com
28-Jun-2019 17:38 : The following From address failed: ubiattendance@ubitechsolutions.com
28-Jun-2019 17:38 : The following From address failed: ubiattendance@ubitechsolutions.com
28-Jun-2019 17:38 : The following From address failed: ubiattendance@ubitechsolutions.com
28-Jun-2019 17:38 : Today Auto Trial Mail Count18
28-Jun-2019 17:38 : The following From address failed: ubiattendance@ubitechsolutions.com
28-Jun-2019 17:38 : The following From address failed: ubiattendance@ubitechsolutions.com
28-Jun-2019 17:38 : The following From address failed: ubiattendance@ubitechsolutions.com
28-Jun-2019 17:38 : The following From address failed: ubiattendance@ubitechsolutions.com
28-Jun-2019 17:38 : The following From address failed: ubiattendance@ubitechsolutions.com
28-Jun-2019 17:38 : Today expiration Mail Count5
28-Jun-2019 17:38 : The following From address failed: ubiattendance@ubitechsolutions.com
28-Jun-2019 17:38 : The following From address failed: ubiattendance@ubitechsolutions.com
28-Jun-2019 17:38 : Today expiration Mail Count2
28-Jun-2019 17:38 : The following From address failed: ubiattendance@ubitechsolutions.com
28-Jun-2019 17:38 : The following From address failed: ubiattendance@ubitechsolutions.com
28-Jun-2019 17:42 : The following From address failed: ubiattendance@ubitechsolutions.com
28-Jun-2019 17:42 : The following From address failed: ubiattendance@ubitechsolutions.com
28-Jun-2019 17:42 : The following From address failed: ubiattendance@ubitechsolutions.com
28-Jun-2019 17:42 : The following From address failed: ubiattendance@ubitechsolutions.com
28-Jun-2019 17:42 : The following From address failed: ubiattendance@ubitechsolutions.com
28-Jun-2019 17:42 : The following From address failed: ubiattendance@ubitechsolutions.com
28-Jun-2019 17:42 : The following From address failed: ubiattendance@ubitechsolutions.com
28-Jun-2019 17:42 : The following From address failed: ubiattendance@ubitechsolutions.com
28-Jun-2019 17:42 : The following From address failed: ubiattendance@ubitechsolutions.com
28-Jun-2019 17:42 : The following From address failed: ubiattendance@ubitechsolutions.com
28-Jun-2019 17:42 : The following From address failed: ubiattendance@ubitechsolutions.com
28-Jun-2019 17:42 : The following From address failed: ubiattendance@ubitechsolutions.com
28-Jun-2019 17:42 : The following From address failed: ubiattendance@ubitechsolutions.com
28-Jun-2019 17:42 : The following From address failed: ubiattendance@ubitechsolutions.com
28-Jun-2019 17:42 : The following From address failed: ubiattendance@ubitechsolutions.com
28-Jun-2019 17:42 : The following From address failed: ubiattendance@ubitechsolutions.com
28-Jun-2019 17:42 : The following From address failed: ubiattendance@ubitechsolutions.com
28-Jun-2019 17:42 : The following From address failed: ubiattendance@ubitechsolutions.com
28-Jun-2019 17:42 : Today Auto Trial Mail Count18
28-Jun-2019 17:42 : The following From address failed: ubiattendance@ubitechsolutions.com
28-Jun-2019 17:42 : The following From address failed: ubiattendance@ubitechsolutions.com
28-Jun-2019 17:42 : The following From address failed: ubiattendance@ubitechsolutions.com
28-Jun-2019 17:42 : The following From address failed: ubiattendance@ubitechsolutions.com
28-Jun-2019 17:42 : The following From address failed: ubiattendance@ubitechsolutions.com
28-Jun-2019 17:42 : Today expiration Mail Count5
28-Jun-2019 17:42 : The following From address failed: ubiattendance@ubitechsolutions.com
28-Jun-2019 17:42 : The following From address failed: ubiattendance@ubitechsolutions.com
28-Jun-2019 17:42 : Today expiration Mail Count2
28-Jun-2019 17:42 : The following From address failed: ubiattendance@ubitechsolutions.com
28-Jun-2019 17:42 : The following From address failed: ubiattendance@ubitechsolutions.com
28-Jun-2019 18:02 : The following From address failed: ubiattendance@ubitechsolutions.com
28-Jun-2019 18:02 : The following From address failed: ubiattendance@ubitechsolutions.com
28-Jun-2019 18:02 : The following From address failed: ubiattendance@ubitechsolutions.com
28-Jun-2019 18:02 : The following From address failed: ubiattendance@ubitechsolutions.com
28-Jun-2019 18:02 : The following From address failed: ubiattendance@ubitechsolutions.com
28-Jun-2019 18:02 : Today expiration Mail Count5
28-Jun-2019 18:03 : The following From address failed: ubiattendance@ubitechsolutions.com
28-Jun-2019 18:03 : The following From address failed: ubiattendance@ubitechsolutions.com
28-Jun-2019 18:03 : The following From address failed: ubiattendance@ubitechsolutions.com
28-Jun-2019 18:03 : The following From address failed: ubiattendance@ubitechsolutions.com
28-Jun-2019 18:03 : The following From address failed: ubiattendance@ubitechsolutions.com
28-Jun-2019 18:03 : Today expiration Mail Count5
