28-May-2019 11:59 : 31628
28-May-2019 11:59 : inelse
28-May-2019 11:59 : 0
28-May-2019 11:59 : The following From address failed: ubiattendance@ubitechsolutions.com
28-May-2019 11:59 : 31628
28-May-2019 11:59 : inelse
28-May-2019 11:59 : 0
28-May-2019 11:59 : 31630
28-May-2019 11:59 : inelse
28-May-2019 11:59 : 0
28-May-2019 11:59 : 31630
28-May-2019 11:59 : inelse
28-May-2019 11:59 : 0
28-May-2019 11:59 : 31180
28-May-2019 11:59 : inelse
28-May-2019 11:59 : 0
28-May-2019 11:59 : 31180
28-May-2019 11:59 : inelse
28-May-2019 11:59 : 0
28-May-2019 11:59 : 15705
28-May-2019 11:59 : Attid11
28-May-2019 11:59 : 1743233
28-May-2019 11:59 : 1
28-May-2019 11:59 : 15705
28-May-2019 11:59 : Attid11
28-May-2019 11:59 : 1743233
28-May-2019 11:59 : 1
28-May-2019 11:59 : 4141
28-May-2019 11:59 : inelse
28-May-2019 11:59 : 0
28-May-2019 11:59 : The following From address failed: ubiattendance@ubitechsolutions.com
28-May-2019 11:59 : 4141
28-May-2019 11:59 : inelse
28-May-2019 11:59 : 0
28-May-2019 11:59 : 7982
28-May-2019 11:59 : Attid11
28-May-2019 11:59 : 1743242
28-May-2019 11:59 : 1
28-May-2019 11:59 : 7982
28-May-2019 11:59 : Attid11
28-May-2019 11:59 : 1743242
28-May-2019 11:59 : 1
28-May-2019 11:59 : 4141
28-May-2019 11:59 : inelse
28-May-2019 11:59 : 0
28-May-2019 11:59 : 4141
28-May-2019 11:59 : inelse
28-May-2019 11:59 : 0
28-May-2019 11:59 : 4141
28-May-2019 11:59 : inelse
28-May-2019 11:59 : 0
28-May-2019 11:59 : 4141
28-May-2019 11:59 : inelse
28-May-2019 11:59 : 0
28-May-2019 12:01 : 20619
28-May-2019 12:01 : inelse
28-May-2019 12:01 : 0
28-May-2019 12:01 : 20619
28-May-2019 12:01 : inelse
28-May-2019 12:01 : 0
28-May-2019 12:06 : 4252
28-May-2019 12:06 : inelse
28-May-2019 12:06 : 0
28-May-2019 12:06 : The following From address failed: ubiattendance@ubitechsolutions.com
28-May-2019 12:06 : 4252
28-May-2019 12:06 : inelse
28-May-2019 12:06 : 0
28-May-2019 12:06 : 4252
28-May-2019 12:06 : inelse
28-May-2019 12:06 : 0
28-May-2019 12:06 : 4252
28-May-2019 12:06 : inelse
28-May-2019 12:06 : 0
28-May-2019 12:06 : 21384
28-May-2019 12:06 : inelse
28-May-2019 12:06 : 0
28-May-2019 12:06 : 21384
28-May-2019 12:06 : inelse
28-May-2019 12:06 : 0
28-May-2019 12:06 : 21384
28-May-2019 12:06 : inelse
28-May-2019 12:06 : 0
28-May-2019 12:06 : 21384
28-May-2019 12:06 : inelse
28-May-2019 12:06 : 0
28-May-2019 12:06 : 20619
28-May-2019 12:06 : Attid11
28-May-2019 12:06 : 1743249
28-May-2019 12:06 : 1
28-May-2019 12:06 : 20619
28-May-2019 12:06 : Attid11
28-May-2019 12:06 : 1743249
28-May-2019 12:06 : 1
28-May-2019 12:06 : 20619
28-May-2019 12:06 : Attid11
28-May-2019 12:06 : 1743249
28-May-2019 12:06 : 1
28-May-2019 12:06 : 20619
28-May-2019 12:06 : Attid11
28-May-2019 12:06 : 1743249
28-May-2019 12:06 : 1
28-May-2019 12:07 : 15213
28-May-2019 12:07 : inelse
28-May-2019 12:07 : 0
28-May-2019 12:07 : The following From address failed: ubiattendance@ubitechsolutions.com
28-May-2019 12:07 : 15213
28-May-2019 12:07 : inelse
28-May-2019 12:07 : 0
28-May-2019 12:07 : 15213
28-May-2019 12:07 : inelse
28-May-2019 12:07 : 0
28-May-2019 12:07 : 15213
28-May-2019 12:07 : inelse
28-May-2019 12:07 : 0
28-May-2019 12:13 : 4120
28-May-2019 12:13 : inelse
28-May-2019 12:13 : 0
28-May-2019 12:13 : The following From address failed: ubiattendance@ubitechsolutions.com
28-May-2019 12:13 : 4120
28-May-2019 12:13 : inelse
28-May-2019 12:13 : 0
28-May-2019 12:13 : 4120
28-May-2019 12:13 : inelse
28-May-2019 12:13 : 0
28-May-2019 12:13 : 4120
28-May-2019 12:13 : inelse
28-May-2019 12:13 : 0
28-May-2019 12:13 : 4120
28-May-2019 12:13 : Attid11
28-May-2019 12:13 : 1743253
28-May-2019 12:13 : 1
28-May-2019 12:13 : 4120
28-May-2019 12:13 : Attid11
28-May-2019 12:13 : 1743253
28-May-2019 12:13 : 1
28-May-2019 12:16 : 4120
28-May-2019 12:16 : Attid11
28-May-2019 12:16 : 1743253
28-May-2019 12:16 : 1
28-May-2019 12:16 : 4120
28-May-2019 12:16 : Attid11
28-May-2019 12:16 : 1743253
28-May-2019 12:16 : 1
28-May-2019 12:16 : 4120
28-May-2019 12:16 : Attid11
28-May-2019 12:16 : 1743253
28-May-2019 12:16 : 1
28-May-2019 12:18 : 4120
28-May-2019 12:18 : Attid11
28-May-2019 12:18 : 1743253
28-May-2019 12:18 : 1
28-May-2019 12:18 : 4120
28-May-2019 12:18 : Attid11
28-May-2019 12:18 : 1743253
28-May-2019 12:18 : 1
28-May-2019 12:18 : 4120
28-May-2019 12:18 : Attid11
28-May-2019 12:18 : 1743253
28-May-2019 12:18 : 1
28-May-2019 12:18 : 4120
28-May-2019 12:18 : Attid11
28-May-2019 12:18 : 1743253
28-May-2019 12:18 : 1
28-May-2019 12:23 : 4120
28-May-2019 12:23 : Attid11
28-May-2019 12:23 : 1743253
28-May-2019 12:23 : 1
28-May-2019 12:23 : 4120
28-May-2019 12:23 : Attid11
28-May-2019 12:23 : 1743253
28-May-2019 12:23 : 1
28-May-2019 12:23 : 4130
28-May-2019 12:23 : inelse
28-May-2019 12:23 : 0
28-May-2019 12:23 : The following From address failed: ubiattendance@ubitechsolutions.com
28-May-2019 12:23 : 4130
28-May-2019 12:23 : inelse
28-May-2019 12:23 : 0
28-May-2019 12:23 : 4120
28-May-2019 12:23 : Attid11
28-May-2019 12:23 : 1743253
28-May-2019 12:23 : 1
28-May-2019 12:23 : 4120
28-May-2019 12:23 : Attid11
28-May-2019 12:23 : 1743253
28-May-2019 12:23 : 1
28-May-2019 12:34 : 31630
28-May-2019 12:34 : Attid11
28-May-2019 12:34 : 1743246
28-May-2019 12:34 : 1
28-May-2019 12:34 : 31630
28-May-2019 12:34 : Attid11
28-May-2019 12:34 : 1743246
28-May-2019 12:34 : 1
28-May-2019 12:36 : 34951
28-May-2019 12:36 : inelse
28-May-2019 12:36 : 0
28-May-2019 12:36 : The following From address failed: ubiattendance@ubitechsolutions.com
28-May-2019 12:36 : 34951
28-May-2019 12:36 : inelse
28-May-2019 12:36 : 0
28-May-2019 12:36 : 4130
28-May-2019 12:36 : Attid11
28-May-2019 12:36 : 1743254
28-May-2019 12:36 : 1
28-May-2019 12:36 : 4130
28-May-2019 12:36 : Attid11
28-May-2019 12:36 : 1743254
28-May-2019 12:36 : 1
28-May-2019 12:36 : 34951
28-May-2019 12:36 : inelse
28-May-2019 12:36 : 0
28-May-2019 12:36 : 34951
28-May-2019 12:36 : inelse
28-May-2019 12:36 : 0
28-May-2019 12:36 : 4130
28-May-2019 12:36 : Attid11
28-May-2019 12:36 : 1743254
28-May-2019 12:36 : 1
28-May-2019 12:36 : 4130
28-May-2019 12:36 : Attid11
28-May-2019 12:36 : 1743254
28-May-2019 12:36 : 1
28-May-2019 12:47 : 31628
28-May-2019 12:47 : Attid11
28-May-2019 12:47 : 
28-May-2019 12:47 : 1
28-May-2019 12:56 : 36765
28-May-2019 12:56 : Attid11
28-May-2019 12:56 : 
28-May-2019 12:56 : 1
28-May-2019 12:56 : 36765
28-May-2019 12:56 : Attid11
28-May-2019 12:56 : 
28-May-2019 12:56 : 1
28-May-2019 12:56 : 36765
28-May-2019 12:56 : Attid11
28-May-2019 12:56 : 
28-May-2019 12:56 : 1
28-May-2019 12:57 : 4902
28-May-2019 12:57 : Attid11
28-May-2019 12:57 : 
28-May-2019 12:57 : 1
28-May-2019 12:57 : 31180
28-May-2019 12:57 : Attid11
28-May-2019 12:57 : 1743247
28-May-2019 12:57 : 1
28-May-2019 12:57 : 31180
28-May-2019 12:57 : Attid11
28-May-2019 12:57 : 1743247
28-May-2019 12:57 : 1
28-May-2019 12:57 : 31180
28-May-2019 12:57 : Attid11
28-May-2019 12:57 : 1743247
28-May-2019 12:57 : 1
28-May-2019 12:57 : 31180
28-May-2019 12:57 : Attid11
28-May-2019 12:57 : 1743247
28-May-2019 12:57 : 1
28-May-2019 12:57 : 31180
28-May-2019 12:57 : inelse
28-May-2019 12:57 : 0
28-May-2019 12:57 : 31180
28-May-2019 12:57 : inelse
28-May-2019 12:57 : 0
28-May-2019 12:57 : 31180
28-May-2019 12:57 : inelse
28-May-2019 12:57 : 0
28-May-2019 12:57 : 31180
28-May-2019 12:57 : inelse
28-May-2019 12:57 : 0
28-May-2019 12:59 : 31180
28-May-2019 12:59 : inelse
28-May-2019 12:59 : 0
28-May-2019 12:59 : 31180
28-May-2019 12:59 : inelse
28-May-2019 12:59 : 0
28-May-2019 12:59 : 31180
28-May-2019 12:59 : inelse
28-May-2019 12:59 : 0
28-May-2019 12:59 : 31180
28-May-2019 12:59 : inelse
28-May-2019 12:59 : 0
28-May-2019 12:59 : 31180
28-May-2019 12:59 : inelse
28-May-2019 12:59 : 0
28-May-2019 12:59 : 31180
28-May-2019 12:59 : inelse
28-May-2019 12:59 : 0
28-May-2019 13:00 : 31180
28-May-2019 13:00 : inelse
28-May-2019 13:00 : 0
28-May-2019 13:00 : 31180
28-May-2019 13:00 : inelse
28-May-2019 13:00 : 0
28-May-2019 13:00 : 31180
28-May-2019 13:00 : inelse
28-May-2019 13:00 : 0
28-May-2019 13:00 : 31180
28-May-2019 13:00 : inelse
28-May-2019 13:00 : 0
28-May-2019 13:00 : 31180
28-May-2019 13:00 : inelse
28-May-2019 13:00 : 0
28-May-2019 13:00 : 31180
28-May-2019 13:00 : inelse
28-May-2019 13:00 : 0
28-May-2019 13:00 : 31180
28-May-2019 13:00 : inelse
28-May-2019 13:00 : 0
28-May-2019 13:00 : 31180
28-May-2019 13:00 : inelse
28-May-2019 13:00 : 0
28-May-2019 13:01 : 31180
28-May-2019 13:01 : inelse
28-May-2019 13:01 : 0
28-May-2019 13:01 : 31180
28-May-2019 13:01 : inelse
28-May-2019 13:01 : 0
28-May-2019 13:01 : 31180
28-May-2019 13:01 : inelse
28-May-2019 13:01 : 0
28-May-2019 13:01 : 31180
28-May-2019 13:01 : inelse
28-May-2019 13:01 : 0
28-May-2019 13:06 : 31628
28-May-2019 13:06 : Attid11
28-May-2019 13:06 : 31180
28-May-2019 13:06 : 
28-May-2019 13:06 : inelse
28-May-2019 13:06 : 0
28-May-2019 13:06 : 31180
28-May-2019 13:06 : inelse
28-May-2019 13:06 : 0
28-May-2019 13:06 : 31180
28-May-2019 13:06 : inelse
28-May-2019 13:06 : 1
28-May-2019 13:06 : 0
28-May-2019 13:06 : 31180
28-May-2019 13:06 : inelse
28-May-2019 13:06 : 0
28-May-2019 13:07 : 31180
28-May-2019 13:07 : inelse
28-May-2019 13:07 : 0
28-May-2019 13:07 : 31180
28-May-2019 13:07 : inelse
28-May-2019 13:07 : 0
28-May-2019 13:07 : 31180
28-May-2019 13:07 : inelse
28-May-2019 13:07 : 0
28-May-2019 13:07 : 31180
28-May-2019 13:07 : inelse
28-May-2019 13:07 : 0
28-May-2019 13:07 : 31180
28-May-2019 13:07 : Attid11
28-May-2019 13:07 : 
28-May-2019 13:07 : 1
28-May-2019 13:07 : 31180
28-May-2019 13:07 : inelse
28-May-2019 13:07 : 0
28-May-2019 13:07 : 31180
28-May-2019 13:07 : inelse
28-May-2019 13:07 : 0
28-May-2019 13:07 : 31180
28-May-2019 13:07 : inelse
28-May-2019 13:07 : 0
28-May-2019 13:07 : 31180
28-May-2019 13:07 : inelse
28-May-2019 13:07 : 0
28-May-2019 13:09 : 31180
28-May-2019 13:09 : inelse
28-May-2019 13:09 : 0
28-May-2019 13:09 : 31180
28-May-2019 13:09 : inelse
28-May-2019 13:09 : 0
28-May-2019 13:09 : 31180
28-May-2019 13:09 : inelse
28-May-2019 13:09 : 0
28-May-2019 13:09 : 31180
28-May-2019 13:09 : inelse
28-May-2019 13:09 : 0
28-May-2019 13:11 : 31180
28-May-2019 13:11 : inelse
28-May-2019 13:11 : 0
28-May-2019 13:11 : 31180
28-May-2019 13:11 : inelse
28-May-2019 13:11 : 0
28-May-2019 13:11 : 31180
28-May-2019 13:11 : inelse
28-May-2019 13:11 : 0
28-May-2019 13:11 : 31180
28-May-2019 13:11 : inelse
28-May-2019 13:11 : 0
28-May-2019 13:11 : 36765
28-May-2019 13:11 : inelse
28-May-2019 13:11 : 0
28-May-2019 13:11 : 36765
28-May-2019 13:11 : inelse
28-May-2019 13:11 : 0
28-May-2019 13:11 : 36765
28-May-2019 13:11 : inelse
28-May-2019 13:11 : 0
28-May-2019 13:11 : 36765
28-May-2019 13:11 : inelse
28-May-2019 13:11 : 0
28-May-2019 13:11 : 4902
28-May-2019 13:11 : Attid11
28-May-2019 13:11 : 
28-May-2019 13:11 : 1
28-May-2019 13:12 : 4169
28-May-2019 13:12 : Attid11
28-May-2019 13:12 : 
28-May-2019 13:12 : 1
28-May-2019 13:13 : 4169
28-May-2019 13:13 : Attid11
28-May-2019 13:13 : 
28-May-2019 13:13 : 1
28-May-2019 13:16 : 4169
28-May-2019 13:16 : Attid11
28-May-2019 13:16 : 
28-May-2019 13:16 : 1
28-May-2019 13:17 : 4169
28-May-2019 13:17 : inelse
28-May-2019 13:17 : The following From address failed: ubiattendance@ubitechsolutions.com
28-May-2019 13:18 : 22070
28-May-2019 13:18 : inelse
28-May-2019 13:18 : The following From address failed: ubiattendance@ubitechsolutions.com
28-May-2019 13:18 : 31628
28-May-2019 13:18 : inelse
28-May-2019 13:18 : 31628
28-May-2019 13:18 : inelse
28-May-2019 13:19 : 4902
28-May-2019 13:19 : inelse
28-May-2019 13:19 : The following From address failed: ubiattendance@ubitechsolutions.com
28-May-2019 13:20 : 15705
28-May-2019 13:20 : inelse
28-May-2019 13:20 : The following From address failed: ubiattendance@ubitechsolutions.com
28-May-2019 13:20 : 32845
28-May-2019 13:20 : inelse
28-May-2019 13:22 : 7982
28-May-2019 13:22 : inelse
28-May-2019 13:22 : The following From address failed: ubiattendance@ubitechsolutions.com
28-May-2019 13:25 : 36743
28-May-2019 13:25 : inelse
28-May-2019 13:25 : The following From address failed: ubiattendance@ubitechsolutions.com
28-May-2019 13:26 : 4141
28-May-2019 13:26 : inelse
28-May-2019 13:26 : The following From address failed: ubiattendance@ubitechsolutions.com
28-May-2019 13:26 : 4141
28-May-2019 13:26 : inelse
28-May-2019 13:26 : 4141
28-May-2019 13:26 : inelse
28-May-2019 13:26 : 4141
28-May-2019 13:26 : inelse
28-May-2019 13:26 : 36743
28-May-2019 13:26 : Attid11
28-May-2019 13:26 : 1
28-May-2019 13:26 : 36743
28-May-2019 13:26 : Attid11
28-May-2019 13:26 : 1
28-May-2019 13:26 : 20619
28-May-2019 13:26 : inelse
28-May-2019 13:26 : 20619
28-May-2019 13:26 : inelse
28-May-2019 13:26 : 20619
28-May-2019 13:26 : Attid11
28-May-2019 13:26 : 1
28-May-2019 13:26 : 20619
28-May-2019 13:26 : Attid11
28-May-2019 13:26 : 1
28-May-2019 13:26 : 4252
28-May-2019 13:26 : inelse
28-May-2019 13:26 : The following From address failed: ubiattendance@ubitechsolutions.com
28-May-2019 13:26 : 4252
28-May-2019 13:26 : inelse
28-May-2019 13:26 : 4252
28-May-2019 13:26 : inelse
28-May-2019 13:26 : 4252
28-May-2019 13:26 : inelse
28-May-2019 15:29 : 31628
28-May-2019 15:29 : inelse
28-May-2019 16:19 : 4169
28-May-2019 16:19 : inelse
28-May-2019 16:31 : 21384
28-May-2019 16:31 : inelse
28-May-2019 16:31 : 21384
28-May-2019 16:31 : inelse
28-May-2019 16:32 : 15213
28-May-2019 16:32 : inelse
28-May-2019 16:32 : The following From address failed: ubiattendance@ubitechsolutions.com
28-May-2019 16:32 : 15213
28-May-2019 16:32 : inelse
28-May-2019 16:32 : 15213
28-May-2019 16:32 : inelse
28-May-2019 16:32 : 15213
28-May-2019 16:32 : inelse
28-May-2019 16:33 : 4120
28-May-2019 16:33 : inelse
28-May-2019 16:33 : The following From address failed: ubiattendance@ubitechsolutions.com
28-May-2019 16:33 : 4120
28-May-2019 16:33 : inelse
28-May-2019 16:41 : 31628
28-May-2019 16:41 : 31628
28-May-2019 16:42 : 31628
28-May-2019 16:42 : 31628
28-May-2019 16:42 : 31628
28-May-2019 16:42 : 31628
28-May-2019 16:43 : 31628
28-May-2019 16:43 : 31628
28-May-2019 16:43 : 31628
28-May-2019 16:44 : 31628
28-May-2019 16:44 : 31628
28-May-2019 16:44 : 31628
28-May-2019 16:44 : 31628
28-May-2019 16:44 : 4120
28-May-2019 16:44 : 4120
28-May-2019 16:44 : 4120
28-May-2019 16:44 : 4120
28-May-2019 16:45 : 4120
28-May-2019 16:45 : inelse
28-May-2019 16:45 : The following From address failed: ubiattendance@ubitechsolutions.com
28-May-2019 16:45 : 4120
28-May-2019 16:45 : inelse
28-May-2019 16:49 : 5615
28-May-2019 16:49 : inelse
28-May-2019 16:49 : timeout:00:00
28-May-2019 16:49 : The following From address failed: ubiattendance@ubitechsolutions.com
28-May-2019 16:49 : 5615
28-May-2019 16:49 : inelse
28-May-2019 16:58 : 4130
28-May-2019 16:58 : inelse
28-May-2019 16:58 : timeout:00:00
28-May-2019 16:58 : The following From address failed: ubiattendance@ubitechsolutions.com
28-May-2019 16:58 : 4130
28-May-2019 16:58 : inelse
28-May-2019 16:59 : timeout11:00:00:00
28-May-2019 16:59 : 34951
28-May-2019 16:59 : inelse
28-May-2019 16:59 : timeout22:00:00
28-May-2019 16:59 : The following From address failed: ubiattendance@ubitechsolutions.com
28-May-2019 16:59 : timeout11:00:00:00
28-May-2019 16:59 : 34951
28-May-2019 16:59 : inelse
28-May-2019 17:01 : timeout11:00:00:00
28-May-2019 17:01 : 23494
28-May-2019 17:01 : inelse
28-May-2019 17:01 : The following From address failed: ubiattendance@ubitechsolutions.com
28-May-2019 17:01 : timeout11:00:00:00
28-May-2019 17:01 : 23494
28-May-2019 17:01 : inelse
28-May-2019 17:09 : inelse
28-May-2019 17:09 : The following From address failed: ubiattendance@ubitechsolutions.com
28-May-2019 17:09 : inelse
28-May-2019 17:09 : inelse
28-May-2019 17:19 : inelse
28-May-2019 17:19 : The following From address failed: ubiattendance@ubitechsolutions.com
28-May-2019 17:27 : TimeOut AID1743271UserId4120
28-May-2019 17:38 : inelse
28-May-2019 17:38 : The following From address failed: ubiattendance@ubitechsolutions.com
28-May-2019 17:40 : inelse
28-May-2019 17:40 : The following From address failed: ubiattendance@ubitechsolutions.com
28-May-2019 18:12 : inelse
28-May-2019 18:12 : The following From address failed: ubiattendance@ubitechsolutions.com
