29-Aug-2019 13:42 : Senior zero
29-Aug-2019 13:42 : 0
29-Aug-2019 13:42 : 0 0
29-Aug-2019 13:42 : admin emailhr@ubitechsolutions.com
29-Aug-2019 13:42 : hr@ubitechsolutions.com <table>
														<tr><td>Requested by: patel</td></tr>
														<tr><td>Applied on:  Aug 29, 2019 01:42 PM </td></tr>
														<tr><td>Reason for timeoff: FINAL TEST HOPEFULLY</td></tr>
														<tr><td>Date: </td></tr>
														<tr><td>Duration: from  to </td></tr>
														
														</table>
														
															
														
														<table>
														<tr><td><br/><br/>
														
																<a href='https://ubiattendance.ubihrm.com/Login/approvetimeoffbymail/0/10/12749/2'   style='text-decoration:none;padding: 10px 15px; background: #ffffff; color: green;
																-webkit-border-radius: 4px; -moz-border-radius: 4px; border-radius: 4px; border: solid 1px green; text-shadow: 0 -1px 0 rgba(0, 0, 0, 0.4); -webkit-box-shadow: inset 0 1px 0 rgba(255, 255, 255, 0.4), 0 1px 1px rgba(0, 0, 0, 0.2); -moz-box-shadow: inset 0 1px 0 rgba(255, 255, 255, 0.4), 0 1px 1px rgba(0, 0, 0, 0.2); box-shadow: inset 0 1px 0 rgba(255, 255, 255, 0.4), 0 1px 1px rgba(0, 0, 0, 0.2);'>Approve</a>
																&nbsp;&nbsp;
																&nbsp;&nbsp;
																<a href='https://ubiattendance.ubihrm.com/Login/approvetimeoffbymail/0/10/12749/1'  style='text-decoration:none;padding: 10px 15px; background: #ffffff; color: brown;
																-webkit-border-radius: 4px; -moz-border-radius: 4px; border-radius: 4px; border: solid 1px brown; text-shadow: 0 -1px 0 rgba(0, 0, 0, 0.4); -webkit-box-shadow: inset 0 1px 0 rgba(255, 255, 255, 0.4), 0 1px 1px rgba(0, 0, 0, 0.2); -moz-box-shadow: inset 0 1px 0 rgba(255, 255, 255, 0.4), 0 1px 1px rgba(0, 0, 0, 0.2); box-shadow: inset 0 1px 0 rgba(255, 255, 255, 0.4), 0 1px 1px rgba(0, 0, 0, 0.2);'>Reject</a>
																<br/><br/>
																</td>															
																</tr>
													</table>
29-Aug-2019 13:42 : <table>
														<tr><td>Requested by: patel</td></tr>
														<tr><td>Applied on:  Aug 29, 2019 01:42 PM </td></tr>
														<tr><td>Reason for timeoff: FINAL TEST HOPEFULLY</td></tr>
														<tr><td>Date: </td></tr>
														<tr><td>Duration: from  to </td></tr>
														
														</table>
														
															
														
														<table>
														<tr><td><br/><br/>
														
																<a href='https://ubiattendance.ubihrm.com/Login/approvetimeoffbymail/0/10/12749/2'   style='text-decoration:none;padding: 10px 15px; background: #ffffff; color: green;
																-webkit-border-radius: 4px; -moz-border-radius: 4px; border-radius: 4px; border: solid 1px green; text-shadow: 0 -1px 0 rgba(0, 0, 0, 0.4); -webkit-box-shadow: inset 0 1px 0 rgba(255, 255, 255, 0.4), 0 1px 1px rgba(0, 0, 0, 0.2); -moz-box-shadow: inset 0 1px 0 rgba(255, 255, 255, 0.4), 0 1px 1px rgba(0, 0, 0, 0.2); box-shadow: inset 0 1px 0 rgba(255, 255, 255, 0.4), 0 1px 1px rgba(0, 0, 0, 0.2);'>Approve</a>
																&nbsp;&nbsp;
																&nbsp;&nbsp;
																<a href='https://ubiattendance.ubihrm.com/Login/approvetimeoffbymail/0/10/12749/1'  style='text-decoration:none;padding: 10px 15px; background: #ffffff; color: brown;
																-webkit-border-radius: 4px; -moz-border-radius: 4px; border-radius: 4px; border: solid 1px brown; text-shadow: 0 -1px 0 rgba(0, 0, 0, 0.4); -webkit-box-shadow: inset 0 1px 0 rgba(255, 255, 255, 0.4), 0 1px 1px rgba(0, 0, 0, 0.2); -moz-box-shadow: inset 0 1px 0 rgba(255, 255, 255, 0.4), 0 1px 1px rgba(0, 0, 0, 0.2); box-shadow: inset 0 1px 0 rgba(255, 255, 255, 0.4), 0 1px 1px rgba(0, 0, 0, 0.2);'>Reject</a>
																<br/><br/>
																</td>															
																</tr>
													</table><br/><br/><b>This is an auto-generated mail. Kindly do not reply to this mail.</b>
29-Aug-2019 13:42 : The following From address failed: hr@ubitechsolutions.com
29-Aug-2019 13:42 : 4143
29-Aug-2019 15:06 : Senior zero
29-Aug-2019 15:06 : 0
29-Aug-2019 15:06 : 0 0
29-Aug-2019 15:06 : admin emailhr@ubitechsolutions.com
29-Aug-2019 15:06 : hr@ubitechsolutions.com <table>
														<tr><td>Requested by: patel</td></tr>
														<tr><td>Applied on:  Aug 29, 2019 03:06 PM </td></tr>
														<tr><td>Reason for timeoff: testing</td></tr>
														<tr><td>Date: </td></tr>
														<tr><td>Duration: from  to </td></tr>
														
														</table>
														
															
														
														<table>
														<tr><td><br/><br/>
														
																<a href='https://ubiattendance.ubihrm.com/Login/approvetimeoffbymail/0/10/12750/2'   style='text-decoration:none;padding: 10px 15px; background: #ffffff; color: green;
																-webkit-border-radius: 4px; -moz-border-radius: 4px; border-radius: 4px; border: solid 1px green; text-shadow: 0 -1px 0 rgba(0, 0, 0, 0.4); -webkit-box-shadow: inset 0 1px 0 rgba(255, 255, 255, 0.4), 0 1px 1px rgba(0, 0, 0, 0.2); -moz-box-shadow: inset 0 1px 0 rgba(255, 255, 255, 0.4), 0 1px 1px rgba(0, 0, 0, 0.2); box-shadow: inset 0 1px 0 rgba(255, 255, 255, 0.4), 0 1px 1px rgba(0, 0, 0, 0.2);'>Approve</a>
																&nbsp;&nbsp;
																&nbsp;&nbsp;
																<a href='https://ubiattendance.ubihrm.com/Login/approvetimeoffbymail/0/10/12750/1'  style='text-decoration:none;padding: 10px 15px; background: #ffffff; color: brown;
																-webkit-border-radius: 4px; -moz-border-radius: 4px; border-radius: 4px; border: solid 1px brown; text-shadow: 0 -1px 0 rgba(0, 0, 0, 0.4); -webkit-box-shadow: inset 0 1px 0 rgba(255, 255, 255, 0.4), 0 1px 1px rgba(0, 0, 0, 0.2); -moz-box-shadow: inset 0 1px 0 rgba(255, 255, 255, 0.4), 0 1px 1px rgba(0, 0, 0, 0.2); box-shadow: inset 0 1px 0 rgba(255, 255, 255, 0.4), 0 1px 1px rgba(0, 0, 0, 0.2);'>Reject</a>
																<br/><br/>
																</td>															
																</tr>
													</table>
29-Aug-2019 15:06 : <table>
														<tr><td>Requested by: patel</td></tr>
														<tr><td>Applied on:  Aug 29, 2019 03:06 PM </td></tr>
														<tr><td>Reason for timeoff: testing</td></tr>
														<tr><td>Date: </td></tr>
														<tr><td>Duration: from  to </td></tr>
														
														</table>
														
															
														
														<table>
														<tr><td><br/><br/>
														
																<a href='https://ubiattendance.ubihrm.com/Login/approvetimeoffbymail/0/10/12750/2'   style='text-decoration:none;padding: 10px 15px; background: #ffffff; color: green;
																-webkit-border-radius: 4px; -moz-border-radius: 4px; border-radius: 4px; border: solid 1px green; text-shadow: 0 -1px 0 rgba(0, 0, 0, 0.4); -webkit-box-shadow: inset 0 1px 0 rgba(255, 255, 255, 0.4), 0 1px 1px rgba(0, 0, 0, 0.2); -moz-box-shadow: inset 0 1px 0 rgba(255, 255, 255, 0.4), 0 1px 1px rgba(0, 0, 0, 0.2); box-shadow: inset 0 1px 0 rgba(255, 255, 255, 0.4), 0 1px 1px rgba(0, 0, 0, 0.2);'>Approve</a>
																&nbsp;&nbsp;
																&nbsp;&nbsp;
																<a href='https://ubiattendance.ubihrm.com/Login/approvetimeoffbymail/0/10/12750/1'  style='text-decoration:none;padding: 10px 15px; background: #ffffff; color: brown;
																-webkit-border-radius: 4px; -moz-border-radius: 4px; border-radius: 4px; border: solid 1px brown; text-shadow: 0 -1px 0 rgba(0, 0, 0, 0.4); -webkit-box-shadow: inset 0 1px 0 rgba(255, 255, 255, 0.4), 0 1px 1px rgba(0, 0, 0, 0.2); -moz-box-shadow: inset 0 1px 0 rgba(255, 255, 255, 0.4), 0 1px 1px rgba(0, 0, 0, 0.2); box-shadow: inset 0 1px 0 rgba(255, 255, 255, 0.4), 0 1px 1px rgba(0, 0, 0, 0.2);'>Reject</a>
																<br/><br/>
																</td>															
																</tr>
													</table><br/><br/><b>This is an auto-generated mail. Kindly do not reply to this mail.</b>
29-Aug-2019 15:06 : The following From address failed: hr@ubitechsolutions.com
29-Aug-2019 15:06 : 4143
29-Aug-2019 15:52 : TimeIn AID0UserId4253
29-Aug-2019 15:52 : User Attendance: 4253 INSERT INTO `AttendanceMaster`(`FakeLocationStatusTimeIn`,`FakeLocationStatusTimeOut`,`EmployeeId`, `AttendanceDate`, `AttendanceStatus`, `TimeIn`,`ShiftId`,Dept_id,Desg_id,areaId,HourlyRateId, `OrganizationId`,
      `CreatedDate`, `CreatedById`, `LastModifiedDate`, `LastModifiedById`, `OwnerId`, `Overtime`, `EntryImage`, `checkInLoc`,`device`,latit_in,longi_in,timeindate)
      VALUES (0,0,4253,'2019-08-29',1,'15:52',35644,50,861,159,0,10,'2019-08-29',4253,'2019-08-29 15:52:36',4253,4253,'00:00:00','http://192.168.0.200/ubiattendance/uploads/4253_29082019_155236.jpg','Ubitech Rd, Kailash Nagar, Mahalgaon, Gwalior, Madhya Pradesh 474011, India','mobile','26.1966953','78.1969416','2019-08-29')
29-Aug-2019 15:54 : TimeOut AID2879291UserId4253
29-Aug-2019 16:05 : TimeIn AID0UserId15705
29-Aug-2019 16:05 : User Attendance: 15705 INSERT INTO `AttendanceMaster`(`FakeLocationStatusTimeIn`,`FakeLocationStatusTimeOut`,`EmployeeId`, `AttendanceDate`, `AttendanceStatus`, `TimeIn`,`ShiftId`,Dept_id,Desg_id,areaId,HourlyRateId, `OrganizationId`,
      `CreatedDate`, `CreatedById`, `LastModifiedDate`, `LastModifiedById`, `OwnerId`, `Overtime`, `EntryImage`, `checkInLoc`,`device`,latit_in,longi_in,timeindate)
      VALUES (0,0,15705,'2019-08-29',1,'16:05',35647,23553,1159,766,0,10,'2019-08-29',15705,'2019-08-29 16:05:57',15705,15705,'00:00:00','http://192.168.0.200/ubiattendance/uploads/15705_29082019_160557.jpg','Ubitech Rd, Kailash Nagar, Mahalgaon, Gwalior, Madhya Pradesh 474011, India','mobile','26.1967122','78.1969775','2019-08-29')
29-Aug-2019 16:11 : TimeOut AID2879294UserId15705
29-Aug-2019 17:16 : Senior zero
29-Aug-2019 17:16 : 0
29-Aug-2019 17:16 : 0 0
29-Aug-2019 17:16 : admin emailhr@ubitechsolutions.com
29-Aug-2019 17:16 : hr@ubitechsolutions.com <table>
														<tr><td>Requested by: patel</td></tr>
														<tr><td>Applied on:  Aug 29, 2019 05:16 PM </td></tr>
														<tr><td>Reason for timeoff: testing</td></tr>
														<tr><td>Date: </td></tr>
														<tr><td>Duration: from  to </td></tr>
														
														</table>
														
															
														
														<table>
														<tr><td><br/><br/>
														
																<a href='https://ubiattendance.ubihrm.com/Login/approvetimeoffbymail/0/10/12751/2'   style='text-decoration:none;padding: 10px 15px; background: #ffffff; color: green;
																-webkit-border-radius: 4px; -moz-border-radius: 4px; border-radius: 4px; border: solid 1px green; text-shadow: 0 -1px 0 rgba(0, 0, 0, 0.4); -webkit-box-shadow: inset 0 1px 0 rgba(255, 255, 255, 0.4), 0 1px 1px rgba(0, 0, 0, 0.2); -moz-box-shadow: inset 0 1px 0 rgba(255, 255, 255, 0.4), 0 1px 1px rgba(0, 0, 0, 0.2); box-shadow: inset 0 1px 0 rgba(255, 255, 255, 0.4), 0 1px 1px rgba(0, 0, 0, 0.2);'>Approve</a>
																&nbsp;&nbsp;
																&nbsp;&nbsp;
																<a href='https://ubiattendance.ubihrm.com/Login/approvetimeoffbymail/0/10/12751/1'  style='text-decoration:none;padding: 10px 15px; background: #ffffff; color: brown;
																-webkit-border-radius: 4px; -moz-border-radius: 4px; border-radius: 4px; border: solid 1px brown; text-shadow: 0 -1px 0 rgba(0, 0, 0, 0.4); -webkit-box-shadow: inset 0 1px 0 rgba(255, 255, 255, 0.4), 0 1px 1px rgba(0, 0, 0, 0.2); -moz-box-shadow: inset 0 1px 0 rgba(255, 255, 255, 0.4), 0 1px 1px rgba(0, 0, 0, 0.2); box-shadow: inset 0 1px 0 rgba(255, 255, 255, 0.4), 0 1px 1px rgba(0, 0, 0, 0.2);'>Reject</a>
																<br/><br/>
																</td>															
																</tr>
													</table>
29-Aug-2019 17:16 : <table>
														<tr><td>Requested by: patel</td></tr>
														<tr><td>Applied on:  Aug 29, 2019 05:16 PM </td></tr>
														<tr><td>Reason for timeoff: testing</td></tr>
														<tr><td>Date: </td></tr>
														<tr><td>Duration: from  to </td></tr>
														
														</table>
														
															
														
														<table>
														<tr><td><br/><br/>
														
																<a href='https://ubiattendance.ubihrm.com/Login/approvetimeoffbymail/0/10/12751/2'   style='text-decoration:none;padding: 10px 15px; background: #ffffff; color: green;
																-webkit-border-radius: 4px; -moz-border-radius: 4px; border-radius: 4px; border: solid 1px green; text-shadow: 0 -1px 0 rgba(0, 0, 0, 0.4); -webkit-box-shadow: inset 0 1px 0 rgba(255, 255, 255, 0.4), 0 1px 1px rgba(0, 0, 0, 0.2); -moz-box-shadow: inset 0 1px 0 rgba(255, 255, 255, 0.4), 0 1px 1px rgba(0, 0, 0, 0.2); box-shadow: inset 0 1px 0 rgba(255, 255, 255, 0.4), 0 1px 1px rgba(0, 0, 0, 0.2);'>Approve</a>
																&nbsp;&nbsp;
																&nbsp;&nbsp;
																<a href='https://ubiattendance.ubihrm.com/Login/approvetimeoffbymail/0/10/12751/1'  style='text-decoration:none;padding: 10px 15px; background: #ffffff; color: brown;
																-webkit-border-radius: 4px; -moz-border-radius: 4px; border-radius: 4px; border: solid 1px brown; text-shadow: 0 -1px 0 rgba(0, 0, 0, 0.4); -webkit-box-shadow: inset 0 1px 0 rgba(255, 255, 255, 0.4), 0 1px 1px rgba(0, 0, 0, 0.2); -moz-box-shadow: inset 0 1px 0 rgba(255, 255, 255, 0.4), 0 1px 1px rgba(0, 0, 0, 0.2); box-shadow: inset 0 1px 0 rgba(255, 255, 255, 0.4), 0 1px 1px rgba(0, 0, 0, 0.2);'>Reject</a>
																<br/><br/>
																</td>															
																</tr>
													</table><br/><br/><b>This is an auto-generated mail. Kindly do not reply to this mail.</b>
29-Aug-2019 17:16 : The following From address failed: hr@ubitechsolutions.com
29-Aug-2019 17:16 : 4143
